#
# There is insufficient memory for the Java Runtime Environment to continue.
# Native memory allocation (malloc) failed to allocate 1048576 bytes. Error detail: AllocateHeap
# Possible reasons:
#   The system is out of physical RAM or swap space
#   This process is running with CompressedOops enabled, and the Java Heap may be blocking the growth of the native heap
# Possible solutions:
#   Reduce memory load on the system
#   Increase physical memory or swap space
#   Check if swap backing store is full
#   Decrease Java heap size (-Xmx/-Xms)
#   Decrease number of Java threads
#   Decrease Java thread stack sizes (-Xss)
#   Set larger code cache with -XX:ReservedCodeCacheSize=
#   JVM is running with Unscaled Compressed Oops mode in which the Java heap is
#     placed in the first 4GB address space. The Java Heap base address is the
#     maximum limit for the native heap growth. Please use -XX:HeapBaseMinAddress
#     to set the Java Heap base and to place the Java Heap above 4GB virtual address.
# This output file may be truncated or incomplete.
#
#  Out of Memory Error (allocation.cpp:44), pid=15156, tid=18596
#
# JRE version: OpenJDK Runtime Environment Temurin-21.0.9+10 (21.0.9+10) (build 21.0.9+10-LTS)
# Java VM: OpenJDK 64-Bit Server VM Temurin-21.0.9+10 (21.0.9+10-LTS, mixed mode, sharing, tiered, compressed oops, compressed class ptrs, parallel gc, windows-amd64)
# No core dump will be written. Minidumps are not enabled by default on client versions of Windows
#

---------------  S U M M A R Y ------------

Command Line: --add-modules=ALL-SYSTEM --add-opens=java.base/java.util=ALL-UNNAMED --add-opens=java.base/java.lang=ALL-UNNAMED --add-opens=java.base/sun.nio.fs=ALL-UNNAMED -Declipse.application=org.eclipse.jdt.ls.core.id1 -Dosgi.bundles.defaultStartLevel=4 -Declipse.product=org.eclipse.jdt.ls.core.product -Djava.import.generatesMetadataFilesAtProjectRoot=false -DDetectVMInstallationsJob.disabled=true -Dfile.encoding=utf8 -XX:+UseParallelGC -XX:GCTimeRatio=4 -XX:AdaptiveSizePolicyWeight=90 -Dsun.zip.disableMemoryMapping=true -Xmx2G -Xms100m -Xlog:disable -javaagent:c:\Users\sande\.vscode\extensions\redhat.java-1.51.0-win32-x64\lombok\lombok-1.18.39-4050.jar -XX:+HeapDumpOnOutOfMemoryError -XX:HeapDumpPath=c:\Users\sande\AppData\Roaming\Code\User\workspaceStorage\c1189af7ad4b5b28f6591a4578dcf0ce\redhat.java -Daether.dependencyCollector.impl=bf c:\Users\sande\.vscode\extensions\redhat.java-1.51.0-win32-x64\server\plugins\org.eclipse.equinox.launcher_1.7.100.v20251111-0406.jar -configuration c:\Users\sande\AppData\Roaming\Code\User\globalStorage\redhat.java\1.51.0\config_win -data c:\Users\sande\AppData\Roaming\Code\User\workspaceStorage\c1189af7ad4b5b28f6591a4578dcf0ce\redhat.java\jdt_ws --pipe=\\.\pipe\lsp-891dbb0db0dd91e3954bf14ed0fb8660-sock

Host: Intel(R) Core(TM) i5-10500H CPU @ 2.50GHz, 12 cores, 7G,  Windows 11 , 64 bit Build 26100 (10.0.26100.7309)
Time: Wed Jan  7 00:55:02 2026 India Standard Time elapsed time: 7158.837993 seconds (0d 1h 59m 18s)

---------------  T H R E A D  ---------------

Current thread (0x000001f455e466b0):  JavaThread "Attach Listener" daemon [_thread_in_vm, id=18596, stack(0x0000005b50000000,0x0000005b50100000) (1024K)]

Stack: [0x0000005b50000000,0x0000005b50100000]
Native frames: (J=compiled Java code, j=interpreted, Vv=VM code, C=native code)
V  [jvm.dll+0x6d6e29]
V  [jvm.dll+0x8b4b76]
V  [jvm.dll+0x8b712e]
V  [jvm.dll+0x8b7813]
V  [jvm.dll+0x283d86]
V  [jvm.dll+0xc1277]
V  [jvm.dll+0x6d76d9]
V  [jvm.dll+0x133466]
V  [jvm.dll+0x3f7ea6]
V  [jvm.dll+0x85e9ad]
V  [jvm.dll+0x6d565d]
C  [ucrtbase.dll+0x37b0]
C  [KERNEL32.DLL+0x2e8d7]
C  [ntdll.dll+0x8c53c]


---------------  P R O C E S S  ---------------

Threads class SMR info:
_java_thread_list=0x000001f474e72a80, length=39, elements={
0x000001f455da45b0, 0x000001f455e447e0, 0x000001f46c84e420, 0x000001f455e46050,
0x000001f455e466b0, 0x000001f455e4b390, 0x000001f455e4bde0, 0x000001f455e4eb70,
0x000001f46dbc1f40, 0x000001f46de387b0, 0x000001f46de6bf60, 0x000001f4737bcb50,
0x000001f4736f5a10, 0x000001f46ddcbaa0, 0x000001f46ddca060, 0x000001f46ddc8cb0,
0x000001f4743bd940, 0x000001f4743c0dc0, 0x000001f4743becf0, 0x000001f4743be660,
0x000001f4743c48d0, 0x000001f4743c4240, 0x000001f4743c4f60, 0x000001f4743c2170,
0x000001f4743c2800, 0x000001f4743c2e90, 0x000001f476261790, 0x000001f4762603e0,
0x000001f476261e20, 0x000001f476260a70, 0x000001f476261100, 0x000001f476263ef0,
0x000001f476264c10, 0x000001f476263860, 0x000001f476265930, 0x000001f4762631d0,
0x000001f4762624b0, 0x000001f47539d350, 0x000001f476264580
}

Java Threads: ( => current thread )
  0x000001f455da45b0 JavaThread "main"                              [_thread_blocked, id=12708, stack(0x0000005b4f900000,0x0000005b4fa00000) (1024K)]
  0x000001f455e447e0 JavaThread "Reference Handler"          daemon [_thread_blocked, id=22756, stack(0x0000005b4fd00000,0x0000005b4fe00000) (1024K)]
  0x000001f46c84e420 JavaThread "Finalizer"                  daemon [_thread_blocked, id=11148, stack(0x0000005b4fe00000,0x0000005b4ff00000) (1024K)]
  0x000001f455e46050 JavaThread "Signal Dispatcher"          daemon [_thread_blocked, id=14000, stack(0x0000005b4ff00000,0x0000005b50000000) (1024K)]
=>0x000001f455e466b0 JavaThread "Attach Listener"            daemon [_thread_in_vm, id=18596, stack(0x0000005b50000000,0x0000005b50100000) (1024K)]
  0x000001f455e4b390 JavaThread "Service Thread"             daemon [_thread_blocked, id=12772, stack(0x0000005b50100000,0x0000005b50200000) (1024K)]
  0x000001f455e4bde0 JavaThread "Monitor Deflation Thread"   daemon [_thread_blocked, id=27980, stack(0x0000005b50200000,0x0000005b50300000) (1024K)]
  0x000001f455e4eb70 JavaThread "C2 CompilerThread0"         daemon [_thread_blocked, id=1836, stack(0x0000005b50300000,0x0000005b50400000) (1024K)]
  0x000001f46dbc1f40 JavaThread "C1 CompilerThread0"         daemon [_thread_blocked, id=21500, stack(0x0000005b50400000,0x0000005b50500000) (1024K)]
  0x000001f46de387b0 JavaThread "Common-Cleaner"             daemon [_thread_blocked, id=27132, stack(0x0000005b50600000,0x0000005b50700000) (1024K)]
  0x000001f46de6bf60 JavaThread "Notification Thread"        daemon [_thread_blocked, id=22872, stack(0x0000005b50700000,0x0000005b50800000) (1024K)]
  0x000001f4737bcb50 JavaThread "Active Thread: Equinox Container: dd5dbcda-789c-47c9-8bd5-d602d2206d7c"        [_thread_blocked, id=18892, stack(0x0000005b50e00000,0x0000005b50f00000) (1024K)]
  0x000001f4736f5a10 JavaThread "Framework Event Dispatcher: Equinox Container: dd5dbcda-789c-47c9-8bd5-d602d2206d7c" daemon [_thread_blocked, id=13924, stack(0x0000005b50500000,0x0000005b50600000) (1024K)]
  0x000001f46ddcbaa0 JavaThread "Start Level: Equinox Container: dd5dbcda-789c-47c9-8bd5-d602d2206d7c" daemon [_thread_blocked, id=15712, stack(0x0000005b51500000,0x0000005b51600000) (1024K)]
  0x000001f46ddca060 JavaThread "Bundle File Closer"         daemon [_thread_blocked, id=3648, stack(0x0000005b51900000,0x0000005b51a00000) (1024K)]
  0x000001f46ddc8cb0 JavaThread "Refresh Thread: Equinox Container: dd5dbcda-789c-47c9-8bd5-d602d2206d7c" daemon [_thread_blocked, id=16008, stack(0x0000005b51a00000,0x0000005b51b00000) (1024K)]
  0x000001f4743bd940 JavaThread "SCR Component Actor"        daemon [_thread_blocked, id=880, stack(0x0000005b51800000,0x0000005b51900000) (1024K)]
  0x000001f4743c0dc0 JavaThread "Worker-JM"                         [_thread_blocked, id=20024, stack(0x0000005b52300000,0x0000005b52400000) (1024K)]
  0x000001f4743becf0 JavaThread "JNA Cleaner"                daemon [_thread_blocked, id=20952, stack(0x0000005b52500000,0x0000005b52600000) (1024K)]
  0x000001f4743be660 JavaThread "Java indexing"              daemon [_thread_blocked, id=4092, stack(0x0000005b52800000,0x0000005b52900000) (1024K)]
  0x000001f4743c48d0 JavaThread "Thread-1"                   daemon [_thread_in_native, id=27036, stack(0x0000005b52d00000,0x0000005b52e00000) (1024K)]
  0x000001f4743c4240 JavaThread "Thread-2"                   daemon [_thread_in_native, id=5152, stack(0x0000005b52e00000,0x0000005b52f00000) (1024K)]
  0x000001f4743c4f60 JavaThread "Thread-3"                   daemon [_thread_in_native, id=19992, stack(0x0000005b52f00000,0x0000005b53000000) (1024K)]
  0x000001f4743c2170 JavaThread "Thread-4"                   daemon [_thread_in_native, id=11416, stack(0x0000005b53000000,0x0000005b53100000) (1024K)]
  0x000001f4743c2800 JavaThread "Thread-5"                   daemon [_thread_in_native, id=25264, stack(0x0000005b53100000,0x0000005b53200000) (1024K)]
  0x000001f4743c2e90 JavaThread "Thread-6"                   daemon [_thread_in_native, id=17452, stack(0x0000005b53200000,0x0000005b53300000) (1024K)]
  0x000001f476261790 JavaThread "Thread-7"                   daemon [_thread_in_native, id=18548, stack(0x0000005b53300000,0x0000005b53400000) (1024K)]
  0x000001f4762603e0 JavaThread "Thread-8"                   daemon [_thread_in_native, id=27064, stack(0x0000005b53400000,0x0000005b53500000) (1024K)]
  0x000001f476261e20 JavaThread "Thread-9"                   daemon [_thread_in_native, id=15744, stack(0x0000005b53500000,0x0000005b53600000) (1024K)]
  0x000001f476260a70 JavaThread "Thread-10"                  daemon [_thread_in_native, id=22840, stack(0x0000005b53600000,0x0000005b53700000) (1024K)]
  0x000001f476261100 JavaThread "Thread-11"                  daemon [_thread_in_native, id=18832, stack(0x0000005b53700000,0x0000005b53800000) (1024K)]
  0x000001f476263ef0 JavaThread "Thread-12"                  daemon [_thread_in_native, id=4440, stack(0x0000005b53800000,0x0000005b53900000) (1024K)]
  0x000001f476264c10 JavaThread "Thread-13"                  daemon [_thread_in_native, id=7812, stack(0x0000005b53900000,0x0000005b53a00000) (1024K)]
  0x000001f476263860 JavaThread "pool-2-thread-1"                   [_thread_blocked, id=20860, stack(0x0000005b53a00000,0x0000005b53b00000) (1024K)]
  0x000001f476265930 JavaThread "WorkspaceEventsHandler"            [_thread_blocked, id=23236, stack(0x0000005b53d00000,0x0000005b53e00000) (1024K)]
  0x000001f4762631d0 JavaThread "pool-1-thread-1"                   [_thread_blocked, id=28188, stack(0x0000005b53e00000,0x0000005b53f00000) (1024K)]
  0x000001f4762624b0 JavaThread "Worker-6"                          [_thread_blocked, id=18896, stack(0x0000005b54000000,0x0000005b54100000) (1024K)]
  0x000001f47539d350 JavaThread "Timer-0"                           [_thread_blocked, id=28492, stack(0x0000005b54200000,0x0000005b54300000) (1024K)]
  0x000001f476264580 JavaThread "Worker-10"                         [_thread_blocked, id=13716, stack(0x0000005b50f00000,0x0000005b51000000) (1024K)]
Total: 39

Other Threads:
  0x000001f455e3f9b0 VMThread "VM Thread"                           [id=6696, stack(0x0000005b4fc00000,0x0000005b4fd00000) (1024K)]
  0x000001f46c72ca00 WatcherThread "VM Periodic Task Thread"        [id=19576, stack(0x0000005b4fb00000,0x0000005b4fc00000) (1024K)]
  0x000001f455dc2ce0 WorkerThread "GC Thread#0"                     [id=16476, stack(0x0000005b4fa00000,0x0000005b4fb00000) (1024K)]
  0x000001f47362d590 WorkerThread "GC Thread#1"                     [id=13444, stack(0x0000005b50800000,0x0000005b50900000) (1024K)]
  0x000001f473108cc0 WorkerThread "GC Thread#2"                     [id=14788, stack(0x0000005b50900000,0x0000005b50a00000) (1024K)]
  0x000001f473109060 WorkerThread "GC Thread#3"                     [id=22588, stack(0x0000005b50a00000,0x0000005b50b00000) (1024K)]
  0x000001f473109400 WorkerThread "GC Thread#4"                     [id=13100, stack(0x0000005b50b00000,0x0000005b50c00000) (1024K)]
  0x000001f46df477a0 WorkerThread "GC Thread#5"                     [id=20048, stack(0x0000005b50c00000,0x0000005b50d00000) (1024K)]
  0x000001f47356c680 WorkerThread "GC Thread#6"                     [id=20040, stack(0x0000005b50d00000,0x0000005b50e00000) (1024K)]
  0x000001f47356ca20 WorkerThread "GC Thread#7"                     [id=22948, stack(0x0000005b51600000,0x0000005b51700000) (1024K)]
  0x000001f47356b0c0 WorkerThread "GC Thread#8"                     [id=9948, stack(0x0000005b52100000,0x0000005b52200000) (1024K)]
  0x000001f47356b460 WorkerThread "GC Thread#9"                     [id=22448, stack(0x0000005b52200000,0x0000005b52300000) (1024K)]
Total: 12

Threads with active compile tasks:
Total: 0

VM state: not at safepoint (normal execution)

VM Mutex/Monitor currently owned by a thread: None

Heap address: 0x0000000080000000, size: 2048 MB, Compressed Oops mode: 32-bit

CDS archive(s) mapped at: [0x000001f400000000-0x000001f400ba0000-0x000001f400ba0000), size 12189696, SharedBaseAddress: 0x000001f400000000, ArchiveRelocationMode: 1.
Compressed class space mapped at: 0x000001f401000000-0x000001f441000000, reserved size: 1073741824
Narrow klass base: 0x000001f400000000, Narrow klass shift: 0, Narrow klass range: 0x100000000

GC Precious Log:
 CardTable entry size: 512
 CPUs: 12 total, 12 available
 Memory: 8059M
 Large Page Support: Disabled
 NUMA Support: Disabled
 Compressed Oops: Enabled (32-bit)
 Alignments: Space 512K, Generation 512K, Heap 2M
 Heap Min Capacity: 100M
 Heap Initial Capacity: 100M
 Heap Max Capacity: 2G
 Pre-touch: Disabled
 Parallel Workers: 10

Heap:
 PSYoungGen      total 2048K, used 523K [0x00000000d5580000, 0x00000000d5a00000, 0x0000000100000000)
  eden space 1536K, 2% used [0x00000000d5580000,0x00000000d558ad58,0x00000000d5700000)
  from space 512K, 93% used [0x00000000d5900000,0x00000000d5978020,0x00000000d5980000)
  to   space 512K, 0% used [0x00000000d5980000,0x00000000d5980000,0x00000000d5a00000)
 ParOldGen       total 164352K, used 163958K [0x0000000080000000, 0x000000008a080000, 0x00000000d5580000)
  object space 164352K, 99% used [0x0000000080000000,0x000000008a01d848,0x000000008a080000)
 Metaspace       used 76166K, committed 77632K, reserved 1179648K
  class space    used 8456K, committed 9088K, reserved 1048576K

Card table byte_map: [0x000001f455750000,0x000001f455b60000] _byte_map_base: 0x000001f455350000

Marking Bits: (ParMarkBitMap*) 0x00007ffb0d0a2460
 Begin Bits: [0x000001f468250000, 0x000001f46a250000)
 End Bits:   [0x000001f46a250000, 0x000001f46c250000)

Polling page: 0x000001f454010000

Metaspace:

Usage:
  Non-class:     66.12 MB used.
      Class:      8.26 MB used.
       Both:     74.38 MB used.

Virtual space:
  Non-class space:      128.00 MB reserved,      66.94 MB ( 52%) committed,  2 nodes.
      Class space:        1.00 GB reserved,       8.88 MB ( <1%) committed,  1 nodes.
             Both:        1.12 GB reserved,      75.81 MB (  7%) committed. 

Chunk freelists:
   Non-Class:  12.44 MB
       Class:  7.09 MB
        Both:  19.53 MB

MaxMetaspaceSize: unlimited
CompressedClassSpaceSize: 1.00 GB
Initial GC threshold: 21.00 MB
Current GC threshold: 125.44 MB
CDS: on
 - commit_granule_bytes: 65536.
 - commit_granule_words: 8192.
 - virtual_space_node_default_size: 8388608.
 - enlarge_chunks_in_place: 1.
 - use_allocation_guard: 0.


Internal statistics:

num_allocs_failed_limit: 9.
num_arena_births: 1244.
num_arena_deaths: 24.
num_vsnodes_births: 3.
num_vsnodes_deaths: 0.
num_space_committed: 1213.
num_space_uncommitted: 0.
num_chunks_returned_to_freelist: 38.
num_chunks_taken_from_freelist: 4405.
num_chunk_merges: 11.
num_chunk_splits: 2865.
num_chunks_enlarged: 1836.
num_inconsistent_stats: 0.

CodeHeap 'non-profiled nmethods': size=120000Kb used=11735Kb max_used=12111Kb free=108264Kb
 bounds [0x000001f460a70000, 0x000001f461650000, 0x000001f467fa0000]
CodeHeap 'profiled nmethods': size=120000Kb used=27903Kb max_used=30730Kb free=92096Kb
 bounds [0x000001f458fa0000, 0x000001f45adb0000, 0x000001f4604d0000]
CodeHeap 'non-nmethods': size=5760Kb used=1475Kb max_used=1631Kb free=4284Kb
 bounds [0x000001f4604d0000, 0x000001f460740000, 0x000001f460a70000]
CodeCache: size=245760Kb, used=41113Kb, max_used=44472Kb, free=204644Kb
 total_blobs=13258, nmethods=12471, adapters=692, full_count=0
Compilation: enabled, stopped_count=0, restarted_count=0

Compilation events (20 events):
Event: 6319.258 Thread 0x000001f455e4eb70 14526       4       java.util.concurrent.locks.AbstractQueuedSynchronizer$Node::setStatusRelaxed (12 bytes)
Event: 6319.259 Thread 0x000001f455e4eb70 nmethod 14526 0x000001f460dd1b10 code [0x000001f460dd1ca0, 0x000001f460dd1d30]
Event: 6361.280 Thread 0x000001f455e4eb70 14527       4       java.util.concurrent.ThreadPoolExecutor$Worker::lock (6 bytes)
Event: 6361.283 Thread 0x000001f455e4eb70 nmethod 14527 0x000001f460f9ba10 code [0x000001f460f9bba0, 0x000001f460f9bc88]
Event: 6541.356 Thread 0x000001f455e4eb70 14528       4       java.util.concurrent.ThreadPoolExecutor$Worker::unlock (7 bytes)
Event: 6541.359 Thread 0x000001f455e4eb70 nmethod 14528 0x000001f460f9b610 code [0x000001f460f9b7a0, 0x000001f460f9b8b8]
Event: 6648.429 Thread 0x000001f46dbc1f40 14529   !   3       java.util.logging.LogManager$LoggerContext::findLogger (113 bytes)
Event: 6648.450 Thread 0x000001f46dbc1f40 nmethod 14529 0x000001f4593e4490 code [0x000001f4593e4740, 0x000001f4593e55c0]
Event: 6678.430 Thread 0x000001f46dbc1f40 14530       3       java.util.logging.LogManager::getLogManager (16 bytes)
Event: 6678.430 Thread 0x000001f46dbc1f40 nmethod 14530 0x000001f459313690 code [0x000001f459313840, 0x000001f459313980]
Event: 6738.439 Thread 0x000001f46dbc1f40 14531       3       jdk.internal.logger.DefaultLoggerFinder::isSystem (18 bytes)
Event: 6738.455 Thread 0x000001f46dbc1f40 nmethod 14531 0x000001f459606710 code [0x000001f459606960, 0x000001f459607270]
Event: 6738.455 Thread 0x000001f46dbc1f40 14532       3       jdk.internal.logger.DefaultLoggerFinder$1::<init> (10 bytes)
Event: 6738.455 Thread 0x000001f46dbc1f40 nmethod 14532 0x000001f4594f5890 code [0x000001f4594f5a40, 0x000001f4594f5bc8]
Event: 6738.455 Thread 0x000001f46dbc1f40 14533       3       jdk.internal.logger.DefaultLoggerFinder$1::run (5 bytes)
Event: 6738.472 Thread 0x000001f46dbc1f40 nmethod 14533 0x000001f459b78990 code [0x000001f459b78ba0, 0x000001f459b79220]
Event: 6978.462 Thread 0x000001f46dbc1f40 14534       3       java.util.logging.LogManager::demandLogger (23 bytes)
Event: 6978.464 Thread 0x000001f46dbc1f40 nmethod 14534 0x000001f4599f1390 code [0x000001f4599f1540, 0x000001f4599f1708]
Event: 6978.464 Thread 0x000001f46dbc1f40 14535       3       java.util.logging.LogManager::demandLogger (53 bytes)
Event: 6978.466 Thread 0x000001f46dbc1f40 nmethod 14535 0x000001f459eb1a90 code [0x000001f459eb1cc0, 0x000001f459eb2318]

GC Heap History (20 events):
Event: 556.462 GC heap before
{Heap before GC invocations=507 (full 4):
 PSYoungGen      total 2048K, used 1632K [0x00000000d5580000, 0x00000000d5a00000, 0x0000000100000000)
  eden space 1536K, 100% used [0x00000000d5580000,0x00000000d5700000,0x00000000d5700000)
  from space 512K, 18% used [0x00000000d5900000,0x00000000d5918000,0x00000000d5980000)
  to   space 512K, 0% used [0x00000000d5980000,0x00000000d5980000,0x00000000d5a00000)
 ParOldGen       total 163840K, used 163582K [0x0000000080000000, 0x000000008a000000, 0x00000000d5580000)
  object space 163840K, 99% used [0x0000000080000000,0x0000000089fbf848,0x000000008a000000)
 Metaspace       used 76063K, committed 77568K, reserved 1179648K
  class space    used 8452K, committed 9088K, reserved 1048576K
}
Event: 556.463 GC heap after
{Heap after GC invocations=507 (full 4):
 PSYoungGen      total 2048K, used 128K [0x00000000d5580000, 0x00000000d5a00000, 0x0000000100000000)
  eden space 1536K, 0% used [0x00000000d5580000,0x00000000d5580000,0x00000000d5700000)
  from space 512K, 25% used [0x00000000d5980000,0x00000000d59a0000,0x00000000d5a00000)
  to   space 512K, 0% used [0x00000000d5900000,0x00000000d5900000,0x00000000d5980000)
 ParOldGen       total 163840K, used 163630K [0x0000000080000000, 0x000000008a000000, 0x00000000d5580000)
  object space 163840K, 99% used [0x0000000080000000,0x0000000089fcb848,0x000000008a000000)
 Metaspace       used 76063K, committed 77568K, reserved 1179648K
  class space    used 8452K, committed 9088K, reserved 1048576K
}
Event: 556.796 GC heap before
{Heap before GC invocations=508 (full 4):
 PSYoungGen      total 2048K, used 1664K [0x00000000d5580000, 0x00000000d5a00000, 0x0000000100000000)
  eden space 1536K, 100% used [0x00000000d5580000,0x00000000d5700000,0x00000000d5700000)
  from space 512K, 25% used [0x00000000d5980000,0x00000000d59a0000,0x00000000d5a00000)
  to   space 512K, 0% used [0x00000000d5900000,0x00000000d5900000,0x00000000d5980000)
 ParOldGen       total 163840K, used 163630K [0x0000000080000000, 0x000000008a000000, 0x00000000d5580000)
  object space 163840K, 99% used [0x0000000080000000,0x0000000089fcb848,0x000000008a000000)
 Metaspace       used 76093K, committed 77568K, reserved 1179648K
  class space    used 8454K, committed 9088K, reserved 1048576K
}
Event: 556.797 GC heap after
{Heap after GC invocations=508 (full 4):
 PSYoungGen      total 2048K, used 320K [0x00000000d5580000, 0x00000000d5a00000, 0x0000000100000000)
  eden space 1536K, 0% used [0x00000000d5580000,0x00000000d5580000,0x00000000d5700000)
  from space 512K, 62% used [0x00000000d5900000,0x00000000d5950000,0x00000000d5980000)
  to   space 512K, 0% used [0x00000000d5980000,0x00000000d5980000,0x00000000d5a00000)
 ParOldGen       total 163840K, used 163630K [0x0000000080000000, 0x000000008a000000, 0x00000000d5580000)
  object space 163840K, 99% used [0x0000000080000000,0x0000000089fcb848,0x000000008a000000)
 Metaspace       used 76093K, committed 77568K, reserved 1179648K
  class space    used 8454K, committed 9088K, reserved 1048576K
}
Event: 559.652 GC heap before
{Heap before GC invocations=509 (full 4):
 PSYoungGen      total 2048K, used 1856K [0x00000000d5580000, 0x00000000d5a00000, 0x0000000100000000)
  eden space 1536K, 100% used [0x00000000d5580000,0x00000000d5700000,0x00000000d5700000)
  from space 512K, 62% used [0x00000000d5900000,0x00000000d5950000,0x00000000d5980000)
  to   space 512K, 0% used [0x00000000d5980000,0x00000000d5980000,0x00000000d5a00000)
 ParOldGen       total 163840K, used 163630K [0x0000000080000000, 0x000000008a000000, 0x00000000d5580000)
  object space 163840K, 99% used [0x0000000080000000,0x0000000089fcb848,0x000000008a000000)
 Metaspace       used 76097K, committed 77568K, reserved 1179648K
  class space    used 8454K, committed 9088K, reserved 1048576K
}
Event: 559.653 GC heap after
{Heap after GC invocations=509 (full 4):
 PSYoungGen      total 2048K, used 320K [0x00000000d5580000, 0x00000000d5a00000, 0x0000000100000000)
  eden space 1536K, 0% used [0x00000000d5580000,0x00000000d5580000,0x00000000d5700000)
  from space 512K, 62% used [0x00000000d5980000,0x00000000d59d0000,0x00000000d5a00000)
  to   space 512K, 0% used [0x00000000d5900000,0x00000000d5900000,0x00000000d5980000)
 ParOldGen       total 163840K, used 163710K [0x0000000080000000, 0x000000008a000000, 0x00000000d5580000)
  object space 163840K, 99% used [0x0000000080000000,0x0000000089fdf848,0x000000008a000000)
 Metaspace       used 76097K, committed 77568K, reserved 1179648K
  class space    used 8454K, committed 9088K, reserved 1048576K
}
Event: 559.670 GC heap before
{Heap before GC invocations=510 (full 4):
 PSYoungGen      total 2048K, used 1856K [0x00000000d5580000, 0x00000000d5a00000, 0x0000000100000000)
  eden space 1536K, 100% used [0x00000000d5580000,0x00000000d5700000,0x00000000d5700000)
  from space 512K, 62% used [0x00000000d5980000,0x00000000d59d0000,0x00000000d5a00000)
  to   space 512K, 0% used [0x00000000d5900000,0x00000000d5900000,0x00000000d5980000)
 ParOldGen       total 163840K, used 163710K [0x0000000080000000, 0x000000008a000000, 0x00000000d5580000)
  object space 163840K, 99% used [0x0000000080000000,0x0000000089fdf848,0x000000008a000000)
 Metaspace       used 76099K, committed 77568K, reserved 1179648K
  class space    used 8454K, committed 9088K, reserved 1048576K
}
Event: 559.671 GC heap after
{Heap after GC invocations=510 (full 4):
 PSYoungGen      total 2048K, used 224K [0x00000000d5580000, 0x00000000d5a00000, 0x0000000100000000)
  eden space 1536K, 0% used [0x00000000d5580000,0x00000000d5580000,0x00000000d5700000)
  from space 512K, 43% used [0x00000000d5900000,0x00000000d5938000,0x00000000d5980000)
  to   space 512K, 0% used [0x00000000d5980000,0x00000000d5980000,0x00000000d5a00000)
 ParOldGen       total 163840K, used 163782K [0x0000000080000000, 0x000000008a000000, 0x00000000d5580000)
  object space 163840K, 99% used [0x0000000080000000,0x0000000089ff1848,0x000000008a000000)
 Metaspace       used 76099K, committed 77568K, reserved 1179648K
  class space    used 8454K, committed 9088K, reserved 1048576K
}
Event: 559.785 GC heap before
{Heap before GC invocations=511 (full 4):
 PSYoungGen      total 2048K, used 1759K [0x00000000d5580000, 0x00000000d5a00000, 0x0000000100000000)
  eden space 1536K, 99% used [0x00000000d5580000,0x00000000d56ffff8,0x00000000d5700000)
  from space 512K, 43% used [0x00000000d5900000,0x00000000d5938000,0x00000000d5980000)
  to   space 512K, 0% used [0x00000000d5980000,0x00000000d5980000,0x00000000d5a00000)
 ParOldGen       total 163840K, used 163782K [0x0000000080000000, 0x000000008a000000, 0x00000000d5580000)
  object space 163840K, 99% used [0x0000000080000000,0x0000000089ff1848,0x000000008a000000)
 Metaspace       used 76101K, committed 77568K, reserved 1179648K
  class space    used 8454K, committed 9088K, reserved 1048576K
}
Event: 559.786 GC heap after
{Heap after GC invocations=511 (full 4):
 PSYoungGen      total 2048K, used 320K [0x00000000d5580000, 0x00000000d5a00000, 0x0000000100000000)
  eden space 1536K, 0% used [0x00000000d5580000,0x00000000d5580000,0x00000000d5700000)
  from space 512K, 62% used [0x00000000d5980000,0x00000000d59d0000,0x00000000d5a00000)
  to   space 512K, 0% used [0x00000000d5900000,0x00000000d5900000,0x00000000d5980000)
 ParOldGen       total 163840K, used 163806K [0x0000000080000000, 0x000000008a000000, 0x00000000d5580000)
  object space 163840K, 99% used [0x0000000080000000,0x0000000089ff7848,0x000000008a000000)
 Metaspace       used 76101K, committed 77568K, reserved 1179648K
  class space    used 8454K, committed 9088K, reserved 1048576K
}
Event: 901.044 GC heap before
{Heap before GC invocations=512 (full 4):
 PSYoungGen      total 2048K, used 1856K [0x00000000d5580000, 0x00000000d5a00000, 0x0000000100000000)
  eden space 1536K, 100% used [0x00000000d5580000,0x00000000d5700000,0x00000000d5700000)
  from space 512K, 62% used [0x00000000d5980000,0x00000000d59d0000,0x00000000d5a00000)
  to   space 512K, 0% used [0x00000000d5900000,0x00000000d5900000,0x00000000d5980000)
 ParOldGen       total 163840K, used 163806K [0x0000000080000000, 0x000000008a000000, 0x00000000d5580000)
  object space 163840K, 99% used [0x0000000080000000,0x0000000089ff7848,0x000000008a000000)
 Metaspace       used 76135K, committed 77568K, reserved 1179648K
  class space    used 8456K, committed 9088K, reserved 1048576K
}
Event: 901.087 GC heap after
{Heap after GC invocations=512 (full 4):
 PSYoungGen      total 2048K, used 224K [0x00000000d5580000, 0x00000000d5a00000, 0x0000000100000000)
  eden space 1536K, 0% used [0x00000000d5580000,0x00000000d5580000,0x00000000d5700000)
  from space 512K, 43% used [0x00000000d5900000,0x00000000d5938000,0x00000000d5980000)
  to   space 512K, 0% used [0x00000000d5980000,0x00000000d5980000,0x00000000d5a00000)
 ParOldGen       total 163840K, used 163830K [0x0000000080000000, 0x000000008a000000, 0x00000000d5580000)
  object space 163840K, 99% used [0x0000000080000000,0x0000000089ffd848,0x000000008a000000)
 Metaspace       used 76135K, committed 77568K, reserved 1179648K
  class space    used 8456K, committed 9088K, reserved 1048576K
}
Event: 964.366 GC heap before
{Heap before GC invocations=513 (full 4):
 PSYoungGen      total 2048K, used 1760K [0x00000000d5580000, 0x00000000d5a00000, 0x0000000100000000)
  eden space 1536K, 100% used [0x00000000d5580000,0x00000000d5700000,0x00000000d5700000)
  from space 512K, 43% used [0x00000000d5900000,0x00000000d5938000,0x00000000d5980000)
  to   space 512K, 0% used [0x00000000d5980000,0x00000000d5980000,0x00000000d5a00000)
 ParOldGen       total 163840K, used 163830K [0x0000000080000000, 0x000000008a000000, 0x00000000d5580000)
  object space 163840K, 99% used [0x0000000080000000,0x0000000089ffd848,0x000000008a000000)
 Metaspace       used 76143K, committed 77568K, reserved 1179648K
  class space    used 8456K, committed 9088K, reserved 1048576K
}
Event: 964.371 GC heap after
{Heap after GC invocations=513 (full 4):
 PSYoungGen      total 2048K, used 224K [0x00000000d5580000, 0x00000000d5a00000, 0x0000000100000000)
  eden space 1536K, 0% used [0x00000000d5580000,0x00000000d5580000,0x00000000d5700000)
  from space 512K, 43% used [0x00000000d5980000,0x00000000d59b8000,0x00000000d5a00000)
  to   space 512K, 0% used [0x00000000d5900000,0x00000000d5900000,0x00000000d5980000)
 ParOldGen       total 164352K, used 163870K [0x0000000080000000, 0x000000008a080000, 0x00000000d5580000)
  object space 164352K, 99% used [0x0000000080000000,0x000000008a007848,0x000000008a080000)
 Metaspace       used 76143K, committed 77568K, reserved 1179648K
  class space    used 8456K, committed 9088K, reserved 1048576K
}
Event: 1023.613 GC heap before
{Heap before GC invocations=514 (full 4):
 PSYoungGen      total 2048K, used 1760K [0x00000000d5580000, 0x00000000d5a00000, 0x0000000100000000)
  eden space 1536K, 100% used [0x00000000d5580000,0x00000000d5700000,0x00000000d5700000)
  from space 512K, 43% used [0x00000000d5980000,0x00000000d59b8000,0x00000000d5a00000)
  to   space 512K, 0% used [0x00000000d5900000,0x00000000d5900000,0x00000000d5980000)
 ParOldGen       total 164352K, used 163870K [0x0000000080000000, 0x000000008a080000, 0x00000000d5580000)
  object space 164352K, 99% used [0x0000000080000000,0x000000008a007848,0x000000008a080000)
 Metaspace       used 76146K, committed 77568K, reserved 1179648K
  class space    used 8456K, committed 9088K, reserved 1048576K
}
Event: 1023.615 GC heap after
{Heap after GC invocations=514 (full 4):
 PSYoungGen      total 2048K, used 224K [0x00000000d5580000, 0x00000000d5a00000, 0x0000000100000000)
  eden space 1536K, 0% used [0x00000000d5580000,0x00000000d5580000,0x00000000d5700000)
  from space 512K, 43% used [0x00000000d5900000,0x00000000d5938000,0x00000000d5980000)
  to   space 512K, 0% used [0x00000000d5980000,0x00000000d5980000,0x00000000d5a00000)
 ParOldGen       total 164352K, used 163870K [0x0000000080000000, 0x000000008a080000, 0x00000000d5580000)
  object space 164352K, 99% used [0x0000000080000000,0x000000008a007848,0x000000008a080000)
 Metaspace       used 76146K, committed 77568K, reserved 1179648K
  class space    used 8456K, committed 9088K, reserved 1048576K
}
Event: 3916.741 GC heap before
{Heap before GC invocations=515 (full 4):
 PSYoungGen      total 2048K, used 1760K [0x00000000d5580000, 0x00000000d5a00000, 0x0000000100000000)
  eden space 1536K, 100% used [0x00000000d5580000,0x00000000d5700000,0x00000000d5700000)
  from space 512K, 43% used [0x00000000d5900000,0x00000000d5938000,0x00000000d5980000)
  to   space 512K, 0% used [0x00000000d5980000,0x00000000d5980000,0x00000000d5a00000)
 ParOldGen       total 164352K, used 163870K [0x0000000080000000, 0x000000008a080000, 0x00000000d5580000)
  object space 164352K, 99% used [0x0000000080000000,0x000000008a007848,0x000000008a080000)
 Metaspace       used 76153K, committed 77568K, reserved 1179648K
  class space    used 8456K, committed 9088K, reserved 1048576K
}
Event: 3916.791 GC heap after
{Heap after GC invocations=515 (full 4):
 PSYoungGen      total 2048K, used 160K [0x00000000d5580000, 0x00000000d5a00000, 0x0000000100000000)
  eden space 1536K, 0% used [0x00000000d5580000,0x00000000d5580000,0x00000000d5700000)
  from space 512K, 31% used [0x00000000d5980000,0x00000000d59a8000,0x00000000d5a00000)
  to   space 512K, 0% used [0x00000000d5900000,0x00000000d5900000,0x00000000d5980000)
 ParOldGen       total 164352K, used 163886K [0x0000000080000000, 0x000000008a080000, 0x00000000d5580000)
  object space 164352K, 99% used [0x0000000080000000,0x000000008a00b848,0x000000008a080000)
 Metaspace       used 76153K, committed 77568K, reserved 1179648K
  class space    used 8456K, committed 9088K, reserved 1048576K
}
Event: 6617.177 GC heap before
{Heap before GC invocations=516 (full 4):
 PSYoungGen      total 2048K, used 1696K [0x00000000d5580000, 0x00000000d5a00000, 0x0000000100000000)
  eden space 1536K, 100% used [0x00000000d5580000,0x00000000d5700000,0x00000000d5700000)
  from space 512K, 31% used [0x00000000d5980000,0x00000000d59a8000,0x00000000d5a00000)
  to   space 512K, 0% used [0x00000000d5900000,0x00000000d5900000,0x00000000d5980000)
 ParOldGen       total 164352K, used 163886K [0x0000000080000000, 0x000000008a080000, 0x00000000d5580000)
  object space 164352K, 99% used [0x0000000080000000,0x000000008a00b848,0x000000008a080000)
 Metaspace       used 76156K, committed 77568K, reserved 1179648K
  class space    used 8456K, committed 9088K, reserved 1048576K
}
Event: 6617.218 GC heap after
{Heap after GC invocations=516 (full 4):
 PSYoungGen      total 2048K, used 480K [0x00000000d5580000, 0x00000000d5a00000, 0x0000000100000000)
  eden space 1536K, 0% used [0x00000000d5580000,0x00000000d5580000,0x00000000d5700000)
  from space 512K, 93% used [0x00000000d5900000,0x00000000d5978020,0x00000000d5980000)
  to   space 512K, 0% used [0x00000000d5980000,0x00000000d5980000,0x00000000d5a00000)
 ParOldGen       total 164352K, used 163958K [0x0000000080000000, 0x000000008a080000, 0x00000000d5580000)
  object space 164352K, 99% used [0x0000000080000000,0x000000008a01d848,0x000000008a080000)
 Metaspace       used 76156K, committed 77568K, reserved 1179648K
  class space    used 8456K, committed 9088K, reserved 1048576K
}

Dll operation events (15 events):
Event: 0.017 Loaded shared library c:\Users\sande\.vscode\extensions\redhat.java-1.51.0-win32-x64\jre\21.0.9-win32-x86_64\bin\java.dll
Event: 0.148 Loaded shared library c:\Users\sande\.vscode\extensions\redhat.java-1.51.0-win32-x64\jre\21.0.9-win32-x86_64\bin\zip.dll
Event: 0.190 Loaded shared library C:\Users\sande\.vscode\extensions\redhat.java-1.51.0-win32-x64\jre\21.0.9-win32-x86_64\bin\instrument.dll
Event: 0.205 Loaded shared library C:\Users\sande\.vscode\extensions\redhat.java-1.51.0-win32-x64\jre\21.0.9-win32-x86_64\bin\net.dll
Event: 0.210 Loaded shared library C:\Users\sande\.vscode\extensions\redhat.java-1.51.0-win32-x64\jre\21.0.9-win32-x86_64\bin\nio.dll
Event: 0.221 Loaded shared library C:\Users\sande\.vscode\extensions\redhat.java-1.51.0-win32-x64\jre\21.0.9-win32-x86_64\bin\zip.dll
Event: 0.254 Loaded shared library C:\Users\sande\.vscode\extensions\redhat.java-1.51.0-win32-x64\jre\21.0.9-win32-x86_64\bin\jimage.dll
Event: 0.381 Loaded shared library c:\Users\sande\.vscode\extensions\redhat.java-1.51.0-win32-x64\jre\21.0.9-win32-x86_64\bin\verify.dll
Event: 8.996 Loaded shared library C:\Users\sande\AppData\Roaming\Code\User\globalStorage\redhat.java\1.51.0\config_win\org.eclipse.equinox.launcher\org.eclipse.equinox.launcher.win32.win32.x86_64_1.2.1400.v20250801-0854\eclipse_11916.dll
Event: 15.877 Loaded shared library C:\Users\sande\AppData\Local\Temp\jna-109203553\jna406227518108552847.dll
Event: 17.557 Loaded shared library C:\Users\sande\.vscode\extensions\redhat.java-1.51.0-win32-x64\jre\21.0.9-win32-x86_64\bin\sunmscapi.dll
Event: 17.924 Loaded shared library C:\Users\sande\.vscode\extensions\redhat.java-1.51.0-win32-x64\jre\21.0.9-win32-x86_64\bin\extnet.dll
Event: 24.173 Loaded shared library C:\Users\sande\.gradle\native\1def1411415f61bf3af743bc5b6707747c0891f09f0c88961ee8f79bc544acac\windows-amd64\native-platform.dll
Event: 25.555 Loaded shared library C:\Users\sande\.vscode\extensions\redhat.java-1.51.0-win32-x64\jre\21.0.9-win32-x86_64\bin\management.dll
Event: 25.558 Loaded shared library C:\Users\sande\.vscode\extensions\redhat.java-1.51.0-win32-x64\jre\21.0.9-win32-x86_64\bin\management_ext.dll

Deoptimization events (20 events):
Event: 556.535 Thread 0x000001f4762624b0 DEOPT PACKING pc=0x000001f461025a00 sp=0x0000005b540ff060
Event: 556.536 Thread 0x000001f4762624b0 DEOPT UNPACKING pc=0x000001f460523aa2 sp=0x0000005b540fee60 mode 2
Event: 556.641 Thread 0x000001f4762624b0 Uncommon trap: trap_request=0xffffff45 fr.pc=0x000001f46109cd64 relative=0x0000000000000864
Event: 556.641 Thread 0x000001f4762624b0 Uncommon trap: reason=unstable_if action=reinterpret pc=0x000001f46109cd64 method=java.io.InputStream.read([BII)I @ 52 c2
Event: 556.641 Thread 0x000001f4762624b0 DEOPT PACKING pc=0x000001f46109cd64 sp=0x0000005b540ff090
Event: 556.641 Thread 0x000001f4762624b0 DEOPT UNPACKING pc=0x000001f460523aa2 sp=0x0000005b540ff030 mode 2
Event: 556.644 Thread 0x000001f4762624b0 Uncommon trap: trap_request=0xffffff76 fr.pc=0x000001f4612e3a74 relative=0x00000000000007b4
Event: 556.644 Thread 0x000001f4762624b0 Uncommon trap: reason=predicate action=maybe_recompile pc=0x000001f4612e3a74 method=java.nio.charset.CharsetEncoder.encode(Ljava/nio/CharBuffer;Ljava/nio/ByteBuffer;Z)Ljava/nio/charset/CoderResult; @ 54 c2
Event: 556.644 Thread 0x000001f4762624b0 DEOPT PACKING pc=0x000001f4612e3a74 sp=0x0000005b540fef50
Event: 556.644 Thread 0x000001f4762624b0 DEOPT UNPACKING pc=0x000001f460523aa2 sp=0x0000005b540fef10 mode 2
Event: 859.874 Thread 0x000001f4762624b0 Uncommon trap: trap_request=0xffffff45 fr.pc=0x000001f460df1adc relative=0x00000000000009bc
Event: 859.874 Thread 0x000001f4762624b0 Uncommon trap: reason=unstable_if action=reinterpret pc=0x000001f460df1adc method=org.eclipse.core.internal.dtree.DataDeltaNode.simplifyWithParent(Lorg/eclipse/core/runtime/IPath;Lorg/eclipse/core/internal/dtree/DeltaDataTree;Lorg/eclipse/core/internal/dt
Event: 859.874 Thread 0x000001f4762624b0 DEOPT PACKING pc=0x000001f460df1adc sp=0x0000005b540ff100
Event: 859.875 Thread 0x000001f4762624b0 DEOPT UNPACKING pc=0x000001f460523aa2 sp=0x0000005b540ff118 mode 2
Event: 859.878 Thread 0x000001f4762624b0 Uncommon trap: trap_request=0xffffff45 fr.pc=0x000001f460e71060 relative=0x00000000000007a0
Event: 859.878 Thread 0x000001f4762624b0 Uncommon trap: reason=unstable_if action=reinterpret pc=0x000001f460e71060 method=org.eclipse.core.internal.resources.SaveManager.lambda$11(Lorg/eclipse/core/internal/resources/MarkerManager;Ljava/io/DataOutputStream;[JLjava/io/DataOutputStream;Lorg/eclip
Event: 859.878 Thread 0x000001f4762624b0 DEOPT PACKING pc=0x000001f460e71060 sp=0x0000005b540ff280
Event: 859.878 Thread 0x000001f4762624b0 DEOPT UNPACKING pc=0x000001f460523aa2 sp=0x0000005b540ff1d0 mode 2
Event: 3916.810 Thread 0x000001f476264580 DEOPT PACKING pc=0x000001f45a9bd02b sp=0x0000005b50ffebd0
Event: 3916.811 Thread 0x000001f476264580 DEOPT UNPACKING pc=0x000001f460524242 sp=0x0000005b50ffe040 mode 0

Classes loaded (20 events):
Event: 556.291 Loading class java/util/stream/Nodes$CollectorTask$OfRef
Event: 556.294 Loading class java/util/stream/Nodes$CollectorTask
Event: 556.299 Loading class java/util/stream/Nodes$CollectorTask done
Event: 556.299 Loading class java/util/stream/Nodes$CollectorTask$OfRef done
Event: 556.300 Loading class java/util/function/LongFunction
Event: 556.301 Loading class java/util/function/LongFunction done
Event: 556.303 Loading class java/util/stream/Nodes$ConcNode
Event: 556.304 Loading class java/util/stream/Nodes$AbstractConcNode
Event: 556.308 Loading class java/util/stream/Nodes$AbstractConcNode done
Event: 556.308 Loading class java/util/stream/Nodes$ConcNode done
Event: 556.393 Loading class java/util/stream/Nodes$ToArrayTask$OfRef
Event: 556.394 Loading class java/util/stream/Nodes$ToArrayTask
Event: 556.394 Loading class java/util/stream/Nodes$ToArrayTask done
Event: 556.394 Loading class java/util/stream/Nodes$ToArrayTask$OfRef done
Event: 556.404 Loading class java/io/ObjectOutputStream$BlockDataOutputStream
Event: 556.406 Loading class java/io/ObjectOutputStream$BlockDataOutputStream done
Event: 556.406 Loading class java/io/ObjectOutputStream$HandleTable
Event: 556.406 Loading class java/io/ObjectOutputStream$HandleTable done
Event: 556.406 Loading class java/io/ObjectOutputStream$ReplaceTable
Event: 556.407 Loading class java/io/ObjectOutputStream$ReplaceTable done

Classes unloaded (12 events):
Event: 16.650 Thread 0x000001f455e3f9b0 Unloading class 0x000001f4011b0800 'java/lang/invoke/LambdaForm$MH+0x000001f4011b0800'
Event: 16.650 Thread 0x000001f455e3f9b0 Unloading class 0x000001f4011b0400 'java/lang/invoke/LambdaForm$MH+0x000001f4011b0400'
Event: 16.650 Thread 0x000001f455e3f9b0 Unloading class 0x000001f4011b0000 'java/lang/invoke/LambdaForm$MH+0x000001f4011b0000'
Event: 16.650 Thread 0x000001f455e3f9b0 Unloading class 0x000001f4011afc00 'java/lang/invoke/LambdaForm$MH+0x000001f4011afc00'
Event: 16.650 Thread 0x000001f455e3f9b0 Unloading class 0x000001f4011af800 'java/lang/invoke/LambdaForm$BMH+0x000001f4011af800'
Event: 16.650 Thread 0x000001f455e3f9b0 Unloading class 0x000001f4011af400 'java/lang/invoke/LambdaForm$DMH+0x000001f4011af400'
Event: 16.650 Thread 0x000001f455e3f9b0 Unloading class 0x000001f4011ae000 'java/lang/invoke/LambdaForm$DMH+0x000001f4011ae000'
Event: 25.277 Thread 0x000001f455e3f9b0 Unloading class 0x000001f401408c00 'java/lang/invoke/LambdaForm$MH+0x000001f401408c00'
Event: 25.277 Thread 0x000001f455e3f9b0 Unloading class 0x000001f401408000 'java/lang/invoke/LambdaForm$MH+0x000001f401408000'
Event: 25.277 Thread 0x000001f455e3f9b0 Unloading class 0x000001f401403800 'java/lang/invoke/LambdaForm$MH+0x000001f401403800'
Event: 25.277 Thread 0x000001f455e3f9b0 Unloading class 0x000001f401403000 'java/lang/invoke/LambdaForm$MH+0x000001f401403000'
Event: 25.277 Thread 0x000001f455e3f9b0 Unloading class 0x000001f401402c00 'java/lang/invoke/LambdaForm$DMH+0x000001f401402c00'

Classes redefined (0 events):
No events

Internal exceptions (20 events):
Event: 859.808 Thread 0x000001f4762624b0 Exception <a 'sun/nio/fs/WindowsException'{0x00000000d5611868}> (0x00000000d5611868) 
thrown [s\src\hotspot\share\prims\jni.cpp, line 520]
Event: 859.808 Thread 0x000001f4762624b0 Exception <a 'sun/nio/fs/WindowsException'{0x00000000d56123b0}> (0x00000000d56123b0) 
thrown [s\src\hotspot\share\prims\jni.cpp, line 520]
Event: 859.809 Thread 0x000001f4762624b0 Exception <a 'sun/nio/fs/WindowsException'{0x00000000d56138f8}> (0x00000000d56138f8) 
thrown [s\src\hotspot\share\prims\jni.cpp, line 520]
Event: 859.809 Thread 0x000001f4762624b0 Exception <a 'sun/nio/fs/WindowsException'{0x00000000d5614448}> (0x00000000d5614448) 
thrown [s\src\hotspot\share\prims\jni.cpp, line 520]
Event: 859.810 Thread 0x000001f4762624b0 Exception <a 'sun/nio/fs/WindowsException'{0x00000000d5615b20}> (0x00000000d5615b20) 
thrown [s\src\hotspot\share\prims\jni.cpp, line 520]
Event: 859.810 Thread 0x000001f4762624b0 Exception <a 'sun/nio/fs/WindowsException'{0x00000000d5616400}> (0x00000000d5616400) 
thrown [s\src\hotspot\share\prims\jni.cpp, line 520]
Event: 859.816 Thread 0x000001f4762624b0 Exception <a 'sun/nio/fs/WindowsException'{0x00000000d5641850}> (0x00000000d5641850) 
thrown [s\src\hotspot\share\prims\jni.cpp, line 520]
Event: 859.816 Thread 0x000001f4762624b0 Exception <a 'sun/nio/fs/WindowsException'{0x00000000d5642130}> (0x00000000d5642130) 
thrown [s\src\hotspot\share\prims\jni.cpp, line 520]
Event: 859.817 Thread 0x000001f4762624b0 Exception <a 'sun/nio/fs/WindowsException'{0x00000000d56438c0}> (0x00000000d56438c0) 
thrown [s\src\hotspot\share\prims\jni.cpp, line 520]
Event: 859.817 Thread 0x000001f4762624b0 Exception <a 'sun/nio/fs/WindowsException'{0x00000000d5644418}> (0x00000000d5644418) 
thrown [s\src\hotspot\share\prims\jni.cpp, line 520]
Event: 859.817 Thread 0x000001f4762624b0 Exception <a 'sun/nio/fs/WindowsException'{0x00000000d5645ba0}> (0x00000000d5645ba0) 
thrown [s\src\hotspot\share\prims\jni.cpp, line 520]
Event: 859.817 Thread 0x000001f4762624b0 Exception <a 'sun/nio/fs/WindowsException'{0x00000000d5646480}> (0x00000000d5646480) 
thrown [s\src\hotspot\share\prims\jni.cpp, line 520]
Event: 859.817 Thread 0x000001f4762624b0 Exception <a 'sun/nio/fs/WindowsException'{0x00000000d5647c18}> (0x00000000d5647c18) 
thrown [s\src\hotspot\share\prims\jni.cpp, line 520]
Event: 859.818 Thread 0x000001f4762624b0 Exception <a 'sun/nio/fs/WindowsException'{0x00000000d56484f8}> (0x00000000d56484f8) 
thrown [s\src\hotspot\share\prims\jni.cpp, line 520]
Event: 859.818 Thread 0x000001f4762624b0 Exception <a 'sun/nio/fs/WindowsException'{0x00000000d5649be0}> (0x00000000d5649be0) 
thrown [s\src\hotspot\share\prims\jni.cpp, line 520]
Event: 859.818 Thread 0x000001f4762624b0 Exception <a 'sun/nio/fs/WindowsException'{0x00000000d564a4c0}> (0x00000000d564a4c0) 
thrown [s\src\hotspot\share\prims\jni.cpp, line 520]
Event: 859.820 Thread 0x000001f4762624b0 Exception <a 'sun/nio/fs/WindowsException'{0x00000000d564d498}> (0x00000000d564d498) 
thrown [s\src\hotspot\share\prims\jni.cpp, line 520]
Event: 859.820 Thread 0x000001f4762624b0 Exception <a 'sun/nio/fs/WindowsException'{0x00000000d564dd78}> (0x00000000d564dd78) 
thrown [s\src\hotspot\share\prims\jni.cpp, line 520]
Event: 859.822 Thread 0x000001f4762624b0 Exception <a 'sun/nio/fs/WindowsException'{0x00000000d564f530}> (0x00000000d564f530) 
thrown [s\src\hotspot\share\prims\jni.cpp, line 520]
Event: 859.822 Thread 0x000001f4762624b0 Exception <a 'sun/nio/fs/WindowsException'{0x00000000d56500b8}> (0x00000000d56500b8) 
thrown [s\src\hotspot\share\prims\jni.cpp, line 520]

ZGC Phase Switch (0 events):
No events

VM Operations (20 events):
Event: 6855.963 Executing VM operation: HandshakeAllThreads (HandshakeForDeflation)
Event: 6855.963 Executing VM operation: HandshakeAllThreads (HandshakeForDeflation) done
Event: 6855.963 Executing VM operation: RendezvousGCThreads
Event: 6855.963 Executing VM operation: RendezvousGCThreads done
Event: 6916.052 Executing VM operation: HandshakeAllThreads (HandshakeForDeflation)
Event: 6916.052 Executing VM operation: HandshakeAllThreads (HandshakeForDeflation) done
Event: 6916.053 Executing VM operation: RendezvousGCThreads
Event: 6916.053 Executing VM operation: RendezvousGCThreads done
Event: 6976.112 Executing VM operation: HandshakeAllThreads (HandshakeForDeflation)
Event: 6976.113 Executing VM operation: HandshakeAllThreads (HandshakeForDeflation) done
Event: 6976.113 Executing VM operation: RendezvousGCThreads
Event: 6976.113 Executing VM operation: RendezvousGCThreads done
Event: 7096.209 Executing VM operation: HandshakeAllThreads (HandshakeForDeflation)
Event: 7096.210 Executing VM operation: HandshakeAllThreads (HandshakeForDeflation) done
Event: 7096.210 Executing VM operation: RendezvousGCThreads
Event: 7096.210 Executing VM operation: RendezvousGCThreads done
Event: 7156.272 Executing VM operation: HandshakeAllThreads (HandshakeForDeflation)
Event: 7156.272 Executing VM operation: HandshakeAllThreads (HandshakeForDeflation) done
Event: 7156.272 Executing VM operation: RendezvousGCThreads
Event: 7156.272 Executing VM operation: RendezvousGCThreads done

Memory protections (0 events):
No events

Nmethod flushes (20 events):
Event: 434.768 Thread 0x000001f455e3f9b0 flushing  nmethod 0x000001f45a023b90
Event: 434.768 Thread 0x000001f455e3f9b0 flushing osr nmethod 0x000001f45a024390
Event: 434.768 Thread 0x000001f455e3f9b0 flushing  nmethod 0x000001f45a032910
Event: 434.768 Thread 0x000001f455e3f9b0 flushing  nmethod 0x000001f45a03e810
Event: 434.768 Thread 0x000001f455e3f9b0 flushing  nmethod 0x000001f45a052a10
Event: 434.768 Thread 0x000001f455e3f9b0 flushing  nmethod 0x000001f45a053010
Event: 434.768 Thread 0x000001f455e3f9b0 flushing  nmethod 0x000001f45a059110
Event: 434.768 Thread 0x000001f455e3f9b0 flushing  nmethod 0x000001f45a05cc90
Event: 434.768 Thread 0x000001f455e3f9b0 flushing  nmethod 0x000001f45a05d510
Event: 434.768 Thread 0x000001f455e3f9b0 flushing  nmethod 0x000001f45a05e710
Event: 434.768 Thread 0x000001f455e3f9b0 flushing  nmethod 0x000001f45a074a10
Event: 434.768 Thread 0x000001f455e3f9b0 flushing  nmethod 0x000001f45a07fa90
Event: 434.768 Thread 0x000001f455e3f9b0 flushing  nmethod 0x000001f45a081890
Event: 434.768 Thread 0x000001f455e3f9b0 flushing  nmethod 0x000001f45a082010
Event: 434.768 Thread 0x000001f455e3f9b0 flushing  nmethod 0x000001f45a083890
Event: 434.768 Thread 0x000001f455e3f9b0 flushing  nmethod 0x000001f45a085e10
Event: 434.768 Thread 0x000001f455e3f9b0 flushing  nmethod 0x000001f45a089090
Event: 434.768 Thread 0x000001f455e3f9b0 flushing  nmethod 0x000001f45a095210
Event: 434.768 Thread 0x000001f455e3f9b0 flushing  nmethod 0x000001f45a0bd790
Event: 434.769 Thread 0x000001f455e3f9b0 flushing  nmethod 0x000001f45a0bed10

Events (20 events):
Event: 720.745 Thread 0x000001f46ddcc130 Thread exited: 0x000001f46ddcc130
Event: 720.745 Thread 0x000001f476267370 Thread exited: 0x000001f476267370
Event: 733.925 Thread 0x000001f46ddcad80 Thread exited: 0x000001f46ddcad80
Event: 737.860 Thread 0x000001f4753a2210 Thread exited: 0x000001f4753a2210
Event: 859.769 Thread 0x000001f4762624b0 Thread added: 0x000001f4753a0140
Event: 859.776 Thread 0x000001f4753a0140 Thread exited: 0x000001f4753a0140
Event: 859.825 Thread 0x000001f4762624b0 Thread added: 0x000001f4753a0140
Event: 859.827 Thread 0x000001f4753a0140 Thread added: 0x000001f47539e700
Event: 859.830 Thread 0x000001f47539e700 Thread added: 0x000001f47539d9e0
Event: 859.842 Thread 0x000001f4753a0140 Thread added: 0x000001f4753a14f0
Event: 859.843 Thread 0x000001f4753a0140 Thread added: 0x000001f47539ed90
Event: 859.843 Thread 0x000001f47539e700 Thread added: 0x000001f47539e070
Event: 859.843 Thread 0x000001f4753a14f0 Thread added: 0x000001f4753a4970
Event: 859.845 Thread 0x000001f47539e070 Thread exited: 0x000001f47539e070
Event: 859.845 Thread 0x000001f4753a4970 Thread exited: 0x000001f4753a4970
Event: 859.845 Thread 0x000001f4753a0140 Thread exited: 0x000001f4753a0140
Event: 859.845 Thread 0x000001f4753a14f0 Thread exited: 0x000001f4753a14f0
Event: 859.847 Thread 0x000001f47539e700 Thread exited: 0x000001f47539e700
Event: 859.847 Thread 0x000001f47539ed90 Thread exited: 0x000001f47539ed90
Event: 859.847 Thread 0x000001f47539d9e0 Thread exited: 0x000001f47539d9e0


Dynamic libraries:
0x00007ff6068e0000 - 0x00007ff6068ee000 	c:\Users\sande\.vscode\extensions\redhat.java-1.51.0-win32-x64\jre\21.0.9-win32-x86_64\bin\java.exe
0x00007ffba4c00000 - 0x00007ffba4e67000 	C:\WINDOWS\SYSTEM32\ntdll.dll
0x00007ffba3580000 - 0x00007ffba3649000 	C:\WINDOWS\System32\KERNEL32.DLL
0x00007ffba1de0000 - 0x00007ffba21cf000 	C:\WINDOWS\System32\KERNELBASE.dll
0x00007ffba26b0000 - 0x00007ffba27fb000 	C:\WINDOWS\System32\ucrtbase.dll
0x00007ffb4a060000 - 0x00007ffb4a078000 	c:\Users\sande\.vscode\extensions\redhat.java-1.51.0-win32-x64\jre\21.0.9-win32-x86_64\bin\jli.dll
0x00007ffba33b0000 - 0x00007ffba3575000 	C:\WINDOWS\System32\USER32.dll
0x00007ffba2800000 - 0x00007ffba2827000 	C:\WINDOWS\System32\win32u.dll
0x00007ffba2bd0000 - 0x00007ffba2bfb000 	C:\WINDOWS\System32\GDI32.dll
0x00007ffba2580000 - 0x00007ffba26ac000 	C:\WINDOWS\System32\gdi32full.dll
0x00007ffba28f0000 - 0x00007ffba2993000 	C:\WINDOWS\System32\msvcp_win.dll
0x00007ffb469c0000 - 0x00007ffb469de000 	c:\Users\sande\.vscode\extensions\redhat.java-1.51.0-win32-x64\jre\21.0.9-win32-x86_64\bin\VCRUNTIME140.dll
0x00007ffb8a300000 - 0x00007ffb8a593000 	C:\WINDOWS\WinSxS\amd64_microsoft.windows.common-controls_6595b64144ccf1df_6.0.26100.7309_none_3e05feeae336a044\COMCTL32.dll
0x00007ffba44e0000 - 0x00007ffba4589000 	C:\WINDOWS\System32\msvcrt.dll
0x00007ffba2b40000 - 0x00007ffba2b71000 	C:\WINDOWS\System32\IMM32.DLL
0x00007ffb82800000 - 0x00007ffb8280c000 	c:\Users\sande\.vscode\extensions\redhat.java-1.51.0-win32-x64\jre\21.0.9-win32-x86_64\bin\vcruntime140_1.dll
0x00007ffb3f050000 - 0x00007ffb3f0dd000 	c:\Users\sande\.vscode\extensions\redhat.java-1.51.0-win32-x64\jre\21.0.9-win32-x86_64\bin\msvcp140.dll
0x00007ffb0c3e0000 - 0x00007ffb0d180000 	c:\Users\sande\.vscode\extensions\redhat.java-1.51.0-win32-x64\jre\21.0.9-win32-x86_64\bin\server\jvm.dll
0x00007ffba2d90000 - 0x00007ffba2e44000 	C:\WINDOWS\System32\ADVAPI32.dll
0x00007ffba3b10000 - 0x00007ffba3bb6000 	C:\WINDOWS\System32\sechost.dll
0x00007ffba39f0000 - 0x00007ffba3b08000 	C:\WINDOWS\System32\RPCRT4.dll
0x00007ffba3bc0000 - 0x00007ffba3c34000 	C:\WINDOWS\System32\WS2_32.dll
0x00007ffba0940000 - 0x00007ffba099e000 	C:\WINDOWS\SYSTEM32\POWRPROF.dll
0x00007ffb93c10000 - 0x00007ffb93c45000 	C:\WINDOWS\SYSTEM32\WINMM.dll
0x00007ffb9eb30000 - 0x00007ffb9eb3b000 	C:\WINDOWS\SYSTEM32\VERSION.dll
0x00007ffba0920000 - 0x00007ffba0934000 	C:\WINDOWS\SYSTEM32\UMPDC.dll
0x00007ffba0c20000 - 0x00007ffba0c3b000 	C:\WINDOWS\SYSTEM32\kernel.appcore.dll
0x00007ffb73d30000 - 0x00007ffb73d3a000 	c:\Users\sande\.vscode\extensions\redhat.java-1.51.0-win32-x64\jre\21.0.9-win32-x86_64\bin\jimage.dll
0x00007ffb9f450000 - 0x00007ffb9f692000 	C:\WINDOWS\SYSTEM32\DBGHELP.DLL
0x00007ffba3660000 - 0x00007ffba39e5000 	C:\WINDOWS\System32\combase.dll
0x00007ffba2e50000 - 0x00007ffba2f26000 	C:\WINDOWS\System32\OLEAUT32.dll
0x00007ffb89190000 - 0x00007ffb891cc000 	C:\WINDOWS\SYSTEM32\dbgcore.DLL
0x00007ffba21e0000 - 0x00007ffba2285000 	C:\WINDOWS\System32\bcryptPrimitives.dll
0x00007ffb6b9e0000 - 0x00007ffb6b9ef000 	c:\Users\sande\.vscode\extensions\redhat.java-1.51.0-win32-x64\jre\21.0.9-win32-x86_64\bin\instrument.dll
0x00007ffb4a040000 - 0x00007ffb4a060000 	c:\Users\sande\.vscode\extensions\redhat.java-1.51.0-win32-x64\jre\21.0.9-win32-x86_64\bin\java.dll
0x00007ffba3d80000 - 0x00007ffba44d3000 	C:\WINDOWS\System32\SHELL32.dll
0x00007ffba2410000 - 0x00007ffba257a000 	C:\WINDOWS\System32\wintypes.dll
0x00007ffb9f960000 - 0x00007ffba01be000 	C:\WINDOWS\SYSTEM32\windows.storage.dll
0x00007ffba2a10000 - 0x00007ffba2b05000 	C:\WINDOWS\System32\SHCORE.dll
0x00007ffba3d00000 - 0x00007ffba3d66000 	C:\WINDOWS\System32\shlwapi.dll
0x00007ffba1c70000 - 0x00007ffba1c99000 	C:\WINDOWS\SYSTEM32\profapi.dll
0x00007ffb47f30000 - 0x00007ffb47f48000 	c:\Users\sande\.vscode\extensions\redhat.java-1.51.0-win32-x64\jre\21.0.9-win32-x86_64\bin\zip.dll
0x00007ffb4a5f0000 - 0x00007ffb4a600000 	C:\Users\sande\.vscode\extensions\redhat.java-1.51.0-win32-x64\jre\21.0.9-win32-x86_64\bin\net.dll
0x00007ffb9a620000 - 0x00007ffb9a748000 	C:\WINDOWS\SYSTEM32\WINHTTP.dll
0x00007ffba1190000 - 0x00007ffba11fb000 	C:\WINDOWS\system32\mswsock.dll
0x00007ffb47f10000 - 0x00007ffb47f26000 	C:\Users\sande\.vscode\extensions\redhat.java-1.51.0-win32-x64\jre\21.0.9-win32-x86_64\bin\nio.dll
0x00007ffb4a030000 - 0x00007ffb4a040000 	c:\Users\sande\.vscode\extensions\redhat.java-1.51.0-win32-x64\jre\21.0.9-win32-x86_64\bin\verify.dll
0x00007ffb35640000 - 0x00007ffb35684000 	C:\Users\sande\AppData\Roaming\Code\User\globalStorage\redhat.java\1.51.0\config_win\org.eclipse.equinox.launcher\org.eclipse.equinox.launcher.win32.win32.x86_64_1.2.1400.v20250801-0854\eclipse_11916.dll
0x00007ffba4590000 - 0x00007ffba4727000 	C:\WINDOWS\System32\ole32.dll
0x00007ffba1450000 - 0x00007ffba146b000 	C:\WINDOWS\SYSTEM32\CRYPTSP.dll
0x00007ffba0b80000 - 0x00007ffba0bba000 	C:\WINDOWS\system32\rsaenh.dll
0x00007ffba1240000 - 0x00007ffba126b000 	C:\WINDOWS\SYSTEM32\USERENV.dll
0x00007ffba1c40000 - 0x00007ffba1c6a000 	C:\WINDOWS\SYSTEM32\bcrypt.dll
0x00007ffba1470000 - 0x00007ffba147c000 	C:\WINDOWS\SYSTEM32\CRYPTBASE.dll
0x00007ffba0600000 - 0x00007ffba0634000 	C:\WINDOWS\SYSTEM32\IPHLPAPI.DLL
0x00007ffba29a0000 - 0x00007ffba29aa000 	C:\WINDOWS\System32\NSI.dll
0x00007ffb35570000 - 0x00007ffb355b9000 	C:\Users\sande\AppData\Local\Temp\jna-109203553\jna406227518108552847.dll
0x00007ffba3650000 - 0x00007ffba3658000 	C:\WINDOWS\System32\PSAPI.DLL
0x00007ffb9a980000 - 0x00007ffb9a99e000 	C:\WINDOWS\SYSTEM32\dhcpcsvc6.DLL
0x00007ffb9a5a0000 - 0x00007ffb9a5c3000 	C:\WINDOWS\SYSTEM32\dhcpcsvc.DLL
0x00007ffb47ee0000 - 0x00007ffb47eee000 	C:\Users\sande\.vscode\extensions\redhat.java-1.51.0-win32-x64\jre\21.0.9-win32-x86_64\bin\sunmscapi.dll
0x00007ffba2290000 - 0x00007ffba2407000 	C:\WINDOWS\System32\CRYPT32.dll
0x00007ffba1670000 - 0x00007ffba16a0000 	C:\WINDOWS\SYSTEM32\ncrypt.dll
0x00007ffba1620000 - 0x00007ffba165f000 	C:\WINDOWS\SYSTEM32\NTASN1.dll
0x00007ffba0640000 - 0x00007ffba076c000 	C:\WINDOWS\SYSTEM32\DNSAPI.dll
0x00007ffb932d0000 - 0x00007ffb932db000 	C:\Windows\System32\rasadhlp.dll
0x00007ffb9a180000 - 0x00007ffb9a206000 	C:\WINDOWS\System32\fwpuclnt.dll
0x00007ffb47ed0000 - 0x00007ffb47ed9000 	C:\Users\sande\.vscode\extensions\redhat.java-1.51.0-win32-x64\jre\21.0.9-win32-x86_64\bin\extnet.dll
0x00007ffb78580000 - 0x00007ffb785a7000 	C:\Users\sande\.gradle\native\1def1411415f61bf3af743bc5b6707747c0891f09f0c88961ee8f79bc544acac\windows-amd64\native-platform.dll
0x00007ffb47f00000 - 0x00007ffb47f0a000 	C:\Users\sande\.vscode\extensions\redhat.java-1.51.0-win32-x64\jre\21.0.9-win32-x86_64\bin\management.dll
0x00007ffb47ef0000 - 0x00007ffb47efc000 	C:\Users\sande\.vscode\extensions\redhat.java-1.51.0-win32-x64\jre\21.0.9-win32-x86_64\bin\management_ext.dll

JVMTI agents:
c:\Users\sande\.vscode\extensions\redhat.java-1.51.0-win32-x64\lombok\lombok-1.18.39-4050.jar path:c:\Users\sande\.vscode\extensions\redhat.java-1.51.0-win32-x64\jre\21.0.9-win32-x86_64\bin\instrument.dll, loaded, initialized, instrumentlib options:none

dbghelp: loaded successfully - version: 4.0.5 - missing functions: none
symbol engine: initialized successfully - sym options: 0x614 - pdb path: .;c:\Users\sande\.vscode\extensions\redhat.java-1.51.0-win32-x64\jre\21.0.9-win32-x86_64\bin;C:\WINDOWS\SYSTEM32;C:\WINDOWS\WinSxS\amd64_microsoft.windows.common-controls_6595b64144ccf1df_6.0.26100.7309_none_3e05feeae336a044;c:\Users\sande\.vscode\extensions\redhat.java-1.51.0-win32-x64\jre\21.0.9-win32-x86_64\bin\server;C:\Users\sande\AppData\Roaming\Code\User\globalStorage\redhat.java\1.51.0\config_win\org.eclipse.equinox.launcher\org.eclipse.equinox.launcher.win32.win32.x86_64_1.2.1400.v20250801-0854;C:\Users\sande\AppData\Local\Temp\jna-109203553;C:\Users\sande\.gradle\native\1def1411415f61bf3af743bc5b6707747c0891f09f0c88961ee8f79bc544acac\windows-amd64

VM Arguments:
jvm_args: --add-modules=ALL-SYSTEM --add-opens=java.base/java.util=ALL-UNNAMED --add-opens=java.base/java.lang=ALL-UNNAMED --add-opens=java.base/sun.nio.fs=ALL-UNNAMED -Declipse.application=org.eclipse.jdt.ls.core.id1 -Dosgi.bundles.defaultStartLevel=4 -Declipse.product=org.eclipse.jdt.ls.core.product -Djava.import.generatesMetadataFilesAtProjectRoot=false -DDetectVMInstallationsJob.disabled=true -Dfile.encoding=utf8 -XX:+UseParallelGC -XX:GCTimeRatio=4 -XX:AdaptiveSizePolicyWeight=90 -Dsun.zip.disableMemoryMapping=true -Xmx2G -Xms100m -Xlog:disable -javaagent:c:\Users\sande\.vscode\extensions\redhat.java-1.51.0-win32-x64\lombok\lombok-1.18.39-4050.jar -XX:+HeapDumpOnOutOfMemoryError -XX:HeapDumpPath=c:\Users\sande\AppData\Roaming\Code\User\workspaceStorage\c1189af7ad4b5b28f6591a4578dcf0ce\redhat.java -Daether.dependencyCollector.impl=bf 
java_command: c:\Users\sande\.vscode\extensions\redhat.java-1.51.0-win32-x64\server\plugins\org.eclipse.equinox.launcher_1.7.100.v20251111-0406.jar -configuration c:\Users\sande\AppData\Roaming\Code\User\globalStorage\redhat.java\1.51.0\config_win -data c:\Users\sande\AppData\Roaming\Code\User\workspaceStorage\c1189af7ad4b5b28f6591a4578dcf0ce\redhat.java\jdt_ws --pipe=\\.\pipe\lsp-891dbb0db0dd91e3954bf14ed0fb8660-sock
java_class_path (initial): c:\Users\sande\.vscode\extensions\redhat.java-1.51.0-win32-x64\server\plugins\org.eclipse.equinox.launcher_1.7.100.v20251111-0406.jar
Launcher Type: SUN_STANDARD

[Global flags]
    uintx AdaptiveSizePolicyWeight                 = 90                                        {product} {command line}
     intx CICompilerCount                          = 4                                         {product} {ergonomic}
    uintx GCTimeRatio                              = 4                                         {product} {command line}
     bool HeapDumpOnOutOfMemoryError               = true                                   {manageable} {command line}
    ccstr HeapDumpPath                             = c:\Users\sande\AppData\Roaming\Code\User\workspaceStorage\c1189af7ad4b5b28f6591a4578dcf0ce\redhat.java         {manageable} {command line}
   size_t InitialHeapSize                          = 104857600                                 {product} {command line}
   size_t MaxHeapSize                              = 2147483648                                {product} {command line}
   size_t MaxNewSize                               = 715653120                                 {product} {ergonomic}
   size_t MinHeapDeltaBytes                        = 524288                                    {product} {ergonomic}
   size_t MinHeapSize                              = 104857600                                 {product} {command line}
   size_t NewSize                                  = 34603008                                  {product} {ergonomic}
    uintx NonNMethodCodeHeapSize                   = 5839372                                {pd product} {ergonomic}
    uintx NonProfiledCodeHeapSize                  = 122909434                              {pd product} {ergonomic}
   size_t OldSize                                  = 70254592                                  {product} {ergonomic}
    uintx ProfiledCodeHeapSize                     = 122909434                              {pd product} {ergonomic}
    uintx ReservedCodeCacheSize                    = 251658240                              {pd product} {ergonomic}
     bool SegmentedCodeCache                       = true                                      {product} {ergonomic}
   size_t SoftMaxHeapSize                          = 2147483648                             {manageable} {ergonomic}
     bool UseCompressedOops                        = true                           {product lp64_product} {ergonomic}
     bool UseLargePagesIndividualAllocation        = false                                  {pd product} {ergonomic}
     bool UseParallelGC                            = true                                      {product} {command line}

Logging:
Log output configuration:
 #0: stdout all=off uptime,level,tags foldmultilines=false
 #1: stderr all=off uptime,level,tags foldmultilines=false

Release file:
JAVA_VERSION="21.0.9" 
MODULES="java.base java.compiler java.datatransfer java.xml java.prefs java.desktop java.instrument java.logging java.management java.security.sasl java.naming java.rmi java.management.rmi java.net.http java.scripting java.security.jgss java.transaction.xa java.sql java.sql.rowset java.xml.crypto java.se java.smartcardio jdk.accessibility jdk.internal.jvmstat jdk.attach jdk.charsets jdk.internal.opt jdk.zipfs jdk.compiler jdk.crypto.ec jdk.crypto.cryptoki jdk.crypto.mscapi jdk.dynalink jdk.internal.ed jdk.editpad jdk.hotspot.agent jdk.httpserver jdk.internal.le jdk.internal.vm.ci jdk.internal.vm.compiler jdk.internal.vm.compiler.management jdk.jartool jdk.javadoc jdk.jcmd jdk.management jdk.management.agent jdk.jconsole jdk.jdeps jdk.jdwp.agent jdk.jdi jdk.jfr jdk.jshell jdk.jsobject jdk.jstatd jdk.localedata jdk.management.jfr jdk.naming.dns jdk.naming.rmi jdk.net jdk.nio.mapmode jdk.random jdk.sctp jdk.security.auth jdk.security.jgss jdk.unsupported jdk.unsupported.desktop jdk.xml.dom" 

Environment Variables:
PATH=C:\Program Files\Common Files\Oracle\Java\javapath;C:\Python313\Scripts\;C:\Python313\;C:\Program Files\Python312\Scripts\;C:\Program Files\Python312\;C:\Windows\system32;C:\Windows;C:\Windows\System32\Wbem;C:\Windows\System32\WindowsPowerShell\v1.0\;C:\Windows\System32\OpenSSH\;C:\Program Files (x86)\NVIDIA Corporation\PhysX\Common;C:\WINDOWS\system32;C:\WINDOWS;C:\WINDOWS\System32\Wbem;C:\WINDOWS\System32\WindowsPowerShell\v1.0\;C:\WINDOWS\System32\OpenSSH\;C:\Program Files\Git\bin;C:\Program Files\NVIDIA Corporation\NVIDIA NvDLISR;C:\Program Files\GTK3-Runtime Win64\bin;C:\Users\sande\Downloads\kotlin-compiler-1.9.22\kotlinc\bin;C:\Program Files\Azure Data Studio\bin;C:\Program Files\MySQL\MySQL Server 8.0\bin;C:\Users\sande\AppData\Local\Android\Sdk;C:\Users\sande\AppData\Local\Android\Sdk\platform-tools;C:\WINDOWS\system32;C:\WINDOWS;C:\WINDOWS\System32\Wbem;C:\WINDOWS\System32\WindowsPowerShell\v1.0\;C:\WINDOWS\System32\OpenSSH\;C:\ProgramData\chocolatey\bin;C:\Program Files\nodejs;C:\Users\sande\AppData\Local\nvm;C:\nvm4w\nodejs;C:\MinGW\bin;C:\Program Files\Go\bin;C:\Users\sande\Downloads\apache-maven-3.9.9\bin;C:\Program Files\PuTTY\;C:\Program Files\Docker\Docker\resources\bin;C:\Program Files\Java\jdk-17\bin;C:\Users\sande\AppData\Local\Android\Sdk\tools;C:\Program Files\MySQL\MySQL Shell 8.0\bin\;C:\Users\sande\AppData\Local\Microsoft\WindowsApps;C:\Program Files\JetBrains\IntelliJ IDEA Community Edition 2023.1.2\bin;;C:\Users\sande\AppData\Local\Programs\Microsoft VS Code\bin;C:\Users\sande\dart-sdk\bin;C:\Users\sande\Desktop\flutter_windows_3.16.5-stable\flutter\bin;C:\Program Files\Azure Data Studio\bin;C:\ProgramData\Microsoft\Windows\Start Menu\Programs\Python 3.12\Python 3.12 (64-bit).lnk;C:\Program Files\Python312\Scripts;C:\Mongosh\;C:\Users\sande\AppData\Local\nvm;C:\nvm4w\nodejs;C:\Users\sande\go\bin;C:\Program Files\JetBrains\IntelliJ IDEA 2024.3.5\bin;;C:\Program Files\Java\jdk-17\bin;C:\Program Files\Java\jdk-17\;C:\Users\sande\AppData\Local\Programs\Antigravity\bin
USERNAME=sande
OS=Windows_NT
PROCESSOR_IDENTIFIER=Intel64 Family 6 Model 165 Stepping 2, GenuineIntel
TMP=C:\Users\sande\AppData\Local\Temp
TEMP=C:\Users\sande\AppData\Local\Temp




Periodic native trim disabled

---------------  S Y S T E M  ---------------

OS:
 Windows 11 , 64 bit Build 26100 (10.0.26100.7309)
OS uptime: 0 days 4:48 hours
Hyper-V role detected

CPU: total 12 (initial active 12) (6 cores per cpu, 2 threads per core) family 6 model 165 stepping 2 microcode 0xf6, cx8, cmov, fxsr, ht, mmx, 3dnowpref, sse, sse2, sse3, ssse3, sse4.1, sse4.2, popcnt, lzcnt, tsc, tscinvbit, avx, avx2, aes, erms, clmul, bmi1, bmi2, adx, fma, vzeroupper, clflush, clflushopt, hv, rdtscp, f16c
Processor Information for the first 12 processors :
  Max Mhz: 2496, Current Mhz: 2496, Mhz Limit: 2496

Memory: 4k page, system-wide physical 8059M (842M free)
TotalPageFile size 32635M (AvailPageFile size 2M)
current process WorkingSet (physical memory assigned to process): 10M, peak: 486M
current process commit charge ("private bytes"): 524M, peak: 747M

vm_info: OpenJDK 64-Bit Server VM (21.0.9+10-LTS) for windows-amd64 JRE (21.0.9+10-LTS), built on 2025-10-21T00:00:00Z by "admin" with unknown MS VC++:1942

END.
