#
# There is insufficient memory for the Java Runtime Environment to continue.
# Native memory allocation (malloc) failed to allocate 1048576 bytes. Error detail: AllocateHeap
# Possible reasons:
#   The system is out of physical RAM or swap space
#   This process is running with CompressedOops enabled, and the Java Heap may be blocking the growth of the native heap
# Possible solutions:
#   Reduce memory load on the system
#   Increase physical memory or swap space
#   Check if swap backing store is full
#   Decrease Java heap size (-Xmx/-Xms)
#   Decrease number of Java threads
#   Decrease Java thread stack sizes (-Xss)
#   Set larger code cache with -XX:ReservedCodeCacheSize=
#   JVM is running with Unscaled Compressed Oops mode in which the Java heap is
#     placed in the first 4GB address space. The Java Heap base address is the
#     maximum limit for the native heap growth. Please use -XX:HeapBaseMinAddress
#     to set the Java Heap base and to place the Java Heap above 4GB virtual address.
# This output file may be truncated or incomplete.
#
#  Out of Memory Error (allocation.cpp:44), pid=24548, tid=28840
#
# JRE version: OpenJDK Runtime Environment Temurin-21.0.9+10 (21.0.9+10) (build 21.0.9+10-LTS)
# Java VM: OpenJDK 64-Bit Server VM Temurin-21.0.9+10 (21.0.9+10-LTS, mixed mode, sharing, tiered, compressed oops, compressed class ptrs, parallel gc, windows-amd64)
# No core dump will be written. Minidumps are not enabled by default on client versions of Windows
#

---------------  S U M M A R Y ------------

Command Line: --add-modules=ALL-SYSTEM --add-opens=java.base/java.util=ALL-UNNAMED --add-opens=java.base/java.lang=ALL-UNNAMED --add-opens=java.base/sun.nio.fs=ALL-UNNAMED -Declipse.application=org.eclipse.jdt.ls.core.id1 -Dosgi.bundles.defaultStartLevel=4 -Declipse.product=org.eclipse.jdt.ls.core.product -Djava.import.generatesMetadataFilesAtProjectRoot=false -DDetectVMInstallationsJob.disabled=true -Dfile.encoding=utf8 -XX:+UseParallelGC -XX:GCTimeRatio=4 -XX:AdaptiveSizePolicyWeight=90 -Dsun.zip.disableMemoryMapping=true -Xmx2G -Xms100m -Xlog:disable -javaagent:c:\Users\sande\.vscode\extensions\redhat.java-1.50.0-win32-x64\lombok\lombok-1.18.39-4050.jar -XX:+HeapDumpOnOutOfMemoryError -XX:HeapDumpPath=c:\Users\sande\AppData\Roaming\Code\User\workspaceStorage\c1189af7ad4b5b28f6591a4578dcf0ce\redhat.java -Daether.dependencyCollector.impl=bf c:\Users\sande\.vscode\extensions\redhat.java-1.50.0-win32-x64\server\plugins\org.eclipse.equinox.launcher_1.7.100.v20251111-0406.jar -configuration c:\Users\sande\AppData\Roaming\Code\User\globalStorage\redhat.java\1.50.0\config_win -data c:\Users\sande\AppData\Roaming\Code\User\workspaceStorage\c1189af7ad4b5b28f6591a4578dcf0ce\redhat.java\jdt_ws --pipe=\\.\pipe\lsp-2f75d974786cbc5421872dfa1e37e701-sock

Host: Intel(R) Core(TM) i5-10500H CPU @ 2.50GHz, 12 cores, 7G,  Windows 11 , 64 bit Build 26100 (10.0.26100.7309)
Time: Tue Jan  6 00:44:21 2026 India Standard Time elapsed time: 9544.040034 seconds (0d 2h 39m 4s)

---------------  T H R E A D  ---------------

Current thread (0x0000029d69f4e100):  JavaThread "Attach Listener" daemon [_thread_in_vm, id=28840, stack(0x000000dbb1200000,0x000000dbb1300000) (1024K)]

Stack: [0x000000dbb1200000,0x000000dbb1300000]
Native frames: (J=compiled Java code, j=interpreted, Vv=VM code, C=native code)
V  [jvm.dll+0x6d6e29]
V  [jvm.dll+0x8b4b76]
V  [jvm.dll+0x8b712e]
V  [jvm.dll+0x8b7813]
V  [jvm.dll+0x283d86]
V  [jvm.dll+0xc1277]
V  [jvm.dll+0x6d76d9]
V  [jvm.dll+0x133466]
V  [jvm.dll+0x3f7ea6]
V  [jvm.dll+0x85e9ad]
V  [jvm.dll+0x6d565d]
C  [ucrtbase.dll+0x37b0]
C  [KERNEL32.DLL+0x2e8d7]
C  [ntdll.dll+0x8c53c]


---------------  P R O C E S S  ---------------

Threads class SMR info:
_java_thread_list=0x0000029d4d039230, length=60, elements={
0x0000029d69ea57b0, 0x0000029d69f43400, 0x0000029d69e4d1b0, 0x0000029d69f4d4b0,
0x0000029d69f4e100, 0x0000029d69f51950, 0x0000029d69f57010, 0x0000029d7dbbd3e0,
0x0000029d7dbbee80, 0x0000029d7de5eea0, 0x0000029d7df36240, 0x0000029d7df12fa0,
0x0000029d4904ea40, 0x0000029d7ed80550, 0x0000029d7f2ce040, 0x0000029d4920ef70,
0x0000029d7edeaf50, 0x0000029d4915f350, 0x0000029d491627d0, 0x0000029d49160700,
0x0000029d7efc5910, 0x0000029d7efc6cc0, 0x0000029d7efc6630, 0x0000029d7efc7350,
0x0000029d7efc79e0, 0x0000029d7efc4560, 0x0000029d7efc9ab0, 0x0000029d7efc9420,
0x0000029d7efc8d90, 0x0000029d7efc8070, 0x0000029d7efca140, 0x0000029d7efca7d0,
0x0000029d7efcbb80, 0x0000029d7efcb4f0, 0x0000029d7efc8700, 0x0000029d4ba1cb90,
0x0000029d4ba1d220, 0x0000029d4ba19da0, 0x0000029d4ba1aac0, 0x0000029d4cad6b70,
0x0000029d4cad5130, 0x0000029d4cad5e50, 0x0000029d4c9b1410, 0x0000029d4c9b34e0,
0x0000029d4c9b3b70, 0x0000029d4c9b4200, 0x0000029d4c9b4f20, 0x0000029d7efc5280,
0x0000029d4bd1fc00, 0x0000029d4bd1c780, 0x0000029d4bd20290, 0x0000029d4bd1d4a0,
0x0000029d7efcae60, 0x0000029d5599b0e0, 0x0000029d559996a0, 0x0000029d5599aa50,
0x0000029d5599c490, 0x0000029d5599b770, 0x0000029d5599be00, 0x0000029d5599d1b0
}

Java Threads: ( => current thread )
  0x0000029d69ea57b0 JavaThread "main"                              [_thread_blocked, id=24864, stack(0x000000dbb0b00000,0x000000dbb0c00000) (1024K)]
  0x0000029d69f43400 JavaThread "Reference Handler"          daemon [_thread_blocked, id=13540, stack(0x000000dbb0f00000,0x000000dbb1000000) (1024K)]
  0x0000029d69e4d1b0 JavaThread "Finalizer"                  daemon [_thread_blocked, id=19464, stack(0x000000dbb1000000,0x000000dbb1100000) (1024K)]
  0x0000029d69f4d4b0 JavaThread "Signal Dispatcher"          daemon [_thread_blocked, id=26760, stack(0x000000dbb1100000,0x000000dbb1200000) (1024K)]
=>0x0000029d69f4e100 JavaThread "Attach Listener"            daemon [_thread_in_vm, id=28840, stack(0x000000dbb1200000,0x000000dbb1300000) (1024K)]
  0x0000029d69f51950 JavaThread "Service Thread"             daemon [_thread_blocked, id=24324, stack(0x000000dbb1300000,0x000000dbb1400000) (1024K)]
  0x0000029d69f57010 JavaThread "Monitor Deflation Thread"   daemon [_thread_blocked, id=13192, stack(0x000000dbb1400000,0x000000dbb1500000) (1024K)]
  0x0000029d7dbbd3e0 JavaThread "C2 CompilerThread0"         daemon [_thread_blocked, id=15764, stack(0x000000dbb1500000,0x000000dbb1600000) (1024K)]
  0x0000029d7dbbee80 JavaThread "C1 CompilerThread0"         daemon [_thread_blocked, id=29028, stack(0x000000dbb1600000,0x000000dbb1700000) (1024K)]
  0x0000029d7de5eea0 JavaThread "Common-Cleaner"             daemon [_thread_blocked, id=10544, stack(0x000000dbb1800000,0x000000dbb1900000) (1024K)]
  0x0000029d7df36240 JavaThread "Notification Thread"        daemon [_thread_blocked, id=14388, stack(0x000000dbb1900000,0x000000dbb1a00000) (1024K)]
  0x0000029d7df12fa0 JavaThread "Active Thread: Equinox Container: b6701cef-aa72-4861-a1ca-c305c9adbc95"        [_thread_blocked, id=19504, stack(0x000000dbb2100000,0x000000dbb2200000) (1024K)]
  0x0000029d4904ea40 JavaThread "Refresh Thread: Equinox Container: b6701cef-aa72-4861-a1ca-c305c9adbc95" daemon [_thread_blocked, id=22864, stack(0x000000dbb1700000,0x000000dbb1800000) (1024K)]
  0x0000029d7ed80550 JavaThread "Framework Event Dispatcher: Equinox Container: b6701cef-aa72-4861-a1ca-c305c9adbc95" daemon [_thread_blocked, id=9288, stack(0x000000dbb2200000,0x000000dbb2300000) (1024K)]
  0x0000029d7f2ce040 JavaThread "Start Level: Equinox Container: b6701cef-aa72-4861-a1ca-c305c9adbc95" daemon [_thread_blocked, id=29124, stack(0x000000dbb2300000,0x000000dbb2400000) (1024K)]
  0x0000029d4920ef70 JavaThread "Bundle File Closer"         daemon [_thread_blocked, id=29056, stack(0x000000dbb2700000,0x000000dbb2800000) (1024K)]
  0x0000029d7edeaf50 JavaThread "SCR Component Actor"        daemon [_thread_blocked, id=21652, stack(0x000000dbb2400000,0x000000dbb2500000) (1024K)]
  0x0000029d4915f350 JavaThread "Worker-JM"                         [_thread_blocked, id=24552, stack(0x000000dbb2a00000,0x000000dbb2b00000) (1024K)]
  0x0000029d491627d0 JavaThread "JNA Cleaner"                daemon [_thread_blocked, id=27184, stack(0x000000dbb2800000,0x000000dbb2900000) (1024K)]
  0x0000029d49160700 JavaThread "Worker-3"                          [_thread_blocked, id=2356, stack(0x000000dbb2f00000,0x000000dbb3000000) (1024K)]
  0x0000029d7efc5910 JavaThread "Java indexing"              daemon [_thread_blocked, id=27828, stack(0x000000dbb3100000,0x000000dbb3200000) (1024K)]
  0x0000029d7efc6cc0 JavaThread "Thread-1"                   daemon [_thread_in_native, id=27400, stack(0x000000dbb3600000,0x000000dbb3700000) (1024K)]
  0x0000029d7efc6630 JavaThread "Thread-2"                   daemon [_thread_in_native, id=17132, stack(0x000000dbb3700000,0x000000dbb3800000) (1024K)]
  0x0000029d7efc7350 JavaThread "Thread-3"                   daemon [_thread_in_native, id=404, stack(0x000000dbb3800000,0x000000dbb3900000) (1024K)]
  0x0000029d7efc79e0 JavaThread "Thread-4"                   daemon [_thread_in_native, id=23776, stack(0x000000dbb3900000,0x000000dbb3a00000) (1024K)]
  0x0000029d7efc4560 JavaThread "Thread-5"                   daemon [_thread_in_native, id=27124, stack(0x000000dbb3a00000,0x000000dbb3b00000) (1024K)]
  0x0000029d7efc9ab0 JavaThread "Thread-6"                   daemon [_thread_in_native, id=3896, stack(0x000000dbb3b00000,0x000000dbb3c00000) (1024K)]
  0x0000029d7efc9420 JavaThread "Thread-7"                   daemon [_thread_in_native, id=25920, stack(0x000000dbb3c00000,0x000000dbb3d00000) (1024K)]
  0x0000029d7efc8d90 JavaThread "Thread-8"                   daemon [_thread_in_native, id=6816, stack(0x000000dbb3d00000,0x000000dbb3e00000) (1024K)]
  0x0000029d7efc8070 JavaThread "Thread-9"                   daemon [_thread_in_native, id=5900, stack(0x000000dbb3e00000,0x000000dbb3f00000) (1024K)]
  0x0000029d7efca140 JavaThread "Thread-10"                  daemon [_thread_in_native, id=23724, stack(0x000000dbb3f00000,0x000000dbb4000000) (1024K)]
  0x0000029d7efca7d0 JavaThread "Thread-11"                  daemon [_thread_in_native, id=6068, stack(0x000000dbb4000000,0x000000dbb4100000) (1024K)]
  0x0000029d7efcbb80 JavaThread "Thread-12"                  daemon [_thread_in_native, id=27268, stack(0x000000dbb4100000,0x000000dbb4200000) (1024K)]
  0x0000029d7efcb4f0 JavaThread "Thread-13"                  daemon [_thread_in_native, id=27376, stack(0x000000dbb4200000,0x000000dbb4300000) (1024K)]
  0x0000029d7efc8700 JavaThread "pool-2-thread-1"                   [_thread_blocked, id=25876, stack(0x000000dbb4300000,0x000000dbb4400000) (1024K)]
  0x0000029d4ba1cb90 JavaThread "Timer-0"                           [_thread_blocked, id=25664, stack(0x000000dbb4500000,0x000000dbb4600000) (1024K)]
  0x0000029d4ba1d220 JavaThread "WorkspaceEventsHandler"            [_thread_blocked, id=21280, stack(0x000000dbb4700000,0x000000dbb4800000) (1024K)]
  0x0000029d4ba19da0 JavaThread "pool-1-thread-1"                   [_thread_blocked, id=12964, stack(0x000000dbb4800000,0x000000dbb4900000) (1024K)]
  0x0000029d4ba1aac0 JavaThread "Timer-1"                           [_thread_blocked, id=3944, stack(0x000000dbb4a00000,0x000000dbb4b00000) (1024K)]
  0x0000029d4cad6b70 JavaThread "Timer-2"                           [_thread_blocked, id=21068, stack(0x000000dbb4c00000,0x000000dbb4d00000) (1024K)]
  0x0000029d4cad5130 JavaThread "Timer-3"                           [_thread_blocked, id=26920, stack(0x000000dbb4b00000,0x000000dbb4c00000) (1024K)]
  0x0000029d4cad5e50 JavaThread "Timer-4"                           [_thread_blocked, id=22472, stack(0x000000dbb4d00000,0x000000dbb4e00000) (1024K)]
  0x0000029d4c9b1410 JavaThread "Timer-5"                           [_thread_blocked, id=25800, stack(0x000000dbb4e00000,0x000000dbb4f00000) (1024K)]
  0x0000029d4c9b34e0 JavaThread "Timer-6"                           [_thread_blocked, id=25852, stack(0x000000dbb4f00000,0x000000dbb5000000) (1024K)]
  0x0000029d4c9b3b70 JavaThread "Timer-7"                           [_thread_blocked, id=14696, stack(0x000000dbb5000000,0x000000dbb5100000) (1024K)]
  0x0000029d4c9b4200 JavaThread "Timer-8"                           [_thread_blocked, id=23464, stack(0x000000dbb0900000,0x000000dbb0a00000) (1024K)]
  0x0000029d4c9b4f20 JavaThread "Timer-9"                           [_thread_blocked, id=13740, stack(0x000000dbb0a00000,0x000000dbb0b00000) (1024K)]
  0x0000029d7efc5280 JavaThread "Timer-10"                          [_thread_blocked, id=24064, stack(0x000000dbb0800000,0x000000dbb0900000) (1024K)]
  0x0000029d4bd1fc00 JavaThread "Timer-11"                          [_thread_blocked, id=14764, stack(0x000000dbb5a00000,0x000000dbb5b00000) (1024K)]
  0x0000029d4bd1c780 JavaThread "Timer-12"                          [_thread_blocked, id=12988, stack(0x000000dbb5b00000,0x000000dbb5c00000) (1024K)]
  0x0000029d4bd20290 JavaThread "Timer-13"                          [_thread_blocked, id=25860, stack(0x000000dbb5900000,0x000000dbb5a00000) (1024K)]
  0x0000029d4bd1d4a0 JavaThread "Timer-14"                          [_thread_blocked, id=25176, stack(0x000000dbb5d00000,0x000000dbb5e00000) (1024K)]
  0x0000029d7efcae60 JavaThread "Timer-15"                          [_thread_blocked, id=26648, stack(0x000000dbb2900000,0x000000dbb2a00000) (1024K)]
  0x0000029d5599b0e0 JavaThread "Timer-16"                          [_thread_blocked, id=29976, stack(0x000000dbb2b00000,0x000000dbb2c00000) (1024K)]
  0x0000029d559996a0 JavaThread "Timer-17"                          [_thread_blocked, id=18236, stack(0x000000dbb2d00000,0x000000dbb2e00000) (1024K)]
  0x0000029d5599aa50 JavaThread "Timer-18"                          [_thread_blocked, id=4292, stack(0x000000dbb2e00000,0x000000dbb2f00000) (1024K)]
  0x0000029d5599c490 JavaThread "Worker-9"                          [_thread_blocked, id=30672, stack(0x000000dbb3400000,0x000000dbb3500000) (1024K)]
  0x0000029d5599b770 JavaThread "Timer-19"                          [_thread_blocked, id=13516, stack(0x000000dbb3000000,0x000000dbb3100000) (1024K)]
  0x0000029d5599be00 JavaThread "Timer-20"                          [_thread_blocked, id=5488, stack(0x000000dbb3200000,0x000000dbb3300000) (1024K)]
  0x0000029d5599d1b0 JavaThread "Timer-21"                          [_thread_blocked, id=12860, stack(0x000000dbb4600000,0x000000dbb4700000) (1024K)]
Total: 60

Other Threads:
  0x0000029d69f3e930 VMThread "VM Thread"                           [id=25244, stack(0x000000dbb0e00000,0x000000dbb0f00000) (1024K)]
  0x0000029d69d2ca00 WatcherThread "VM Periodic Task Thread"        [id=10352, stack(0x000000dbb0d00000,0x000000dbb0e00000) (1024K)]
  0x0000029d69ec2ad0 WorkerThread "GC Thread#0"                     [id=28776, stack(0x000000dbb0c00000,0x000000dbb0d00000) (1024K)]
  0x0000029d7eb9de30 WorkerThread "GC Thread#1"                     [id=12092, stack(0x000000dbb1b00000,0x000000dbb1c00000) (1024K)]
  0x0000029d7f2354e0 WorkerThread "GC Thread#2"                     [id=16224, stack(0x000000dbb1c00000,0x000000dbb1d00000) (1024K)]
  0x0000029d7eb9e1d0 WorkerThread "GC Thread#3"                     [id=17888, stack(0x000000dbb1d00000,0x000000dbb1e00000) (1024K)]
  0x0000029d7eb9e570 WorkerThread "GC Thread#4"                     [id=3284, stack(0x000000dbb1e00000,0x000000dbb1f00000) (1024K)]
  0x0000029d7ec3c580 WorkerThread "GC Thread#5"                     [id=11832, stack(0x000000dbb1f00000,0x000000dbb2000000) (1024K)]
  0x0000029d7ec3c920 WorkerThread "GC Thread#6"                     [id=6444, stack(0x000000dbb2000000,0x000000dbb2100000) (1024K)]
  0x0000029d49643010 WorkerThread "GC Thread#7"                     [id=28080, stack(0x000000dbb1a00000,0x000000dbb1b00000) (1024K)]
  0x0000029d7ece58d0 WorkerThread "GC Thread#8"                     [id=2748, stack(0x000000dbb2500000,0x000000dbb2600000) (1024K)]
  0x0000029d7ece5c70 WorkerThread "GC Thread#9"                     [id=7452, stack(0x000000dbb2600000,0x000000dbb2700000) (1024K)]
Total: 12

Threads with active compile tasks:
Total: 0

VM state: not at safepoint (normal execution)

VM Mutex/Monitor currently owned by a thread: None

Heap address: 0x0000000080000000, size: 2048 MB, Compressed Oops mode: 32-bit

CDS archive(s) mapped at: [0x0000029d04000000-0x0000029d04ba0000-0x0000029d04ba0000), size 12189696, SharedBaseAddress: 0x0000029d04000000, ArchiveRelocationMode: 1.
Compressed class space mapped at: 0x0000029d05000000-0x0000029d45000000, reserved size: 1073741824
Narrow klass base: 0x0000029d04000000, Narrow klass shift: 0, Narrow klass range: 0x100000000

GC Precious Log:
 CardTable entry size: 512
 CPUs: 12 total, 12 available
 Memory: 8059M
 Large Page Support: Disabled
 NUMA Support: Disabled
 Compressed Oops: Enabled (32-bit)
 Alignments: Space 512K, Generation 512K, Heap 2M
 Heap Min Capacity: 100M
 Heap Initial Capacity: 100M
 Heap Max Capacity: 2G
 Pre-touch: Disabled
 Parallel Workers: 10

Heap:
 PSYoungGen      total 3584K, used 2759K [0x00000000d5580000, 0x00000000d5a80000, 0x0000000100000000)
  eden space 3072K, 81% used [0x00000000d5580000,0x00000000d57f1e68,0x00000000d5880000)
  from space 512K, 50% used [0x00000000d5a00000,0x00000000d5a40000,0x00000000d5a80000)
  to   space 512K, 0% used [0x00000000d5980000,0x00000000d5980000,0x00000000d5a00000)
 ParOldGen       total 869376K, used 316382K [0x0000000080000000, 0x00000000b5100000, 0x00000000d5580000)
  object space 869376K, 36% used [0x0000000080000000,0x00000000934f79a0,0x00000000b5100000)
 Metaspace       used 86342K, committed 88064K, reserved 1179648K
  class space    used 10222K, committed 11008K, reserved 1048576K

Card table byte_map: [0x0000029d69840000,0x0000029d69c50000] _byte_map_base: 0x0000029d69440000

Marking Bits: (ParMarkBitMap*) 0x00007ffab9982460
 Begin Bits: [0x0000029d00000000, 0x0000029d02000000)
 End Bits:   [0x0000029d02000000, 0x0000029d04000000)

Polling page: 0x0000029d67c80000

Metaspace:

Usage:
  Non-class:     74.34 MB used.
      Class:      9.98 MB used.
       Both:     84.32 MB used.

Virtual space:
  Non-class space:      128.00 MB reserved,      75.25 MB ( 59%) committed,  2 nodes.
      Class space:        1.00 GB reserved,      10.75 MB (  1%) committed,  1 nodes.
             Both:        1.12 GB reserved,      86.00 MB (  7%) committed. 

Chunk freelists:
   Non-Class:  3.92 MB
       Class:  5.07 MB
        Both:  8.99 MB

MaxMetaspaceSize: unlimited
CompressedClassSpaceSize: 1.00 GB
Initial GC threshold: 21.00 MB
Current GC threshold: 140.31 MB
CDS: on
 - commit_granule_bytes: 65536.
 - commit_granule_words: 8192.
 - virtual_space_node_default_size: 8388608.
 - enlarge_chunks_in_place: 1.
 - use_allocation_guard: 0.


Internal statistics:

num_allocs_failed_limit: 9.
num_arena_births: 1654.
num_arena_deaths: 26.
num_vsnodes_births: 3.
num_vsnodes_deaths: 0.
num_space_committed: 1376.
num_space_uncommitted: 0.
num_chunks_returned_to_freelist: 40.
num_chunks_taken_from_freelist: 5685.
num_chunk_merges: 15.
num_chunk_splits: 3440.
num_chunks_enlarged: 1915.
num_inconsistent_stats: 0.

CodeHeap 'non-profiled nmethods': size=120000Kb used=15136Kb max_used=15136Kb free=104863Kb
 bounds [0x0000029d74b70000, 0x0000029d75a40000, 0x0000029d7c0a0000]
CodeHeap 'profiled nmethods': size=120000Kb used=34667Kb max_used=34667Kb free=85332Kb
 bounds [0x0000029d6d0a0000, 0x0000029d6f280000, 0x0000029d745d0000]
CodeHeap 'non-nmethods': size=5760Kb used=1485Kb max_used=1611Kb free=4274Kb
 bounds [0x0000029d745d0000, 0x0000029d74840000, 0x0000029d74b70000]
CodeCache: size=245760Kb, used=51288Kb, max_used=51414Kb, free=194469Kb
 total_blobs=15990, nmethods=15187, adapters=706, full_count=0
Compilation: enabled, stopped_count=0, restarted_count=0

Compilation events (20 events):
Event: 7045.589 Thread 0x0000029d7dbbee80 16972       3       java.net.URI::equal (19 bytes)
Event: 7045.615 Thread 0x0000029d7dbbee80 nmethod 16972 0x0000029d6f278510 code [0x0000029d6f2786c0, 0x0000029d6f278830]
Event: 7161.477 Thread 0x0000029d7dbbee80 16973       3       java.util.logging.Logger::getLogger (8 bytes)
Event: 7161.515 Thread 0x0000029d7dbbee80 nmethod 16973 0x0000029d6f278910 code [0x0000029d6f278ae0, 0x0000029d6f278ca0]
Event: 7161.515 Thread 0x0000029d7dbbee80 16974       3       java.util.logging.Logger::getLogger (7 bytes)
Event: 7161.516 Thread 0x0000029d7dbbee80 nmethod 16974 0x0000029d6f278d90 code [0x0000029d6f278f40, 0x0000029d6f279068]
Event: 7161.516 Thread 0x0000029d7dbbee80 16975       3       java.util.logging.Logger::demandLogger (36 bytes)
Event: 7161.560 Thread 0x0000029d7dbbee80 nmethod 16975 0x0000029d6f279110 code [0x0000029d6f2793a0, 0x0000029d6f279e50]
Event: 7384.005 Thread 0x0000029d7dbbee80 16976   !   3       org.eclipse.osgi.container.ModuleDatabase::getTimestamp (25 bytes)
Event: 7384.052 Thread 0x0000029d7dbbee80 nmethod 16976 0x0000029d6f27a290 code [0x0000029d6f27a4e0, 0x0000029d6f27ae28]
Event: 7504.010 Thread 0x0000029d7dbbee80 16977       3       org.eclipse.osgi.storage.Storage::isReadOnly (10 bytes)
Event: 7504.016 Thread 0x0000029d7dbbee80 nmethod 16977 0x0000029d6f27b290 code [0x0000029d6f27b440, 0x0000029d6f27b5c0]
Event: 7684.019 Thread 0x0000029d7dbbee80 16978   !   3       org.eclipse.osgi.internal.framework.StorageSaver$StorageSaverTask::run (31 bytes)
Event: 7684.092 Thread 0x0000029d7dbbee80 nmethod 16978 0x0000029d6f27b690 code [0x0000029d6f27b860, 0x0000029d6f27bb00]
Event: 8541.543 Thread 0x0000029d7dbbd3e0 16981       4       java.util.logging.Logger::isLoggable (27 bytes)
Event: 8541.571 Thread 0x0000029d7dbbd3e0 nmethod 16981 0x0000029d75a37710 code [0x0000029d75a378a0, 0x0000029d75a37980]
Event: 8601.547 Thread 0x0000029d7dbbd3e0 16982       4       java.lang.ClassLoader::getBuiltinPlatformClassLoader (4 bytes)
Event: 8601.553 Thread 0x0000029d7dbbd3e0 nmethod 16982 0x0000029d75a37a90 code [0x0000029d75a37c20, 0x0000029d75a37c90]
Event: 8631.548 Thread 0x0000029d7dbbd3e0 16983       4       java.lang.ClassLoader::getPlatformClassLoader (21 bytes)
Event: 8631.559 Thread 0x0000029d7dbbd3e0 nmethod 16983 0x0000029d75a37d90 code [0x0000029d75a37f20, 0x0000029d75a37f90]

GC Heap History (20 events):
Event: 5753.082 GC heap before
{Heap before GC invocations=2445 (full 4):
 PSYoungGen      total 3584K, used 3264K [0x00000000d5580000, 0x00000000d5a80000, 0x0000000100000000)
  eden space 3072K, 100% used [0x00000000d5580000,0x00000000d5880000,0x00000000d5880000)
  from space 512K, 37% used [0x00000000d5a00000,0x00000000d5a30000,0x00000000d5a80000)
  to   space 512K, 0% used [0x00000000d5980000,0x00000000d5980000,0x00000000d5a00000)
 ParOldGen       total 869376K, used 315870K [0x0000000080000000, 0x00000000b5100000, 0x00000000d5580000)
  object space 869376K, 36% used [0x0000000080000000,0x0000000093477980,0x00000000b5100000)
 Metaspace       used 86275K, committed 88000K, reserved 1179648K
  class space    used 10221K, committed 11008K, reserved 1048576K
}
Event: 5753.085 GC heap after
{Heap after GC invocations=2445 (full 4):
 PSYoungGen      total 3584K, used 192K [0x00000000d5580000, 0x00000000d5a80000, 0x0000000100000000)
  eden space 3072K, 0% used [0x00000000d5580000,0x00000000d5580000,0x00000000d5880000)
  from space 512K, 37% used [0x00000000d5980000,0x00000000d59b0000,0x00000000d5a00000)
  to   space 512K, 0% used [0x00000000d5a00000,0x00000000d5a00000,0x00000000d5a80000)
 ParOldGen       total 869376K, used 315894K [0x0000000080000000, 0x00000000b5100000, 0x00000000d5580000)
  object space 869376K, 36% used [0x0000000080000000,0x000000009347d980,0x00000000b5100000)
 Metaspace       used 86275K, committed 88000K, reserved 1179648K
  class space    used 10221K, committed 11008K, reserved 1048576K
}
Event: 5753.104 GC heap before
{Heap before GC invocations=2446 (full 4):
 PSYoungGen      total 3584K, used 3264K [0x00000000d5580000, 0x00000000d5a80000, 0x0000000100000000)
  eden space 3072K, 100% used [0x00000000d5580000,0x00000000d5880000,0x00000000d5880000)
  from space 512K, 37% used [0x00000000d5980000,0x00000000d59b0000,0x00000000d5a00000)
  to   space 512K, 0% used [0x00000000d5a00000,0x00000000d5a00000,0x00000000d5a80000)
 ParOldGen       total 869376K, used 315894K [0x0000000080000000, 0x00000000b5100000, 0x00000000d5580000)
  object space 869376K, 36% used [0x0000000080000000,0x000000009347d980,0x00000000b5100000)
 Metaspace       used 86275K, committed 88000K, reserved 1179648K
  class space    used 10221K, committed 11008K, reserved 1048576K
}
Event: 5753.106 GC heap after
{Heap after GC invocations=2446 (full 4):
 PSYoungGen      total 3584K, used 224K [0x00000000d5580000, 0x00000000d5a80000, 0x0000000100000000)
  eden space 3072K, 0% used [0x00000000d5580000,0x00000000d5580000,0x00000000d5880000)
  from space 512K, 43% used [0x00000000d5a00000,0x00000000d5a38000,0x00000000d5a80000)
  to   space 512K, 0% used [0x00000000d5980000,0x00000000d5980000,0x00000000d5a00000)
 ParOldGen       total 869376K, used 315926K [0x0000000080000000, 0x00000000b5100000, 0x00000000d5580000)
  object space 869376K, 36% used [0x0000000080000000,0x0000000093485980,0x00000000b5100000)
 Metaspace       used 86275K, committed 88000K, reserved 1179648K
  class space    used 10221K, committed 11008K, reserved 1048576K
}
Event: 5753.122 GC heap before
{Heap before GC invocations=2447 (full 4):
 PSYoungGen      total 3584K, used 3296K [0x00000000d5580000, 0x00000000d5a80000, 0x0000000100000000)
  eden space 3072K, 100% used [0x00000000d5580000,0x00000000d5880000,0x00000000d5880000)
  from space 512K, 43% used [0x00000000d5a00000,0x00000000d5a38000,0x00000000d5a80000)
  to   space 512K, 0% used [0x00000000d5980000,0x00000000d5980000,0x00000000d5a00000)
 ParOldGen       total 869376K, used 315926K [0x0000000080000000, 0x00000000b5100000, 0x00000000d5580000)
  object space 869376K, 36% used [0x0000000080000000,0x0000000093485980,0x00000000b5100000)
 Metaspace       used 86275K, committed 88000K, reserved 1179648K
  class space    used 10221K, committed 11008K, reserved 1048576K
}
Event: 5753.124 GC heap after
{Heap after GC invocations=2447 (full 4):
 PSYoungGen      total 3584K, used 192K [0x00000000d5580000, 0x00000000d5a80000, 0x0000000100000000)
  eden space 3072K, 0% used [0x00000000d5580000,0x00000000d5580000,0x00000000d5880000)
  from space 512K, 37% used [0x00000000d5980000,0x00000000d59b0000,0x00000000d5a00000)
  to   space 512K, 0% used [0x00000000d5a00000,0x00000000d5a00000,0x00000000d5a80000)
 ParOldGen       total 869376K, used 315926K [0x0000000080000000, 0x00000000b5100000, 0x00000000d5580000)
  object space 869376K, 36% used [0x0000000080000000,0x0000000093485980,0x00000000b5100000)
 Metaspace       used 86275K, committed 88000K, reserved 1179648K
  class space    used 10221K, committed 11008K, reserved 1048576K
}
Event: 5753.137 GC heap before
{Heap before GC invocations=2448 (full 4):
 PSYoungGen      total 3584K, used 3264K [0x00000000d5580000, 0x00000000d5a80000, 0x0000000100000000)
  eden space 3072K, 100% used [0x00000000d5580000,0x00000000d5880000,0x00000000d5880000)
  from space 512K, 37% used [0x00000000d5980000,0x00000000d59b0000,0x00000000d5a00000)
  to   space 512K, 0% used [0x00000000d5a00000,0x00000000d5a00000,0x00000000d5a80000)
 ParOldGen       total 869376K, used 315926K [0x0000000080000000, 0x00000000b5100000, 0x00000000d5580000)
  object space 869376K, 36% used [0x0000000080000000,0x0000000093485980,0x00000000b5100000)
 Metaspace       used 86275K, committed 88000K, reserved 1179648K
  class space    used 10221K, committed 11008K, reserved 1048576K
}
Event: 5753.139 GC heap after
{Heap after GC invocations=2448 (full 4):
 PSYoungGen      total 3584K, used 160K [0x00000000d5580000, 0x00000000d5a80000, 0x0000000100000000)
  eden space 3072K, 0% used [0x00000000d5580000,0x00000000d5580000,0x00000000d5880000)
  from space 512K, 31% used [0x00000000d5a00000,0x00000000d5a28000,0x00000000d5a80000)
  to   space 512K, 0% used [0x00000000d5980000,0x00000000d5980000,0x00000000d5a00000)
 ParOldGen       total 869376K, used 315926K [0x0000000080000000, 0x00000000b5100000, 0x00000000d5580000)
  object space 869376K, 36% used [0x0000000080000000,0x0000000093485980,0x00000000b5100000)
 Metaspace       used 86275K, committed 88000K, reserved 1179648K
  class space    used 10221K, committed 11008K, reserved 1048576K
}
Event: 5753.154 GC heap before
{Heap before GC invocations=2449 (full 4):
 PSYoungGen      total 3584K, used 3232K [0x00000000d5580000, 0x00000000d5a80000, 0x0000000100000000)
  eden space 3072K, 100% used [0x00000000d5580000,0x00000000d5880000,0x00000000d5880000)
  from space 512K, 31% used [0x00000000d5a00000,0x00000000d5a28000,0x00000000d5a80000)
  to   space 512K, 0% used [0x00000000d5980000,0x00000000d5980000,0x00000000d5a00000)
 ParOldGen       total 869376K, used 315926K [0x0000000080000000, 0x00000000b5100000, 0x00000000d5580000)
  object space 869376K, 36% used [0x0000000080000000,0x0000000093485980,0x00000000b5100000)
 Metaspace       used 86275K, committed 88000K, reserved 1179648K
  class space    used 10221K, committed 11008K, reserved 1048576K
}
Event: 5753.155 GC heap after
{Heap after GC invocations=2449 (full 4):
 PSYoungGen      total 3584K, used 224K [0x00000000d5580000, 0x00000000d5a80000, 0x0000000100000000)
  eden space 3072K, 0% used [0x00000000d5580000,0x00000000d5580000,0x00000000d5880000)
  from space 512K, 43% used [0x00000000d5980000,0x00000000d59b8000,0x00000000d5a00000)
  to   space 512K, 0% used [0x00000000d5a00000,0x00000000d5a00000,0x00000000d5a80000)
 ParOldGen       total 869376K, used 315958K [0x0000000080000000, 0x00000000b5100000, 0x00000000d5580000)
  object space 869376K, 36% used [0x0000000080000000,0x000000009348d980,0x00000000b5100000)
 Metaspace       used 86275K, committed 88000K, reserved 1179648K
  class space    used 10221K, committed 11008K, reserved 1048576K
}
Event: 5753.163 GC heap before
{Heap before GC invocations=2450 (full 4):
 PSYoungGen      total 3584K, used 3296K [0x00000000d5580000, 0x00000000d5a80000, 0x0000000100000000)
  eden space 3072K, 100% used [0x00000000d5580000,0x00000000d5880000,0x00000000d5880000)
  from space 512K, 43% used [0x00000000d5980000,0x00000000d59b8000,0x00000000d5a00000)
  to   space 512K, 0% used [0x00000000d5a00000,0x00000000d5a00000,0x00000000d5a80000)
 ParOldGen       total 869376K, used 315958K [0x0000000080000000, 0x00000000b5100000, 0x00000000d5580000)
  object space 869376K, 36% used [0x0000000080000000,0x000000009348d980,0x00000000b5100000)
 Metaspace       used 86275K, committed 88000K, reserved 1179648K
  class space    used 10221K, committed 11008K, reserved 1048576K
}
Event: 5753.165 GC heap after
{Heap after GC invocations=2450 (full 4):
 PSYoungGen      total 3584K, used 128K [0x00000000d5580000, 0x00000000d5a80000, 0x0000000100000000)
  eden space 3072K, 0% used [0x00000000d5580000,0x00000000d5580000,0x00000000d5880000)
  from space 512K, 25% used [0x00000000d5a00000,0x00000000d5a20000,0x00000000d5a80000)
  to   space 512K, 0% used [0x00000000d5980000,0x00000000d5980000,0x00000000d5a00000)
 ParOldGen       total 869376K, used 315982K [0x0000000080000000, 0x00000000b5100000, 0x00000000d5580000)
  object space 869376K, 36% used [0x0000000080000000,0x0000000093493980,0x00000000b5100000)
 Metaspace       used 86275K, committed 88000K, reserved 1179648K
  class space    used 10221K, committed 11008K, reserved 1048576K
}
Event: 5753.476 GC heap before
{Heap before GC invocations=2451 (full 4):
 PSYoungGen      total 3584K, used 3200K [0x00000000d5580000, 0x00000000d5a80000, 0x0000000100000000)
  eden space 3072K, 100% used [0x00000000d5580000,0x00000000d5880000,0x00000000d5880000)
  from space 512K, 25% used [0x00000000d5a00000,0x00000000d5a20000,0x00000000d5a80000)
  to   space 512K, 0% used [0x00000000d5980000,0x00000000d5980000,0x00000000d5a00000)
 ParOldGen       total 869376K, used 315982K [0x0000000080000000, 0x00000000b5100000, 0x00000000d5580000)
  object space 869376K, 36% used [0x0000000080000000,0x0000000093493980,0x00000000b5100000)
 Metaspace       used 86277K, committed 88000K, reserved 1179648K
  class space    used 10221K, committed 11008K, reserved 1048576K
}
Event: 5753.479 GC heap after
{Heap after GC invocations=2451 (full 4):
 PSYoungGen      total 3584K, used 224K [0x00000000d5580000, 0x00000000d5a80000, 0x0000000100000000)
  eden space 3072K, 0% used [0x00000000d5580000,0x00000000d5580000,0x00000000d5880000)
  from space 512K, 43% used [0x00000000d5980000,0x00000000d59b8000,0x00000000d5a00000)
  to   space 512K, 0% used [0x00000000d5a00000,0x00000000d5a00000,0x00000000d5a80000)
 ParOldGen       total 869376K, used 315982K [0x0000000080000000, 0x00000000b5100000, 0x00000000d5580000)
  object space 869376K, 36% used [0x0000000080000000,0x0000000093493980,0x00000000b5100000)
 Metaspace       used 86277K, committed 88000K, reserved 1179648K
  class space    used 10221K, committed 11008K, reserved 1048576K
}
Event: 5753.496 GC heap before
{Heap before GC invocations=2452 (full 4):
 PSYoungGen      total 3584K, used 3295K [0x00000000d5580000, 0x00000000d5a80000, 0x0000000100000000)
  eden space 3072K, 99% used [0x00000000d5580000,0x00000000d587fff8,0x00000000d5880000)
  from space 512K, 43% used [0x00000000d5980000,0x00000000d59b8000,0x00000000d5a00000)
  to   space 512K, 0% used [0x00000000d5a00000,0x00000000d5a00000,0x00000000d5a80000)
 ParOldGen       total 869376K, used 315982K [0x0000000080000000, 0x00000000b5100000, 0x00000000d5580000)
  object space 869376K, 36% used [0x0000000080000000,0x0000000093493980,0x00000000b5100000)
 Metaspace       used 86279K, committed 88000K, reserved 1179648K
  class space    used 10221K, committed 11008K, reserved 1048576K
}
Event: 5753.497 GC heap after
{Heap after GC invocations=2452 (full 4):
 PSYoungGen      total 3584K, used 224K [0x00000000d5580000, 0x00000000d5a80000, 0x0000000100000000)
  eden space 3072K, 0% used [0x00000000d5580000,0x00000000d5580000,0x00000000d5880000)
  from space 512K, 43% used [0x00000000d5a00000,0x00000000d5a38000,0x00000000d5a80000)
  to   space 512K, 0% used [0x00000000d5980000,0x00000000d5980000,0x00000000d5a00000)
 ParOldGen       total 869376K, used 316062K [0x0000000080000000, 0x00000000b5100000, 0x00000000d5580000)
  object space 869376K, 36% used [0x0000000080000000,0x00000000934a7980,0x00000000b5100000)
 Metaspace       used 86279K, committed 88000K, reserved 1179648K
  class space    used 10221K, committed 11008K, reserved 1048576K
}
Event: 5753.607 GC heap before
{Heap before GC invocations=2453 (full 4):
 PSYoungGen      total 3584K, used 3296K [0x00000000d5580000, 0x00000000d5a80000, 0x0000000100000000)
  eden space 3072K, 100% used [0x00000000d5580000,0x00000000d5880000,0x00000000d5880000)
  from space 512K, 43% used [0x00000000d5a00000,0x00000000d5a38000,0x00000000d5a80000)
  to   space 512K, 0% used [0x00000000d5980000,0x00000000d5980000,0x00000000d5a00000)
 ParOldGen       total 869376K, used 316062K [0x0000000080000000, 0x00000000b5100000, 0x00000000d5580000)
  object space 869376K, 36% used [0x0000000080000000,0x00000000934a7980,0x00000000b5100000)
 Metaspace       used 86315K, committed 88000K, reserved 1179648K
  class space    used 10222K, committed 11008K, reserved 1048576K
}
Event: 5753.609 GC heap after
{Heap after GC invocations=2453 (full 4):
 PSYoungGen      total 3584K, used 384K [0x00000000d5580000, 0x00000000d5a80000, 0x0000000100000000)
  eden space 3072K, 0% used [0x00000000d5580000,0x00000000d5580000,0x00000000d5880000)
  from space 512K, 75% used [0x00000000d5980000,0x00000000d59e0020,0x00000000d5a00000)
  to   space 512K, 0% used [0x00000000d5a00000,0x00000000d5a00000,0x00000000d5a80000)
 ParOldGen       total 869376K, used 316126K [0x0000000080000000, 0x00000000b5100000, 0x00000000d5580000)
  object space 869376K, 36% used [0x0000000080000000,0x00000000934b7980,0x00000000b5100000)
 Metaspace       used 86315K, committed 88000K, reserved 1179648K
  class space    used 10222K, committed 11008K, reserved 1048576K
}
Event: 5895.831 GC heap before
{Heap before GC invocations=2454 (full 4):
 PSYoungGen      total 3584K, used 3455K [0x00000000d5580000, 0x00000000d5a80000, 0x0000000100000000)
  eden space 3072K, 99% used [0x00000000d5580000,0x00000000d587ffc8,0x00000000d5880000)
  from space 512K, 75% used [0x00000000d5980000,0x00000000d59e0020,0x00000000d5a00000)
  to   space 512K, 0% used [0x00000000d5a00000,0x00000000d5a00000,0x00000000d5a80000)
 ParOldGen       total 869376K, used 316126K [0x0000000080000000, 0x00000000b5100000, 0x00000000d5580000)
  object space 869376K, 36% used [0x0000000080000000,0x00000000934b7980,0x00000000b5100000)
 Metaspace       used 86326K, committed 88064K, reserved 1179648K
  class space    used 10222K, committed 11008K, reserved 1048576K
}
Event: 5895.957 GC heap after
{Heap after GC invocations=2454 (full 4):
 PSYoungGen      total 3584K, used 256K [0x00000000d5580000, 0x00000000d5a80000, 0x0000000100000000)
  eden space 3072K, 0% used [0x00000000d5580000,0x00000000d5580000,0x00000000d5880000)
  from space 512K, 50% used [0x00000000d5a00000,0x00000000d5a40000,0x00000000d5a80000)
  to   space 512K, 0% used [0x00000000d5980000,0x00000000d5980000,0x00000000d5a00000)
 ParOldGen       total 869376K, used 316382K [0x0000000080000000, 0x00000000b5100000, 0x00000000d5580000)
  object space 869376K, 36% used [0x0000000080000000,0x00000000934f79a0,0x00000000b5100000)
 Metaspace       used 86326K, committed 88064K, reserved 1179648K
  class space    used 10222K, committed 11008K, reserved 1048576K
}

Dll operation events (15 events):
Event: 0.015 Loaded shared library c:\Users\sande\.vscode\extensions\redhat.java-1.50.0-win32-x64\jre\21.0.9-win32-x86_64\bin\java.dll
Event: 0.090 Loaded shared library c:\Users\sande\.vscode\extensions\redhat.java-1.50.0-win32-x64\jre\21.0.9-win32-x86_64\bin\zip.dll
Event: 0.113 Loaded shared library C:\Users\sande\.vscode\extensions\redhat.java-1.50.0-win32-x64\jre\21.0.9-win32-x86_64\bin\instrument.dll
Event: 0.120 Loaded shared library C:\Users\sande\.vscode\extensions\redhat.java-1.50.0-win32-x64\jre\21.0.9-win32-x86_64\bin\net.dll
Event: 0.123 Loaded shared library C:\Users\sande\.vscode\extensions\redhat.java-1.50.0-win32-x64\jre\21.0.9-win32-x86_64\bin\nio.dll
Event: 0.128 Loaded shared library C:\Users\sande\.vscode\extensions\redhat.java-1.50.0-win32-x64\jre\21.0.9-win32-x86_64\bin\zip.dll
Event: 0.153 Loaded shared library C:\Users\sande\.vscode\extensions\redhat.java-1.50.0-win32-x64\jre\21.0.9-win32-x86_64\bin\jimage.dll
Event: 0.242 Loaded shared library c:\Users\sande\.vscode\extensions\redhat.java-1.50.0-win32-x64\jre\21.0.9-win32-x86_64\bin\verify.dll
Event: 8.379 Loaded shared library C:\Users\sande\AppData\Roaming\Code\User\globalStorage\redhat.java\1.50.0\config_win\org.eclipse.equinox.launcher\org.eclipse.equinox.launcher.win32.win32.x86_64_1.2.1400.v20250801-0854\eclipse_11916.dll
Event: 15.925 Loaded shared library C:\Users\sande\AppData\Local\Temp\jna-109203553\jna530719718208518736.dll
Event: 20.303 Loaded shared library C:\Users\sande\.vscode\extensions\redhat.java-1.50.0-win32-x64\jre\21.0.9-win32-x86_64\bin\sunmscapi.dll
Event: 20.620 Loaded shared library C:\Users\sande\.vscode\extensions\redhat.java-1.50.0-win32-x64\jre\21.0.9-win32-x86_64\bin\extnet.dll
Event: 23.658 Loaded shared library C:\Users\sande\.gradle\native\1def1411415f61bf3af743bc5b6707747c0891f09f0c88961ee8f79bc544acac\windows-amd64\native-platform.dll
Event: 26.873 Loaded shared library C:\Users\sande\.vscode\extensions\redhat.java-1.50.0-win32-x64\jre\21.0.9-win32-x86_64\bin\management.dll
Event: 26.882 Loaded shared library C:\Users\sande\.vscode\extensions\redhat.java-1.50.0-win32-x64\jre\21.0.9-win32-x86_64\bin\management_ext.dll

Deoptimization events (20 events):
Event: 5769.018 Thread 0x0000029d5599aa50 DEOPT PACKING pc=0x0000029d6f16f9d2 sp=0x000000dbb2eff100
Event: 5769.018 Thread 0x0000029d5599aa50 DEOPT UNPACKING pc=0x0000029d74624242 sp=0x000000dbb2efe5d8 mode 0
Event: 5996.563 Thread 0x0000029d4bd1fc00 DEOPT PACKING pc=0x0000029d6f16e0ab sp=0x000000dbb5aff5e0
Event: 5996.636 Thread 0x0000029d4bd1fc00 DEOPT UNPACKING pc=0x0000029d74624242 sp=0x000000dbb5afeac8 mode 0
Event: 6249.007 Thread 0x0000029d559996a0 DEOPT PACKING pc=0x0000029d6f16f9d2 sp=0x000000dbb2dff650
Event: 6249.009 Thread 0x0000029d559996a0 DEOPT UNPACKING pc=0x0000029d74624242 sp=0x000000dbb2dfeb28 mode 0
Event: 6573.447 Thread 0x0000029d5599b0e0 DEOPT PACKING pc=0x0000029d6f16f9d2 sp=0x000000dbb2bff5c0
Event: 6573.448 Thread 0x0000029d5599b0e0 DEOPT UNPACKING pc=0x0000029d74624242 sp=0x000000dbb2bfea98 mode 0
Event: 6631.746 Thread 0x0000029d4ba1d220 Uncommon trap: trap_request=0xffffff45 fr.pc=0x0000029d751a4e98 relative=0x00000000000002b8
Event: 6631.746 Thread 0x0000029d4ba1d220 Uncommon trap: reason=unstable_if action=reinterpret pc=0x0000029d751a4e98 method=java.net.URI.equal(Ljava/lang/String;Ljava/lang/String;)Z @ 10 c2
Event: 6631.747 Thread 0x0000029d4ba1d220 DEOPT PACKING pc=0x0000029d751a4e98 sp=0x000000dbb47ff420
Event: 6631.749 Thread 0x0000029d4ba1d220 DEOPT UNPACKING pc=0x0000029d74623aa2 sp=0x000000dbb47ff3b0 mode 2
Event: 6957.395 Thread 0x0000029d5599be00 DEOPT PACKING pc=0x0000029d6f16f9d2 sp=0x000000dbb32ff6c0
Event: 6957.397 Thread 0x0000029d5599be00 DEOPT UNPACKING pc=0x0000029d74624242 sp=0x000000dbb32feb98 mode 0
Event: 7405.362 Thread 0x0000029d5599b770 DEOPT PACKING pc=0x0000029d6f16f9d2 sp=0x000000dbb30ff080
Event: 7405.363 Thread 0x0000029d5599b770 DEOPT UNPACKING pc=0x0000029d74624242 sp=0x000000dbb30fe558 mode 0
Event: 8066.693 Thread 0x0000029d4c9b1410 DEOPT PACKING pc=0x0000029d6f16e0ab sp=0x000000dbb4eff550
Event: 8066.694 Thread 0x0000029d4c9b1410 DEOPT UNPACKING pc=0x0000029d74624242 sp=0x000000dbb4efea38 mode 0
Event: 8962.632 Thread 0x0000029d5599d1b0 DEOPT PACKING pc=0x0000029d6f16f9d2 sp=0x000000dbb46ff340
Event: 8962.633 Thread 0x0000029d5599d1b0 DEOPT UNPACKING pc=0x0000029d74624242 sp=0x000000dbb46fe818 mode 0

Classes loaded (20 events):
Event: 151.537 Loading class java/util/concurrent/ConcurrentHashMap$KeySpliterator
Event: 151.544 Loading class java/util/concurrent/ConcurrentHashMap$KeySpliterator done
Event: 151.574 Loading class sun/nio/ch/ChannelOutputStream
Event: 151.578 Loading class sun/nio/ch/ChannelOutputStream done
Event: 156.022 Loading class java/io/SequenceInputStream
Event: 156.022 Loading class java/io/SequenceInputStream done
Event: 318.687 Loading class java/util/stream/Nodes$CollectorTask$OfRef
Event: 318.688 Loading class java/util/stream/Nodes$CollectorTask
Event: 318.688 Loading class java/util/stream/Nodes$CollectorTask done
Event: 318.688 Loading class java/util/stream/Nodes$CollectorTask$OfRef done
Event: 318.692 Loading class java/util/function/LongFunction
Event: 318.693 Loading class java/util/function/LongFunction done
Event: 318.693 Loading class java/util/stream/Nodes$ConcNode
Event: 318.693 Loading class java/util/stream/Nodes$AbstractConcNode
Event: 318.693 Loading class java/util/stream/Nodes$AbstractConcNode done
Event: 318.693 Loading class java/util/stream/Nodes$ConcNode done
Event: 318.715 Loading class java/util/stream/Nodes$ToArrayTask$OfRef
Event: 318.715 Loading class java/util/stream/Nodes$ToArrayTask
Event: 318.715 Loading class java/util/stream/Nodes$ToArrayTask done
Event: 318.716 Loading class java/util/stream/Nodes$ToArrayTask$OfRef done

Classes unloaded (13 events):
Event: 17.052 Thread 0x0000029d69f3e930 Unloading class 0x0000029d051a5000 'java/lang/invoke/LambdaForm$MH+0x0000029d051a5000'
Event: 17.052 Thread 0x0000029d69f3e930 Unloading class 0x0000029d051a4c00 'java/lang/invoke/LambdaForm$MH+0x0000029d051a4c00'
Event: 17.052 Thread 0x0000029d69f3e930 Unloading class 0x0000029d051a4800 'java/lang/invoke/LambdaForm$MH+0x0000029d051a4800'
Event: 17.052 Thread 0x0000029d69f3e930 Unloading class 0x0000029d051a4400 'java/lang/invoke/LambdaForm$MH+0x0000029d051a4400'
Event: 17.052 Thread 0x0000029d69f3e930 Unloading class 0x0000029d051a4000 'java/lang/invoke/LambdaForm$BMH+0x0000029d051a4000'
Event: 17.052 Thread 0x0000029d69f3e930 Unloading class 0x0000029d051a3c00 'java/lang/invoke/LambdaForm$DMH+0x0000029d051a3c00'
Event: 17.052 Thread 0x0000029d69f3e930 Unloading class 0x0000029d051a2800 'java/lang/invoke/LambdaForm$DMH+0x0000029d051a2800'
Event: 19.506 Thread 0x0000029d69f3e930 Unloading class 0x0000029d05314400 'java/lang/invoke/LambdaForm$MH+0x0000029d05314400'
Event: 19.506 Thread 0x0000029d69f3e930 Unloading class 0x0000029d05313800 'java/lang/invoke/LambdaForm$MH+0x0000029d05313800'
Event: 19.506 Thread 0x0000029d69f3e930 Unloading class 0x0000029d05313000 'java/lang/invoke/LambdaForm$MH+0x0000029d05313000'
Event: 19.506 Thread 0x0000029d69f3e930 Unloading class 0x0000029d05312800 'java/lang/invoke/LambdaForm$MH+0x0000029d05312800'
Event: 19.506 Thread 0x0000029d69f3e930 Unloading class 0x0000029d05312000 'java/lang/invoke/LambdaForm$DMH+0x0000029d05312000'
Event: 19.506 Thread 0x0000029d69f3e930 Unloading class 0x0000029d05311800 'java/lang/invoke/LambdaForm$MH+0x0000029d05311800'

Classes redefined (0 events):
No events

Internal exceptions (20 events):
Event: 5895.459 Thread 0x0000029d49160700 Exception <a 'sun/nio/fs/WindowsException'{0x00000000d570eea0}> (0x00000000d570eea0) 
thrown [s\src\hotspot\share\prims\jni.cpp, line 520]
Event: 5895.460 Thread 0x0000029d49160700 Exception <a 'sun/nio/fs/WindowsException'{0x00000000d570f9c0}> (0x00000000d570f9c0) 
thrown [s\src\hotspot\share\prims\jni.cpp, line 520]
Event: 5895.461 Thread 0x0000029d49160700 Exception <a 'sun/nio/fs/WindowsException'{0x00000000d5710f08}> (0x00000000d5710f08) 
thrown [s\src\hotspot\share\prims\jni.cpp, line 520]
Event: 5895.461 Thread 0x0000029d49160700 Exception <a 'sun/nio/fs/WindowsException'{0x00000000d5711a98}> (0x00000000d5711a98) 
thrown [s\src\hotspot\share\prims\jni.cpp, line 520]
Event: 5895.464 Thread 0x0000029d49160700 Exception <a 'sun/nio/fs/WindowsException'{0x00000000d57131a0}> (0x00000000d57131a0) 
thrown [s\src\hotspot\share\prims\jni.cpp, line 520]
Event: 5895.464 Thread 0x0000029d49160700 Exception <a 'sun/nio/fs/WindowsException'{0x00000000d5713a80}> (0x00000000d5713a80) 
thrown [s\src\hotspot\share\prims\jni.cpp, line 520]
Event: 5895.484 Thread 0x0000029d49160700 Exception <a 'sun/nio/fs/WindowsException'{0x00000000d573f198}> (0x00000000d573f198) 
thrown [s\src\hotspot\share\prims\jni.cpp, line 520]
Event: 5895.484 Thread 0x0000029d49160700 Exception <a 'sun/nio/fs/WindowsException'{0x00000000d573fcc0}> (0x00000000d573fcc0) 
thrown [s\src\hotspot\share\prims\jni.cpp, line 520]
Event: 5895.486 Thread 0x0000029d49160700 Exception <a 'sun/nio/fs/WindowsException'{0x00000000d5741208}> (0x00000000d5741208) 
thrown [s\src\hotspot\share\prims\jni.cpp, line 520]
Event: 5895.486 Thread 0x0000029d49160700 Exception <a 'sun/nio/fs/WindowsException'{0x00000000d5741d50}> (0x00000000d5741d50) 
thrown [s\src\hotspot\share\prims\jni.cpp, line 520]
Event: 5895.489 Thread 0x0000029d49160700 Exception <a 'sun/nio/fs/WindowsException'{0x00000000d57434e8}> (0x00000000d57434e8) 
thrown [s\src\hotspot\share\prims\jni.cpp, line 520]
Event: 5895.489 Thread 0x0000029d49160700 Exception <a 'sun/nio/fs/WindowsException'{0x00000000d5743dc8}> (0x00000000d5743dc8) 
thrown [s\src\hotspot\share\prims\jni.cpp, line 520]
Event: 5895.492 Thread 0x0000029d49160700 Exception <a 'sun/nio/fs/WindowsException'{0x00000000d5745560}> (0x00000000d5745560) 
thrown [s\src\hotspot\share\prims\jni.cpp, line 520]
Event: 5895.492 Thread 0x0000029d49160700 Exception <a 'sun/nio/fs/WindowsException'{0x00000000d5745e40}> (0x00000000d5745e40) 
thrown [s\src\hotspot\share\prims\jni.cpp, line 520]
Event: 5895.493 Thread 0x0000029d49160700 Exception <a 'sun/nio/fs/WindowsException'{0x00000000d5747568}> (0x00000000d5747568) 
thrown [s\src\hotspot\share\prims\jni.cpp, line 520]
Event: 5895.494 Thread 0x0000029d49160700 Exception <a 'sun/nio/fs/WindowsException'{0x00000000d5748090}> (0x00000000d5748090) 
thrown [s\src\hotspot\share\prims\jni.cpp, line 520]
Event: 5895.496 Thread 0x0000029d49160700 Exception <a 'sun/nio/fs/WindowsException'{0x00000000d574ae18}> (0x00000000d574ae18) 
thrown [s\src\hotspot\share\prims\jni.cpp, line 520]
Event: 5895.496 Thread 0x0000029d49160700 Exception <a 'sun/nio/fs/WindowsException'{0x00000000d574b940}> (0x00000000d574b940) 
thrown [s\src\hotspot\share\prims\jni.cpp, line 520]
Event: 5895.499 Thread 0x0000029d49160700 Exception <a 'sun/nio/fs/WindowsException'{0x00000000d574ce88}> (0x00000000d574ce88) 
thrown [s\src\hotspot\share\prims\jni.cpp, line 520]
Event: 5895.499 Thread 0x0000029d49160700 Exception <a 'sun/nio/fs/WindowsException'{0x00000000d574d9d0}> (0x00000000d574d9d0) 
thrown [s\src\hotspot\share\prims\jni.cpp, line 520]

ZGC Phase Switch (0 events):
No events

VM Operations (20 events):
Event: 9259.239 Executing VM operation: HandshakeAllThreads (HandshakeForDeflation)
Event: 9259.239 Executing VM operation: HandshakeAllThreads (HandshakeForDeflation) done
Event: 9259.239 Executing VM operation: RendezvousGCThreads
Event: 9259.239 Executing VM operation: RendezvousGCThreads done
Event: 9319.373 Executing VM operation: HandshakeAllThreads (HandshakeForDeflation)
Event: 9319.373 Executing VM operation: HandshakeAllThreads (HandshakeForDeflation) done
Event: 9319.373 Executing VM operation: RendezvousGCThreads
Event: 9319.373 Executing VM operation: RendezvousGCThreads done
Event: 9379.512 Executing VM operation: HandshakeAllThreads (HandshakeForDeflation)
Event: 9379.528 Executing VM operation: HandshakeAllThreads (HandshakeForDeflation) done
Event: 9379.528 Executing VM operation: RendezvousGCThreads
Event: 9379.528 Executing VM operation: RendezvousGCThreads done
Event: 9439.669 Executing VM operation: HandshakeAllThreads (HandshakeForDeflation)
Event: 9439.672 Executing VM operation: HandshakeAllThreads (HandshakeForDeflation) done
Event: 9439.672 Executing VM operation: RendezvousGCThreads
Event: 9439.672 Executing VM operation: RendezvousGCThreads done
Event: 9499.812 Executing VM operation: HandshakeAllThreads (HandshakeForDeflation)
Event: 9499.818 Executing VM operation: HandshakeAllThreads (HandshakeForDeflation) done
Event: 9499.819 Executing VM operation: RendezvousGCThreads
Event: 9499.819 Executing VM operation: RendezvousGCThreads done

Memory protections (0 events):
No events

Nmethod flushes (20 events):
Event: 154.189 Thread 0x0000029d69f3e930 flushing  nmethod 0x0000029d6ded0910
Event: 154.189 Thread 0x0000029d69f3e930 flushing  nmethod 0x0000029d6ded1390
Event: 154.189 Thread 0x0000029d69f3e930 flushing  nmethod 0x0000029d6ded1b10
Event: 154.189 Thread 0x0000029d69f3e930 flushing  nmethod 0x0000029d6ded3d10
Event: 154.189 Thread 0x0000029d69f3e930 flushing  nmethod 0x0000029d6ded4b90
Event: 154.189 Thread 0x0000029d69f3e930 flushing  nmethod 0x0000029d6ded5c10
Event: 154.189 Thread 0x0000029d69f3e930 flushing  nmethod 0x0000029d6ded6090
Event: 154.189 Thread 0x0000029d69f3e930 flushing  nmethod 0x0000029d6ded7090
Event: 154.189 Thread 0x0000029d69f3e930 flushing  nmethod 0x0000029d6ded7d90
Event: 154.189 Thread 0x0000029d69f3e930 flushing  nmethod 0x0000029d6deda510
Event: 154.189 Thread 0x0000029d69f3e930 flushing  nmethod 0x0000029d6dedab90
Event: 154.189 Thread 0x0000029d69f3e930 flushing  nmethod 0x0000029d6dedcc10
Event: 154.189 Thread 0x0000029d69f3e930 flushing  nmethod 0x0000029d6dedd310
Event: 154.189 Thread 0x0000029d69f3e930 flushing osr nmethod 0x0000029d6dede010
Event: 154.189 Thread 0x0000029d69f3e930 flushing  nmethod 0x0000029d6dee0c90
Event: 154.189 Thread 0x0000029d69f3e930 flushing  nmethod 0x0000029d6dee1a90
Event: 154.189 Thread 0x0000029d69f3e930 flushing osr nmethod 0x0000029d6dee2190
Event: 154.189 Thread 0x0000029d69f3e930 flushing osr nmethod 0x0000029d6def1210
Event: 154.189 Thread 0x0000029d69f3e930 flushing  nmethod 0x0000029d6def2990
Event: 154.189 Thread 0x0000029d69f3e930 flushing osr nmethod 0x0000029d6defa010

Events (20 events):
Event: 5895.510 Thread 0x0000029d49160700 Thread added: 0x0000029d55999d30
Event: 5895.516 Thread 0x0000029d55999d30 Thread added: 0x0000029d5599d840
Event: 5895.521 Thread 0x0000029d5599d840 Thread added: 0x0000029d5599a3c0
Event: 5895.523 Thread 0x0000029d55999d30 Thread added: 0x0000029d559a0630
Event: 5895.524 Thread 0x0000029d5599d840 Thread added: 0x0000029d559a0cc0
Event: 5895.524 Thread 0x0000029d5599d840 Thread added: 0x0000029d5599e560
Event: 5895.527 Thread 0x0000029d5599a3c0 Thread added: 0x0000029d5599f280
Event: 5895.528 Thread 0x0000029d55999d30 Thread added: 0x0000029d5599f910
Event: 5895.533 Thread 0x0000029d5599d840 Thread added: 0x0000029d5599ded0
Event: 5895.593 Thread 0x0000029d559a0630 Thread exited: 0x0000029d559a0630
Event: 5895.596 Thread 0x0000029d5599ded0 Thread exited: 0x0000029d5599ded0
Event: 5895.596 Thread 0x0000029d55999d30 Thread exited: 0x0000029d55999d30
Event: 5895.596 Thread 0x0000029d5599f280 Thread exited: 0x0000029d5599f280
Event: 5895.596 Thread 0x0000029d5599d840 Thread exited: 0x0000029d5599d840
Event: 5895.596 Thread 0x0000029d5599f910 Thread exited: 0x0000029d5599f910
Event: 5895.596 Thread 0x0000029d5599e560 Thread exited: 0x0000029d5599e560
Event: 5895.596 Thread 0x0000029d5599a3c0 Thread exited: 0x0000029d5599a3c0
Event: 5895.596 Thread 0x0000029d559a0cc0 Thread exited: 0x0000029d559a0cc0
Event: 5896.204 Thread 0x0000029d7dbbee80 Thread added: 0x0000029d56ab6b10
Event: 5896.643 Thread 0x0000029d56ab6b10 Thread exited: 0x0000029d56ab6b10


Dynamic libraries:
0x00007ff6b3610000 - 0x00007ff6b361e000 	c:\Users\sande\.vscode\extensions\redhat.java-1.50.0-win32-x64\jre\21.0.9-win32-x86_64\bin\java.exe
0x00007ffb84000000 - 0x00007ffb84267000 	C:\WINDOWS\SYSTEM32\ntdll.dll
0x00007ffb81f10000 - 0x00007ffb81fd9000 	C:\WINDOWS\System32\KERNEL32.DLL
0x00007ffb81180000 - 0x00007ffb8156f000 	C:\WINDOWS\System32\KERNELBASE.dll
0x00007ffb81780000 - 0x00007ffb818cb000 	C:\WINDOWS\System32\ucrtbase.dll
0x00007ffb56ac0000 - 0x00007ffb56ad8000 	c:\Users\sande\.vscode\extensions\redhat.java-1.50.0-win32-x64\jre\21.0.9-win32-x86_64\bin\jli.dll
0x00007ffb58130000 - 0x00007ffb5814e000 	c:\Users\sande\.vscode\extensions\redhat.java-1.50.0-win32-x64\jre\21.0.9-win32-x86_64\bin\VCRUNTIME140.dll
0x00007ffb83660000 - 0x00007ffb83825000 	C:\WINDOWS\System32\USER32.dll
0x00007ffb81150000 - 0x00007ffb81177000 	C:\WINDOWS\System32\win32u.dll
0x00007ffb6bb60000 - 0x00007ffb6bdf3000 	C:\WINDOWS\WinSxS\amd64_microsoft.windows.common-controls_6595b64144ccf1df_6.0.26100.7309_none_3e05feeae336a044\COMCTL32.dll
0x00007ffb81e60000 - 0x00007ffb81e8b000 	C:\WINDOWS\System32\GDI32.dll
0x00007ffb81da0000 - 0x00007ffb81e49000 	C:\WINDOWS\System32\msvcrt.dll
0x00007ffb818d0000 - 0x00007ffb819fc000 	C:\WINDOWS\System32\gdi32full.dll
0x00007ffb81580000 - 0x00007ffb81623000 	C:\WINDOWS\System32\msvcp_win.dll
0x00007ffb83830000 - 0x00007ffb83861000 	C:\WINDOWS\System32\IMM32.DLL
0x00007ffb62420000 - 0x00007ffb6242c000 	c:\Users\sande\.vscode\extensions\redhat.java-1.50.0-win32-x64\jre\21.0.9-win32-x86_64\bin\vcruntime140_1.dll
0x00007ffb13b20000 - 0x00007ffb13bad000 	c:\Users\sande\.vscode\extensions\redhat.java-1.50.0-win32-x64\jre\21.0.9-win32-x86_64\bin\msvcp140.dll
0x00007ffab8cc0000 - 0x00007ffab9a60000 	c:\Users\sande\.vscode\extensions\redhat.java-1.50.0-win32-x64\jre\21.0.9-win32-x86_64\bin\server\jvm.dll
0x00007ffb835a0000 - 0x00007ffb83654000 	C:\WINDOWS\System32\ADVAPI32.dll
0x00007ffb82430000 - 0x00007ffb824d6000 	C:\WINDOWS\System32\sechost.dll
0x00007ffb82b40000 - 0x00007ffb82c58000 	C:\WINDOWS\System32\RPCRT4.dll
0x00007ffb81e90000 - 0x00007ffb81f04000 	C:\WINDOWS\System32\WS2_32.dll
0x00007ffb7fd20000 - 0x00007ffb7fd7e000 	C:\WINDOWS\SYSTEM32\POWRPROF.dll
0x00007ffb6bed0000 - 0x00007ffb6bf05000 	C:\WINDOWS\SYSTEM32\WINMM.dll
0x00007ffb77960000 - 0x00007ffb7796b000 	C:\WINDOWS\SYSTEM32\VERSION.dll
0x00007ffb7fd00000 - 0x00007ffb7fd14000 	C:\WINDOWS\SYSTEM32\UMPDC.dll
0x00007ffb7fff0000 - 0x00007ffb8000b000 	C:\WINDOWS\SYSTEM32\kernel.appcore.dll
0x00007ffb60ab0000 - 0x00007ffb60aba000 	c:\Users\sande\.vscode\extensions\redhat.java-1.50.0-win32-x64\jre\21.0.9-win32-x86_64\bin\jimage.dll
0x00007ffb7e850000 - 0x00007ffb7ea92000 	C:\WINDOWS\SYSTEM32\DBGHELP.DLL
0x00007ffb827b0000 - 0x00007ffb82b35000 	C:\WINDOWS\System32\combase.dll
0x00007ffb825e0000 - 0x00007ffb826b6000 	C:\WINDOWS\System32\OLEAUT32.dll
0x00007ffb6a0d0000 - 0x00007ffb6a10c000 	C:\WINDOWS\SYSTEM32\dbgcore.DLL
0x00007ffb81b80000 - 0x00007ffb81c25000 	C:\WINDOWS\System32\bcryptPrimitives.dll
0x00007ffb6e3f0000 - 0x00007ffb6e3ff000 	c:\Users\sande\.vscode\extensions\redhat.java-1.50.0-win32-x64\jre\21.0.9-win32-x86_64\bin\instrument.dll
0x00007ffb53190000 - 0x00007ffb531b0000 	c:\Users\sande\.vscode\extensions\redhat.java-1.50.0-win32-x64\jre\21.0.9-win32-x86_64\bin\java.dll
0x00007ffb82e10000 - 0x00007ffb83563000 	C:\WINDOWS\System32\SHELL32.dll
0x00007ffb81c30000 - 0x00007ffb81d9a000 	C:\WINDOWS\System32\wintypes.dll
0x00007ffb7ed50000 - 0x00007ffb7f5ae000 	C:\WINDOWS\SYSTEM32\windows.storage.dll
0x00007ffb82040000 - 0x00007ffb82135000 	C:\WINDOWS\System32\SHCORE.dll
0x00007ffb83f50000 - 0x00007ffb83fb6000 	C:\WINDOWS\System32\shlwapi.dll
0x00007ffb81070000 - 0x00007ffb81099000 	C:\WINDOWS\SYSTEM32\profapi.dll
0x00007ffb477e0000 - 0x00007ffb477f8000 	c:\Users\sande\.vscode\extensions\redhat.java-1.50.0-win32-x64\jre\21.0.9-win32-x86_64\bin\zip.dll
0x00007ffb5d5f0000 - 0x00007ffb5d600000 	C:\Users\sande\.vscode\extensions\redhat.java-1.50.0-win32-x64\jre\21.0.9-win32-x86_64\bin\net.dll
0x00007ffb795e0000 - 0x00007ffb79708000 	C:\WINDOWS\SYSTEM32\WINHTTP.dll
0x00007ffb80590000 - 0x00007ffb805fb000 	C:\WINDOWS\system32\mswsock.dll
0x00007ffb3eb80000 - 0x00007ffb3eb96000 	C:\Users\sande\.vscode\extensions\redhat.java-1.50.0-win32-x64\jre\21.0.9-win32-x86_64\bin\nio.dll
0x00007ffb6e3e0000 - 0x00007ffb6e3f0000 	c:\Users\sande\.vscode\extensions\redhat.java-1.50.0-win32-x64\jre\21.0.9-win32-x86_64\bin\verify.dll
0x00007ffb6b890000 - 0x00007ffb6b8d4000 	C:\Users\sande\AppData\Roaming\Code\User\globalStorage\redhat.java\1.50.0\config_win\org.eclipse.equinox.launcher\org.eclipse.equinox.launcher.win32.win32.x86_64_1.2.1400.v20250801-0854\eclipse_11916.dll
0x00007ffb82c60000 - 0x00007ffb82df7000 	C:\WINDOWS\System32\ole32.dll
0x00007ffb80850000 - 0x00007ffb8086b000 	C:\WINDOWS\SYSTEM32\CRYPTSP.dll
0x00007ffb7ff50000 - 0x00007ffb7ff8a000 	C:\WINDOWS\system32\rsaenh.dll
0x00007ffb80640000 - 0x00007ffb8066b000 	C:\WINDOWS\SYSTEM32\USERENV.dll
0x00007ffb81040000 - 0x00007ffb8106a000 	C:\WINDOWS\SYSTEM32\bcrypt.dll
0x00007ffb80870000 - 0x00007ffb8087c000 	C:\WINDOWS\SYSTEM32\CRYPTBASE.dll
0x00007ffb7f990000 - 0x00007ffb7f9c4000 	C:\WINDOWS\SYSTEM32\IPHLPAPI.DLL
0x00007ffb826c0000 - 0x00007ffb826ca000 	C:\WINDOWS\System32\NSI.dll
0x00007ffb6b840000 - 0x00007ffb6b889000 	C:\Users\sande\AppData\Local\Temp\jna-109203553\jna530719718208518736.dll
0x00007ffb81e50000 - 0x00007ffb81e58000 	C:\WINDOWS\System32\PSAPI.DLL
0x00007ffb79730000 - 0x00007ffb7974e000 	C:\WINDOWS\SYSTEM32\dhcpcsvc6.DLL
0x00007ffb79390000 - 0x00007ffb793b3000 	C:\WINDOWS\SYSTEM32\dhcpcsvc.DLL
0x00007ffb7d970000 - 0x00007ffb7d97e000 	C:\Users\sande\.vscode\extensions\redhat.java-1.50.0-win32-x64\jre\21.0.9-win32-x86_64\bin\sunmscapi.dll
0x00007ffb81a00000 - 0x00007ffb81b77000 	C:\WINDOWS\System32\CRYPT32.dll
0x00007ffb80a70000 - 0x00007ffb80aa0000 	C:\WINDOWS\SYSTEM32\ncrypt.dll
0x00007ffb80a20000 - 0x00007ffb80a5f000 	C:\WINDOWS\SYSTEM32\NTASN1.dll
0x00007ffb7fa30000 - 0x00007ffb7fb5c000 	C:\WINDOWS\SYSTEM32\DNSAPI.dll
0x00007ffb79720000 - 0x00007ffb7972b000 	C:\Windows\System32\rasadhlp.dll
0x00007ffb77f10000 - 0x00007ffb77f96000 	C:\WINDOWS\System32\fwpuclnt.dll
0x00007ffb5ccf0000 - 0x00007ffb5ccf9000 	C:\Users\sande\.vscode\extensions\redhat.java-1.50.0-win32-x64\jre\21.0.9-win32-x86_64\bin\extnet.dll
0x00007ffb6e380000 - 0x00007ffb6e3a7000 	C:\Users\sande\.gradle\native\1def1411415f61bf3af743bc5b6707747c0891f09f0c88961ee8f79bc544acac\windows-amd64\native-platform.dll
0x00007ffb7dc20000 - 0x00007ffb7dc2a000 	C:\Users\sande\.vscode\extensions\redhat.java-1.50.0-win32-x64\jre\21.0.9-win32-x86_64\bin\management.dll
0x00007ffb7d980000 - 0x00007ffb7d98c000 	C:\Users\sande\.vscode\extensions\redhat.java-1.50.0-win32-x64\jre\21.0.9-win32-x86_64\bin\management_ext.dll
0x00007ffb60030000 - 0x00007ffb60038000 	C:\WINDOWS\system32\wshunix.dll

JVMTI agents:
c:\Users\sande\.vscode\extensions\redhat.java-1.50.0-win32-x64\lombok\lombok-1.18.39-4050.jar path:c:\Users\sande\.vscode\extensions\redhat.java-1.50.0-win32-x64\jre\21.0.9-win32-x86_64\bin\instrument.dll, loaded, initialized, instrumentlib options:none

dbghelp: loaded successfully - version: 4.0.5 - missing functions: none
symbol engine: initialized successfully - sym options: 0x614 - pdb path: .;c:\Users\sande\.vscode\extensions\redhat.java-1.50.0-win32-x64\jre\21.0.9-win32-x86_64\bin;C:\WINDOWS\SYSTEM32;C:\WINDOWS\WinSxS\amd64_microsoft.windows.common-controls_6595b64144ccf1df_6.0.26100.7309_none_3e05feeae336a044;c:\Users\sande\.vscode\extensions\redhat.java-1.50.0-win32-x64\jre\21.0.9-win32-x86_64\bin\server;C:\Users\sande\AppData\Roaming\Code\User\globalStorage\redhat.java\1.50.0\config_win\org.eclipse.equinox.launcher\org.eclipse.equinox.launcher.win32.win32.x86_64_1.2.1400.v20250801-0854;C:\Users\sande\AppData\Local\Temp\jna-109203553;C:\Users\sande\.gradle\native\1def1411415f61bf3af743bc5b6707747c0891f09f0c88961ee8f79bc544acac\windows-amd64

VM Arguments:
jvm_args: --add-modules=ALL-SYSTEM --add-opens=java.base/java.util=ALL-UNNAMED --add-opens=java.base/java.lang=ALL-UNNAMED --add-opens=java.base/sun.nio.fs=ALL-UNNAMED -Declipse.application=org.eclipse.jdt.ls.core.id1 -Dosgi.bundles.defaultStartLevel=4 -Declipse.product=org.eclipse.jdt.ls.core.product -Djava.import.generatesMetadataFilesAtProjectRoot=false -DDetectVMInstallationsJob.disabled=true -Dfile.encoding=utf8 -XX:+UseParallelGC -XX:GCTimeRatio=4 -XX:AdaptiveSizePolicyWeight=90 -Dsun.zip.disableMemoryMapping=true -Xmx2G -Xms100m -Xlog:disable -javaagent:c:\Users\sande\.vscode\extensions\redhat.java-1.50.0-win32-x64\lombok\lombok-1.18.39-4050.jar -XX:+HeapDumpOnOutOfMemoryError -XX:HeapDumpPath=c:\Users\sande\AppData\Roaming\Code\User\workspaceStorage\c1189af7ad4b5b28f6591a4578dcf0ce\redhat.java -Daether.dependencyCollector.impl=bf 
java_command: c:\Users\sande\.vscode\extensions\redhat.java-1.50.0-win32-x64\server\plugins\org.eclipse.equinox.launcher_1.7.100.v20251111-0406.jar -configuration c:\Users\sande\AppData\Roaming\Code\User\globalStorage\redhat.java\1.50.0\config_win -data c:\Users\sande\AppData\Roaming\Code\User\workspaceStorage\c1189af7ad4b5b28f6591a4578dcf0ce\redhat.java\jdt_ws --pipe=\\.\pipe\lsp-2f75d974786cbc5421872dfa1e37e701-sock
java_class_path (initial): c:\Users\sande\.vscode\extensions\redhat.java-1.50.0-win32-x64\server\plugins\org.eclipse.equinox.launcher_1.7.100.v20251111-0406.jar
Launcher Type: SUN_STANDARD

[Global flags]
    uintx AdaptiveSizePolicyWeight                 = 90                                        {product} {command line}
     intx CICompilerCount                          = 4                                         {product} {ergonomic}
    uintx GCTimeRatio                              = 4                                         {product} {command line}
     bool HeapDumpOnOutOfMemoryError               = true                                   {manageable} {command line}
    ccstr HeapDumpPath                             = c:\Users\sande\AppData\Roaming\Code\User\workspaceStorage\c1189af7ad4b5b28f6591a4578dcf0ce\redhat.java         {manageable} {command line}
   size_t InitialHeapSize                          = 104857600                                 {product} {command line}
   size_t MaxHeapSize                              = 2147483648                                {product} {command line}
   size_t MaxNewSize                               = 715653120                                 {product} {ergonomic}
   size_t MinHeapDeltaBytes                        = 524288                                    {product} {ergonomic}
   size_t MinHeapSize                              = 104857600                                 {product} {command line}
   size_t NewSize                                  = 34603008                                  {product} {ergonomic}
    uintx NonNMethodCodeHeapSize                   = 5839372                                {pd product} {ergonomic}
    uintx NonProfiledCodeHeapSize                  = 122909434                              {pd product} {ergonomic}
   size_t OldSize                                  = 70254592                                  {product} {ergonomic}
    uintx ProfiledCodeHeapSize                     = 122909434                              {pd product} {ergonomic}
    uintx ReservedCodeCacheSize                    = 251658240                              {pd product} {ergonomic}
     bool SegmentedCodeCache                       = true                                      {product} {ergonomic}
   size_t SoftMaxHeapSize                          = 2147483648                             {manageable} {ergonomic}
     bool UseCompressedOops                        = true                           {product lp64_product} {ergonomic}
     bool UseLargePagesIndividualAllocation        = false                                  {pd product} {ergonomic}
     bool UseParallelGC                            = true                                      {product} {command line}

Logging:
Log output configuration:
 #0: stdout all=off uptime,level,tags foldmultilines=false
 #1: stderr all=off uptime,level,tags foldmultilines=false

Release file:
JAVA_VERSION="21.0.9" 
MODULES="java.base java.compiler java.datatransfer java.xml java.prefs java.desktop java.instrument java.logging java.management java.security.sasl java.naming java.rmi java.management.rmi java.net.http java.scripting java.security.jgss java.transaction.xa java.sql java.sql.rowset java.xml.crypto java.se java.smartcardio jdk.accessibility jdk.internal.jvmstat jdk.attach jdk.charsets jdk.internal.opt jdk.zipfs jdk.compiler jdk.crypto.ec jdk.crypto.cryptoki jdk.crypto.mscapi jdk.dynalink jdk.internal.ed jdk.editpad jdk.hotspot.agent jdk.httpserver jdk.internal.le jdk.internal.vm.ci jdk.internal.vm.compiler jdk.internal.vm.compiler.management jdk.jartool jdk.javadoc jdk.jcmd jdk.management jdk.management.agent jdk.jconsole jdk.jdeps jdk.jdwp.agent jdk.jdi jdk.jfr jdk.jshell jdk.jsobject jdk.jstatd jdk.localedata jdk.management.jfr jdk.naming.dns jdk.naming.rmi jdk.net jdk.nio.mapmode jdk.random jdk.sctp jdk.security.auth jdk.security.jgss jdk.unsupported jdk.unsupported.desktop jdk.xml.dom" 

Environment Variables:
PATH=C:\Program Files\Common Files\Oracle\Java\javapath;C:\Python313\Scripts\;C:\Python313\;C:\Program Files\Python312\Scripts\;C:\Program Files\Python312\;C:\Windows\system32;C:\Windows;C:\Windows\System32\Wbem;C:\Windows\System32\WindowsPowerShell\v1.0\;C:\Windows\System32\OpenSSH\;C:\Program Files (x86)\NVIDIA Corporation\PhysX\Common;C:\WINDOWS\system32;C:\WINDOWS;C:\WINDOWS\System32\Wbem;C:\WINDOWS\System32\WindowsPowerShell\v1.0\;C:\WINDOWS\System32\OpenSSH\;C:\Program Files\Git\bin;C:\Program Files\NVIDIA Corporation\NVIDIA NvDLISR;C:\Program Files\GTK3-Runtime Win64\bin;C:\Users\sande\Downloads\kotlin-compiler-1.9.22\kotlinc\bin;C:\Program Files\Azure Data Studio\bin;C:\Program Files\MySQL\MySQL Server 8.0\bin;C:\Users\sande\AppData\Local\Android\Sdk;C:\Users\sande\AppData\Local\Android\Sdk\platform-tools;C:\WINDOWS\system32;C:\WINDOWS;C:\WINDOWS\System32\Wbem;C:\WINDOWS\System32\WindowsPowerShell\v1.0\;C:\WINDOWS\System32\OpenSSH\;C:\ProgramData\chocolatey\bin;C:\Program Files\nodejs;C:\Users\sande\AppData\Local\nvm;C:\nvm4w\nodejs;C:\MinGW\bin;C:\Program Files\Go\bin;C:\Users\sande\Downloads\apache-maven-3.9.9\bin;C:\Program Files\PuTTY\;C:\Program Files\Docker\Docker\resources\bin;C:\Program Files\Java\jdk-17\bin;C:\Users\sande\AppData\Local\Android\Sdk\tools;C:\Program Files\MySQL\MySQL Shell 8.0\bin\;C:\Users\sande\AppData\Local\Microsoft\WindowsApps;C:\Program Files\JetBrains\IntelliJ IDEA Community Edition 2023.1.2\bin;;C:\Users\sande\AppData\Local\Programs\Microsoft VS Code\bin;C:\Users\sande\dart-sdk\bin;C:\Users\sande\Desktop\flutter_windows_3.16.5-stable\flutter\bin;C:\Program Files\Azure Data Studio\bin;C:\ProgramData\Microsoft\Windows\Start Menu\Programs\Python 3.12\Python 3.12 (64-bit).lnk;C:\Program Files\Python312\Scripts;C:\Mongosh\;C:\Users\sande\AppData\Local\nvm;C:\nvm4w\nodejs;C:\Users\sande\go\bin;C:\Program Files\JetBrains\IntelliJ IDEA 2024.3.5\bin;;C:\Program Files\Java\jdk-17\bin;C:\Program Files\Java\jdk-17\;C:\Users\sande\AppData\Local\Programs\Antigravity\bin
USERNAME=sande
OS=Windows_NT
PROCESSOR_IDENTIFIER=Intel64 Family 6 Model 165 Stepping 2, GenuineIntel
TMP=C:\Users\sande\AppData\Local\Temp
TEMP=C:\Users\sande\AppData\Local\Temp




Periodic native trim disabled

---------------  S Y S T E M  ---------------

OS:
 Windows 11 , 64 bit Build 26100 (10.0.26100.7309)
OS uptime: 0 days 5:08 hours
Hyper-V role detected

CPU: total 12 (initial active 12) (6 cores per cpu, 2 threads per core) family 6 model 165 stepping 2 microcode 0xf6, cx8, cmov, fxsr, ht, mmx, 3dnowpref, sse, sse2, sse3, ssse3, sse4.1, sse4.2, popcnt, lzcnt, tsc, tscinvbit, avx, avx2, aes, erms, clmul, bmi1, bmi2, adx, fma, vzeroupper, clflush, clflushopt, hv, rdtscp, f16c
Processor Information for the first 12 processors :
  Max Mhz: 2496, Current Mhz: 2496, Mhz Limit: 2496

Memory: 4k page, system-wide physical 8059M (359M free)
TotalPageFile size 32635M (AvailPageFile size 13M)
current process WorkingSet (physical memory assigned to process): 9M, peak: 843M
current process commit charge ("private bytes"): 1236M, peak: 1254M

vm_info: OpenJDK 64-Bit Server VM (21.0.9+10-LTS) for windows-amd64 JRE (21.0.9+10-LTS), built on 2025-10-21T00:00:00Z by "admin" with unknown MS VC++:1942

END.
