#
# There is insufficient memory for the Java Runtime Environment to continue.
# Native memory allocation (malloc) failed to allocate 630224 bytes for Chunk::new
# Possible reasons:
#   The system is out of physical RAM or swap space
#   The process is running with CompressedOops enabled, and the Java Heap may be blocking the growth of the native heap
# Possible solutions:
#   Reduce memory load on the system
#   Increase physical memory or swap space
#   Check if swap backing store is full
#   Decrease Java heap size (-Xmx/-Xms)
#   Decrease number of Java threads
#   Decrease Java thread stack sizes (-Xss)
#   Set larger code cache with -XX:ReservedCodeCacheSize=
#   JVM is running with Unscaled Compressed Oops mode in which the Java heap is
#     placed in the first 4GB address space. The Java Heap base address is the
#     maximum limit for the native heap growth. Please use -XX:HeapBaseMinAddress
#     to set the Java Heap base and to place the Java Heap above 4GB virtual address.
# This output file may be truncated or incomplete.
#
#  Out of Memory Error (arena.cpp:189), pid=17852, tid=21720
#
# JRE version: Java(TM) SE Runtime Environment (17.0.12+8) (build 17.0.12+8-LTS-286)
# Java VM: Java HotSpot(TM) 64-Bit Server VM (17.0.12+8-LTS-286, mixed mode, sharing, tiered, compressed oops, compressed class ptrs, g1 gc, windows-amd64)
# No core dump will be written. Minidumps are not enabled by default on client versions of Windows
#

---------------  S U M M A R Y ------------

Command Line: --add-opens=java.base/java.lang=ALL-UNNAMED --add-opens=java.base/java.lang.invoke=ALL-UNNAMED --add-opens=java.base/java.util=ALL-UNNAMED --add-opens=java.prefs/java.util.prefs=ALL-UNNAMED --add-exports=jdk.compiler/com.sun.tools.javac.api=ALL-UNNAMED --add-exports=jdk.compiler/com.sun.tools.javac.util=ALL-UNNAMED --add-opens=java.base/java.util=ALL-UNNAMED --add-opens=java.prefs/java.util.prefs=ALL-UNNAMED --add-opens=java.base/java.nio.charset=ALL-UNNAMED --add-opens=java.base/java.net=ALL-UNNAMED --add-opens=java.base/java.util.concurrent=ALL-UNNAMED --add-opens=java.base/java.util.concurrent.atomic=ALL-UNNAMED --add-opens=java.xml/javax.xml.namespace=ALL-UNNAMED -XX:MaxMetaspaceSize=512m -Xmx2048m -Dfile.encoding=UTF-8 -Duser.country=IN -Duser.language=en -Duser.variant -javaagent:C:\Users\sande\.gradle\wrapper\dists\gradle-9.0.0-bin\d6wjpkvcgsg3oed0qlfss3wgl\gradle-9.0.0\lib\agents\gradle-instrumentation-agent-9.0.0.jar org.gradle.launcher.daemon.bootstrap.GradleDaemon 9.0.0

Host: Intel(R) Core(TM) i5-10500H CPU @ 2.50GHz, 12 cores, 7G,  Windows 11 , 64 bit Build 26100 (10.0.26100.7309)
Time: Tue Jan  6 00:46:50 2026 India Standard Time elapsed time: 19.409414 seconds (0d 0h 0m 19s)

---------------  T H R E A D  ---------------

Current thread (0x000002723dcef2a0):  JavaThread "C2 CompilerThread1" daemon [_thread_in_native, id=21720, stack(0x000000cb5f000000,0x000000cb5f100000)]


Current CompileTask:
C2:  19411 2553       4       java.net.URLClassLoader$1::run (5 bytes)

Stack: [0x000000cb5f000000,0x000000cb5f100000]
Native frames: (J=compiled Java code, j=interpreted, Vv=VM code, C=native code)
V  [jvm.dll+0x67a04a]
V  [jvm.dll+0x7da4ed]
V  [jvm.dll+0x7dbe33]
V  [jvm.dll+0x7dc4a3]
V  [jvm.dll+0x24508f]
V  [jvm.dll+0xab773]
V  [jvm.dll+0xabd3c]
V  [jvm.dll+0x11e324]
V  [jvm.dll+0x60e1a3]
V  [jvm.dll+0x60c84a]
V  [jvm.dll+0x2166be]
V  [jvm.dll+0x215c6f]
V  [jvm.dll+0x1a2960]
V  [jvm.dll+0x22610b]
V  [jvm.dll+0x2242ab]
V  [jvm.dll+0x79075c]
V  [jvm.dll+0x78abea]
V  [jvm.dll+0x678f35]
C  [ucrtbase.dll+0x37b0]
C  [KERNEL32.DLL+0x2e8d7]
C  [ntdll.dll+0x8c53c]


---------------  P R O C E S S  ---------------

Threads class SMR info:
_java_thread_list=0x000002723f0e3e30, length=26, elements={
0x000002727b0f6be0, 0x000002727ef31bb0, 0x000002727ef32680, 0x000002727ef43740,
0x000002727ef46020, 0x000002727ef49f20, 0x000002727ef4dff0, 0x000002727ef4f330,
0x000002727ef5b150, 0x000002727ef4b260, 0x000002727ef4b770, 0x000002727ef4d5d0,
0x000002727ef4ad50, 0x000002727ef4bc80, 0x000002727ef4c190, 0x000002727ef4c6a0,
0x000002727ef4cbb0, 0x000002727ef4d0c0, 0x000002727ef4dae0, 0x000002723d766cd0,
0x000002723d765da0, 0x000002723d768110, 0x000002723d764e70, 0x000002723d764960,
0x000002723dcef2a0, 0x000002723ecb7190
}

Java Threads: ( => current thread )
  0x000002727b0f6be0 JavaThread "main" [_thread_blocked, id=25928, stack(0x000000cb5c700000,0x000000cb5c800000)]
  0x000002727ef31bb0 JavaThread "Reference Handler" daemon [_thread_blocked, id=2820, stack(0x000000cb5ce00000,0x000000cb5cf00000)]
  0x000002727ef32680 JavaThread "Finalizer" daemon [_thread_blocked, id=24100, stack(0x000000cb5cf00000,0x000000cb5d000000)]
  0x000002727ef43740 JavaThread "Signal Dispatcher" daemon [_thread_blocked, id=30840, stack(0x000000cb5d000000,0x000000cb5d100000)]
  0x000002727ef46020 JavaThread "Attach Listener" daemon [_thread_blocked, id=31552, stack(0x000000cb5d100000,0x000000cb5d200000)]
  0x000002727ef49f20 JavaThread "Service Thread" daemon [_thread_blocked, id=8392, stack(0x000000cb5d200000,0x000000cb5d300000)]
  0x000002727ef4dff0 JavaThread "Monitor Deflation Thread" daemon [_thread_blocked, id=23824, stack(0x000000cb5d300000,0x000000cb5d400000)]
  0x000002727ef4f330 JavaThread "C2 CompilerThread0" daemon [_thread_in_native, id=31856, stack(0x000000cb5d400000,0x000000cb5d500000)]
  0x000002727ef5b150 JavaThread "C1 CompilerThread0" daemon [_thread_blocked, id=5788, stack(0x000000cb5d500000,0x000000cb5d600000)]
  0x000002727ef4b260 JavaThread "Sweeper thread" daemon [_thread_blocked, id=31496, stack(0x000000cb5d600000,0x000000cb5d700000)]
  0x000002727ef4b770 JavaThread "Common-Cleaner" daemon [_thread_blocked, id=29140, stack(0x000000cb5d700000,0x000000cb5d800000)]
  0x000002727ef4d5d0 JavaThread "Notification Thread" daemon [_thread_blocked, id=29856, stack(0x000000cb5d900000,0x000000cb5da00000)]
  0x000002727ef4ad50 JavaThread "Daemon health stats" [_thread_blocked, id=29048, stack(0x000000cb5df00000,0x000000cb5e000000)]
  0x000002727ef4bc80 JavaThread "Incoming local TCP Connector on port 58562" [_thread_in_native, id=33692, stack(0x000000cb5de00000,0x000000cb5df00000)]
  0x000002727ef4c190 JavaThread "Daemon periodic checks" [_thread_blocked, id=31608, stack(0x000000cb5e000000,0x000000cb5e100000)]
  0x000002727ef4c6a0 JavaThread "Daemon" [_thread_blocked, id=15948, stack(0x000000cb5e100000,0x000000cb5e200000)]
  0x000002727ef4cbb0 JavaThread "Handler for socket connection from /127.0.0.1:58562 to /127.0.0.1:58563" [_thread_blocked, id=4616, stack(0x000000cb5e200000,0x000000cb5e300000)]
  0x000002727ef4d0c0 JavaThread "Cancel handler" [_thread_blocked, id=22432, stack(0x000000cb5e300000,0x000000cb5e400000)]
  0x000002727ef4dae0 JavaThread "Daemon worker" [_thread_in_native, id=28796, stack(0x000000cb5e400000,0x000000cb5e500000)]
  0x000002723d766cd0 JavaThread "Stdin handler" [_thread_blocked, id=29180, stack(0x000000cb5e600000,0x000000cb5e700000)]
  0x000002723d765da0 JavaThread "Daemon client event forwarder" [_thread_blocked, id=26104, stack(0x000000cb5e700000,0x000000cb5e800000)]
  0x000002723d768110 JavaThread "Cache worker for journal cache (C:\Users\sande\.gradle\caches\journal-1)" [_thread_blocked, id=3420, stack(0x000000cb5e800000,0x000000cb5e900000)]
  0x000002723d764e70 JavaThread "File lock request listener" [_thread_in_native, id=33600, stack(0x000000cb5e900000,0x000000cb5ea00000)]
  0x000002723d764960 JavaThread "Cache worker for file hash cache (C:\Users\sande\.gradle\caches\9.0.0\fileHashes)" [_thread_blocked, id=30164, stack(0x000000cb5ea00000,0x000000cb5eb00000)]
=>0x000002723dcef2a0 JavaThread "C2 CompilerThread1" daemon [_thread_in_native, id=21720, stack(0x000000cb5f000000,0x000000cb5f100000)]
  0x000002723ecb7190 JavaThread "C2 CompilerThread2" daemon [_thread_in_native, id=20124, stack(0x000000cb5e500000,0x000000cb5e600000)]

Other Threads:
  0x000002727ef2e560 VMThread "VM Thread" [stack: 0x000000cb5cd00000,0x000000cb5ce00000] [id=15576]
  0x000002727b175150 WatcherThread [stack: 0x000000cb5da00000,0x000000cb5db00000] [id=16392]
  0x000002727b156820 GCTaskThread "GC Thread#0" [stack: 0x000000cb5c800000,0x000000cb5c900000] [id=12476]
  0x000002721ccea180 GCTaskThread "GC Thread#1" [stack: 0x000000cb5db00000,0x000000cb5dc00000] [id=1484]
  0x000002721ccea440 GCTaskThread "GC Thread#2" [stack: 0x000000cb5dc00000,0x000000cb5dd00000] [id=15556]
  0x000002723cca0a90 GCTaskThread "GC Thread#3" [stack: 0x000000cb5d800000,0x000000cb5d900000] [id=32444]
  0x000002723c8130f0 GCTaskThread "GC Thread#4" [stack: 0x000000cb5dd00000,0x000000cb5de00000] [id=30200]
  0x000002723d753f60 GCTaskThread "GC Thread#5" [stack: 0x000000cb5eb00000,0x000000cb5ec00000] [id=31908]
  0x000002723cd0c450 GCTaskThread "GC Thread#6" [stack: 0x000000cb5ec00000,0x000000cb5ed00000] [id=20360]
  0x000002723e144050 GCTaskThread "GC Thread#7" [stack: 0x000000cb5ed00000,0x000000cb5ee00000] [id=32548]
  0x000002723dd87f00 GCTaskThread "GC Thread#8" [stack: 0x000000cb5ee00000,0x000000cb5ef00000] [id=33632]
  0x000002723dd881c0 GCTaskThread "GC Thread#9" [stack: 0x000000cb5ef00000,0x000000cb5f000000] [id=6992]
  0x000002727b168350 ConcurrentGCThread "G1 Main Marker" [stack: 0x000000cb5c900000,0x000000cb5ca00000] [id=32972]
  0x000002727b168c70 ConcurrentGCThread "G1 Conc#0" [stack: 0x000000cb5ca00000,0x000000cb5cb00000] [id=30944]
  0x000002727ede34e0 ConcurrentGCThread "G1 Refine#0" [stack: 0x000000cb5cb00000,0x000000cb5cc00000] [id=17820]
  0x000002727b1bb6b0 ConcurrentGCThread "G1 Service" [stack: 0x000000cb5cc00000,0x000000cb5cd00000] [id=29332]

Threads with active compile tasks:
C2 CompilerThread0    19504 2554   !   4       java.net.URLClassLoader$1::run (81 bytes)
C2 CompilerThread1    19505 2553       4       java.net.URLClassLoader$1::run (5 bytes)
C2 CompilerThread2    19505 2596       4       java.util.concurrent.locks.AbstractQueuedSynchronizer::compareAndSetState (13 bytes)

VM state: not at safepoint (normal execution)

VM Mutex/Monitor currently owned by a thread: None

Heap address: 0x0000000080000000, size: 2048 MB, Compressed Oops mode: 32-bit

CDS archive(s) mapped at: [0x000002721d000000-0x000002721dbd0000-0x000002721dbd0000), size 12386304, SharedBaseAddress: 0x000002721d000000, ArchiveRelocationMode: 1.
Compressed class space mapped at: 0x000002721e000000-0x0000027238000000, reserved size: 436207616
Narrow klass base: 0x000002721d000000, Narrow klass shift: 0, Narrow klass range: 0x100000000

GC Precious Log:
 CPUs: 12 total, 12 available
 Memory: 8059M
 Large Page Support: Disabled
 NUMA Support: Disabled
 Compressed Oops: Enabled (32-bit)
 Heap Region Size: 1M
 Heap Min Capacity: 8M
 Heap Initial Capacity: 126M
 Heap Max Capacity: 2G
 Pre-touch: Disabled
 Parallel Workers: 10
 Concurrent Workers: 3
 Concurrent Refinement Workers: 10
 Periodic GC: Disabled

Heap:
 garbage-first heap   total 129024K, used 39065K [0x0000000080000000, 0x0000000100000000)
  region size 1024K, 27 young (27648K), 10 survivors (10240K)
 Metaspace       used 19932K, committed 20224K, reserved 491520K
  class space    used 2747K, committed 2880K, reserved 425984K

Heap Regions: E=young(eden), S=young(survivor), O=old, HS=humongous(starts), HC=humongous(continues), CS=collection set, F=free, OA=open archive, CA=closed archive, TAMS=top-at-mark-start (previous, next)
|   0|0x0000000080000000, 0x0000000080100000, 0x0000000080100000|100%|HS|  |TAMS 0x0000000080000000, 0x0000000080000000| Complete 
|   1|0x0000000080100000, 0x0000000080200000, 0x0000000080200000|100%|HC|  |TAMS 0x0000000080100000, 0x0000000080100000| Complete 
|   2|0x0000000080200000, 0x0000000080300000, 0x0000000080300000|100%|HC|  |TAMS 0x0000000080200000, 0x0000000080200000| Complete 
|   3|0x0000000080300000, 0x0000000080400000, 0x0000000080400000|100%| O|  |TAMS 0x0000000080300000, 0x0000000080300000| Untracked 
|   4|0x0000000080400000, 0x0000000080500000, 0x0000000080500000|100%| O|  |TAMS 0x0000000080400000, 0x0000000080400000| Untracked 
|   5|0x0000000080500000, 0x0000000080600000, 0x0000000080600000|100%| O|  |TAMS 0x0000000080500000, 0x0000000080500000| Untracked 
|   6|0x0000000080600000, 0x0000000080700000, 0x0000000080700000|100%|HS|  |TAMS 0x0000000080600000, 0x0000000080600000| Complete 
|   7|0x0000000080700000, 0x0000000080800000, 0x0000000080800000|100%|HS|  |TAMS 0x0000000080700000, 0x0000000080700000| Complete 
|   8|0x0000000080800000, 0x0000000080900000, 0x0000000080900000|100%| O|  |TAMS 0x0000000080800000, 0x0000000080800000| Untracked 
|   9|0x0000000080900000, 0x0000000080a00000, 0x0000000080a00000|100%| O|  |TAMS 0x0000000080900000, 0x0000000080900000| Untracked 
|  10|0x0000000080a00000, 0x0000000080b00000, 0x0000000080b00000|100%| O|  |TAMS 0x0000000080a00000, 0x0000000080a00000| Untracked 
|  11|0x0000000080b00000, 0x0000000080c00000, 0x0000000080c00000|100%| O|  |TAMS 0x0000000080b00000, 0x0000000080b00000| Untracked 
|  12|0x0000000080c00000, 0x0000000080c59800, 0x0000000080d00000| 34%| O|  |TAMS 0x0000000080c00000, 0x0000000080c00000| Untracked 
|  13|0x0000000080d00000, 0x0000000080e00000, 0x0000000080e00000|100%|HS|  |TAMS 0x0000000080d00000, 0x0000000080d00000| Complete 
|  14|0x0000000080e00000, 0x0000000080e00000, 0x0000000080f00000|  0%| F|  |TAMS 0x0000000080e00000, 0x0000000080e00000| Untracked 
|  15|0x0000000080f00000, 0x0000000080f00000, 0x0000000081000000|  0%| F|  |TAMS 0x0000000080f00000, 0x0000000080f00000| Untracked 
|  16|0x0000000081000000, 0x0000000081000000, 0x0000000081100000|  0%| F|  |TAMS 0x0000000081000000, 0x0000000081000000| Untracked 
|  17|0x0000000081100000, 0x0000000081100000, 0x0000000081200000|  0%| F|  |TAMS 0x0000000081100000, 0x0000000081100000| Untracked 
|  18|0x0000000081200000, 0x0000000081200000, 0x0000000081300000|  0%| F|  |TAMS 0x0000000081200000, 0x0000000081200000| Untracked 
|  19|0x0000000081300000, 0x0000000081300000, 0x0000000081400000|  0%| F|  |TAMS 0x0000000081300000, 0x0000000081300000| Untracked 
|  20|0x0000000081400000, 0x0000000081400000, 0x0000000081500000|  0%| F|  |TAMS 0x0000000081400000, 0x0000000081400000| Untracked 
|  21|0x0000000081500000, 0x0000000081500000, 0x0000000081600000|  0%| F|  |TAMS 0x0000000081500000, 0x0000000081500000| Untracked 
|  22|0x0000000081600000, 0x0000000081600000, 0x0000000081700000|  0%| F|  |TAMS 0x0000000081600000, 0x0000000081600000| Untracked 
|  23|0x0000000081700000, 0x0000000081700000, 0x0000000081800000|  0%| F|  |TAMS 0x0000000081700000, 0x0000000081700000| Untracked 
|  24|0x0000000081800000, 0x0000000081800000, 0x0000000081900000|  0%| F|  |TAMS 0x0000000081800000, 0x0000000081800000| Untracked 
|  25|0x0000000081900000, 0x0000000081900000, 0x0000000081a00000|  0%| F|  |TAMS 0x0000000081900000, 0x0000000081900000| Untracked 
|  26|0x0000000081a00000, 0x0000000081a00000, 0x0000000081b00000|  0%| F|  |TAMS 0x0000000081a00000, 0x0000000081a00000| Untracked 
|  27|0x0000000081b00000, 0x0000000081b00000, 0x0000000081c00000|  0%| F|  |TAMS 0x0000000081b00000, 0x0000000081b00000| Untracked 
|  28|0x0000000081c00000, 0x0000000081c00000, 0x0000000081d00000|  0%| F|  |TAMS 0x0000000081c00000, 0x0000000081c00000| Untracked 
|  29|0x0000000081d00000, 0x0000000081d00000, 0x0000000081e00000|  0%| F|  |TAMS 0x0000000081d00000, 0x0000000081d00000| Untracked 
|  30|0x0000000081e00000, 0x0000000081e00000, 0x0000000081f00000|  0%| F|  |TAMS 0x0000000081e00000, 0x0000000081e00000| Untracked 
|  31|0x0000000081f00000, 0x0000000081f00000, 0x0000000082000000|  0%| F|  |TAMS 0x0000000081f00000, 0x0000000081f00000| Untracked 
|  32|0x0000000082000000, 0x0000000082000000, 0x0000000082100000|  0%| F|  |TAMS 0x0000000082000000, 0x0000000082000000| Untracked 
|  33|0x0000000082100000, 0x0000000082100000, 0x0000000082200000|  0%| F|  |TAMS 0x0000000082100000, 0x0000000082100000| Untracked 
|  34|0x0000000082200000, 0x0000000082200000, 0x0000000082300000|  0%| F|  |TAMS 0x0000000082200000, 0x0000000082200000| Untracked 
|  35|0x0000000082300000, 0x0000000082300000, 0x0000000082400000|  0%| F|  |TAMS 0x0000000082300000, 0x0000000082300000| Untracked 
|  36|0x0000000082400000, 0x0000000082400000, 0x0000000082500000|  0%| F|  |TAMS 0x0000000082400000, 0x0000000082400000| Untracked 
|  37|0x0000000082500000, 0x0000000082500000, 0x0000000082600000|  0%| F|  |TAMS 0x0000000082500000, 0x0000000082500000| Untracked 
|  38|0x0000000082600000, 0x0000000082600000, 0x0000000082700000|  0%| F|  |TAMS 0x0000000082600000, 0x0000000082600000| Untracked 
|  39|0x0000000082700000, 0x0000000082700000, 0x0000000082800000|  0%| F|  |TAMS 0x0000000082700000, 0x0000000082700000| Untracked 
|  40|0x0000000082800000, 0x0000000082800000, 0x0000000082900000|  0%| F|  |TAMS 0x0000000082800000, 0x0000000082800000| Untracked 
|  41|0x0000000082900000, 0x00000000829cce50, 0x0000000082a00000| 80%| S|CS|TAMS 0x0000000082900000, 0x0000000082900000| Complete 
|  42|0x0000000082a00000, 0x0000000082b00000, 0x0000000082b00000|100%| S|CS|TAMS 0x0000000082a00000, 0x0000000082a00000| Complete 
|  43|0x0000000082b00000, 0x0000000082c00000, 0x0000000082c00000|100%| S|CS|TAMS 0x0000000082b00000, 0x0000000082b00000| Complete 
|  44|0x0000000082c00000, 0x0000000082d00000, 0x0000000082d00000|100%| S|CS|TAMS 0x0000000082c00000, 0x0000000082c00000| Complete 
|  45|0x0000000082d00000, 0x0000000082e00000, 0x0000000082e00000|100%| S|CS|TAMS 0x0000000082d00000, 0x0000000082d00000| Complete 
|  46|0x0000000082e00000, 0x0000000082f00000, 0x0000000082f00000|100%| S|CS|TAMS 0x0000000082e00000, 0x0000000082e00000| Complete 
|  47|0x0000000082f00000, 0x0000000083000000, 0x0000000083000000|100%| S|CS|TAMS 0x0000000082f00000, 0x0000000082f00000| Complete 
|  48|0x0000000083000000, 0x0000000083100000, 0x0000000083100000|100%| S|CS|TAMS 0x0000000083000000, 0x0000000083000000| Complete 
|  49|0x0000000083100000, 0x0000000083200000, 0x0000000083200000|100%| S|CS|TAMS 0x0000000083100000, 0x0000000083100000| Complete 
|  50|0x0000000083200000, 0x0000000083300000, 0x0000000083300000|100%| S|CS|TAMS 0x0000000083200000, 0x0000000083200000| Complete 
|  51|0x0000000083300000, 0x0000000083300000, 0x0000000083400000|  0%| F|  |TAMS 0x0000000083300000, 0x0000000083300000| Untracked 
|  52|0x0000000083400000, 0x0000000083400000, 0x0000000083500000|  0%| F|  |TAMS 0x0000000083400000, 0x0000000083400000| Untracked 
|  53|0x0000000083500000, 0x0000000083500000, 0x0000000083600000|  0%| F|  |TAMS 0x0000000083500000, 0x0000000083500000| Untracked 
|  54|0x0000000083600000, 0x0000000083600000, 0x0000000083700000|  0%| F|  |TAMS 0x0000000083600000, 0x0000000083600000| Untracked 
|  55|0x0000000083700000, 0x0000000083700000, 0x0000000083800000|  0%| F|  |TAMS 0x0000000083700000, 0x0000000083700000| Untracked 
|  56|0x0000000083800000, 0x0000000083800000, 0x0000000083900000|  0%| F|  |TAMS 0x0000000083800000, 0x0000000083800000| Untracked 
|  57|0x0000000083900000, 0x0000000083900000, 0x0000000083a00000|  0%| F|  |TAMS 0x0000000083900000, 0x0000000083900000| Untracked 
|  58|0x0000000083a00000, 0x0000000083a00000, 0x0000000083b00000|  0%| F|  |TAMS 0x0000000083a00000, 0x0000000083a00000| Untracked 
|  59|0x0000000083b00000, 0x0000000083b00000, 0x0000000083c00000|  0%| F|  |TAMS 0x0000000083b00000, 0x0000000083b00000| Untracked 
|  60|0x0000000083c00000, 0x0000000083c00000, 0x0000000083d00000|  0%| F|  |TAMS 0x0000000083c00000, 0x0000000083c00000| Untracked 
|  61|0x0000000083d00000, 0x0000000083d00000, 0x0000000083e00000|  0%| F|  |TAMS 0x0000000083d00000, 0x0000000083d00000| Untracked 
|  62|0x0000000083e00000, 0x0000000083e00000, 0x0000000083f00000|  0%| F|  |TAMS 0x0000000083e00000, 0x0000000083e00000| Untracked 
|  63|0x0000000083f00000, 0x0000000083f00000, 0x0000000084000000|  0%| F|  |TAMS 0x0000000083f00000, 0x0000000083f00000| Untracked 
|  64|0x0000000084000000, 0x0000000084000000, 0x0000000084100000|  0%| F|  |TAMS 0x0000000084000000, 0x0000000084000000| Untracked 
|  65|0x0000000084100000, 0x0000000084100000, 0x0000000084200000|  0%| F|  |TAMS 0x0000000084100000, 0x0000000084100000| Untracked 
|  66|0x0000000084200000, 0x0000000084200000, 0x0000000084300000|  0%| F|  |TAMS 0x0000000084200000, 0x0000000084200000| Untracked 
|  67|0x0000000084300000, 0x0000000084300000, 0x0000000084400000|  0%| F|  |TAMS 0x0000000084300000, 0x0000000084300000| Untracked 
|  68|0x0000000084400000, 0x0000000084400000, 0x0000000084500000|  0%| F|  |TAMS 0x0000000084400000, 0x0000000084400000| Untracked 
|  69|0x0000000084500000, 0x0000000084500000, 0x0000000084600000|  0%| F|  |TAMS 0x0000000084500000, 0x0000000084500000| Untracked 
|  70|0x0000000084600000, 0x0000000084600000, 0x0000000084700000|  0%| F|  |TAMS 0x0000000084600000, 0x0000000084600000| Untracked 
|  71|0x0000000084700000, 0x0000000084700000, 0x0000000084800000|  0%| F|  |TAMS 0x0000000084700000, 0x0000000084700000| Untracked 
|  72|0x0000000084800000, 0x0000000084800000, 0x0000000084900000|  0%| F|  |TAMS 0x0000000084800000, 0x0000000084800000| Untracked 
|  73|0x0000000084900000, 0x0000000084900000, 0x0000000084a00000|  0%| F|  |TAMS 0x0000000084900000, 0x0000000084900000| Untracked 
|  74|0x0000000084a00000, 0x0000000084a00000, 0x0000000084b00000|  0%| F|  |TAMS 0x0000000084a00000, 0x0000000084a00000| Untracked 
|  75|0x0000000084b00000, 0x0000000084b00000, 0x0000000084c00000|  0%| F|  |TAMS 0x0000000084b00000, 0x0000000084b00000| Untracked 
|  76|0x0000000084c00000, 0x0000000084c00000, 0x0000000084d00000|  0%| F|  |TAMS 0x0000000084c00000, 0x0000000084c00000| Untracked 
|  77|0x0000000084d00000, 0x0000000084d00000, 0x0000000084e00000|  0%| F|  |TAMS 0x0000000084d00000, 0x0000000084d00000| Untracked 
|  78|0x0000000084e00000, 0x0000000084e00000, 0x0000000084f00000|  0%| F|  |TAMS 0x0000000084e00000, 0x0000000084e00000| Untracked 
|  79|0x0000000084f00000, 0x0000000084f00000, 0x0000000085000000|  0%| F|  |TAMS 0x0000000084f00000, 0x0000000084f00000| Untracked 
|  80|0x0000000085000000, 0x0000000085000000, 0x0000000085100000|  0%| F|  |TAMS 0x0000000085000000, 0x0000000085000000| Untracked 
|  81|0x0000000085100000, 0x0000000085100000, 0x0000000085200000|  0%| F|  |TAMS 0x0000000085100000, 0x0000000085100000| Untracked 
|  82|0x0000000085200000, 0x0000000085200000, 0x0000000085300000|  0%| F|  |TAMS 0x0000000085200000, 0x0000000085200000| Untracked 
|  83|0x0000000085300000, 0x0000000085300000, 0x0000000085400000|  0%| F|  |TAMS 0x0000000085300000, 0x0000000085300000| Untracked 
|  84|0x0000000085400000, 0x0000000085400000, 0x0000000085500000|  0%| F|  |TAMS 0x0000000085400000, 0x0000000085400000| Untracked 
|  85|0x0000000085500000, 0x0000000085500000, 0x0000000085600000|  0%| F|  |TAMS 0x0000000085500000, 0x0000000085500000| Untracked 
|  86|0x0000000085600000, 0x0000000085600000, 0x0000000085700000|  0%| F|  |TAMS 0x0000000085600000, 0x0000000085600000| Untracked 
|  87|0x0000000085700000, 0x0000000085700000, 0x0000000085800000|  0%| F|  |TAMS 0x0000000085700000, 0x0000000085700000| Untracked 
|  88|0x0000000085800000, 0x0000000085800000, 0x0000000085900000|  0%| F|  |TAMS 0x0000000085800000, 0x0000000085800000| Untracked 
|  89|0x0000000085900000, 0x0000000085900000, 0x0000000085a00000|  0%| F|  |TAMS 0x0000000085900000, 0x0000000085900000| Untracked 
|  90|0x0000000085a00000, 0x0000000085a00000, 0x0000000085b00000|  0%| F|  |TAMS 0x0000000085a00000, 0x0000000085a00000| Untracked 
|  91|0x0000000085b00000, 0x0000000085b00000, 0x0000000085c00000|  0%| F|  |TAMS 0x0000000085b00000, 0x0000000085b00000| Untracked 
|  92|0x0000000085c00000, 0x0000000085c00000, 0x0000000085d00000|  0%| F|  |TAMS 0x0000000085c00000, 0x0000000085c00000| Untracked 
|  93|0x0000000085d00000, 0x0000000085d00000, 0x0000000085e00000|  0%| F|  |TAMS 0x0000000085d00000, 0x0000000085d00000| Untracked 
|  94|0x0000000085e00000, 0x0000000085e00000, 0x0000000085f00000|  0%| F|  |TAMS 0x0000000085e00000, 0x0000000085e00000| Untracked 
|  95|0x0000000085f00000, 0x0000000085f00000, 0x0000000086000000|  0%| F|  |TAMS 0x0000000085f00000, 0x0000000085f00000| Untracked 
|  96|0x0000000086000000, 0x0000000086000000, 0x0000000086100000|  0%| F|  |TAMS 0x0000000086000000, 0x0000000086000000| Untracked 
|  97|0x0000000086100000, 0x0000000086100000, 0x0000000086200000|  0%| F|  |TAMS 0x0000000086100000, 0x0000000086100000| Untracked 
|  98|0x0000000086200000, 0x0000000086200000, 0x0000000086300000|  0%| F|  |TAMS 0x0000000086200000, 0x0000000086200000| Untracked 
|  99|0x0000000086300000, 0x0000000086300000, 0x0000000086400000|  0%| F|  |TAMS 0x0000000086300000, 0x0000000086300000| Untracked 
| 100|0x0000000086400000, 0x0000000086400000, 0x0000000086500000|  0%| F|  |TAMS 0x0000000086400000, 0x0000000086400000| Untracked 
| 101|0x0000000086500000, 0x0000000086500000, 0x0000000086600000|  0%| F|  |TAMS 0x0000000086500000, 0x0000000086500000| Untracked 
| 102|0x0000000086600000, 0x0000000086600000, 0x0000000086700000|  0%| F|  |TAMS 0x0000000086600000, 0x0000000086600000| Untracked 
| 103|0x0000000086700000, 0x0000000086700000, 0x0000000086800000|  0%| F|  |TAMS 0x0000000086700000, 0x0000000086700000| Untracked 
| 104|0x0000000086800000, 0x0000000086800000, 0x0000000086900000|  0%| F|  |TAMS 0x0000000086800000, 0x0000000086800000| Untracked 
| 105|0x0000000086900000, 0x0000000086900000, 0x0000000086a00000|  0%| F|  |TAMS 0x0000000086900000, 0x0000000086900000| Untracked 
| 106|0x0000000086a00000, 0x0000000086a00000, 0x0000000086b00000|  0%| F|  |TAMS 0x0000000086a00000, 0x0000000086a00000| Untracked 
| 107|0x0000000086b00000, 0x0000000086b00000, 0x0000000086c00000|  0%| F|  |TAMS 0x0000000086b00000, 0x0000000086b00000| Untracked 
| 108|0x0000000086c00000, 0x0000000086c00000, 0x0000000086d00000|  0%| F|  |TAMS 0x0000000086c00000, 0x0000000086c00000| Untracked 
| 109|0x0000000086d00000, 0x0000000086e00000, 0x0000000086e00000|100%| E|  |TAMS 0x0000000086d00000, 0x0000000086d00000| Complete 
| 110|0x0000000086e00000, 0x0000000086f00000, 0x0000000086f00000|100%| E|CS|TAMS 0x0000000086e00000, 0x0000000086e00000| Complete 
| 111|0x0000000086f00000, 0x0000000087000000, 0x0000000087000000|100%| E|CS|TAMS 0x0000000086f00000, 0x0000000086f00000| Complete 
| 112|0x0000000087000000, 0x0000000087100000, 0x0000000087100000|100%| E|CS|TAMS 0x0000000087000000, 0x0000000087000000| Complete 
| 113|0x0000000087100000, 0x0000000087200000, 0x0000000087200000|100%| E|CS|TAMS 0x0000000087100000, 0x0000000087100000| Complete 
| 114|0x0000000087200000, 0x0000000087300000, 0x0000000087300000|100%| E|CS|TAMS 0x0000000087200000, 0x0000000087200000| Complete 
| 115|0x0000000087300000, 0x0000000087400000, 0x0000000087400000|100%| E|CS|TAMS 0x0000000087300000, 0x0000000087300000| Complete 
| 116|0x0000000087400000, 0x0000000087500000, 0x0000000087500000|100%| E|CS|TAMS 0x0000000087400000, 0x0000000087400000| Complete 
| 117|0x0000000087500000, 0x00000000875ffe40, 0x0000000087600000| 99%| E|  |TAMS 0x0000000087500000, 0x0000000087500000| Complete 
| 118|0x0000000087600000, 0x0000000087700000, 0x0000000087700000|100%| E|CS|TAMS 0x0000000087600000, 0x0000000087600000| Complete 
| 119|0x0000000087700000, 0x0000000087800000, 0x0000000087800000|100%| E|CS|TAMS 0x0000000087700000, 0x0000000087700000| Complete 
| 120|0x0000000087800000, 0x0000000087900000, 0x0000000087900000|100%| E|CS|TAMS 0x0000000087800000, 0x0000000087800000| Complete 
| 121|0x0000000087900000, 0x0000000087a00000, 0x0000000087a00000|100%| E|CS|TAMS 0x0000000087900000, 0x0000000087900000| Complete 
| 122|0x0000000087a00000, 0x0000000087b00000, 0x0000000087b00000|100%| E|CS|TAMS 0x0000000087a00000, 0x0000000087a00000| Complete 
| 123|0x0000000087b00000, 0x0000000087c00000, 0x0000000087c00000|100%| E|CS|TAMS 0x0000000087b00000, 0x0000000087b00000| Complete 
| 124|0x0000000087c00000, 0x0000000087d00000, 0x0000000087d00000|100%| E|CS|TAMS 0x0000000087c00000, 0x0000000087c00000| Complete 
| 125|0x0000000087d00000, 0x0000000087e00000, 0x0000000087e00000|100%| E|CS|TAMS 0x0000000087d00000, 0x0000000087d00000| Complete 

Card table byte_map: [0x000002727da50000,0x000002727de50000] _byte_map_base: 0x000002727d650000

Marking Bits (Prev, Next): (CMBitMap*) 0x000002727b156d50, (CMBitMap*) 0x000002727b156d90
 Prev Bits: [0x00000272167f0000, 0x00000272187f0000)
 Next Bits: [0x00000272187f0000, 0x000002721a7f0000)

Polling page: 0x000002727b1c0000

Metaspace:

Usage:
  Non-class:     16.80 MB used.
      Class:      2.69 MB used.
       Both:     19.49 MB used.

Virtual space:
  Non-class space:       64.00 MB reserved,      16.94 MB ( 26%) committed,  1 nodes.
      Class space:      416.00 MB reserved,       2.81 MB ( <1%) committed,  1 nodes.
             Both:      480.00 MB reserved,      19.75 MB (  4%) committed. 

Chunk freelists:
   Non-Class:  14.91 MB
       Class:  13.20 MB
        Both:  28.11 MB

MaxMetaspaceSize: 512.00 MB
CompressedClassSpaceSize: 416.00 MB
Initial GC threshold: 21.00 MB
Current GC threshold: 21.00 MB
CDS: on
MetaspaceReclaimPolicy: balanced
 - commit_granule_bytes: 65536.
 - commit_granule_words: 8192.
 - virtual_space_node_default_size: 8388608.
 - enlarge_chunks_in_place: 1.
 - new_chunks_are_fully_committed: 0.
 - uncommit_free_chunks: 1.
 - use_allocation_guard: 0.
 - handle_deallocations: 1.


Internal statistics:

num_allocs_failed_limit: 0.
num_arena_births: 230.
num_arena_deaths: 0.
num_vsnodes_births: 2.
num_vsnodes_deaths: 0.
num_space_committed: 316.
num_space_uncommitted: 0.
num_chunks_returned_to_freelist: 0.
num_chunks_taken_from_freelist: 924.
num_chunk_merges: 0.
num_chunk_splits: 607.
num_chunks_enlarged: 438.
num_inconsistent_stats: 0.

CodeHeap 'non-profiled nmethods': size=120000Kb used=1358Kb max_used=1358Kb free=118641Kb
 bounds [0x000002720f2c0000, 0x000002720f530000, 0x00000272167f0000]
CodeHeap 'profiled nmethods': size=120000Kb used=5292Kb max_used=5292Kb free=114707Kb
 bounds [0x00000272077f0000, 0x0000027207d20000, 0x000002720ed20000]
CodeHeap 'non-nmethods': size=5760Kb used=1239Kb max_used=1312Kb free=4520Kb
 bounds [0x000002720ed20000, 0x000002720ef90000, 0x000002720f2c0000]
 total_blobs=3155 nmethods=2608 adapters=459
 compilation: enabled
              stopped_count=0, restarted_count=0
 full_count=0

Compilation events (20 events):
Event: 15.647 Thread 0x000002727ef5b150 nmethod 2585 0x0000027207d08910 code [0x0000027207d08ac0, 0x0000027207d08d48]
Event: 15.729 Thread 0x000002727ef5b150 2587       3       java.util.concurrent.locks.AbstractQueuedSynchronizer$ConditionNode::<init> (5 bytes)
Event: 16.663 Thread 0x000002727ef5b150 nmethod 2587 0x0000027207d08e10 code [0x0000027207d08fc0, 0x0000027207d09178]
Event: 16.663 Thread 0x000002727ef5b150 2593   !   3       java.util.concurrent.locks.AbstractQueuedSynchronizer::acquire (407 bytes)
Event: 16.665 Thread 0x000002727ef5b150 nmethod 2593 0x0000027207d09290 code [0x0000027207d09620, 0x0000027207d0b038]
Event: 16.665 Thread 0x000002727ef5b150 2588       3       java.util.concurrent.locks.AbstractQueuedSynchronizer$ConditionObject::enableWait (84 bytes)
Event: 16.666 Thread 0x000002727ef5b150 nmethod 2588 0x0000027207d0b910 code [0x0000027207d0bb20, 0x0000027207d0c268]
Event: 16.666 Thread 0x000002727ef5b150 2589       3       java.util.concurrent.locks.AbstractQueuedSynchronizer$Node::setStatusRelaxed (12 bytes)
Event: 16.666 Thread 0x000002727ef5b150 nmethod 2589 0x0000027207d0c510 code [0x0000027207d0c6a0, 0x0000027207d0c7b8]
Event: 16.666 Thread 0x000002727ef5b150 2590       3       java.util.concurrent.locks.AbstractQueuedSynchronizer$Node::clearStatus (12 bytes)
Event: 16.666 Thread 0x000002727ef5b150 nmethod 2590 0x0000027207d0c890 code [0x0000027207d0ca40, 0x0000027207d0cc08]
Event: 16.666 Thread 0x000002727ef5b150 2591       3       jdk.internal.misc.Unsafe::putIntOpaque (9 bytes)
Event: 16.666 Thread 0x000002727ef5b150 nmethod 2591 0x0000027207d0cc90 code [0x0000027207d0ce20, 0x0000027207d0cf38]
Event: 16.786 Thread 0x000002727ef5b150 2594       3       java.util.stream.AbstractPipeline::<init> (55 bytes)
Event: 18.693 Thread 0x000002727ef5b150 nmethod 2594 0x0000027207d0d010 code [0x0000027207d0d1c0, 0x0000027207d0d498]
Event: 18.693 Thread 0x000002727ef5b150 2597       3       java.util.concurrent.locks.AbstractQueuedSynchronizer$ConditionObject::unlinkCancelledWaiters (91 bytes)
Event: 18.693 Thread 0x000002727ef5b150 nmethod 2597 0x0000027207d0d590 code [0x0000027207d0d760, 0x0000027207d0dc18]
Event: 18.693 Thread 0x000002727ef5b150 2601       3       java.util.concurrent.locks.AbstractQueuedSynchronizer$ConditionObject::awaitNanos (200 bytes)
Event: 18.694 Thread 0x000002727ef5b150 nmethod 2601 0x0000027207d0dd90 code [0x0000027207d0e080, 0x0000027207d0f108]
Event: 18.695 Thread 0x000002727ef5b150 2598       3       java.util.concurrent.ConcurrentLinkedQueue::poll (84 bytes)

GC Heap History (8 events):
Event: 1.947 GC heap before
{Heap before GC invocations=0 (full 0):
 garbage-first heap   total 129024K, used 22528K [0x0000000080000000, 0x0000000100000000)
  region size 1024K, 23 young (23552K), 0 survivors (0K)
 Metaspace       used 1089K, committed 1216K, reserved 491520K
  class space    used 73K, committed 128K, reserved 425984K
}
Event: 1.957 GC heap after
{Heap after GC invocations=1 (full 0):
 garbage-first heap   total 129024K, used 2367K [0x0000000080000000, 0x0000000100000000)
  region size 1024K, 3 young (3072K), 3 survivors (3072K)
 Metaspace       used 1089K, committed 1216K, reserved 491520K
  class space    used 73K, committed 128K, reserved 425984K
}
Event: 4.151 GC heap before
{Heap before GC invocations=1 (full 0):
 garbage-first heap   total 129024K, used 41279K [0x0000000080000000, 0x0000000100000000)
  region size 1024K, 38 young (38912K), 3 survivors (3072K)
 Metaspace       used 4533K, committed 4672K, reserved 491520K
  class space    used 572K, committed 640K, reserved 425984K
}
Event: 4.164 GC heap after
{Heap after GC invocations=2 (full 0):
 garbage-first heap   total 129024K, used 10708K [0x0000000080000000, 0x0000000100000000)
  region size 1024K, 5 young (5120K), 5 survivors (5120K)
 Metaspace       used 4533K, committed 4672K, reserved 491520K
  class space    used 572K, committed 640K, reserved 425984K
}
Event: 5.906 GC heap before
{Heap before GC invocations=2 (full 0):
 garbage-first heap   total 129024K, used 58836K [0x0000000080000000, 0x0000000100000000)
  region size 1024K, 50 young (51200K), 5 survivors (5120K)
 Metaspace       used 4820K, committed 4992K, reserved 491520K
  class space    used 617K, committed 704K, reserved 425984K
}
Event: 5.927 GC heap after
{Heap after GC invocations=3 (full 0):
 garbage-first heap   total 129024K, used 15890K [0x0000000080000000, 0x0000000100000000)
  region size 1024K, 5 young (5120K), 5 survivors (5120K)
 Metaspace       used 4820K, committed 4992K, reserved 491520K
  class space    used 617K, committed 704K, reserved 425984K
}
Event: 12.721 GC heap before
{Heap before GC invocations=3 (full 0):
 garbage-first heap   total 129024K, used 87570K [0x0000000080000000, 0x0000000100000000)
  region size 1024K, 75 young (76800K), 5 survivors (5120K)
 Metaspace       used 17423K, committed 17664K, reserved 491520K
  class space    used 2451K, committed 2560K, reserved 425984K
}
Event: 12.740 GC heap after
{Heap after GC invocations=4 (full 0):
 garbage-first heap   total 129024K, used 21657K [0x0000000080000000, 0x0000000100000000)
  region size 1024K, 10 young (10240K), 10 survivors (10240K)
 Metaspace       used 17423K, committed 17664K, reserved 491520K
  class space    used 2451K, committed 2560K, reserved 425984K
}

Deoptimization events (20 events):
Event: 11.761 Thread 0x000002727ef4dae0 Uncommon trap: trap_request=0xffffff45 fr.pc=0x000002720f2de168 relative=0x0000000000000ae8
Event: 11.761 Thread 0x000002727ef4dae0 Uncommon trap: reason=unstable_if action=reinterpret pc=0x000002720f2de168 method=java.io.WinNTFileSystem.resolve(Ljava/lang/String;Ljava/lang/String;)Ljava/lang/String; @ 19 c2
Event: 11.761 Thread 0x000002727ef4dae0 DEOPT PACKING pc=0x000002720f2de168 sp=0x000000cb5e4fadb0
Event: 11.761 Thread 0x000002727ef4dae0 DEOPT UNPACKING pc=0x000002720ed723a3 sp=0x000000cb5e4fad58 mode 2
Event: 11.764 Thread 0x000002727ef4dae0 Uncommon trap: trap_request=0xffffff45 fr.pc=0x000002720f2ec2fc relative=0x000000000000063c
Event: 11.764 Thread 0x000002727ef4dae0 Uncommon trap: reason=unstable_if action=reinterpret pc=0x000002720f2ec2fc method=java.io.File.getName()Ljava/lang/String; @ 16 c2
Event: 11.764 Thread 0x000002727ef4dae0 DEOPT PACKING pc=0x000002720f2ec2fc sp=0x000000cb5e4fad60
Event: 11.764 Thread 0x000002727ef4dae0 DEOPT UNPACKING pc=0x000002720ed723a3 sp=0x000000cb5e4fad30 mode 2
Event: 11.955 Thread 0x000002727ef4dae0 Uncommon trap: trap_request=0xffffff45 fr.pc=0x000002720f2fee04 relative=0x00000000000000e4
Event: 11.955 Thread 0x000002727ef4dae0 Uncommon trap: reason=unstable_if action=reinterpret pc=0x000002720f2fee04 method=java.util.HashMap.hash(Ljava/lang/Object;)I @ 1 c2
Event: 11.955 Thread 0x000002727ef4dae0 DEOPT PACKING pc=0x000002720f2fee04 sp=0x000000cb5e4fbb40
Event: 11.955 Thread 0x000002727ef4dae0 DEOPT UNPACKING pc=0x000002720ed723a3 sp=0x000000cb5e4fba80 mode 2
Event: 12.373 Thread 0x000002723d765da0 DEOPT PACKING pc=0x0000027207bec44a sp=0x000000cb5e7fe690
Event: 12.373 Thread 0x000002723d765da0 DEOPT UNPACKING pc=0x000002720ed72b43 sp=0x000000cb5e7fdb08 mode 0
Event: 12.491 Thread 0x000002727ef4dae0 DEOPT PACKING pc=0x0000027207bd2049 sp=0x000000cb5e4f66d0
Event: 12.491 Thread 0x000002727ef4dae0 DEOPT UNPACKING pc=0x000002720ed72b43 sp=0x000000cb5e4f5be0 mode 0
Event: 12.605 Thread 0x000002727ef4dae0 DEOPT PACKING pc=0x0000027207bd2049 sp=0x000000cb5e4fad20
Event: 12.605 Thread 0x000002727ef4dae0 DEOPT UNPACKING pc=0x000002720ed72b43 sp=0x000000cb5e4fa230 mode 0
Event: 12.672 Thread 0x000002727ef4dae0 DEOPT PACKING pc=0x0000027207bd2049 sp=0x000000cb5e4f85a0
Event: 12.672 Thread 0x000002727ef4dae0 DEOPT UNPACKING pc=0x000002720ed72b43 sp=0x000000cb5e4f7ab0 mode 0

Classes unloaded (0 events):
No events

Classes redefined (0 events):
No events

Internal exceptions (20 events):
Event: 10.876 Thread 0x000002727ef4dae0 Exception <a 'java/lang/NoSuchMethodError'{0x0000000085488348}: 'void java.lang.invoke.DelegatingMethodHandle$Holder.reinvoke_L(java.lang.Object, java.lang.Object, java.lang.Object, java.lang.Object, java.lang.Object, java.lang.Object, java.lang.Object, java.lang.Object, java.lang.Object, java.lang.Object)'> (0x0000000085488348) 
thrown [s\open\src\hotspot\share\interpreter\linkResolver.cpp, line 759]
Event: 10.877 Thread 0x000002727ef4dae0 Exception <a 'java/lang/NoSuchMethodError'{0x00000000854907b8}: 'java.lang.Object java.lang.invoke.DirectMethodHandle$Holder.invokeSpecial(java.lang.Object, java.lang.Object, java.lang.Object, java.lang.Object, java.lang.Object, java.lang.Object, java.lang.Object, java.lang.Object, java.lang.Object, java.lang.Object)'> (0x00000000854907b8) 
thrown [s\open\src\hotspot\share\interpreter\linkResolver.cpp, line 759]
Event: 10.877 Thread 0x000002727ef4dae0 Exception <a 'java/lang/NoSuchMethodError'{0x0000000085495088}: 'java.lang.Object java.lang.invoke.Invokers$Holder.invoker(java.lang.Object, java.lang.Object, java.lang.Object, java.lang.Object, java.lang.Object, java.lang.Object, java.lang.Object, java.lang.Object, java.lang.Object, java.lang.Object)'> (0x0000000085495088) 
thrown [s\open\src\hotspot\share\interpreter\linkResolver.cpp, line 759]
Event: 10.878 Thread 0x000002727ef4dae0 Exception <a 'java/lang/NoSuchMethodError'{0x000000008549ac90}: 'java.lang.Object java.lang.invoke.DirectMethodHandle$Holder.invokeSpecial(java.lang.Object, java.lang.Object, java.lang.Object, java.lang.Object, java.lang.Object, java.lang.Object, java.lang.Object, java.lang.Object, java.lang.Object, java.lang.Object, java.lang.Object)'> (0x000000008549ac90) 
thrown [s\open\src\hotspot\share\interpreter\linkResolver.cpp, line 759]
Event: 11.397 Thread 0x000002727ef4dae0 Exception <a 'java/lang/NoSuchMethodError'{0x0000000084605f38}: 'java.lang.Object java.lang.invoke.DirectMethodHandle$Holder.newInvokeSpecial(java.lang.Object, java.lang.Object, int)'> (0x0000000084605f38) 
thrown [s\open\src\hotspot\share\interpreter\linkResolver.cpp, line 759]
Event: 11.622 Thread 0x000002727ef4dae0 Exception <a 'java/lang/NoSuchMethodError'{0x000000008448fe08}: 'int java.lang.invoke.DirectMethodHandle$Holder.invokeStatic(java.lang.Object, java.lang.Object, int)'> (0x000000008448fe08) 
thrown [s\open\src\hotspot\share\interpreter\linkResolver.cpp, line 759]
Event: 11.815 Thread 0x000002727ef4dae0 Exception <a 'java/lang/NoSuchMethodError'{0x00000000842925d8}: 'void java.lang.invoke.DirectMethodHandle$Holder.invokeStatic(java.lang.Object, java.lang.Object, java.lang.Object, java.lang.Object)'> (0x00000000842925d8) 
thrown [s\open\src\hotspot\share\interpreter\linkResolver.cpp, line 759]
Event: 11.816 Thread 0x000002727ef4dae0 Exception <a 'java/lang/NoSuchMethodError'{0x0000000084296a78}: 'void java.lang.invoke.DirectMethodHandle$Holder.invokeStaticInit(java.lang.Object, java.lang.Object, java.lang.Object, java.lang.Object)'> (0x0000000084296a78) 
thrown [s\open\src\hotspot\share\interpreter\linkResolver.cpp, line 759]
Event: 11.833 Thread 0x000002727ef4dae0 Exception <a 'java/lang/NoSuchMethodError'{0x00000000842fb6d8}: 'java.lang.Object java.lang.invoke.DirectMethodHandle$Holder.invokeInterface(java.lang.Object, java.lang.Object, java.lang.Object)'> (0x00000000842fb6d8) 
thrown [s\open\src\hotspot\share\interpreter\linkResolver.cpp, line 759]
Event: 11.877 Thread 0x000002727ef4dae0 Exception <a 'java/lang/NoSuchMethodError'{0x00000000841ec760}: 'int java.lang.invoke.DirectMethodHandle$Holder.invokeSpecialIFC(java.lang.Object, java.lang.Object, java.lang.Object, java.lang.Object)'> (0x00000000841ec760) 
thrown [s\open\src\hotspot\share\interpreter\linkResolver.cpp, line 759]
Event: 11.886 Thread 0x000002727ef4dae0 Exception <a 'java/lang/IncompatibleClassChangeError'{0x00000000841fb4f8}: Found class java.lang.Object, but interface was expected> (0x00000000841fb4f8) 
thrown [s\open\src\hotspot\share\interpreter\linkResolver.cpp, line 826]
Event: 11.955 Thread 0x000002727ef4dae0 Implicit null exception at 0x000002720f2fed60 to 0x000002720f2fedfa
Event: 11.995 Thread 0x000002727ef4dae0 Exception <a 'java/lang/NoSuchMethodError'{0x0000000083e27208}: 'int java.lang.invoke.DirectMethodHandle$Holder.invokeStatic(java.lang.Object, java.lang.Object, java.lang.Object, java.lang.Object)'> (0x0000000083e27208) 
thrown [s\open\src\hotspot\share\interpreter\linkResolver.cpp, line 759]
Event: 11.996 Thread 0x000002727ef4dae0 Exception <a 'java/lang/NoSuchMethodError'{0x0000000083e2b0d8}: 'java.lang.Object java.lang.invoke.Invokers$Holder.invokeExact_MT(java.lang.Object, java.lang.Object, java.lang.Object, java.lang.Object, java.lang.Object, java.lang.Object)'> (0x0000000083e2b0d8) 
thrown [s\open\src\hotspot\share\interpreter\linkResolver.cpp, line 759]
Event: 12.205 Thread 0x000002727ef4dae0 Exception <a 'java/lang/IncompatibleClassChangeError'{0x0000000083b83830}: Found class java.lang.Object, but interface was expected> (0x0000000083b83830) 
thrown [s\open\src\hotspot\share\interpreter\linkResolver.cpp, line 826]
Event: 12.370 Thread 0x000002723d765da0 Exception <a 'java/lang/NoSuchMethodError'{0x00000000863940c0}: static Lorg/gradle/internal/build/event/types/DefaultOperationStartedProgressEvent;.<clinit>()V> (0x00000000863940c0) 
thrown [s\open\src\hotspot\share\prims\jni.cpp, line 1112]
Event: 12.371 Thread 0x000002723d765da0 Exception <a 'java/lang/NoSuchMethodError'{0x0000000086395648}: static Lorg/gradle/internal/build/event/types/AbstractProgressEvent;.<clinit>()V> (0x0000000086395648) 
thrown [s\open\src\hotspot\share\prims\jni.cpp, line 1112]
Event: 12.373 Thread 0x000002723d765da0 Exception <a 'java/lang/NoSuchMethodError'{0x000000008639e360}: static Lorg/gradle/internal/build/event/types/DefaultOperationDescriptor;.<clinit>()V> (0x000000008639e360) 
thrown [s\open\src\hotspot\share\prims\jni.cpp, line 1112]
Event: 12.389 Thread 0x000002723d765da0 Exception <a 'java/lang/NoSuchMethodError'{0x00000000863b3cc0}: static Lorg/gradle/internal/operations/OperationIdentifier;.<clinit>()V> (0x00000000863b3cc0) 
thrown [s\open\src\hotspot\share\prims\jni.cpp, line 1112]
Event: 15.114 Thread 0x000002727ef4dae0 Exception <a 'java/lang/NoSuchMethodError'{0x0000000087843f50}: 'int java.lang.invoke.DirectMethodHandle$Holder.invokeStaticInit(java.lang.Object, java.lang.Object, java.lang.Object)'> (0x0000000087843f50) 
thrown [s\open\src\hotspot\share\interpreter\linkResolver.cpp, line 759]

VM Operations (20 events):
Event: 7.808 Executing VM operation: HandshakeAllThreads
Event: 7.808 Executing VM operation: HandshakeAllThreads done
Event: 8.822 Executing VM operation: Cleanup
Event: 8.822 Executing VM operation: Cleanup done
Event: 8.929 Executing VM operation: HandshakeAllThreads
Event: 8.929 Executing VM operation: HandshakeAllThreads done
Event: 9.941 Executing VM operation: Cleanup
Event: 9.942 Executing VM operation: Cleanup done
Event: 10.942 Executing VM operation: Cleanup
Event: 10.943 Executing VM operation: Cleanup done
Event: 11.957 Executing VM operation: Cleanup
Event: 11.959 Executing VM operation: Cleanup done
Event: 12.130 Executing VM operation: HandshakeAllThreads
Event: 12.130 Executing VM operation: HandshakeAllThreads done
Event: 12.131 Executing VM operation: HandshakeAllThreads
Event: 12.131 Executing VM operation: HandshakeAllThreads done
Event: 12.721 Executing VM operation: G1CollectForAllocation
Event: 12.740 Executing VM operation: G1CollectForAllocation done
Event: 15.776 Executing VM operation: Cleanup
Event: 15.776 Executing VM operation: Cleanup done

Events (20 events):
Event: 12.374 loading class java/io/UnsupportedEncodingException done
Event: 12.375 loading class java/nio/charset/CharacterCodingException
Event: 12.375 loading class java/nio/charset/CharacterCodingException done
Event: 12.599 loading class java/util/function/LongFunction
Event: 12.601 loading class java/util/function/LongFunction done
Event: 12.741 Thread 0x000002723dcef2a0 Thread added: 0x000002723dcef2a0
Event: 12.818 loading class java/security/InvalidKeyException
Event: 12.818 loading class java/security/KeyException
Event: 12.818 loading class java/security/KeyException done
Event: 12.818 loading class java/security/InvalidKeyException done
Event: 15.257 loading class java/lang/Override
Event: 15.259 loading class java/lang/Override done
Event: 15.369 loading class java/util/concurrent/atomic/AtomicReferenceFieldUpdater
Event: 15.369 loading class java/util/concurrent/atomic/AtomicReferenceFieldUpdater done
Event: 15.369 loading class java/util/concurrent/atomic/AtomicReferenceFieldUpdater$AtomicReferenceFieldUpdaterImpl
Event: 15.370 loading class java/util/concurrent/atomic/AtomicReferenceFieldUpdater$AtomicReferenceFieldUpdaterImpl done
Event: 15.370 loading class java/util/concurrent/atomic/AtomicReferenceFieldUpdater$AtomicReferenceFieldUpdaterImpl$1
Event: 15.371 loading class java/util/concurrent/atomic/AtomicReferenceFieldUpdater$AtomicReferenceFieldUpdaterImpl$1 done
Event: 15.381 loading class java/lang/ThreadLocal$SuppliedThreadLocal
Event: 15.381 loading class java/lang/ThreadLocal$SuppliedThreadLocal done


Dynamic libraries:
0x00007ff7fa370000 - 0x00007ff7fa380000 	C:\Program Files\Java\jdk-17\bin\java.exe
0x00007ffb84000000 - 0x00007ffb84267000 	C:\WINDOWS\SYSTEM32\ntdll.dll
0x00007ffb81f10000 - 0x00007ffb81fd9000 	C:\WINDOWS\System32\KERNEL32.DLL
0x00007ffb81180000 - 0x00007ffb8156f000 	C:\WINDOWS\System32\KERNELBASE.dll
0x00007ffb81780000 - 0x00007ffb818cb000 	C:\WINDOWS\System32\ucrtbase.dll
0x00007ffb6e300000 - 0x00007ffb6e31b000 	C:\Program Files\Java\jdk-17\bin\VCRUNTIME140.dll
0x00007ffb783f0000 - 0x00007ffb78409000 	C:\Program Files\Java\jdk-17\bin\jli.dll
0x00007ffb835a0000 - 0x00007ffb83654000 	C:\WINDOWS\System32\ADVAPI32.dll
0x00007ffb81da0000 - 0x00007ffb81e49000 	C:\WINDOWS\System32\msvcrt.dll
0x00007ffb82430000 - 0x00007ffb824d6000 	C:\WINDOWS\System32\sechost.dll
0x00007ffb82b40000 - 0x00007ffb82c58000 	C:\WINDOWS\System32\RPCRT4.dll
0x00007ffb83660000 - 0x00007ffb83825000 	C:\WINDOWS\System32\USER32.dll
0x00007ffb81150000 - 0x00007ffb81177000 	C:\WINDOWS\System32\win32u.dll
0x00007ffb6bb60000 - 0x00007ffb6bdf3000 	C:\WINDOWS\WinSxS\amd64_microsoft.windows.common-controls_6595b64144ccf1df_6.0.26100.7309_none_3e05feeae336a044\COMCTL32.dll
0x00007ffb81e60000 - 0x00007ffb81e8b000 	C:\WINDOWS\System32\GDI32.dll
0x00007ffb818d0000 - 0x00007ffb819fc000 	C:\WINDOWS\System32\gdi32full.dll
0x00007ffb77960000 - 0x00007ffb7796b000 	C:\WINDOWS\SYSTEM32\VERSION.dll
0x00007ffb81580000 - 0x00007ffb81623000 	C:\WINDOWS\System32\msvcp_win.dll
0x00007ffb83830000 - 0x00007ffb83861000 	C:\WINDOWS\System32\IMM32.DLL
0x00007ffb78650000 - 0x00007ffb7865c000 	C:\Program Files\Java\jdk-17\bin\vcruntime140_1.dll
0x00007ffb567a0000 - 0x00007ffb5682e000 	C:\Program Files\Java\jdk-17\bin\msvcp140.dll
0x00007ffae7340000 - 0x00007ffae7f20000 	C:\Program Files\Java\jdk-17\bin\server\jvm.dll
0x00007ffb81e50000 - 0x00007ffb81e58000 	C:\WINDOWS\System32\PSAPI.DLL
0x00007ffb6b910000 - 0x00007ffb6b91a000 	C:\WINDOWS\SYSTEM32\WSOCK32.dll
0x00007ffb6bed0000 - 0x00007ffb6bf05000 	C:\WINDOWS\SYSTEM32\WINMM.dll
0x00007ffb81e90000 - 0x00007ffb81f04000 	C:\WINDOWS\System32\WS2_32.dll
0x00007ffb7fff0000 - 0x00007ffb8000b000 	C:\WINDOWS\SYSTEM32\kernel.appcore.dll
0x00007ffb6b900000 - 0x00007ffb6b90a000 	C:\Program Files\Java\jdk-17\bin\jimage.dll
0x00007ffb7e850000 - 0x00007ffb7ea92000 	C:\WINDOWS\SYSTEM32\DBGHELP.DLL
0x00007ffb827b0000 - 0x00007ffb82b35000 	C:\WINDOWS\System32\combase.dll
0x00007ffb825e0000 - 0x00007ffb826b6000 	C:\WINDOWS\System32\OLEAUT32.dll
0x00007ffb6a0d0000 - 0x00007ffb6a10c000 	C:\WINDOWS\SYSTEM32\dbgcore.DLL
0x00007ffb81b80000 - 0x00007ffb81c25000 	C:\WINDOWS\System32\bcryptPrimitives.dll
0x00007ffb6b8f0000 - 0x00007ffb6b8fe000 	C:\Program Files\Java\jdk-17\bin\instrument.dll
0x00007ffb62fd0000 - 0x00007ffb62ff5000 	C:\Program Files\Java\jdk-17\bin\java.dll
0x00007ffb56420000 - 0x00007ffb564f7000 	C:\Program Files\Java\jdk-17\bin\jsvml.dll
0x00007ffb82e10000 - 0x00007ffb83563000 	C:\WINDOWS\System32\SHELL32.dll
0x00007ffb81c30000 - 0x00007ffb81d9a000 	C:\WINDOWS\System32\wintypes.dll
0x00007ffb7ed50000 - 0x00007ffb7f5ae000 	C:\WINDOWS\SYSTEM32\windows.storage.dll
0x00007ffb82040000 - 0x00007ffb82135000 	C:\WINDOWS\System32\SHCORE.dll
0x00007ffb83f50000 - 0x00007ffb83fb6000 	C:\WINDOWS\System32\shlwapi.dll
0x00007ffb81070000 - 0x00007ffb81099000 	C:\WINDOWS\SYSTEM32\profapi.dll
0x00007ffb5ff70000 - 0x00007ffb5ff88000 	C:\Program Files\Java\jdk-17\bin\zip.dll
0x00007ffb5dab0000 - 0x00007ffb5dac9000 	C:\Program Files\Java\jdk-17\bin\net.dll
0x00007ffb795e0000 - 0x00007ffb79708000 	C:\WINDOWS\SYSTEM32\WINHTTP.dll
0x00007ffb80590000 - 0x00007ffb805fb000 	C:\WINDOWS\system32\mswsock.dll
0x00007ffb5cbe0000 - 0x00007ffb5cbf6000 	C:\Program Files\Java\jdk-17\bin\nio.dll
0x00007ffb62fc0000 - 0x00007ffb62fd0000 	C:\Program Files\Java\jdk-17\bin\verify.dll
0x00007ffb6e380000 - 0x00007ffb6e3a7000 	C:\Users\sande\.gradle\native\1def1411415f61bf3af743bc5b6707747c0891f09f0c88961ee8f79bc544acac\windows-amd64\native-platform.dll
0x00007ffb563a0000 - 0x00007ffb56417000 	C:\Users\sande\.gradle\native\0.2.8\x86_64-windows-gnu\gradle-fileevents.dll
0x00007ffb5daa0000 - 0x00007ffb5daaa000 	C:\Program Files\Java\jdk-17\bin\management.dll
0x00007ffb5cb90000 - 0x00007ffb5cb9b000 	C:\Program Files\Java\jdk-17\bin\management_ext.dll
0x00007ffb7f990000 - 0x00007ffb7f9c4000 	C:\WINDOWS\SYSTEM32\IPHLPAPI.DLL
0x00007ffb826c0000 - 0x00007ffb826ca000 	C:\WINDOWS\System32\NSI.dll
0x00007ffb79730000 - 0x00007ffb7974e000 	C:\WINDOWS\SYSTEM32\dhcpcsvc6.DLL
0x00007ffb79390000 - 0x00007ffb793b3000 	C:\WINDOWS\SYSTEM32\dhcpcsvc.DLL
0x00007ffb7fa30000 - 0x00007ffb7fb5c000 	C:\WINDOWS\SYSTEM32\DNSAPI.dll
0x00007ffb80850000 - 0x00007ffb8086b000 	C:\WINDOWS\SYSTEM32\CRYPTSP.dll
0x00007ffb7ff50000 - 0x00007ffb7ff8a000 	C:\WINDOWS\system32\rsaenh.dll
0x00007ffb80640000 - 0x00007ffb8066b000 	C:\WINDOWS\SYSTEM32\USERENV.dll
0x00007ffb81040000 - 0x00007ffb8106a000 	C:\WINDOWS\SYSTEM32\bcrypt.dll
0x00007ffb80870000 - 0x00007ffb8087c000 	C:\WINDOWS\SYSTEM32\CRYPTBASE.dll
0x00007ffb5cb80000 - 0x00007ffb5cb8e000 	C:\Program Files\Java\jdk-17\bin\sunmscapi.dll
0x00007ffb81a00000 - 0x00007ffb81b77000 	C:\WINDOWS\System32\CRYPT32.dll
0x00007ffb80a70000 - 0x00007ffb80aa0000 	C:\WINDOWS\SYSTEM32\ncrypt.dll
0x00007ffb80a20000 - 0x00007ffb80a5f000 	C:\WINDOWS\SYSTEM32\NTASN1.dll
0x00007ffb60030000 - 0x00007ffb60038000 	C:\WINDOWS\system32\wshunix.dll

dbghelp: loaded successfully - version: 4.0.5 - missing functions: none
symbol engine: initialized successfully - sym options: 0x614 - pdb path: .;C:\Program Files\Java\jdk-17\bin;C:\WINDOWS\SYSTEM32;C:\WINDOWS\WinSxS\amd64_microsoft.windows.common-controls_6595b64144ccf1df_6.0.26100.7309_none_3e05feeae336a044;C:\Program Files\Java\jdk-17\bin\server;C:\Users\sande\.gradle\native\1def1411415f61bf3af743bc5b6707747c0891f09f0c88961ee8f79bc544acac\windows-amd64;C:\Users\sande\.gradle\native\0.2.8\x86_64-windows-gnu

VM Arguments:
jvm_args: --add-opens=java.base/java.lang=ALL-UNNAMED --add-opens=java.base/java.lang.invoke=ALL-UNNAMED --add-opens=java.base/java.util=ALL-UNNAMED --add-opens=java.prefs/java.util.prefs=ALL-UNNAMED --add-exports=jdk.compiler/com.sun.tools.javac.api=ALL-UNNAMED --add-exports=jdk.compiler/com.sun.tools.javac.util=ALL-UNNAMED --add-opens=java.base/java.util=ALL-UNNAMED --add-opens=java.prefs/java.util.prefs=ALL-UNNAMED --add-opens=java.base/java.nio.charset=ALL-UNNAMED --add-opens=java.base/java.net=ALL-UNNAMED --add-opens=java.base/java.util.concurrent=ALL-UNNAMED --add-opens=java.base/java.util.concurrent.atomic=ALL-UNNAMED --add-opens=java.xml/javax.xml.namespace=ALL-UNNAMED -XX:MaxMetaspaceSize=512m -Xmx2048m -Dfile.encoding=UTF-8 -Duser.country=IN -Duser.language=en -Duser.variant -javaagent:C:\Users\sande\.gradle\wrapper\dists\gradle-9.0.0-bin\d6wjpkvcgsg3oed0qlfss3wgl\gradle-9.0.0\lib\agents\gradle-instrumentation-agent-9.0.0.jar 
java_command: org.gradle.launcher.daemon.bootstrap.GradleDaemon 9.0.0
java_class_path (initial): C:\Users\sande\.gradle\wrapper\dists\gradle-9.0.0-bin\d6wjpkvcgsg3oed0qlfss3wgl\gradle-9.0.0\lib\gradle-daemon-main-9.0.0.jar
Launcher Type: SUN_STANDARD

[Global flags]
     intx CICompilerCount                          = 4                                         {product} {ergonomic}
   size_t CompressedClassSpaceSize                 = 436207616                                 {product} {ergonomic}
     uint ConcGCThreads                            = 3                                         {product} {ergonomic}
     uint G1ConcRefinementThreads                  = 10                                        {product} {ergonomic}
   size_t G1HeapRegionSize                         = 1048576                                   {product} {ergonomic}
    uintx GCDrainStackTargetSize                   = 64                                        {product} {ergonomic}
   size_t InitialHeapSize                          = 132120576                                 {product} {ergonomic}
   size_t MarkStackSize                            = 4194304                                   {product} {ergonomic}
   size_t MaxHeapSize                              = 2147483648                                {product} {command line}
   size_t MaxMetaspaceSize                         = 536870912                                 {product} {command line}
   size_t MaxNewSize                               = 1287651328                                {product} {ergonomic}
   size_t MinHeapDeltaBytes                        = 1048576                                   {product} {ergonomic}
   size_t MinHeapSize                              = 8388608                                   {product} {ergonomic}
    uintx NonNMethodCodeHeapSize                   = 5839372                                {pd product} {ergonomic}
    uintx NonProfiledCodeHeapSize                  = 122909434                              {pd product} {ergonomic}
    uintx ProfiledCodeHeapSize                     = 122909434                              {pd product} {ergonomic}
    uintx ReservedCodeCacheSize                    = 251658240                              {pd product} {ergonomic}
     bool SegmentedCodeCache                       = true                                      {product} {ergonomic}
   size_t SoftMaxHeapSize                          = 2147483648                             {manageable} {ergonomic}
     bool UseCompressedClassPointers               = true                           {product lp64_product} {ergonomic}
     bool UseCompressedOops                        = true                           {product lp64_product} {ergonomic}
     bool UseG1GC                                  = true                                      {product} {ergonomic}
     bool UseLargePagesIndividualAllocation        = false                                  {pd product} {ergonomic}

Logging:
Log output configuration:
 #0: stdout all=warning uptime,level,tags
 #1: stderr all=off uptime,level,tags

Environment Variables:
PATH=C:\Program Files\Common Files\Oracle\Java\javapath;C:\Python313\Scripts\;C:\Python313\;C:\Program Files\Python312\Scripts\;C:\Program Files\Python312\;C:\Windows\system32;C:\Windows;C:\Windows\System32\Wbem;C:\Windows\System32\WindowsPowerShell\v1.0\;C:\Windows\System32\OpenSSH\;C:\Program Files (x86)\NVIDIA Corporation\PhysX\Common;C:\WINDOWS\system32;C:\WINDOWS;C:\WINDOWS\System32\Wbem;C:\WINDOWS\System32\WindowsPowerShell\v1.0\;C:\WINDOWS\System32\OpenSSH\;C:\Program Files\Git\bin;C:\Program Files\NVIDIA Corporation\NVIDIA NvDLISR;C:\Program Files\GTK3-Runtime Win64\bin;C:\Users\sande\Downloads\kotlin-compiler-1.9.22\kotlinc\bin;C:\Program Files\Azure Data Studio\bin;C:\Program Files\MySQL\MySQL Server 8.0\bin;C:\Users\sande\AppData\Local\Android\Sdk;C:\Users\sande\AppData\Local\Android\Sdk\platform-tools;C:\WINDOWS\system32;C:\WINDOWS;C:\WINDOWS\System32\Wbem;C:\WINDOWS\System32\WindowsPowerShell\v1.0\;C:\WINDOWS\System32\OpenSSH\;C:\ProgramData\chocolatey\bin;C:\Program Files\nodejs;C:\Users\sande\AppData\Local\nvm;C:\nvm4w\nodejs;C:\MinGW\bin;C:\Program Files\Go\bin;C:\Users\sande\Downloads\apache-maven-3.9.9\bin;C:\Program Files\PuTTY\;C:\Program Files\Docker\Docker\resources\bin;C:\Program Files\Java\jdk-17\bin;C:\Users\sande\AppData\Local\Android\Sdk\tools;C:\Program Files\MySQL\MySQL Shell 8.0\bin\;C:\Users\sande\AppData\Local\Microsoft\WindowsApps;C:\Program Files\JetBrains\IntelliJ IDEA Community Edition 2023.1.2\bin;;C:\Users\sande\AppData\Local\Programs\Microsoft VS Code\bin;C:\Users\sande\dart-sdk\bin;C:\Users\sande\Desktop\flutter_windows_3.16.5-stable\flutter\bin;C:\Program Files\Azure Data Studio\bin;C:\ProgramData\Microsoft\Windows\Start Menu\Programs\Python 3.12\Python 3.12 (64-bit).lnk;C:\Program Files\Python312\Scripts;C:\Mongosh\;C:\Users\sande\AppData\Local\nvm;C:\nvm4w\nodejs;C:\Users\sande\go\bin;C:\Program Files\JetBrains\IntelliJ IDEA 2024.3.5\bin;;C:\Program Files\Java\jdk-17\bin;C:\Program Files\Java\jdk-17\;C:\Users\sande\AppData\Loc
USERNAME=sande
OS=Windows_NT
PROCESSOR_IDENTIFIER=Intel64 Family 6 Model 165 Stepping 2, GenuineIntel



---------------  S Y S T E M  ---------------

OS:
 Windows 11 , 64 bit Build 26100 (10.0.26100.7309)
OS uptime: 0 days 5:10 hours
Hyper-V role detected

CPU: total 12 (initial active 12) (6 cores per cpu, 2 threads per core) family 6 model 165 stepping 2 microcode 0xf6, cx8, cmov, fxsr, ht, mmx, 3dnowpref, sse, sse2, sse3, ssse3, sse4.1, sse4.2, popcnt, lzcnt, tsc, tscinvbit, avx, avx2, aes, erms, clmul, bmi1, bmi2, adx, fma, vzeroupper, clflush, clflushopt, hv

Memory: 4k page, system-wide physical 8059M (714M free)
TotalPageFile size 32635M (AvailPageFile size 370M)
current process WorkingSet (physical memory assigned to process): 193M, peak: 208M
current process commit charge ("private bytes"): 292M, peak: 298M

vm_info: Java HotSpot(TM) 64-Bit Server VM (17.0.12+8-LTS-286) for windows-amd64 JRE (17.0.12+8-LTS-286), built on Jun  5 2024 06:46:59 by "mach5one" with MS VC++ 17.6 (VS2022)

END.
