#
# There is insufficient memory for the Java Runtime Environment to continue.
# Native memory allocation (malloc) failed to allocate 506416 bytes. Error detail: Chunk::new
# Possible reasons:
#   The system is out of physical RAM or swap space
#   This process is running with CompressedOops enabled, and the Java Heap may be blocking the growth of the native heap
# Possible solutions:
#   Reduce memory load on the system
#   Increase physical memory or swap space
#   Check if swap backing store is full
#   Decrease Java heap size (-Xmx/-Xms)
#   Decrease number of Java threads
#   Decrease Java thread stack sizes (-Xss)
#   Set larger code cache with -XX:ReservedCodeCacheSize=
#   JVM is running with Unscaled Compressed Oops mode in which the Java heap is
#     placed in the first 4GB address space. The Java Heap base address is the
#     maximum limit for the native heap growth. Please use -XX:HeapBaseMinAddress
#     to set the Java Heap base and to place the Java Heap above 4GB virtual address.
# This output file may be truncated or incomplete.
#
#  Out of Memory Error (arena.cpp:168), pid=24132, tid=3348
#
# JRE version: OpenJDK Runtime Environment Temurin-21.0.9+10 (21.0.9+10) (build 21.0.9+10-LTS)
# Java VM: OpenJDK 64-Bit Server VM Temurin-21.0.9+10 (21.0.9+10-LTS, mixed mode, sharing, tiered, compressed oops, compressed class ptrs, parallel gc, windows-amd64)
# No core dump will be written. Minidumps are not enabled by default on client versions of Windows
#

---------------  S U M M A R Y ------------

Command Line: --add-modules=ALL-SYSTEM --add-opens=java.base/java.util=ALL-UNNAMED --add-opens=java.base/java.lang=ALL-UNNAMED --add-opens=java.base/sun.nio.fs=ALL-UNNAMED -Declipse.application=org.eclipse.jdt.ls.core.id1 -Dosgi.bundles.defaultStartLevel=4 -Declipse.product=org.eclipse.jdt.ls.core.product -Djava.import.generatesMetadataFilesAtProjectRoot=false -DDetectVMInstallationsJob.disabled=true -Dfile.encoding=utf8 -XX:+UseParallelGC -XX:GCTimeRatio=4 -XX:AdaptiveSizePolicyWeight=90 -Dsun.zip.disableMemoryMapping=true -Xmx2G -Xms100m -Xlog:disable -javaagent:c:\Users\sande\.vscode\extensions\redhat.java-1.51.0-win32-x64\lombok\lombok-1.18.39-4050.jar -XX:+HeapDumpOnOutOfMemoryError -XX:HeapDumpPath=c:\Users\sande\AppData\Roaming\Code\User\workspaceStorage\c1189af7ad4b5b28f6591a4578dcf0ce\redhat.java -Daether.dependencyCollector.impl=bf c:\Users\sande\.vscode\extensions\redhat.java-1.51.0-win32-x64\server\plugins\org.eclipse.equinox.launcher_1.7.100.v20251111-0406.jar -configuration c:\Users\sande\AppData\Roaming\Code\User\globalStorage\redhat.java\1.51.0\config_win -data c:\Users\sande\AppData\Roaming\Code\User\workspaceStorage\c1189af7ad4b5b28f6591a4578dcf0ce\redhat.java\jdt_ws --pipe=\\.\pipe\lsp-37bfc8c9e6d19cce9309675ba0d34e25-sock

Host: Intel(R) Core(TM) i5-10500H CPU @ 2.50GHz, 12 cores, 7G,  Windows 11 , 64 bit Build 26100 (10.0.26100.7309)
Time: Wed Jan  7 00:56:18 2026 India Standard Time elapsed time: 31.482031 seconds (0d 0h 0m 31s)

---------------  T H R E A D  ---------------

Current thread (0x00000203ecf97ef0):  JavaThread "C2 CompilerThread0" daemon [_thread_in_native, id=3348, stack(0x0000000418d00000,0x0000000418e00000) (1024K)]


Current CompileTask:
C2:31482 11861   !   4       org.eclipse.jdt.internal.compiler.parser.Scanner::getNextToken0 (3068 bytes)

Stack: [0x0000000418d00000,0x0000000418e00000]
Native frames: (J=compiled Java code, j=interpreted, Vv=VM code, C=native code)
V  [jvm.dll+0x6d6e29]
V  [jvm.dll+0x8b4b76]
V  [jvm.dll+0x8b712e]
V  [jvm.dll+0x8b7813]
V  [jvm.dll+0x283d86]
V  [jvm.dll+0xc66ed]
V  [jvm.dll+0xc6c31]
V  [jvm.dll+0x3be501]
V  [jvm.dll+0x38ab92]
V  [jvm.dll+0x389fda]
V  [jvm.dll+0x24bfa0]
V  [jvm.dll+0x24b580]
V  [jvm.dll+0x1cb13e]
V  [jvm.dll+0x25b29d]
V  [jvm.dll+0x25982a]
V  [jvm.dll+0x3f7ea6]
V  [jvm.dll+0x85e9ad]
V  [jvm.dll+0x6d565d]
C  [ucrtbase.dll+0x37b0]
C  [KERNEL32.DLL+0x2e8d7]
C  [ntdll.dll+0x8c53c]


---------------  P R O C E S S  ---------------

Threads class SMR info:
_java_thread_list=0x00000203d06121b0, length=88, elements={
0x00000203ecedfd30, 0x00000203ecf85800, 0x00000203ff98d8a0, 0x00000203ecf87b60,
0x00000203ecf887b0, 0x00000203ecf8c8a0, 0x00000203ecf945c0, 0x00000203ecf97ef0,
0x00000203ecf98590, 0x00000203c5ee8940, 0x00000203c60400a0, 0x00000203cb46f300,
0x00000203cb6452e0, 0x00000203cb9c4140, 0x00000203cb9c4b70, 0x00000203cc11b450,
0x00000203cc1545c0, 0x00000203cbdf65a0, 0x00000203cbdf4b60, 0x00000203cbdf51f0,
0x00000203cbdf6c30, 0x00000203cbdf7fe0, 0x00000203cbdf72c0, 0x00000203cd788d50,
0x00000203cd789a70, 0x00000203cd78ae20, 0x00000203cd7886c0, 0x00000203cd78a100,
0x00000203cd78b4b0, 0x00000203cd788030, 0x00000203cd7893e0, 0x00000203cd78a790,
0x00000203ceaa7290, 0x00000203ceaa7920, 0x00000203ceaa51c0, 0x00000203ceaa6570,
0x00000203ceaa44a0, 0x00000203ceaa6c00, 0x00000203ceaa7fb0, 0x00000203ceaa4b30,
0x00000203ceaa8640, 0x00000203ceaa8cd0, 0x00000203ceaa5850, 0x00000203ceaa5ee0,
0x00000203ccefbfd0, 0x00000203ccefb940, 0x00000203ccefe0a0, 0x00000203ccefe730,
0x00000203ccefda10, 0x00000203ccefb2b0, 0x00000203ccf02240, 0x00000203ccf01bb0,
0x00000203ccefedc0, 0x00000203ccf028d0, 0x00000203cceff450, 0x00000203cd3e6500,
0x00000203cd3e6bd0, 0x00000203ccf00170, 0x00000203ccf00800, 0x00000203ccf00e90,
0x00000203cee127d0, 0x00000203cee10070, 0x00000203cee12e60, 0x00000203cee11ab0,
0x00000203cee134f0, 0x00000203cee11420, 0x00000203cee10700, 0x00000203cee14210,
0x00000203cee12140, 0x00000203cee13b80, 0x00000203cee10d90, 0x00000203cee148a0,
0x00000203cee155c0, 0x00000203cee15c50, 0x00000203cee14f30, 0x00000203cee162e0,
0x00000203cee16970, 0x00000203cee17000, 0x00000203cee17690, 0x00000203ccc5cb00,
0x00000203ccc5deb0, 0x00000203ccc5d190, 0x00000203ccc60610, 0x00000203ccc5e540,
0x00000203ccc5f260, 0x00000203ccc619c0, 0x00000203ccc61330, 0x00000203ccc60ca0
}

Java Threads: ( => current thread )
  0x00000203ecedfd30 JavaThread "main"                              [_thread_blocked, id=23268, stack(0x0000000418300000,0x0000000418400000) (1024K)]
  0x00000203ecf85800 JavaThread "Reference Handler"          daemon [_thread_blocked, id=19308, stack(0x0000000418700000,0x0000000418800000) (1024K)]
  0x00000203ff98d8a0 JavaThread "Finalizer"                  daemon [_thread_blocked, id=23064, stack(0x0000000418800000,0x0000000418900000) (1024K)]
  0x00000203ecf87b60 JavaThread "Signal Dispatcher"          daemon [_thread_blocked, id=3092, stack(0x0000000418900000,0x0000000418a00000) (1024K)]
  0x00000203ecf887b0 JavaThread "Attach Listener"            daemon [_thread_blocked, id=12272, stack(0x0000000418a00000,0x0000000418b00000) (1024K)]
  0x00000203ecf8c8a0 JavaThread "Service Thread"             daemon [_thread_blocked, id=10084, stack(0x0000000418b00000,0x0000000418c00000) (1024K)]
  0x00000203ecf945c0 JavaThread "Monitor Deflation Thread"   daemon [_thread_blocked, id=15188, stack(0x0000000418c00000,0x0000000418d00000) (1024K)]
=>0x00000203ecf97ef0 JavaThread "C2 CompilerThread0"         daemon [_thread_in_native, id=3348, stack(0x0000000418d00000,0x0000000418e00000) (1024K)]
  0x00000203ecf98590 JavaThread "C1 CompilerThread0"         daemon [_thread_blocked, id=26360, stack(0x0000000418e00000,0x0000000418f00000) (1024K)]
  0x00000203c5ee8940 JavaThread "Common-Cleaner"             daemon [_thread_blocked, id=11088, stack(0x0000000418f00000,0x0000000419000000) (1024K)]
  0x00000203c60400a0 JavaThread "Notification Thread"        daemon [_thread_blocked, id=6056, stack(0x0000000419100000,0x0000000419200000) (1024K)]
  0x00000203cb46f300 JavaThread "Active Thread: Equinox Container: 051d6215-495c-4a34-94cc-ab68797eef06"        [_thread_blocked, id=11120, stack(0x0000000419900000,0x0000000419a00000) (1024K)]
  0x00000203cb6452e0 JavaThread "Refresh Thread: Equinox Container: 051d6215-495c-4a34-94cc-ab68797eef06" daemon [_thread_blocked, id=26924, stack(0x0000000419b00000,0x0000000419c00000) (1024K)]
  0x00000203cb9c4140 JavaThread "Framework Event Dispatcher: Equinox Container: 051d6215-495c-4a34-94cc-ab68797eef06" daemon [_thread_blocked, id=23240, stack(0x0000000419c00000,0x0000000419d00000) (1024K)]
  0x00000203cb9c4b70 JavaThread "Start Level: Equinox Container: 051d6215-495c-4a34-94cc-ab68797eef06" daemon [_thread_blocked, id=6708, stack(0x0000000419d00000,0x0000000419e00000) (1024K)]
  0x00000203cc11b450 JavaThread "Bundle File Closer"         daemon [_thread_blocked, id=18072, stack(0x000000041a000000,0x000000041a100000) (1024K)]
  0x00000203cc1545c0 JavaThread "SCR Component Actor"        daemon [_thread_blocked, id=7132, stack(0x000000041a100000,0x000000041a200000) (1024K)]
  0x00000203cbdf65a0 JavaThread "Worker-JM"                         [_thread_blocked, id=11172, stack(0x000000041a200000,0x000000041a300000) (1024K)]
  0x00000203cbdf4b60 JavaThread "JNA Cleaner"                daemon [_thread_blocked, id=14956, stack(0x000000041a300000,0x000000041a400000) (1024K)]
  0x00000203cbdf51f0 JavaThread "Worker-0"                          [_thread_blocked, id=4244, stack(0x000000041a400000,0x000000041a500000) (1024K)]
  0x00000203cbdf6c30 JavaThread "Worker-1"                          [_thread_blocked, id=11512, stack(0x000000041a500000,0x000000041a600000) (1024K)]
  0x00000203cbdf7fe0 JavaThread "Worker-2: Building"                [_thread_blocked, id=14156, stack(0x0000000419200000,0x0000000419300000) (1024K)]
  0x00000203cbdf72c0 JavaThread "Java indexing"              daemon [_thread_blocked, id=24308, stack(0x000000041a700000,0x000000041a800000) (1024K)]
  0x00000203cd788d50 JavaThread "Worker-3"                          [_thread_blocked, id=24388, stack(0x000000041aa00000,0x000000041ab00000) (1024K)]
  0x00000203cd789a70 JavaThread "Worker-4"                          [_thread_blocked, id=21860, stack(0x000000041ab00000,0x000000041ac00000) (1024K)]
  0x00000203cd78ae20 JavaThread "Worker-5"                          [_thread_blocked, id=20420, stack(0x000000041ac00000,0x000000041ad00000) (1024K)]
  0x00000203cd7886c0 JavaThread "Worker-6"                          [_thread_blocked, id=25796, stack(0x000000041ad00000,0x000000041ae00000) (1024K)]
  0x00000203cd78a100 JavaThread "Thread-1"                   daemon [_thread_in_native, id=26316, stack(0x000000041ae00000,0x000000041af00000) (1024K)]
  0x00000203cd78b4b0 JavaThread "Thread-2"                   daemon [_thread_in_native, id=27248, stack(0x000000041af00000,0x000000041b000000) (1024K)]
  0x00000203cd788030 JavaThread "Thread-3"                   daemon [_thread_in_native, id=18876, stack(0x000000041b000000,0x000000041b100000) (1024K)]
  0x00000203cd7893e0 JavaThread "Thread-4"                   daemon [_thread_in_native, id=14040, stack(0x000000041b100000,0x000000041b200000) (1024K)]
  0x00000203cd78a790 JavaThread "Thread-5"                   daemon [_thread_in_native, id=3332, stack(0x000000041b200000,0x000000041b300000) (1024K)]
  0x00000203ceaa7290 JavaThread "Thread-6"                   daemon [_thread_in_native, id=25776, stack(0x000000041b300000,0x000000041b400000) (1024K)]
  0x00000203ceaa7920 JavaThread "Thread-7"                   daemon [_thread_in_native, id=27692, stack(0x000000041b400000,0x000000041b500000) (1024K)]
  0x00000203ceaa51c0 JavaThread "Thread-8"                   daemon [_thread_in_native, id=6620, stack(0x000000041b500000,0x000000041b600000) (1024K)]
  0x00000203ceaa6570 JavaThread "Thread-9"                   daemon [_thread_in_native, id=23520, stack(0x000000041b600000,0x000000041b700000) (1024K)]
  0x00000203ceaa44a0 JavaThread "Thread-10"                  daemon [_thread_in_native, id=23052, stack(0x000000041b700000,0x000000041b800000) (1024K)]
  0x00000203ceaa6c00 JavaThread "Thread-11"                  daemon [_thread_in_native, id=7584, stack(0x000000041b800000,0x000000041b900000) (1024K)]
  0x00000203ceaa7fb0 JavaThread "Thread-12"                  daemon [_thread_in_native, id=24960, stack(0x000000041b900000,0x000000041ba00000) (1024K)]
  0x00000203ceaa4b30 JavaThread "Thread-13"                  daemon [_thread_in_native, id=23672, stack(0x000000041ba00000,0x000000041bb00000) (1024K)]
  0x00000203ceaa8640 JavaThread "pool-2-thread-1"                   [_thread_blocked, id=20876, stack(0x000000041bb00000,0x000000041bc00000) (1024K)]
  0x00000203ceaa8cd0 JavaThread "WorkspaceEventsHandler"            [_thread_blocked, id=11504, stack(0x000000041bc00000,0x000000041bd00000) (1024K)]
  0x00000203ceaa5850 JavaThread "pool-1-thread-1"                   [_thread_blocked, id=26612, stack(0x000000041bd00000,0x000000041be00000) (1024K)]
  0x00000203ceaa5ee0 JavaThread "Timer-0"                           [_thread_blocked, id=25364, stack(0x000000041be00000,0x000000041bf00000) (1024K)]
  0x00000203ccefbfd0 JavaThread "ForkJoinPool.commonPool-worker-1" daemon [_thread_blocked, id=25452, stack(0x000000041bf00000,0x000000041c000000) (1024K)]
  0x00000203ccefb940 JavaThread "ForkJoinPool.commonPool-worker-2" daemon [_thread_blocked, id=14452, stack(0x000000041c000000,0x000000041c100000) (1024K)]
  0x00000203ccefe0a0 JavaThread "ForkJoinPool.commonPool-worker-3" daemon [_thread_blocked, id=17176, stack(0x000000041c100000,0x000000041c200000) (1024K)]
  0x00000203ccefe730 JavaThread "ForkJoinPool.commonPool-worker-4" daemon [_thread_blocked, id=25984, stack(0x000000041c200000,0x000000041c300000) (1024K)]
  0x00000203ccefda10 JavaThread "ForkJoinPool.commonPool-worker-5" daemon [_thread_blocked, id=2852, stack(0x000000041c300000,0x000000041c400000) (1024K)]
  0x00000203ccefb2b0 JavaThread "ForkJoinPool.commonPool-worker-6" daemon [_thread_blocked, id=27924, stack(0x000000041c400000,0x000000041c500000) (1024K)]
  0x00000203ccf02240 JavaThread "ForkJoinPool.commonPool-worker-7" daemon [_thread_blocked, id=14660, stack(0x000000041c500000,0x000000041c600000) (1024K)]
  0x00000203ccf01bb0 JavaThread "ForkJoinPool.commonPool-worker-8" daemon [_thread_blocked, id=19612, stack(0x000000041c600000,0x000000041c700000) (1024K)]
  0x00000203ccefedc0 JavaThread "ForkJoinPool.commonPool-worker-9" daemon [_thread_blocked, id=27660, stack(0x000000041c700000,0x000000041c800000) (1024K)]
  0x00000203ccf028d0 JavaThread "ForkJoinPool.commonPool-worker-10" daemon [_thread_blocked, id=27552, stack(0x000000041c800000,0x000000041c900000) (1024K)]
  0x00000203cceff450 JavaThread "ForkJoinPool.commonPool-worker-11" daemon [_thread_blocked, id=4724, stack(0x000000041c900000,0x000000041ca00000) (1024K)]
  0x00000203cd3e6500 JavaThread "C2 CompilerThread1"         daemon [_thread_blocked, id=3648, stack(0x0000000419000000,0x0000000419100000) (1024K)]
  0x00000203cd3e6bd0 JavaThread "C2 CompilerThread2"         daemon [_thread_blocked, id=880, stack(0x000000041a600000,0x000000041a700000) (1024K)]
  0x00000203ccf00170 JavaThread "LocalFile Deleter"          daemon [_thread_blocked, id=9948, stack(0x000000041ca00000,0x000000041cb00000) (1024K)]
  0x00000203ccf00800 JavaThread "LocalFile Deleter"          daemon [_thread_blocked, id=22448, stack(0x000000041cb00000,0x000000041cc00000) (1024K)]
  0x00000203ccf00e90 JavaThread "LocalFile Deleter"          daemon [_thread_blocked, id=27036, stack(0x000000041cc00000,0x000000041cd00000) (1024K)]
  0x00000203cee127d0 JavaThread "LocalFile Deleter"          daemon [_thread_blocked, id=18832, stack(0x000000041cd00000,0x000000041ce00000) (1024K)]
  0x00000203cee10070 JavaThread "LocalFile Deleter"          daemon [_thread_blocked, id=7812, stack(0x000000041ce00000,0x000000041cf00000) (1024K)]
  0x00000203cee12e60 JavaThread "LocalFile Deleter"          daemon [_thread_blocked, id=4440, stack(0x000000041cf00000,0x000000041d000000) (1024K)]
  0x00000203cee11ab0 JavaThread "LocalFile Deleter"          daemon [_thread_blocked, id=12708, stack(0x000000041d000000,0x000000041d100000) (1024K)]
  0x00000203cee134f0 JavaThread "LocalFile Deleter"          daemon [_thread_blocked, id=17452, stack(0x000000041d100000,0x000000041d200000) (1024K)]
  0x00000203cee11420 JavaThread "LocalFile Deleter"          daemon [_thread_blocked, id=18548, stack(0x000000041d200000,0x000000041d300000) (1024K)]
  0x00000203cee10700 JavaThread "LocalFile Deleter"          daemon [_thread_blocked, id=15712, stack(0x000000041d300000,0x000000041d400000) (1024K)]
  0x00000203cee14210 JavaThread "LocalFile Deleter"          daemon [_thread_blocked, id=4092, stack(0x000000041d400000,0x000000041d500000) (1024K)]
  0x00000203cee12140 JavaThread "LocalFile Deleter"          daemon [_thread_blocked, id=20024, stack(0x000000041d500000,0x000000041d600000) (1024K)]
  0x00000203cee13b80 JavaThread "Compiler Source File Reader" daemon [_thread_blocked, id=20952, stack(0x000000041d600000,0x000000041d700000) (1024K)]
  0x00000203cee10d90 JavaThread "Compiler Source File Reader" daemon [_thread_blocked, id=13716, stack(0x000000041d700000,0x000000041d800000) (1024K)]
  0x00000203cee148a0 JavaThread "Compiler Source File Reader" daemon [_thread_blocked, id=25264, stack(0x000000041d800000,0x000000041d900000) (1024K)]
  0x00000203cee155c0 JavaThread "Compiler Source File Reader" daemon [_thread_blocked, id=20860, stack(0x000000041d900000,0x000000041da00000) (1024K)]
  0x00000203cee15c50 JavaThread "Compiler Source File Reader" daemon [_thread_blocked, id=23236, stack(0x000000041da00000,0x000000041db00000) (1024K)]
  0x00000203cee14f30 JavaThread "Compiler Source File Reader" daemon [_thread_blocked, id=28188, stack(0x000000041db00000,0x000000041dc00000) (1024K)]
  0x00000203cee162e0 JavaThread "Compiler Source File Reader" daemon [_thread_blocked, id=4796, stack(0x000000041dc00000,0x000000041dd00000) (1024K)]
  0x00000203cee16970 JavaThread "Compiler Source File Reader" daemon [_thread_blocked, id=18596, stack(0x000000041dd00000,0x000000041de00000) (1024K)]
  0x00000203cee17000 JavaThread "Compiler Source File Reader" daemon [_thread_blocked, id=23612, stack(0x000000041de00000,0x000000041df00000) (1024K)]
  0x00000203cee17690 JavaThread "Compiler Source File Reader" daemon [_thread_blocked, id=25336, stack(0x000000041df00000,0x000000041e000000) (1024K)]
  0x00000203ccc5cb00 JavaThread "Compiler Processing Task"   daemon [_thread_blocked, id=21364, stack(0x000000041e000000,0x000000041e100000) (1024K)]
  0x00000203ccc5deb0 JavaThread "Compiler Class File Writer" daemon [_thread_blocked, id=12612, stack(0x000000041e100000,0x000000041e200000) (1024K)]
  0x00000203ccc5d190 JavaThread "Compiler Class File Writer" daemon [_thread_blocked, id=24484, stack(0x000000041e200000,0x000000041e300000) (1024K)]
  0x00000203ccc60610 JavaThread "Compiler Class File Writer" daemon [_thread_blocked, id=19504, stack(0x000000041e300000,0x000000041e400000) (1024K)]
  0x00000203ccc5e540 JavaThread "Compiler Class File Writer" daemon [_thread_blocked, id=3532, stack(0x000000041e400000,0x000000041e500000) (1024K)]
  0x00000203ccc5f260 JavaThread "Compiler Class File Writer" daemon [_thread_blocked, id=25152, stack(0x000000041e500000,0x000000041e600000) (1024K)]
  0x00000203ccc619c0 JavaThread "Compiler Class File Writer" daemon [_thread_blocked, id=28548, stack(0x000000041e600000,0x000000041e700000) (1024K)]
  0x00000203ccc61330 JavaThread "Compiler Class File Writer" daemon [_thread_blocked, id=9924, stack(0x000000041e700000,0x000000041e800000) (1024K)]
  0x00000203ccc60ca0 JavaThread "Compiler Class File Writer" daemon [_thread_blocked, id=10548, stack(0x000000041e800000,0x000000041e900000) (1024K)]
Total: 88

Other Threads:
  0x00000203ff974960 VMThread "VM Thread"                           [id=10952, stack(0x0000000418600000,0x0000000418700000) (1024K)]
  0x00000203ff86ca00 WatcherThread "VM Periodic Task Thread"        [id=14636, stack(0x0000000418500000,0x0000000418600000) (1024K)]
  0x00000203ecefd5b0 WorkerThread "GC Thread#0"                     [id=12364, stack(0x0000000418400000,0x0000000418500000) (1024K)]
  0x00000203c6086850 WorkerThread "GC Thread#1"                     [id=20472, stack(0x0000000419300000,0x0000000419400000) (1024K)]
  0x00000203cb638b60 WorkerThread "GC Thread#2"                     [id=20440, stack(0x0000000419400000,0x0000000419500000) (1024K)]
  0x00000203cb638f00 WorkerThread "GC Thread#3"                     [id=28500, stack(0x0000000419500000,0x0000000419600000) (1024K)]
  0x00000203cb6c7600 WorkerThread "GC Thread#4"                     [id=6992, stack(0x0000000419600000,0x0000000419700000) (1024K)]
  0x00000203cb6c79a0 WorkerThread "GC Thread#5"                     [id=16716, stack(0x0000000419700000,0x0000000419800000) (1024K)]
  0x00000203cb6c7d40 WorkerThread "GC Thread#6"                     [id=12876, stack(0x0000000419800000,0x0000000419900000) (1024K)]
  0x00000203cb643a60 WorkerThread "GC Thread#7"                     [id=21512, stack(0x0000000419a00000,0x0000000419b00000) (1024K)]
  0x00000203cb6436c0 WorkerThread "GC Thread#8"                     [id=17992, stack(0x0000000419e00000,0x0000000419f00000) (1024K)]
  0x00000203cb643320 WorkerThread "GC Thread#9"                     [id=21692, stack(0x0000000419f00000,0x000000041a000000) (1024K)]
Total: 12

Threads with active compile tasks:
C2 CompilerThread0  31513 11861   !   4       org.eclipse.jdt.internal.compiler.parser.Scanner::getNextToken0 (3068 bytes)
C1 CompilerThread0  31514 11895       3       org.eclipse.jdt.internal.compiler.parser.Parser::consumeRule (7748 bytes)
C2 CompilerThread1  31514 11810       4       java.lang.reflect.Field::get (39 bytes)
C2 CompilerThread2  31514 11869       4       lombok.eclipse.EclipseNode::traverse (800 bytes)
Total: 4

VM state: at safepoint (normal execution)

VM Mutex/Monitor currently owned by a thread:  ([mutex/lock_event])
[0x00007ffb0d09d570] Threads_lock - owner thread: 0x00000203ff974960
[0x00007ffb0d09d670] Heap_lock - owner thread: 0x00000203ccc5cb00
[0x00007ffb0d09daf0] PSOldGenExpand_lock - owner thread: 0x00000203cb643320

Heap address: 0x0000000080000000, size: 2048 MB, Compressed Oops mode: 32-bit

CDS archive(s) mapped at: [0x0000020384000000-0x0000020384ba0000-0x0000020384ba0000), size 12189696, SharedBaseAddress: 0x0000020384000000, ArchiveRelocationMode: 1.
Compressed class space mapped at: 0x0000020385000000-0x00000203c5000000, reserved size: 1073741824
Narrow klass base: 0x0000020384000000, Narrow klass shift: 0, Narrow klass range: 0x100000000

GC Precious Log:
 CardTable entry size: 512
 CPUs: 12 total, 12 available
 Memory: 8059M
 Large Page Support: Disabled
 NUMA Support: Disabled
 Compressed Oops: Enabled (32-bit)
 Alignments: Space 512K, Generation 512K, Heap 2M
 Heap Min Capacity: 100M
 Heap Initial Capacity: 100M
 Heap Max Capacity: 2G
 Pre-touch: Disabled
 Parallel Workers: 10

Heap:
 PSYoungGen      total 3584K, used 3104K [0x00000000d5580000, 0x00000000d5b80000, 0x0000000100000000)
  eden space 1536K, 100% used [0x00000000d5580000,0x00000000d5700000,0x00000000d5700000)
  from space 2048K, 76% used [0x00000000d5900000,0x00000000d5a88000,0x00000000d5b00000)
  to   space 2048K, 14% used [0x00000000d5700000,0x00000000d5748000,0x00000000d5900000)
 ParOldGen       total 254464K, used 254457K [0x0000000080000000, 0x000000008f880000, 0x00000000d5580000)
  object space 254464K, 99% used [0x0000000080000000,0x000000008f87e5a0,0x000000008f880000)
 Metaspace       used 70943K, committed 72384K, reserved 1114112K
  class space    used 8031K, committed 8640K, reserved 1048576K

Card table byte_map: [0x00000203ec880000,0x00000203ecc90000] _byte_map_base: 0x00000203ec480000

Marking Bits: (ParMarkBitMap*) 0x00007ffb0d0a2460
 Begin Bits: [0x0000020380000000, 0x0000020382000000)
 End Bits:   [0x0000020382000000, 0x0000020384000000)

Polling page: 0x00000203ead20000

Metaspace:

Usage:
  Non-class:     61.44 MB used.
      Class:      7.84 MB used.
       Both:     69.28 MB used.

Virtual space:
  Non-class space:       64.00 MB reserved,      62.25 MB ( 97%) committed,  1 nodes.
      Class space:        1.00 GB reserved,       8.44 MB ( <1%) committed,  1 nodes.
             Both:        1.06 GB reserved,      70.69 MB (  6%) committed. 

Chunk freelists:
   Non-Class:  1.54 MB
       Class:  7.38 MB
        Both:  8.92 MB

MaxMetaspaceSize: unlimited
CompressedClassSpaceSize: 1.00 GB
Initial GC threshold: 21.00 MB
Current GC threshold: 97.31 MB
CDS: on
 - commit_granule_bytes: 65536.
 - commit_granule_words: 8192.
 - virtual_space_node_default_size: 8388608.
 - enlarge_chunks_in_place: 1.
 - use_allocation_guard: 0.


Internal statistics:

num_allocs_failed_limit: 9.
num_arena_births: 1228.
num_arena_deaths: 14.
num_vsnodes_births: 2.
num_vsnodes_deaths: 0.
num_space_committed: 1131.
num_space_uncommitted: 0.
num_chunks_returned_to_freelist: 23.
num_chunks_taken_from_freelist: 4279.
num_chunk_merges: 10.
num_chunk_splits: 2751.
num_chunks_enlarged: 1721.
num_inconsistent_stats: 0.

CodeHeap 'non-profiled nmethods': size=120000Kb used=9517Kb max_used=9517Kb free=110482Kb
 bounds [0x00000203f7bb0000, 0x00000203f8500000, 0x00000203ff0e0000]
CodeHeap 'profiled nmethods': size=120000Kb used=23500Kb max_used=23500Kb free=96499Kb
 bounds [0x00000203f00e0000, 0x00000203f17e0000, 0x00000203f7610000]
CodeHeap 'non-nmethods': size=5760Kb used=1445Kb max_used=1510Kb free=4314Kb
 bounds [0x00000203f7610000, 0x00000203f7880000, 0x00000203f7bb0000]
CodeCache: size=245760Kb, used=34462Kb, max_used=34527Kb, free=211295Kb
 total_blobs=11676, nmethods=10917, adapters=664, full_count=0
Compilation: enabled, stopped_count=0, restarted_count=0

Compilation events (20 events):
Event: 26.411 Thread 0x00000203ecf98590 nmethod 11852 0x00000203f17cb990 code [0x00000203f17cbb40, 0x00000203f17cbd90]
Event: 26.411 Thread 0x00000203ecf98590 11848       3       org.eclipse.jdt.internal.compiler.codegen.OperandStack::push (35 bytes)
Event: 26.411 Thread 0x00000203ecf98590 nmethod 11848 0x00000203f17cbe90 code [0x00000203f17cc080, 0x00000203f17cc510]
Event: 26.411 Thread 0x00000203ecf98590 11849       3       org.eclipse.jdt.internal.compiler.lookup.Scope::getCommonReferenceBinding (51 bytes)
Event: 26.411 Thread 0x00000203ecf98590 nmethod 11849 0x00000203f17cc690 code [0x00000203f17cc880, 0x00000203f17ccc70]
Event: 26.411 Thread 0x00000203ecf98590 11881       3       org.eclipse.jdt.internal.compiler.ClassFile::addProblemMethod (281 bytes)
Event: 26.421 Thread 0x00000203ecf98590 nmethod 11881 0x00000203f17ccd90 code [0x00000203f17cd2e0, 0x00000203f17d0200]
Event: 26.421 Thread 0x00000203ecf98590 11885       3       org.eclipse.core.internal.resources.Marker::<init> (28 bytes)
Event: 26.421 Thread 0x00000203ecf98590 nmethod 11885 0x00000203f17d1390 code [0x00000203f17d1560, 0x00000203f17d1968]
Event: 26.421 Thread 0x00000203ecf98590 11884       3       org.eclipse.jdt.internal.compiler.lookup.SortedSimpleNameVector::elementAt (7 bytes)
Event: 26.421 Thread 0x00000203ecf98590 nmethod 11884 0x00000203f17d1b10 code [0x00000203f17d1cc0, 0x00000203f17d1df8]
Event: 26.422 Thread 0x00000203ecf98590 11883       3       org.eclipse.jdt.internal.compiler.lookup.SortedCompoundNameVector::elementAt (7 bytes)
Event: 26.422 Thread 0x00000203ecf98590 nmethod 11883 0x00000203f17d1f10 code [0x00000203f17d20c0, 0x00000203f17d21f8]
Event: 26.422 Thread 0x00000203ecf98590 11886       3       org.eclipse.core.internal.resources.MarkerManager::changedMarkers (130 bytes)
Event: 26.423 Thread 0x00000203ecf98590 nmethod 11886 0x00000203f17d2310 code [0x00000203f17d2560, 0x00000203f17d2e88]
Event: 26.423 Thread 0x00000203cd3e6bd0 nmethod 11816 0x00000203f84f8490 code [0x00000203f84f8740, 0x00000203f84f9a18]
Event: 26.423 Thread 0x00000203ecf98590 11895       3       org.eclipse.jdt.internal.compiler.parser.Parser::consumeRule (7748 bytes)
Event: 26.424 Thread 0x00000203cd3e6bd0 11862       4       org.eclipse.core.internal.resources.MarkerSet::add (140 bytes)
Event: 26.433 Thread 0x00000203cd3e6bd0 nmethod 11862 0x00000203f84faa10 code [0x00000203f84fabe0, 0x00000203f84faee0]
Event: 26.433 Thread 0x00000203cd3e6bd0 11869       4       lombok.eclipse.EclipseNode::traverse (800 bytes)

GC Heap History (20 events):
Event: 26.404 GC heap after
{Heap after GC invocations=716 (full 3):
 PSYoungGen      total 1536K, used 608K [0x00000000d5580000, 0x00000000d5900000, 0x0000000100000000)
  eden space 512K, 0% used [0x00000000d5580000,0x00000000d5580000,0x00000000d5600000)
  from space 1024K, 59% used [0x00000000d5600000,0x00000000d5698000,0x00000000d5700000)
  to   space 1536K, 0% used [0x00000000d5780000,0x00000000d5780000,0x00000000d5900000)
 ParOldGen       total 247296K, used 247006K [0x0000000080000000, 0x000000008f180000, 0x00000000d5580000)
  object space 247296K, 99% used [0x0000000080000000,0x000000008f137b20,0x000000008f180000)
 Metaspace       used 70863K, committed 72320K, reserved 1114112K
  class space    used 8020K, committed 8640K, reserved 1048576K
}
Event: 26.406 GC heap before
{Heap before GC invocations=717 (full 3):
 PSYoungGen      total 1536K, used 1120K [0x00000000d5580000, 0x00000000d5900000, 0x0000000100000000)
  eden space 512K, 100% used [0x00000000d5580000,0x00000000d5600000,0x00000000d5600000)
  from space 1024K, 59% used [0x00000000d5600000,0x00000000d5698000,0x00000000d5700000)
  to   space 1536K, 0% used [0x00000000d5780000,0x00000000d5780000,0x00000000d5900000)
 ParOldGen       total 247296K, used 247006K [0x0000000080000000, 0x000000008f180000, 0x00000000d5580000)
  object space 247296K, 99% used [0x0000000080000000,0x000000008f137b20,0x000000008f180000)
 Metaspace       used 70863K, committed 72320K, reserved 1114112K
  class space    used 8020K, committed 8640K, reserved 1048576K
}
Event: 26.408 GC heap after
{Heap after GC invocations=717 (full 3):
 PSYoungGen      total 2048K, used 608K [0x00000000d5580000, 0x00000000d5880000, 0x0000000100000000)
  eden space 1024K, 0% used [0x00000000d5580000,0x00000000d5580000,0x00000000d5680000)
  from space 1024K, 59% used [0x00000000d5780000,0x00000000d5818000,0x00000000d5880000)
  to   space 1024K, 0% used [0x00000000d5680000,0x00000000d5680000,0x00000000d5780000)
 ParOldGen       total 247808K, used 247470K [0x0000000080000000, 0x000000008f200000, 0x00000000d5580000)
  object space 247808K, 99% used [0x0000000080000000,0x000000008f1abb20,0x000000008f200000)
 Metaspace       used 70863K, committed 72320K, reserved 1114112K
  class space    used 8020K, committed 8640K, reserved 1048576K
}
Event: 26.412 GC heap before
{Heap before GC invocations=718 (full 3):
 PSYoungGen      total 2048K, used 1631K [0x00000000d5580000, 0x00000000d5880000, 0x0000000100000000)
  eden space 1024K, 99% used [0x00000000d5580000,0x00000000d567ff80,0x00000000d5680000)
  from space 1024K, 59% used [0x00000000d5780000,0x00000000d5818000,0x00000000d5880000)
  to   space 1024K, 0% used [0x00000000d5680000,0x00000000d5680000,0x00000000d5780000)
 ParOldGen       total 247808K, used 247470K [0x0000000080000000, 0x000000008f200000, 0x00000000d5580000)
  object space 247808K, 99% used [0x0000000080000000,0x000000008f1abb20,0x000000008f200000)
 Metaspace       used 70871K, committed 72320K, reserved 1114112K
  class space    used 8020K, committed 8640K, reserved 1048576K
}
Event: 26.414 GC heap after
{Heap after GC invocations=718 (full 3):
 PSYoungGen      total 2048K, used 960K [0x00000000d5580000, 0x00000000d5a00000, 0x0000000100000000)
  eden space 1024K, 0% used [0x00000000d5580000,0x00000000d5580000,0x00000000d5680000)
  from space 1024K, 93% used [0x00000000d5680000,0x00000000d5770000,0x00000000d5780000)
  to   space 1536K, 0% used [0x00000000d5880000,0x00000000d5880000,0x00000000d5a00000)
 ParOldGen       total 248320K, used 247926K [0x0000000080000000, 0x000000008f280000, 0x00000000d5580000)
  object space 248320K, 99% used [0x0000000080000000,0x000000008f21db20,0x000000008f280000)
 Metaspace       used 70871K, committed 72320K, reserved 1114112K
  class space    used 8020K, committed 8640K, reserved 1048576K
}
Event: 26.417 GC heap before
{Heap before GC invocations=719 (full 3):
 PSYoungGen      total 2048K, used 1984K [0x00000000d5580000, 0x00000000d5a00000, 0x0000000100000000)
  eden space 1024K, 100% used [0x00000000d5580000,0x00000000d5680000,0x00000000d5680000)
  from space 1024K, 93% used [0x00000000d5680000,0x00000000d5770000,0x00000000d5780000)
  to   space 1536K, 0% used [0x00000000d5880000,0x00000000d5880000,0x00000000d5a00000)
 ParOldGen       total 248320K, used 247926K [0x0000000080000000, 0x000000008f280000, 0x00000000d5580000)
  object space 248320K, 99% used [0x0000000080000000,0x000000008f21db20,0x000000008f280000)
 Metaspace       used 70885K, committed 72320K, reserved 1114112K
  class space    used 8020K, committed 8640K, reserved 1048576K
}
Event: 26.420 GC heap after
{Heap after GC invocations=719 (full 3):
 PSYoungGen      total 3072K, used 1024K [0x00000000d5580000, 0x00000000d5a00000, 0x0000000100000000)
  eden space 1536K, 0% used [0x00000000d5580000,0x00000000d5580000,0x00000000d5700000)
  from space 1536K, 66% used [0x00000000d5880000,0x00000000d5980000,0x00000000d5a00000)
  to   space 1536K, 0% used [0x00000000d5700000,0x00000000d5700000,0x00000000d5880000)
 ParOldGen       total 248832K, used 248780K [0x0000000080000000, 0x000000008f300000, 0x00000000d5580000)
  object space 248832K, 99% used [0x0000000080000000,0x000000008f2f3040,0x000000008f300000)
 Metaspace       used 70885K, committed 72320K, reserved 1114112K
  class space    used 8020K, committed 8640K, reserved 1048576K
}
Event: 26.427 GC heap before
{Heap before GC invocations=720 (full 3):
 PSYoungGen      total 3072K, used 2560K [0x00000000d5580000, 0x00000000d5a00000, 0x0000000100000000)
  eden space 1536K, 100% used [0x00000000d5580000,0x00000000d5700000,0x00000000d5700000)
  from space 1536K, 66% used [0x00000000d5880000,0x00000000d5980000,0x00000000d5a00000)
  to   space 1536K, 0% used [0x00000000d5700000,0x00000000d5700000,0x00000000d5880000)
 ParOldGen       total 248832K, used 248780K [0x0000000080000000, 0x000000008f300000, 0x00000000d5580000)
  object space 248832K, 99% used [0x0000000080000000,0x000000008f2f3040,0x000000008f300000)
 Metaspace       used 70925K, committed 72384K, reserved 1114112K
  class space    used 8026K, committed 8640K, reserved 1048576K
}
Event: 26.429 GC heap after
{Heap after GC invocations=720 (full 3):
 PSYoungGen      total 3072K, used 1184K [0x00000000d5580000, 0x00000000d5a80000, 0x0000000100000000)
  eden space 1536K, 0% used [0x00000000d5580000,0x00000000d5580000,0x00000000d5700000)
  from space 1536K, 77% used [0x00000000d5700000,0x00000000d5828000,0x00000000d5880000)
  to   space 1536K, 0% used [0x00000000d5900000,0x00000000d5900000,0x00000000d5a80000)
 ParOldGen       total 249856K, used 249708K [0x0000000080000000, 0x000000008f400000, 0x00000000d5580000)
  object space 249856K, 99% used [0x0000000080000000,0x000000008f3db040,0x000000008f400000)
 Metaspace       used 70925K, committed 72384K, reserved 1114112K
  class space    used 8026K, committed 8640K, reserved 1048576K
}
Event: 26.435 GC heap before
{Heap before GC invocations=721 (full 3):
 PSYoungGen      total 3072K, used 2720K [0x00000000d5580000, 0x00000000d5a80000, 0x0000000100000000)
  eden space 1536K, 100% used [0x00000000d5580000,0x00000000d5700000,0x00000000d5700000)
  from space 1536K, 77% used [0x00000000d5700000,0x00000000d5828000,0x00000000d5880000)
  to   space 1536K, 0% used [0x00000000d5900000,0x00000000d5900000,0x00000000d5a80000)
 ParOldGen       total 249856K, used 249708K [0x0000000080000000, 0x000000008f400000, 0x00000000d5580000)
  object space 249856K, 99% used [0x0000000080000000,0x000000008f3db040,0x000000008f400000)
 Metaspace       used 70928K, committed 72384K, reserved 1114112K
  class space    used 8027K, committed 8640K, reserved 1048576K
}
Event: 28.444 GC heap after
{Heap after GC invocations=721 (full 3):
 PSYoungGen      total 2048K, used 1536K [0x00000000d5580000, 0x00000000d5d80000, 0x0000000100000000)
  eden space 512K, 0% used [0x00000000d5580000,0x00000000d5580000,0x00000000d5600000)
  from space 1536K, 100% used [0x00000000d5900000,0x00000000d5a80000,0x00000000d5a80000)
  to   space 3072K, 0% used [0x00000000d5600000,0x00000000d5600000,0x00000000d5900000)
 ParOldGen       total 250880K, used 250769K [0x0000000080000000, 0x000000008f500000, 0x00000000d5580000)
  object space 250880K, 99% used [0x0000000080000000,0x000000008f4e45a0,0x000000008f500000)
 Metaspace       used 70928K, committed 72384K, reserved 1114112K
  class space    used 8027K, committed 8640K, reserved 1048576K
}
Event: 28.446 GC heap before
{Heap before GC invocations=722 (full 3):
 PSYoungGen      total 2048K, used 2048K [0x00000000d5580000, 0x00000000d5d80000, 0x0000000100000000)
  eden space 512K, 100% used [0x00000000d5580000,0x00000000d5600000,0x00000000d5600000)
  from space 1536K, 100% used [0x00000000d5900000,0x00000000d5a80000,0x00000000d5a80000)
  to   space 3072K, 0% used [0x00000000d5600000,0x00000000d5600000,0x00000000d5900000)
 ParOldGen       total 250880K, used 250769K [0x0000000080000000, 0x000000008f500000, 0x00000000d5580000)
  object space 250880K, 99% used [0x0000000080000000,0x000000008f4e45a0,0x000000008f500000)
 Metaspace       used 70928K, committed 72384K, reserved 1114112K
  class space    used 8027K, committed 8640K, reserved 1048576K
}
Event: 28.448 GC heap after
{Heap after GC invocations=722 (full 3):
 PSYoungGen      total 1536K, used 608K [0x00000000d5580000, 0x00000000d5980000, 0x0000000100000000)
  eden space 512K, 0% used [0x00000000d5580000,0x00000000d5580000,0x00000000d5600000)
  from space 1024K, 59% used [0x00000000d5600000,0x00000000d5698000,0x00000000d5700000)
  to   space 1536K, 0% used [0x00000000d5800000,0x00000000d5800000,0x00000000d5980000)
 ParOldGen       total 252416K, used 252241K [0x0000000080000000, 0x000000008f680000, 0x00000000d5580000)
  object space 252416K, 99% used [0x0000000080000000,0x000000008f6545a0,0x000000008f680000)
 Metaspace       used 70928K, committed 72384K, reserved 1114112K
  class space    used 8027K, committed 8640K, reserved 1048576K
}
Event: 28.450 GC heap before
{Heap before GC invocations=723 (full 3):
 PSYoungGen      total 1536K, used 1120K [0x00000000d5580000, 0x00000000d5980000, 0x0000000100000000)
  eden space 512K, 100% used [0x00000000d5580000,0x00000000d5600000,0x00000000d5600000)
  from space 1024K, 59% used [0x00000000d5600000,0x00000000d5698000,0x00000000d5700000)
  to   space 1536K, 0% used [0x00000000d5800000,0x00000000d5800000,0x00000000d5980000)
 ParOldGen       total 252416K, used 252241K [0x0000000080000000, 0x000000008f680000, 0x00000000d5580000)
  object space 252416K, 99% used [0x0000000080000000,0x000000008f6545a0,0x000000008f680000)
 Metaspace       used 70928K, committed 72384K, reserved 1114112K
  class space    used 8027K, committed 8640K, reserved 1048576K
}
Event: 28.452 GC heap after
{Heap after GC invocations=723 (full 3):
 PSYoungGen      total 2048K, used 640K [0x00000000d5580000, 0x00000000d5900000, 0x0000000100000000)
  eden space 1024K, 0% used [0x00000000d5580000,0x00000000d5580000,0x00000000d5680000)
  from space 1024K, 62% used [0x00000000d5800000,0x00000000d58a0000,0x00000000d5900000)
  to   space 1024K, 0% used [0x00000000d5700000,0x00000000d5700000,0x00000000d5800000)
 ParOldGen       total 252928K, used 252721K [0x0000000080000000, 0x000000008f700000, 0x00000000d5580000)
  object space 252928K, 99% used [0x0000000080000000,0x000000008f6cc5a0,0x000000008f700000)
 Metaspace       used 70928K, committed 72384K, reserved 1114112K
  class space    used 8027K, committed 8640K, reserved 1048576K
}
Event: 28.454 GC heap before
{Heap before GC invocations=724 (full 3):
 PSYoungGen      total 2048K, used 1664K [0x00000000d5580000, 0x00000000d5900000, 0x0000000100000000)
  eden space 1024K, 100% used [0x00000000d5580000,0x00000000d5680000,0x00000000d5680000)
  from space 1024K, 62% used [0x00000000d5800000,0x00000000d58a0000,0x00000000d5900000)
  to   space 1024K, 0% used [0x00000000d5700000,0x00000000d5700000,0x00000000d5800000)
 ParOldGen       total 252928K, used 252721K [0x0000000080000000, 0x000000008f700000, 0x00000000d5580000)
  object space 252928K, 99% used [0x0000000080000000,0x000000008f6cc5a0,0x000000008f700000)
 Metaspace       used 70928K, committed 72384K, reserved 1114112K
  class space    used 8027K, committed 8640K, reserved 1048576K
}
Event: 28.456 GC heap after
{Heap after GC invocations=724 (full 3):
 PSYoungGen      total 2560K, used 1024K [0x00000000d5580000, 0x00000000d5b00000, 0x0000000100000000)
  eden space 1536K, 0% used [0x00000000d5580000,0x00000000d5580000,0x00000000d5700000)
  from space 1024K, 100% used [0x00000000d5700000,0x00000000d5800000,0x00000000d5800000)
  to   space 2048K, 0% used [0x00000000d5900000,0x00000000d5900000,0x00000000d5b00000)
 ParOldGen       total 253440K, used 253241K [0x0000000080000000, 0x000000008f780000, 0x00000000d5580000)
  object space 253440K, 99% used [0x0000000080000000,0x000000008f74e5a0,0x000000008f780000)
 Metaspace       used 70928K, committed 72384K, reserved 1114112K
  class space    used 8027K, committed 8640K, reserved 1048576K
}
Event: 28.461 GC heap before
{Heap before GC invocations=725 (full 3):
 PSYoungGen      total 2560K, used 2560K [0x00000000d5580000, 0x00000000d5b00000, 0x0000000100000000)
  eden space 1536K, 100% used [0x00000000d5580000,0x00000000d5700000,0x00000000d5700000)
  from space 1024K, 100% used [0x00000000d5700000,0x00000000d5800000,0x00000000d5800000)
  to   space 2048K, 0% used [0x00000000d5900000,0x00000000d5900000,0x00000000d5b00000)
 ParOldGen       total 253440K, used 253241K [0x0000000080000000, 0x000000008f780000, 0x00000000d5580000)
  object space 253440K, 99% used [0x0000000080000000,0x000000008f74e5a0,0x000000008f780000)
 Metaspace       used 70937K, committed 72384K, reserved 1114112K
  class space    used 8029K, committed 8640K, reserved 1048576K
}
Event: 29.464 GC heap after
{Heap after GC invocations=725 (full 3):
 PSYoungGen      total 3584K, used 1568K [0x00000000d5580000, 0x00000000d5b80000, 0x0000000100000000)
  eden space 1536K, 0% used [0x00000000d5580000,0x00000000d5580000,0x00000000d5700000)
  from space 2048K, 76% used [0x00000000d5900000,0x00000000d5a88000,0x00000000d5b00000)
  to   space 2048K, 0% used [0x00000000d5700000,0x00000000d5700000,0x00000000d5900000)
 ParOldGen       total 254464K, used 254233K [0x0000000080000000, 0x000000008f880000, 0x00000000d5580000)
  object space 254464K, 99% used [0x0000000080000000,0x000000008f8465a0,0x000000008f880000)
 Metaspace       used 70937K, committed 72384K, reserved 1114112K
  class space    used 8029K, committed 8640K, reserved 1048576K
}
Event: 29.469 GC heap before
{Heap before GC invocations=726 (full 3):
 PSYoungGen      total 3584K, used 3104K [0x00000000d5580000, 0x00000000d5b80000, 0x0000000100000000)
  eden space 1536K, 100% used [0x00000000d5580000,0x00000000d5700000,0x00000000d5700000)
  from space 2048K, 76% used [0x00000000d5900000,0x00000000d5a88000,0x00000000d5b00000)
  to   space 2048K, 0% used [0x00000000d5700000,0x00000000d5700000,0x00000000d5900000)
 ParOldGen       total 254464K, used 254233K [0x0000000080000000, 0x000000008f880000, 0x00000000d5580000)
  object space 254464K, 99% used [0x0000000080000000,0x000000008f8465a0,0x000000008f880000)
 Metaspace       used 70943K, committed 72384K, reserved 1114112K
  class space    used 8031K, committed 8640K, reserved 1048576K
}

Dll operation events (15 events):
Event: 0.016 Loaded shared library c:\Users\sande\.vscode\extensions\redhat.java-1.51.0-win32-x64\jre\21.0.9-win32-x86_64\bin\java.dll
Event: 0.110 Loaded shared library c:\Users\sande\.vscode\extensions\redhat.java-1.51.0-win32-x64\jre\21.0.9-win32-x86_64\bin\zip.dll
Event: 0.136 Loaded shared library C:\Users\sande\.vscode\extensions\redhat.java-1.51.0-win32-x64\jre\21.0.9-win32-x86_64\bin\instrument.dll
Event: 0.143 Loaded shared library C:\Users\sande\.vscode\extensions\redhat.java-1.51.0-win32-x64\jre\21.0.9-win32-x86_64\bin\net.dll
Event: 0.148 Loaded shared library C:\Users\sande\.vscode\extensions\redhat.java-1.51.0-win32-x64\jre\21.0.9-win32-x86_64\bin\nio.dll
Event: 0.154 Loaded shared library C:\Users\sande\.vscode\extensions\redhat.java-1.51.0-win32-x64\jre\21.0.9-win32-x86_64\bin\zip.dll
Event: 0.178 Loaded shared library C:\Users\sande\.vscode\extensions\redhat.java-1.51.0-win32-x64\jre\21.0.9-win32-x86_64\bin\jimage.dll
Event: 0.293 Loaded shared library c:\Users\sande\.vscode\extensions\redhat.java-1.51.0-win32-x64\jre\21.0.9-win32-x86_64\bin\verify.dll
Event: 1.762 Loaded shared library C:\Users\sande\AppData\Roaming\Code\User\globalStorage\redhat.java\1.51.0\config_win\org.eclipse.equinox.launcher\org.eclipse.equinox.launcher.win32.win32.x86_64_1.2.1400.v20250801-0854\eclipse_11916.dll
Event: 3.425 Loaded shared library C:\Users\sande\AppData\Local\Temp\jna-109203553\jna11144454743023582448.dll
Event: 9.436 Loaded shared library C:\Users\sande\.gradle\native\1def1411415f61bf3af743bc5b6707747c0891f09f0c88961ee8f79bc544acac\windows-amd64\native-platform.dll
Event: 11.290 Loaded shared library C:\Users\sande\.vscode\extensions\redhat.java-1.51.0-win32-x64\jre\21.0.9-win32-x86_64\bin\management.dll
Event: 11.295 Loaded shared library C:\Users\sande\.vscode\extensions\redhat.java-1.51.0-win32-x64\jre\21.0.9-win32-x86_64\bin\management_ext.dll
Event: 11.589 Loaded shared library C:\Users\sande\.vscode\extensions\redhat.java-1.51.0-win32-x64\jre\21.0.9-win32-x86_64\bin\sunmscapi.dll
Event: 11.887 Loaded shared library C:\Users\sande\.vscode\extensions\redhat.java-1.51.0-win32-x64\jre\21.0.9-win32-x86_64\bin\extnet.dll

Deoptimization events (20 events):
Event: 26.417 Thread 0x00000203ccc5cb00 Uncommon trap: trap_request=0xffffff45 fr.pc=0x00000203f846252c relative=0x000000000000008c
Event: 26.417 Thread 0x00000203ccc5cb00 Uncommon trap: reason=unstable_if action=reinterpret pc=0x00000203f846252c method=org.eclipse.jdt.internal.compiler.parser.Scanner.atMultiCaseComma()Z @ 4 c2
Event: 26.417 Thread 0x00000203ccc5cb00 DEOPT PACKING pc=0x00000203f846252c sp=0x000000041e0feee0
Event: 26.417 Thread 0x00000203ccc5cb00 DEOPT UNPACKING pc=0x00000203f7663aa2 sp=0x000000041e0fee20 mode 2
Event: 26.417 Thread 0x00000203ccc5cb00 Uncommon trap: trap_request=0xffffff45 fr.pc=0x00000203f846288c relative=0x000000000000006c
Event: 26.417 Thread 0x00000203ccc5cb00 Uncommon trap: reason=unstable_if action=reinterpret pc=0x00000203f846288c method=org.eclipse.jdt.internal.compiler.parser.Scanner.atMultiCaseComma()Z @ 4 c2
Event: 26.417 Thread 0x00000203ccc5cb00 DEOPT PACKING pc=0x00000203f846288c sp=0x000000041e0fee80
Event: 26.417 Thread 0x00000203ccc5cb00 DEOPT UNPACKING pc=0x00000203f7663aa2 sp=0x000000041e0fee20 mode 2
Event: 26.417 Thread 0x00000203ccc5cb00 Uncommon trap: trap_request=0x00000d12 fr.pc=0x00000203f8451ad8 relative=0x0000000000004598
Event: 26.417 Thread 0x00000203ccc5cb00 Uncommon trap: reason=unloaded action=reinterpret pc=0x00000203f8451ad8 method=org.eclipse.jdt.internal.compiler.parser.Parser.consumeRule(I)V @ 5198 c2
Event: 26.421 Thread 0x00000203ccc5cb00 DEOPT PACKING pc=0x00000203f8451ad8 sp=0x000000041e0fefb0
Event: 26.421 Thread 0x00000203ccc5cb00 DEOPT UNPACKING pc=0x00000203f7663aa2 sp=0x000000041e0fef50 mode 2
Event: 26.421 Thread 0x00000203ccc5cb00 Uncommon trap: trap_request=0x000010c8 fr.pc=0x00000203f8473dd4 relative=0x0000000000001714
Event: 26.421 Thread 0x00000203ccc5cb00 Uncommon trap: reason=unloaded action=reinterpret pc=0x00000203f8473dd4 method=org.eclipse.jdt.internal.compiler.parser.Parser.consumeToken(Lorg/eclipse/jdt/internal/compiler/parser/TerminalToken;)V @ 1405 c2
Event: 26.421 Thread 0x00000203ccc5cb00 DEOPT PACKING pc=0x00000203f8473dd4 sp=0x000000041e0fef90
Event: 26.421 Thread 0x00000203ccc5cb00 DEOPT UNPACKING pc=0x00000203f7663aa2 sp=0x000000041e0fef38 mode 2
Event: 28.450 Thread 0x00000203ccc5cb00 Uncommon trap: trap_request=0xffffff45 fr.pc=0x00000203f84e74f8 relative=0x0000000000000b98
Event: 28.450 Thread 0x00000203ccc5cb00 Uncommon trap: reason=unstable_if action=reinterpret pc=0x00000203f84e74f8 method=org.eclipse.jdt.internal.compiler.problem.ProblemReporter.getIrritant(I)I @ 1 c2
Event: 28.450 Thread 0x00000203ccc5cb00 DEOPT PACKING pc=0x00000203f84e74f8 sp=0x000000041e0fed50
Event: 28.450 Thread 0x00000203ccc5cb00 DEOPT UNPACKING pc=0x00000203f7663aa2 sp=0x000000041e0fecd8 mode 2

Classes loaded (20 events):
Event: 22.349 Loading class java/util/stream/Nodes$IntFixedNodeBuilder
Event: 22.349 Loading class java/util/stream/Node$Builder$OfInt
Event: 22.349 Loading class java/util/stream/Node$Builder$OfInt done
Event: 22.349 Loading class java/util/stream/Nodes$IntArrayNode
Event: 22.349 Loading class java/util/stream/Nodes$IntArrayNode done
Event: 22.349 Loading class java/util/stream/Nodes$IntFixedNodeBuilder done
Event: 22.350 Loading class java/util/stream/ReferencePipeline$4$1
Event: 22.350 Loading class java/util/stream/ReferencePipeline$4$1 done
Event: 22.749 Loading class java/util/stream/ReduceOps$4
Event: 22.749 Loading class java/util/stream/ReduceOps$4 done
Event: 22.749 Loading class java/util/stream/ReduceOps$4ReducingSink
Event: 22.749 Loading class java/util/stream/ReduceOps$4ReducingSink done
Event: 22.750 Loading class java/nio/file/Files$2
Event: 22.751 Loading class java/nio/file/Files$2 done
Event: 23.101 Loading class java/util/Hashtable$ValueCollection
Event: 23.101 Loading class java/util/Hashtable$ValueCollection done
Event: 23.110 Loading class java/util/concurrent/ConcurrentHashMap$KeySpliterator
Event: 23.110 Loading class java/util/concurrent/ConcurrentHashMap$KeySpliterator done
Event: 23.122 Loading class sun/nio/ch/ChannelOutputStream
Event: 23.122 Loading class sun/nio/ch/ChannelOutputStream done

Classes unloaded (7 events):
Event: 4.053 Thread 0x00000203ff974960 Unloading class 0x00000203851a5000 'java/lang/invoke/LambdaForm$MH+0x00000203851a5000'
Event: 4.053 Thread 0x00000203ff974960 Unloading class 0x00000203851a4c00 'java/lang/invoke/LambdaForm$MH+0x00000203851a4c00'
Event: 4.053 Thread 0x00000203ff974960 Unloading class 0x00000203851a4800 'java/lang/invoke/LambdaForm$MH+0x00000203851a4800'
Event: 4.053 Thread 0x00000203ff974960 Unloading class 0x00000203851a4400 'java/lang/invoke/LambdaForm$MH+0x00000203851a4400'
Event: 4.053 Thread 0x00000203ff974960 Unloading class 0x00000203851a4000 'java/lang/invoke/LambdaForm$BMH+0x00000203851a4000'
Event: 4.053 Thread 0x00000203ff974960 Unloading class 0x00000203851a3c00 'java/lang/invoke/LambdaForm$DMH+0x00000203851a3c00'
Event: 4.053 Thread 0x00000203ff974960 Unloading class 0x00000203851a2800 'java/lang/invoke/LambdaForm$DMH+0x00000203851a2800'

Classes redefined (0 events):
No events

Internal exceptions (20 events):
Event: 21.939 Thread 0x00000203ccf00800 Exception <a 'sun/nio/fs/WindowsException'{0x00000000d561f2f8}> (0x00000000d561f2f8) 
thrown [s\src\hotspot\share\prims\jni.cpp, line 520]
Event: 21.940 Thread 0x00000203ccf00e90 Exception <a 'sun/nio/fs/WindowsException'{0x00000000d5624638}> (0x00000000d5624638) 
thrown [s\src\hotspot\share\prims\jni.cpp, line 520]
Event: 21.940 Thread 0x00000203cee127d0 Exception <a 'sun/nio/fs/WindowsException'{0x00000000d5629918}> (0x00000000d5629918) 
thrown [s\src\hotspot\share\prims\jni.cpp, line 520]
Event: 21.940 Thread 0x00000203cee10070 Exception <a 'sun/nio/fs/WindowsException'{0x00000000d562ebf8}> (0x00000000d562ebf8) 
thrown [s\src\hotspot\share\prims\jni.cpp, line 520]
Event: 21.941 Thread 0x00000203cee11ab0 Exception <a 'sun/nio/fs/WindowsException'{0x00000000d563e3d8}> (0x00000000d563e3d8) 
thrown [s\src\hotspot\share\prims\jni.cpp, line 520]
Event: 21.941 Thread 0x00000203cee127d0 Exception <a 'sun/nio/fs/WindowsException'{0x00000000d562aef0}> (0x00000000d562aef0) 
thrown [s\src\hotspot\share\prims\jni.cpp, line 520]
Event: 21.941 Thread 0x00000203cee10700 Exception <a 'sun/nio/fs/WindowsException'{0x00000000d564da40}> (0x00000000d564da40) 
thrown [s\src\hotspot\share\prims\jni.cpp, line 520]
Event: 21.941 Thread 0x00000203ccf00800 Exception <a 'sun/nio/fs/WindowsException'{0x00000000d5620f68}> (0x00000000d5620f68) 
thrown [s\src\hotspot\share\prims\jni.cpp, line 520]
Event: 21.941 Thread 0x00000203cee12e60 Exception <a 'sun/nio/fs/WindowsException'{0x00000000d5639610}> (0x00000000d5639610) 
thrown [s\src\hotspot\share\prims\jni.cpp, line 520]
Event: 21.943 Thread 0x00000203cee134f0 Exception <a 'sun/nio/fs/WindowsException'{0x00000000d5643450}> (0x00000000d5643450) 
thrown [s\src\hotspot\share\prims\jni.cpp, line 520]
Event: 21.944 Thread 0x00000203ccf00e90 Exception <a 'sun/nio/fs/WindowsException'{0x00000000d5628740}> (0x00000000d5628740) 
thrown [s\src\hotspot\share\prims\jni.cpp, line 520]
Event: 21.944 Thread 0x00000203cee134f0 Exception <a 'sun/nio/fs/WindowsException'{0x00000000d5644e30}> (0x00000000d5644e30) 
thrown [s\src\hotspot\share\prims\jni.cpp, line 520]
Event: 22.194 Thread 0x00000203cbdf7fe0 Implicit null exception at 0x00000203f7d201da to 0x00000203f7d20233
Event: 22.752 Thread 0x00000203cbdf7fe0 Exception <a 'java/lang/NoSuchMethodError'{0x00000000d5690938}: 'int java.lang.invoke.DirectMethodHandle$Holder.invokeSpecialIFC(java.lang.Object, java.lang.Object, java.lang.Object)'> (0x00000000d5690938) 
thrown [s\src\hotspot\share\interpreter\linkResolver.cpp, line 773]
Event: 22.810 Thread 0x00000203cbdf7fe0 Exception <a 'java/lang/NoSuchMethodError'{0x00000000d5641fb0}: 'java.lang.Object java.lang.invoke.DirectMethodHandle$Holder.newInvokeSpecial(java.lang.Object, java.lang.Object, java.lang.Object, java.lang.Object, int)'> (0x00000000d5641fb0) 
thrown [s\src\hotspot\share\interpreter\linkResolver.cpp, line 773]
Event: 22.811 Thread 0x00000203cbdf7fe0 Exception <a 'java/lang/NoSuchMethodError'{0x00000000d5646108}: 'java.lang.Object java.lang.invoke.DirectMethodHandle$Holder.invokeSpecial(java.lang.Object, java.lang.Object, java.lang.Object, java.lang.Object, java.lang.Object, int)'> (0x00000000d5646108) 
thrown [s\src\hotspot\share\interpreter\linkResolver.cpp, line 773]
Event: 22.812 Thread 0x00000203cbdf7fe0 Exception <a 'java/lang/NoSuchMethodError'{0x00000000d5649de8}: 'java.lang.Object java.lang.invoke.Invokers$Holder.linkToTargetMethod(java.lang.Object, java.lang.Object, java.lang.Object, int, java.lang.Object)'> (0x00000000d5649de8) 
thrown [s\src\hotspot\share\interpreter\linkResolver.cpp, line 773]
Event: 23.115 Thread 0x00000203cbdf7fe0 Exception <a 'java/lang/NoSuchMethodError'{0x00000000d56e9918}: 'java.lang.Object java.lang.invoke.DirectMethodHandle$Holder.newInvokeSpecial(java.lang.Object, java.lang.Object, int, int, java.lang.Object)'> (0x00000000d56e9918) 
thrown [s\src\hotspot\share\interpreter\linkResolver.cpp, line 773]
Event: 23.148 Thread 0x00000203ccc5cb00 Exception <a 'java/lang/NoSuchMethodError'{0x00000000d55c8ff8}: 'void java.lang.invoke.DirectMethodHandle$Holder.invokeVirtual(java.lang.Object, java.lang.Object, java.lang.Object, java.lang.Object, java.lang.Object)'> (0x00000000d55c8ff8) 
thrown [s\src\hotspot\share\interpreter\linkResolver.cpp, line 773]
Event: 23.326 Thread 0x00000203ccc5cb00 Exception <a 'java/lang/NoSuchMethodError'{0x00000000d56eb130}: 'java.lang.Object java.lang.invoke.DirectMethodHandle$Holder.invokeStatic(java.lang.Object, java.lang.Object, int, java.lang.Object, java.lang.Object)'> (0x00000000d56eb130) 
thrown [s\src\hotspot\share\interpreter\linkResolver.cpp, line 773]

ZGC Phase Switch (0 events):
No events

VM Operations (20 events):
Event: 26.404 Executing VM operation: ParallelGCFailedAllocation (Allocation Failure) done
Event: 26.406 Executing VM operation: ParallelGCFailedAllocation (Allocation Failure)
Event: 26.408 Executing VM operation: ParallelGCFailedAllocation (Allocation Failure) done
Event: 26.412 Executing VM operation: ParallelGCFailedAllocation (Allocation Failure)
Event: 26.414 Executing VM operation: ParallelGCFailedAllocation (Allocation Failure) done
Event: 26.417 Executing VM operation: ParallelGCFailedAllocation (Allocation Failure)
Event: 26.420 Executing VM operation: ParallelGCFailedAllocation (Allocation Failure) done
Event: 26.427 Executing VM operation: ParallelGCFailedAllocation (Allocation Failure)
Event: 26.429 Executing VM operation: ParallelGCFailedAllocation (Allocation Failure) done
Event: 26.435 Executing VM operation: ParallelGCFailedAllocation (Allocation Failure)
Event: 28.444 Executing VM operation: ParallelGCFailedAllocation (Allocation Failure) done
Event: 28.446 Executing VM operation: ParallelGCFailedAllocation (Allocation Failure)
Event: 28.448 Executing VM operation: ParallelGCFailedAllocation (Allocation Failure) done
Event: 28.450 Executing VM operation: ParallelGCFailedAllocation (Allocation Failure)
Event: 28.452 Executing VM operation: ParallelGCFailedAllocation (Allocation Failure) done
Event: 28.454 Executing VM operation: ParallelGCFailedAllocation (Allocation Failure)
Event: 28.456 Executing VM operation: ParallelGCFailedAllocation (Allocation Failure) done
Event: 28.461 Executing VM operation: ParallelGCFailedAllocation (Allocation Failure)
Event: 29.464 Executing VM operation: ParallelGCFailedAllocation (Allocation Failure) done
Event: 29.469 Executing VM operation: ParallelGCFailedAllocation (Allocation Failure)

Memory protections (0 events):
No events

Nmethod flushes (20 events):
Event: 11.452 Thread 0x00000203ff974960 flushing  nmethod 0x00000203f0b44c90
Event: 11.452 Thread 0x00000203ff974960 flushing  nmethod 0x00000203f0b46b90
Event: 11.452 Thread 0x00000203ff974960 flushing  nmethod 0x00000203f0b79910
Event: 11.452 Thread 0x00000203ff974960 flushing  nmethod 0x00000203f0b89190
Event: 11.452 Thread 0x00000203ff974960 flushing  nmethod 0x00000203f0b8cb90
Event: 11.452 Thread 0x00000203ff974960 flushing  nmethod 0x00000203f0baf110
Event: 11.452 Thread 0x00000203ff974960 flushing  nmethod 0x00000203f0baf710
Event: 11.452 Thread 0x00000203ff974960 flushing  nmethod 0x00000203f0bb0890
Event: 11.452 Thread 0x00000203ff974960 flushing  nmethod 0x00000203f0bb1590
Event: 11.452 Thread 0x00000203ff974960 flushing  nmethod 0x00000203f0bb2310
Event: 11.452 Thread 0x00000203ff974960 flushing  nmethod 0x00000203f0bb5510
Event: 11.452 Thread 0x00000203ff974960 flushing  nmethod 0x00000203f0bb5910
Event: 11.452 Thread 0x00000203ff974960 flushing  nmethod 0x00000203f0bcc990
Event: 11.452 Thread 0x00000203ff974960 flushing  nmethod 0x00000203f0bcf110
Event: 11.452 Thread 0x00000203ff974960 flushing  nmethod 0x00000203f0bd0190
Event: 11.452 Thread 0x00000203ff974960 flushing  nmethod 0x00000203f0bd3590
Event: 11.452 Thread 0x00000203ff974960 flushing  nmethod 0x00000203f0bdc490
Event: 11.452 Thread 0x00000203ff974960 flushing  nmethod 0x00000203f0bdd890
Event: 11.452 Thread 0x00000203ff974960 flushing  nmethod 0x00000203f0be1010
Event: 11.452 Thread 0x00000203ff974960 flushing  nmethod 0x00000203f0c00a10

Events (20 events):
Event: 21.940 Thread 0x00000203ccf00170 Thread added: 0x00000203cee12140
Event: 21.995 Thread 0x00000203cbdf7fe0 Thread added: 0x00000203cee13b80
Event: 21.995 Thread 0x00000203cbdf7fe0 Thread added: 0x00000203cee10d90
Event: 21.995 Thread 0x00000203cbdf7fe0 Thread added: 0x00000203cee148a0
Event: 21.995 Thread 0x00000203cee13b80 Thread added: 0x00000203cee155c0
Event: 21.995 Thread 0x00000203cee10d90 Thread added: 0x00000203cee15c50
Event: 21.996 Thread 0x00000203cee148a0 Thread added: 0x00000203cee14f30
Event: 21.996 Thread 0x00000203cbdf7fe0 Thread added: 0x00000203cee162e0
Event: 21.996 Thread 0x00000203cbdf7fe0 Thread added: 0x00000203cee16970
Event: 21.996 Thread 0x00000203cee14f30 Thread added: 0x00000203cee17000
Event: 21.996 Thread 0x00000203cee15c50 Thread added: 0x00000203cee17690
Event: 22.977 Thread 0x00000203cbdf7fe0 Thread added: 0x00000203ccc5cb00
Event: 23.116 Thread 0x00000203cbdf7fe0 Thread added: 0x00000203ccc5deb0
Event: 23.169 Thread 0x00000203cbdf7fe0 Thread added: 0x00000203ccc5d190
Event: 23.195 Thread 0x00000203cbdf7fe0 Thread added: 0x00000203ccc60610
Event: 26.400 Thread 0x00000203cbdf7fe0 Thread added: 0x00000203ccc5e540
Event: 26.400 Thread 0x00000203cbdf7fe0 Thread added: 0x00000203ccc5f260
Event: 26.400 Thread 0x00000203cbdf7fe0 Thread added: 0x00000203ccc619c0
Event: 26.401 Thread 0x00000203cbdf7fe0 Thread added: 0x00000203ccc61330
Event: 26.424 Thread 0x00000203cbdf7fe0 Thread added: 0x00000203ccc60ca0


Dynamic libraries:
0x00007ff6068e0000 - 0x00007ff6068ee000 	c:\Users\sande\.vscode\extensions\redhat.java-1.51.0-win32-x64\jre\21.0.9-win32-x86_64\bin\java.exe
0x00007ffba4c00000 - 0x00007ffba4e67000 	C:\WINDOWS\SYSTEM32\ntdll.dll
0x00007ffba3580000 - 0x00007ffba3649000 	C:\WINDOWS\System32\KERNEL32.DLL
0x00007ffba1de0000 - 0x00007ffba21cf000 	C:\WINDOWS\System32\KERNELBASE.dll
0x00007ffba26b0000 - 0x00007ffba27fb000 	C:\WINDOWS\System32\ucrtbase.dll
0x00007ffb4a060000 - 0x00007ffb4a078000 	c:\Users\sande\.vscode\extensions\redhat.java-1.51.0-win32-x64\jre\21.0.9-win32-x86_64\bin\jli.dll
0x00007ffba33b0000 - 0x00007ffba3575000 	C:\WINDOWS\System32\USER32.dll
0x00007ffba2800000 - 0x00007ffba2827000 	C:\WINDOWS\System32\win32u.dll
0x00007ffba2bd0000 - 0x00007ffba2bfb000 	C:\WINDOWS\System32\GDI32.dll
0x00007ffb469c0000 - 0x00007ffb469de000 	c:\Users\sande\.vscode\extensions\redhat.java-1.51.0-win32-x64\jre\21.0.9-win32-x86_64\bin\VCRUNTIME140.dll
0x00007ffba2580000 - 0x00007ffba26ac000 	C:\WINDOWS\System32\gdi32full.dll
0x00007ffba28f0000 - 0x00007ffba2993000 	C:\WINDOWS\System32\msvcp_win.dll
0x00007ffb8a300000 - 0x00007ffb8a593000 	C:\WINDOWS\WinSxS\amd64_microsoft.windows.common-controls_6595b64144ccf1df_6.0.26100.7309_none_3e05feeae336a044\COMCTL32.dll
0x00007ffba44e0000 - 0x00007ffba4589000 	C:\WINDOWS\System32\msvcrt.dll
0x00007ffba2b40000 - 0x00007ffba2b71000 	C:\WINDOWS\System32\IMM32.DLL
0x00007ffb82800000 - 0x00007ffb8280c000 	c:\Users\sande\.vscode\extensions\redhat.java-1.51.0-win32-x64\jre\21.0.9-win32-x86_64\bin\vcruntime140_1.dll
0x00007ffb3f050000 - 0x00007ffb3f0dd000 	c:\Users\sande\.vscode\extensions\redhat.java-1.51.0-win32-x64\jre\21.0.9-win32-x86_64\bin\msvcp140.dll
0x00007ffb0c3e0000 - 0x00007ffb0d180000 	c:\Users\sande\.vscode\extensions\redhat.java-1.51.0-win32-x64\jre\21.0.9-win32-x86_64\bin\server\jvm.dll
0x00007ffba2d90000 - 0x00007ffba2e44000 	C:\WINDOWS\System32\ADVAPI32.dll
0x00007ffba3b10000 - 0x00007ffba3bb6000 	C:\WINDOWS\System32\sechost.dll
0x00007ffba39f0000 - 0x00007ffba3b08000 	C:\WINDOWS\System32\RPCRT4.dll
0x00007ffba3bc0000 - 0x00007ffba3c34000 	C:\WINDOWS\System32\WS2_32.dll
0x00007ffba0940000 - 0x00007ffba099e000 	C:\WINDOWS\SYSTEM32\POWRPROF.dll
0x00007ffb93c10000 - 0x00007ffb93c45000 	C:\WINDOWS\SYSTEM32\WINMM.dll
0x00007ffb9eb30000 - 0x00007ffb9eb3b000 	C:\WINDOWS\SYSTEM32\VERSION.dll
0x00007ffba0920000 - 0x00007ffba0934000 	C:\WINDOWS\SYSTEM32\UMPDC.dll
0x00007ffba0c20000 - 0x00007ffba0c3b000 	C:\WINDOWS\SYSTEM32\kernel.appcore.dll
0x00007ffb73d30000 - 0x00007ffb73d3a000 	c:\Users\sande\.vscode\extensions\redhat.java-1.51.0-win32-x64\jre\21.0.9-win32-x86_64\bin\jimage.dll
0x00007ffb9f450000 - 0x00007ffb9f692000 	C:\WINDOWS\SYSTEM32\DBGHELP.DLL
0x00007ffba3660000 - 0x00007ffba39e5000 	C:\WINDOWS\System32\combase.dll
0x00007ffba2e50000 - 0x00007ffba2f26000 	C:\WINDOWS\System32\OLEAUT32.dll
0x00007ffb89190000 - 0x00007ffb891cc000 	C:\WINDOWS\SYSTEM32\dbgcore.DLL
0x00007ffba21e0000 - 0x00007ffba2285000 	C:\WINDOWS\System32\bcryptPrimitives.dll
0x00007ffb9b940000 - 0x00007ffb9b94f000 	c:\Users\sande\.vscode\extensions\redhat.java-1.51.0-win32-x64\jre\21.0.9-win32-x86_64\bin\instrument.dll
0x00007ffb4a040000 - 0x00007ffb4a060000 	c:\Users\sande\.vscode\extensions\redhat.java-1.51.0-win32-x64\jre\21.0.9-win32-x86_64\bin\java.dll
0x00007ffba3d80000 - 0x00007ffba44d3000 	C:\WINDOWS\System32\SHELL32.dll
0x00007ffba2410000 - 0x00007ffba257a000 	C:\WINDOWS\System32\wintypes.dll
0x00007ffb9f960000 - 0x00007ffba01be000 	C:\WINDOWS\SYSTEM32\windows.storage.dll
0x00007ffba2a10000 - 0x00007ffba2b05000 	C:\WINDOWS\System32\SHCORE.dll
0x00007ffba3d00000 - 0x00007ffba3d66000 	C:\WINDOWS\System32\shlwapi.dll
0x00007ffba1c70000 - 0x00007ffba1c99000 	C:\WINDOWS\SYSTEM32\profapi.dll
0x00007ffb47f30000 - 0x00007ffb47f48000 	c:\Users\sande\.vscode\extensions\redhat.java-1.51.0-win32-x64\jre\21.0.9-win32-x86_64\bin\zip.dll
0x00007ffb4a5f0000 - 0x00007ffb4a600000 	C:\Users\sande\.vscode\extensions\redhat.java-1.51.0-win32-x64\jre\21.0.9-win32-x86_64\bin\net.dll
0x00007ffb9a620000 - 0x00007ffb9a748000 	C:\WINDOWS\SYSTEM32\WINHTTP.dll
0x00007ffba1190000 - 0x00007ffba11fb000 	C:\WINDOWS\system32\mswsock.dll
0x00007ffb47f10000 - 0x00007ffb47f26000 	C:\Users\sande\.vscode\extensions\redhat.java-1.51.0-win32-x64\jre\21.0.9-win32-x86_64\bin\nio.dll
0x00007ffb8bd00000 - 0x00007ffb8bd10000 	c:\Users\sande\.vscode\extensions\redhat.java-1.51.0-win32-x64\jre\21.0.9-win32-x86_64\bin\verify.dll
0x00007ffb72250000 - 0x00007ffb72294000 	C:\Users\sande\AppData\Roaming\Code\User\globalStorage\redhat.java\1.51.0\config_win\org.eclipse.equinox.launcher\org.eclipse.equinox.launcher.win32.win32.x86_64_1.2.1400.v20250801-0854\eclipse_11916.dll
0x00007ffba4590000 - 0x00007ffba4727000 	C:\WINDOWS\System32\ole32.dll
0x00007ffba1450000 - 0x00007ffba146b000 	C:\WINDOWS\SYSTEM32\CRYPTSP.dll
0x00007ffba0b80000 - 0x00007ffba0bba000 	C:\WINDOWS\system32\rsaenh.dll
0x00007ffba1240000 - 0x00007ffba126b000 	C:\WINDOWS\SYSTEM32\USERENV.dll
0x00007ffba1c40000 - 0x00007ffba1c6a000 	C:\WINDOWS\SYSTEM32\bcrypt.dll
0x00007ffba1470000 - 0x00007ffba147c000 	C:\WINDOWS\SYSTEM32\CRYPTBASE.dll
0x00007ffba0600000 - 0x00007ffba0634000 	C:\WINDOWS\SYSTEM32\IPHLPAPI.DLL
0x00007ffba29a0000 - 0x00007ffba29aa000 	C:\WINDOWS\System32\NSI.dll
0x00007ffb35640000 - 0x00007ffb35689000 	C:\Users\sande\AppData\Local\Temp\jna-109203553\jna11144454743023582448.dll
0x00007ffba3650000 - 0x00007ffba3658000 	C:\WINDOWS\System32\PSAPI.DLL
0x00007ffb9a980000 - 0x00007ffb9a99e000 	C:\WINDOWS\SYSTEM32\dhcpcsvc6.DLL
0x00007ffb9a5a0000 - 0x00007ffb9a5c3000 	C:\WINDOWS\SYSTEM32\dhcpcsvc.DLL
0x00007ffb78580000 - 0x00007ffb785a7000 	C:\Users\sande\.gradle\native\1def1411415f61bf3af743bc5b6707747c0891f09f0c88961ee8f79bc544acac\windows-amd64\native-platform.dll
0x00007ffb47f00000 - 0x00007ffb47f0a000 	C:\Users\sande\.vscode\extensions\redhat.java-1.51.0-win32-x64\jre\21.0.9-win32-x86_64\bin\management.dll
0x00007ffb47ef0000 - 0x00007ffb47efc000 	C:\Users\sande\.vscode\extensions\redhat.java-1.51.0-win32-x64\jre\21.0.9-win32-x86_64\bin\management_ext.dll
0x00007ffb47ee0000 - 0x00007ffb47eee000 	C:\Users\sande\.vscode\extensions\redhat.java-1.51.0-win32-x64\jre\21.0.9-win32-x86_64\bin\sunmscapi.dll
0x00007ffba2290000 - 0x00007ffba2407000 	C:\WINDOWS\System32\CRYPT32.dll
0x00007ffba1670000 - 0x00007ffba16a0000 	C:\WINDOWS\SYSTEM32\ncrypt.dll
0x00007ffba1620000 - 0x00007ffba165f000 	C:\WINDOWS\SYSTEM32\NTASN1.dll
0x00007ffba0640000 - 0x00007ffba076c000 	C:\WINDOWS\SYSTEM32\DNSAPI.dll
0x00007ffb932d0000 - 0x00007ffb932db000 	C:\Windows\System32\rasadhlp.dll
0x00007ffb47ed0000 - 0x00007ffb47ed9000 	C:\Users\sande\.vscode\extensions\redhat.java-1.51.0-win32-x64\jre\21.0.9-win32-x86_64\bin\extnet.dll

JVMTI agents:
c:\Users\sande\.vscode\extensions\redhat.java-1.51.0-win32-x64\lombok\lombok-1.18.39-4050.jar path:c:\Users\sande\.vscode\extensions\redhat.java-1.51.0-win32-x64\jre\21.0.9-win32-x86_64\bin\instrument.dll, loaded, initialized, instrumentlib options:none

dbghelp: loaded successfully - version: 4.0.5 - missing functions: none
symbol engine: initialized successfully - sym options: 0x614 - pdb path: .;c:\Users\sande\.vscode\extensions\redhat.java-1.51.0-win32-x64\jre\21.0.9-win32-x86_64\bin;C:\WINDOWS\SYSTEM32;C:\WINDOWS\WinSxS\amd64_microsoft.windows.common-controls_6595b64144ccf1df_6.0.26100.7309_none_3e05feeae336a044;c:\Users\sande\.vscode\extensions\redhat.java-1.51.0-win32-x64\jre\21.0.9-win32-x86_64\bin\server;C:\Users\sande\AppData\Roaming\Code\User\globalStorage\redhat.java\1.51.0\config_win\org.eclipse.equinox.launcher\org.eclipse.equinox.launcher.win32.win32.x86_64_1.2.1400.v20250801-0854;C:\Users\sande\AppData\Local\Temp\jna-109203553;C:\Users\sande\.gradle\native\1def1411415f61bf3af743bc5b6707747c0891f09f0c88961ee8f79bc544acac\windows-amd64

VM Arguments:
jvm_args: --add-modules=ALL-SYSTEM --add-opens=java.base/java.util=ALL-UNNAMED --add-opens=java.base/java.lang=ALL-UNNAMED --add-opens=java.base/sun.nio.fs=ALL-UNNAMED -Declipse.application=org.eclipse.jdt.ls.core.id1 -Dosgi.bundles.defaultStartLevel=4 -Declipse.product=org.eclipse.jdt.ls.core.product -Djava.import.generatesMetadataFilesAtProjectRoot=false -DDetectVMInstallationsJob.disabled=true -Dfile.encoding=utf8 -XX:+UseParallelGC -XX:GCTimeRatio=4 -XX:AdaptiveSizePolicyWeight=90 -Dsun.zip.disableMemoryMapping=true -Xmx2G -Xms100m -Xlog:disable -javaagent:c:\Users\sande\.vscode\extensions\redhat.java-1.51.0-win32-x64\lombok\lombok-1.18.39-4050.jar -XX:+HeapDumpOnOutOfMemoryError -XX:HeapDumpPath=c:\Users\sande\AppData\Roaming\Code\User\workspaceStorage\c1189af7ad4b5b28f6591a4578dcf0ce\redhat.java -Daether.dependencyCollector.impl=bf 
java_command: c:\Users\sande\.vscode\extensions\redhat.java-1.51.0-win32-x64\server\plugins\org.eclipse.equinox.launcher_1.7.100.v20251111-0406.jar -configuration c:\Users\sande\AppData\Roaming\Code\User\globalStorage\redhat.java\1.51.0\config_win -data c:\Users\sande\AppData\Roaming\Code\User\workspaceStorage\c1189af7ad4b5b28f6591a4578dcf0ce\redhat.java\jdt_ws --pipe=\\.\pipe\lsp-37bfc8c9e6d19cce9309675ba0d34e25-sock
java_class_path (initial): c:\Users\sande\.vscode\extensions\redhat.java-1.51.0-win32-x64\server\plugins\org.eclipse.equinox.launcher_1.7.100.v20251111-0406.jar
Launcher Type: SUN_STANDARD

[Global flags]
    uintx AdaptiveSizePolicyWeight                 = 90                                        {product} {command line}
     intx CICompilerCount                          = 4                                         {product} {ergonomic}
    uintx GCTimeRatio                              = 4                                         {product} {command line}
     bool HeapDumpOnOutOfMemoryError               = true                                   {manageable} {command line}
    ccstr HeapDumpPath                             = c:\Users\sande\AppData\Roaming\Code\User\workspaceStorage\c1189af7ad4b5b28f6591a4578dcf0ce\redhat.java         {manageable} {command line}
   size_t InitialHeapSize                          = 104857600                                 {product} {command line}
   size_t MaxHeapSize                              = 2147483648                                {product} {command line}
   size_t MaxNewSize                               = 715653120                                 {product} {ergonomic}
   size_t MinHeapDeltaBytes                        = 524288                                    {product} {ergonomic}
   size_t MinHeapSize                              = 104857600                                 {product} {command line}
   size_t NewSize                                  = 34603008                                  {product} {ergonomic}
    uintx NonNMethodCodeHeapSize                   = 5839372                                {pd product} {ergonomic}
    uintx NonProfiledCodeHeapSize                  = 122909434                              {pd product} {ergonomic}
   size_t OldSize                                  = 70254592                                  {product} {ergonomic}
    uintx ProfiledCodeHeapSize                     = 122909434                              {pd product} {ergonomic}
    uintx ReservedCodeCacheSize                    = 251658240                              {pd product} {ergonomic}
     bool SegmentedCodeCache                       = true                                      {product} {ergonomic}
   size_t SoftMaxHeapSize                          = 2147483648                             {manageable} {ergonomic}
     bool UseCompressedOops                        = true                           {product lp64_product} {ergonomic}
     bool UseLargePagesIndividualAllocation        = false                                  {pd product} {ergonomic}
     bool UseParallelGC                            = true                                      {product} {command line}

Logging:
Log output configuration:
 #0: stdout all=off uptime,level,tags foldmultilines=false
 #1: stderr all=off uptime,level,tags foldmultilines=false

Release file:
JAVA_VERSION="21.0.9" 
MODULES="java.base java.compiler java.datatransfer java.xml java.prefs java.desktop java.instrument java.logging java.management java.security.sasl java.naming java.rmi java.management.rmi java.net.http java.scripting java.security.jgss java.transaction.xa java.sql java.sql.rowset java.xml.crypto java.se java.smartcardio jdk.accessibility jdk.internal.jvmstat jdk.attach jdk.charsets jdk.internal.opt jdk.zipfs jdk.compiler jdk.crypto.ec jdk.crypto.cryptoki jdk.crypto.mscapi jdk.dynalink jdk.internal.ed jdk.editpad jdk.hotspot.agent jdk.httpserver jdk.internal.le jdk.internal.vm.ci jdk.internal.vm.compiler jdk.internal.vm.compiler.management jdk.jartool jdk.javadoc jdk.jcmd jdk.management jdk.management.agent jdk.jconsole jdk.jdeps jdk.jdwp.agent jdk.jdi jdk.jfr jdk.jshell jdk.jsobject jdk.jstatd jdk.localedata jdk.management.jfr jdk.naming.dns jdk.naming.rmi jdk.net jdk.nio.mapmode jdk.random jdk.sctp jdk.security.auth jdk.security.jgss jdk.unsupported jdk.unsupported.desktop jdk.xml.dom" 

Environment Variables:
PATH=C:\Program Files\Common Files\Oracle\Java\javapath;C:\Python313\Scripts\;C:\Python313\;C:\Program Files\Python312\Scripts\;C:\Program Files\Python312\;C:\Windows\system32;C:\Windows;C:\Windows\System32\Wbem;C:\Windows\System32\WindowsPowerShell\v1.0\;C:\Windows\System32\OpenSSH\;C:\Program Files (x86)\NVIDIA Corporation\PhysX\Common;C:\WINDOWS\system32;C:\WINDOWS;C:\WINDOWS\System32\Wbem;C:\WINDOWS\System32\WindowsPowerShell\v1.0\;C:\WINDOWS\System32\OpenSSH\;C:\Program Files\Git\bin;C:\Program Files\NVIDIA Corporation\NVIDIA NvDLISR;C:\Program Files\GTK3-Runtime Win64\bin;C:\Users\sande\Downloads\kotlin-compiler-1.9.22\kotlinc\bin;C:\Program Files\Azure Data Studio\bin;C:\Program Files\MySQL\MySQL Server 8.0\bin;C:\Users\sande\AppData\Local\Android\Sdk;C:\Users\sande\AppData\Local\Android\Sdk\platform-tools;C:\WINDOWS\system32;C:\WINDOWS;C:\WINDOWS\System32\Wbem;C:\WINDOWS\System32\WindowsPowerShell\v1.0\;C:\WINDOWS\System32\OpenSSH\;C:\ProgramData\chocolatey\bin;C:\Program Files\nodejs;C:\Users\sande\AppData\Local\nvm;C:\nvm4w\nodejs;C:\MinGW\bin;C:\Program Files\Go\bin;C:\Users\sande\Downloads\apache-maven-3.9.9\bin;C:\Program Files\PuTTY\;C:\Program Files\Docker\Docker\resources\bin;C:\Program Files\Java\jdk-17\bin;C:\Users\sande\AppData\Local\Android\Sdk\tools;C:\Program Files\MySQL\MySQL Shell 8.0\bin\;C:\Users\sande\AppData\Local\Microsoft\WindowsApps;C:\Program Files\JetBrains\IntelliJ IDEA Community Edition 2023.1.2\bin;;C:\Users\sande\AppData\Local\Programs\Microsoft VS Code\bin;C:\Users\sande\dart-sdk\bin;C:\Users\sande\Desktop\flutter_windows_3.16.5-stable\flutter\bin;C:\Program Files\Azure Data Studio\bin;C:\ProgramData\Microsoft\Windows\Start Menu\Programs\Python 3.12\Python 3.12 (64-bit).lnk;C:\Program Files\Python312\Scripts;C:\Mongosh\;C:\Users\sande\AppData\Local\nvm;C:\nvm4w\nodejs;C:\Users\sande\go\bin;C:\Program Files\JetBrains\IntelliJ IDEA 2024.3.5\bin;;C:\Program Files\Java\jdk-17\bin;C:\Program Files\Java\jdk-17\;C:\Users\sande\AppData\Local\Programs\Antigravity\bin
USERNAME=sande
OS=Windows_NT
PROCESSOR_IDENTIFIER=Intel64 Family 6 Model 165 Stepping 2, GenuineIntel
TMP=C:\Users\sande\AppData\Local\Temp
TEMP=C:\Users\sande\AppData\Local\Temp




Periodic native trim disabled

---------------  S Y S T E M  ---------------

OS:
 Windows 11 , 64 bit Build 26100 (10.0.26100.7309)
OS uptime: 0 days 4:49 hours
Hyper-V role detected

CPU: total 12 (initial active 12) (6 cores per cpu, 2 threads per core) family 6 model 165 stepping 2 microcode 0xf6, cx8, cmov, fxsr, ht, mmx, 3dnowpref, sse, sse2, sse3, ssse3, sse4.1, sse4.2, popcnt, lzcnt, tsc, tscinvbit, avx, avx2, aes, erms, clmul, bmi1, bmi2, adx, fma, vzeroupper, clflush, clflushopt, hv, rdtscp, f16c
Processor Information for the first 12 processors :
  Max Mhz: 2496, Current Mhz: 2496, Mhz Limit: 2496

Memory: 4k page, system-wide physical 8059M (602M free)
TotalPageFile size 32635M (AvailPageFile size 2M)
current process WorkingSet (physical memory assigned to process): 496M, peak: 498M
current process commit charge ("private bytes"): 1692M, peak: 1692M

vm_info: OpenJDK 64-Bit Server VM (21.0.9+10-LTS) for windows-amd64 JRE (21.0.9+10-LTS), built on 2025-10-21T00:00:00Z by "admin" with unknown MS VC++:1942

END.
