#
# There is insufficient memory for the Java Runtime Environment to continue.
# Native memory allocation (malloc) failed to allocate 1078016 bytes. Error detail: Chunk::new
# Possible reasons:
#   The system is out of physical RAM or swap space
#   This process is running with CompressedOops enabled, and the Java Heap may be blocking the growth of the native heap
# Possible solutions:
#   Reduce memory load on the system
#   Increase physical memory or swap space
#   Check if swap backing store is full
#   Decrease Java heap size (-Xmx/-Xms)
#   Decrease number of Java threads
#   Decrease Java thread stack sizes (-Xss)
#   Set larger code cache with -XX:ReservedCodeCacheSize=
#   JVM is running with Unscaled Compressed Oops mode in which the Java heap is
#     placed in the first 4GB address space. The Java Heap base address is the
#     maximum limit for the native heap growth. Please use -XX:HeapBaseMinAddress
#     to set the Java Heap base and to place the Java Heap above 4GB virtual address.
# This output file may be truncated or incomplete.
#
#  Out of Memory Error (arena.cpp:168), pid=14852, tid=16592
#
# JRE version: OpenJDK Runtime Environment Temurin-21.0.9+10 (21.0.9+10) (build 21.0.9+10-LTS)
# Java VM: OpenJDK 64-Bit Server VM Temurin-21.0.9+10 (21.0.9+10-LTS, mixed mode, sharing, tiered, compressed oops, compressed class ptrs, parallel gc, windows-amd64)
# No core dump will be written. Minidumps are not enabled by default on client versions of Windows
#

---------------  S U M M A R Y ------------

Command Line: --add-modules=ALL-SYSTEM --add-opens=java.base/java.util=ALL-UNNAMED --add-opens=java.base/java.lang=ALL-UNNAMED --add-opens=java.base/sun.nio.fs=ALL-UNNAMED -Declipse.application=org.eclipse.jdt.ls.core.id1 -Dosgi.bundles.defaultStartLevel=4 -Declipse.product=org.eclipse.jdt.ls.core.product -Djava.import.generatesMetadataFilesAtProjectRoot=false -DDetectVMInstallationsJob.disabled=true -Dfile.encoding=utf8 -XX:+UseParallelGC -XX:GCTimeRatio=4 -XX:AdaptiveSizePolicyWeight=90 -Dsun.zip.disableMemoryMapping=true -Xmx2G -Xms100m -Xlog:disable -javaagent:c:\Users\sande\.vscode\extensions\redhat.java-1.51.0-win32-x64\lombok\lombok-1.18.39-4050.jar -XX:+HeapDumpOnOutOfMemoryError -XX:HeapDumpPath=c:\Users\sande\AppData\Roaming\Code\User\workspaceStorage\c1189af7ad4b5b28f6591a4578dcf0ce\redhat.java -Daether.dependencyCollector.impl=bf c:\Users\sande\.vscode\extensions\redhat.java-1.51.0-win32-x64\server\plugins\org.eclipse.equinox.launcher_1.7.100.v20251111-0406.jar -configuration c:\Users\sande\AppData\Roaming\Code\User\globalStorage\redhat.java\1.51.0\config_win -data c:\Users\sande\AppData\Roaming\Code\User\workspaceStorage\c1189af7ad4b5b28f6591a4578dcf0ce\redhat.java\jdt_ws --pipe=\\.\pipe\lsp-0270c18adc37a9f068e448512df17d3e-sock

Host: Intel(R) Core(TM) i5-10500H CPU @ 2.50GHz, 12 cores, 7G,  Windows 11 , 64 bit Build 26100 (10.0.26100.7309)
Time: Wed Jan  7 00:55:41 2026 India Standard Time elapsed time: 38.348821 seconds (0d 0h 0m 38s)

---------------  T H R E A D  ---------------

Current thread (0x000001d5e3e0a010):  JavaThread "C2 CompilerThread0" daemon [_thread_in_native, id=16592, stack(0x0000007f5dc00000,0x0000007f5dd00000) (1024K)]


Current CompileTask:
C2:38348 11806       4       org.eclipse.jdt.internal.compiler.lookup.CompilationUnitScope::recordQualifiedReference (103 bytes)

Stack: [0x0000007f5dc00000,0x0000007f5dd00000]
Native frames: (J=compiled Java code, j=interpreted, Vv=VM code, C=native code)
V  [jvm.dll+0x6d6e29]
V  [jvm.dll+0x8b4b76]
V  [jvm.dll+0x8b712e]
V  [jvm.dll+0x8b7813]
V  [jvm.dll+0x283d86]
V  [jvm.dll+0xc66ed]
V  [jvm.dll+0xc6c31]
V  [jvm.dll+0x3be53b]
V  [jvm.dll+0x38ab92]
V  [jvm.dll+0x389fda]
V  [jvm.dll+0x24bfa0]
V  [jvm.dll+0x24b580]
V  [jvm.dll+0x1cb13e]
V  [jvm.dll+0x25b29d]
V  [jvm.dll+0x25982a]
V  [jvm.dll+0x3f7ea6]
V  [jvm.dll+0x85e9ad]
V  [jvm.dll+0x6d565d]
C  [ucrtbase.dll+0x37b0]
C  [KERNEL32.DLL+0x2e8d7]
C  [ntdll.dll+0x8c53c]


---------------  P R O C E S S  ---------------

Threads class SMR info:
_java_thread_list=0x000001d5ee725100, length=90, elements={
0x000001d58afbe480, 0x000001d58b0667a0, 0x000001d5a1a6ca40, 0x000001d58b068770,
0x000001d58b06b6c0, 0x000001d58b06f7b0, 0x000001d58b074810, 0x000001d5e3e0a010,
0x000001d5e3e2ac90, 0x000001d5e4002350, 0x000001d5e41d45f0, 0x000001d5e95bd8f0,
0x000001d5e9961ad0, 0x000001d5e9655e60, 0x000001d5e96564c0, 0x000001d5e90fbf20,
0x000001d5e94782b0, 0x000001d5e96b9f00, 0x000001d5e96b9870, 0x000001d5e96b7110,
0x000001d5e96b77a0, 0x000001d5e96b7e30, 0x000001d5ea609610, 0x000001d5ea606820,
0x000001d5ea608f80, 0x000001d5ea606190, 0x000001d5ea609ca0, 0x000001d5ea60a330,
0x000001d5ea606eb0, 0x000001d5ea608260, 0x000001d5ea607bd0, 0x000001d5ea60a9c0,
0x000001d5ea607540, 0x000001d5ea60bd70, 0x000001d5ea60c400, 0x000001d5ea60d7b0,
0x000001d5ea60b050, 0x000001d5ea60ca90, 0x000001d5ea60b6e0, 0x000001d5ea60d120,
0x000001d5e9c09170, 0x000001d5e9c0a520, 0x000001d5e9c0abb0, 0x000001d5e9c0b240,
0x000001d5ecb84100, 0x000001d5ecb861d0, 0x000001d5ecb87c10, 0x000001d5ecb84790,
0x000001d5ecb882a0, 0x000001d5ecb88930, 0x000001d5ecb88fc0, 0x000001d5ecb85b40,
0x000001d5ecb8aa00, 0x000001d5ecb8b090, 0x000001d5ecb89650, 0x000001d5e95504f0,
0x000001d5e9552dd0, 0x000001d5eea3e030, 0x000001d5eea3cc80, 0x000001d5eea3c5f0,
0x000001d5eea3e6c0, 0x000001d5eea3d310, 0x000001d5eea3b240, 0x000001d5eea3f3e0,
0x000001d5eea40e20, 0x000001d5eea414b0, 0x000001d5eea41b40, 0x000001d5eea421d0,
0x000001d5eea3ed50, 0x000001d5eea42860, 0x000001d5eea3fa70, 0x000001d5eea40100,
0x000001d5eea40790, 0x000001d5ec2634c0, 0x000001d5ec2613f0, 0x000001d5ec260d60,
0x000001d5ec263b50, 0x000001d5ec2606d0, 0x000001d5ec2627a0, 0x000001d5ec264870,
0x000001d5ec261a80, 0x000001d5ec262110, 0x000001d5ec266fd0, 0x000001d5ec267660,
0x000001d5ec267cf0, 0x000001d5ec2662b0, 0x000001d5ec265590, 0x000001d5ec265c20,
0x000001d5ec266940, 0x000001d5f7e87480
}

Java Threads: ( => current thread )
  0x000001d58afbe480 JavaThread "main"                              [_thread_blocked, id=21064, stack(0x0000007f5d200000,0x0000007f5d300000) (1024K)]
  0x000001d58b0667a0 JavaThread "Reference Handler"          daemon [_thread_blocked, id=25860, stack(0x0000007f5d600000,0x0000007f5d700000) (1024K)]
  0x000001d5a1a6ca40 JavaThread "Finalizer"                  daemon [_thread_blocked, id=13064, stack(0x0000007f5d700000,0x0000007f5d800000) (1024K)]
  0x000001d58b068770 JavaThread "Signal Dispatcher"          daemon [_thread_blocked, id=23060, stack(0x0000007f5d800000,0x0000007f5d900000) (1024K)]
  0x000001d58b06b6c0 JavaThread "Attach Listener"            daemon [_thread_blocked, id=1124, stack(0x0000007f5d900000,0x0000007f5da00000) (1024K)]
  0x000001d58b06f7b0 JavaThread "Service Thread"             daemon [_thread_blocked, id=9744, stack(0x0000007f5da00000,0x0000007f5db00000) (1024K)]
  0x000001d58b074810 JavaThread "Monitor Deflation Thread"   daemon [_thread_blocked, id=12764, stack(0x0000007f5db00000,0x0000007f5dc00000) (1024K)]
=>0x000001d5e3e0a010 JavaThread "C2 CompilerThread0"         daemon [_thread_in_native, id=16592, stack(0x0000007f5dc00000,0x0000007f5dd00000) (1024K)]
  0x000001d5e3e2ac90 JavaThread "C1 CompilerThread0"         daemon [_thread_in_native, id=28348, stack(0x0000007f5dd00000,0x0000007f5de00000) (1024K)]
  0x000001d5e4002350 JavaThread "Common-Cleaner"             daemon [_thread_blocked, id=28508, stack(0x0000007f5de00000,0x0000007f5df00000) (1024K)]
  0x000001d5e41d45f0 JavaThread "Notification Thread"        daemon [_thread_blocked, id=19796, stack(0x0000007f5e000000,0x0000007f5e100000) (1024K)]
  0x000001d5e95bd8f0 JavaThread "Active Thread: Equinox Container: 6e48486e-9d13-4dc2-a743-9a9487922da0"        [_thread_blocked, id=15320, stack(0x0000007f5e800000,0x0000007f5e900000) (1024K)]
  0x000001d5e9961ad0 JavaThread "Refresh Thread: Equinox Container: 6e48486e-9d13-4dc2-a743-9a9487922da0" daemon [_thread_blocked, id=7752, stack(0x0000007f5e100000,0x0000007f5e200000) (1024K)]
  0x000001d5e9655e60 JavaThread "Framework Event Dispatcher: Equinox Container: 6e48486e-9d13-4dc2-a743-9a9487922da0" daemon [_thread_blocked, id=3444, stack(0x0000007f5e900000,0x0000007f5ea00000) (1024K)]
  0x000001d5e96564c0 JavaThread "Start Level: Equinox Container: 6e48486e-9d13-4dc2-a743-9a9487922da0" daemon [_thread_blocked, id=22988, stack(0x0000007f5ea00000,0x0000007f5eb00000) (1024K)]
  0x000001d5e90fbf20 JavaThread "Bundle File Closer"         daemon [_thread_blocked, id=27136, stack(0x0000007f5ee00000,0x0000007f5ef00000) (1024K)]
  0x000001d5e94782b0 JavaThread "SCR Component Actor"        daemon [_thread_blocked, id=23108, stack(0x0000007f5eb00000,0x0000007f5ec00000) (1024K)]
  0x000001d5e96b9f00 JavaThread "Worker-JM"                         [_thread_blocked, id=13236, stack(0x0000007f5f000000,0x0000007f5f100000) (1024K)]
  0x000001d5e96b9870 JavaThread "JNA Cleaner"                daemon [_thread_blocked, id=2064, stack(0x0000007f5ef00000,0x0000007f5f000000) (1024K)]
  0x000001d5e96b7110 JavaThread "Worker-0"                          [_thread_blocked, id=1632, stack(0x0000007f5f200000,0x0000007f5f300000) (1024K)]
  0x000001d5e96b77a0 JavaThread "Worker-1: Building"                [_thread_blocked, id=25132, stack(0x0000007f5f300000,0x0000007f5f400000) (1024K)]
  0x000001d5e96b7e30 JavaThread "Worker-2"                          [_thread_blocked, id=2508, stack(0x0000007f5f400000,0x0000007f5f500000) (1024K)]
  0x000001d5ea609610 JavaThread "Java indexing"              daemon [_thread_in_native, id=11604, stack(0x0000007f5f600000,0x0000007f5f700000) (1024K)]
  0x000001d5ea606820 JavaThread "Worker-3"                          [_thread_blocked, id=25952, stack(0x0000007f5f700000,0x0000007f5f800000) (1024K)]
  0x000001d5ea608f80 JavaThread "Worker-4"                          [_thread_blocked, id=7284, stack(0x0000007f5fa00000,0x0000007f5fb00000) (1024K)]
  0x000001d5ea606190 JavaThread "Worker-5"                          [_thread_blocked, id=10424, stack(0x0000007f5fb00000,0x0000007f5fc00000) (1024K)]
  0x000001d5ea609ca0 JavaThread "Worker-6"                          [_thread_blocked, id=28440, stack(0x0000007f5fc00000,0x0000007f5fd00000) (1024K)]
  0x000001d5ea60a330 JavaThread "Thread-1"                   daemon [_thread_in_native, id=18484, stack(0x0000007f5fd00000,0x0000007f5fe00000) (1024K)]
  0x000001d5ea606eb0 JavaThread "Thread-2"                   daemon [_thread_in_native, id=21432, stack(0x0000007f5fe00000,0x0000007f5ff00000) (1024K)]
  0x000001d5ea608260 JavaThread "Thread-3"                   daemon [_thread_in_native, id=23448, stack(0x0000007f5ff00000,0x0000007f60000000) (1024K)]
  0x000001d5ea607bd0 JavaThread "Thread-4"                   daemon [_thread_in_native, id=1680, stack(0x0000007f60000000,0x0000007f60100000) (1024K)]
  0x000001d5ea60a9c0 JavaThread "Thread-5"                   daemon [_thread_in_native, id=21052, stack(0x0000007f60100000,0x0000007f60200000) (1024K)]
  0x000001d5ea607540 JavaThread "Thread-6"                   daemon [_thread_in_native, id=18732, stack(0x0000007f60200000,0x0000007f60300000) (1024K)]
  0x000001d5ea60bd70 JavaThread "Thread-7"                   daemon [_thread_in_native, id=25492, stack(0x0000007f60300000,0x0000007f60400000) (1024K)]
  0x000001d5ea60c400 JavaThread "Thread-8"                   daemon [_thread_in_native, id=5712, stack(0x0000007f60400000,0x0000007f60500000) (1024K)]
  0x000001d5ea60d7b0 JavaThread "Thread-9"                   daemon [_thread_in_native, id=28096, stack(0x0000007f60500000,0x0000007f60600000) (1024K)]
  0x000001d5ea60b050 JavaThread "Thread-10"                  daemon [_thread_in_native, id=11032, stack(0x0000007f60600000,0x0000007f60700000) (1024K)]
  0x000001d5ea60ca90 JavaThread "Thread-11"                  daemon [_thread_in_native, id=17852, stack(0x0000007f60700000,0x0000007f60800000) (1024K)]
  0x000001d5ea60b6e0 JavaThread "Thread-12"                  daemon [_thread_in_native, id=25788, stack(0x0000007f60800000,0x0000007f60900000) (1024K)]
  0x000001d5ea60d120 JavaThread "Thread-13"                  daemon [_thread_in_native, id=2368, stack(0x0000007f60900000,0x0000007f60a00000) (1024K)]
  0x000001d5e9c09170 JavaThread "pool-2-thread-1"                   [_thread_blocked, id=6820, stack(0x0000007f60a00000,0x0000007f60b00000) (1024K)]
  0x000001d5e9c0a520 JavaThread "WorkspaceEventsHandler"            [_thread_blocked, id=22064, stack(0x0000007f60b00000,0x0000007f60c00000) (1024K)]
  0x000001d5e9c0abb0 JavaThread "pool-1-thread-1"                   [_thread_blocked, id=7612, stack(0x0000007f60c00000,0x0000007f60d00000) (1024K)]
  0x000001d5e9c0b240 JavaThread "Timer-0"                           [_thread_blocked, id=21876, stack(0x0000007f60d00000,0x0000007f60e00000) (1024K)]
  0x000001d5ecb84100 JavaThread "ForkJoinPool.commonPool-worker-1" daemon [_thread_blocked, id=5500, stack(0x0000007f5f500000,0x0000007f5f600000) (1024K)]
  0x000001d5ecb861d0 JavaThread "ForkJoinPool.commonPool-worker-2" daemon [_thread_blocked, id=20132, stack(0x0000007f60e00000,0x0000007f60f00000) (1024K)]
  0x000001d5ecb87c10 JavaThread "ForkJoinPool.commonPool-worker-3" daemon [_thread_blocked, id=6312, stack(0x0000007f60f00000,0x0000007f61000000) (1024K)]
  0x000001d5ecb84790 JavaThread "ForkJoinPool.commonPool-worker-4" daemon [_thread_blocked, id=1380, stack(0x0000007f61000000,0x0000007f61100000) (1024K)]
  0x000001d5ecb882a0 JavaThread "ForkJoinPool.commonPool-worker-5" daemon [_thread_blocked, id=11860, stack(0x0000007f61100000,0x0000007f61200000) (1024K)]
  0x000001d5ecb88930 JavaThread "ForkJoinPool.commonPool-worker-6" daemon [_thread_blocked, id=12156, stack(0x0000007f61200000,0x0000007f61300000) (1024K)]
  0x000001d5ecb88fc0 JavaThread "ForkJoinPool.commonPool-worker-7" daemon [_thread_blocked, id=23968, stack(0x0000007f61300000,0x0000007f61400000) (1024K)]
  0x000001d5ecb85b40 JavaThread "ForkJoinPool.commonPool-worker-8" daemon [_thread_blocked, id=26892, stack(0x0000007f61400000,0x0000007f61500000) (1024K)]
  0x000001d5ecb8aa00 JavaThread "ForkJoinPool.commonPool-worker-9" daemon [_thread_blocked, id=9592, stack(0x0000007f61500000,0x0000007f61600000) (1024K)]
  0x000001d5ecb8b090 JavaThread "ForkJoinPool.commonPool-worker-10" daemon [_thread_blocked, id=18168, stack(0x0000007f61600000,0x0000007f61700000) (1024K)]
  0x000001d5ecb89650 JavaThread "ForkJoinPool.commonPool-worker-11" daemon [_thread_blocked, id=26768, stack(0x0000007f61700000,0x0000007f61800000) (1024K)]
  0x000001d5e95504f0 JavaThread "C2 CompilerThread1"         daemon [_thread_in_native, id=13748, stack(0x0000007f5f100000,0x0000007f5f200000) (1024K)]
  0x000001d5e9552dd0 JavaThread "C2 CompilerThread2"         daemon [_thread_in_vm, id=12352, stack(0x0000007f61800000,0x0000007f61900000) (1024K)]
  0x000001d5eea3e030 JavaThread "LocalFile Deleter"          daemon [_thread_blocked, id=14808, stack(0x0000007f61900000,0x0000007f61a00000) (1024K)]
  0x000001d5eea3cc80 JavaThread "LocalFile Deleter"          daemon [_thread_blocked, id=3600, stack(0x0000007f61a00000,0x0000007f61b00000) (1024K)]
  0x000001d5eea3c5f0 JavaThread "LocalFile Deleter"          daemon [_thread_blocked, id=15676, stack(0x0000007f61b00000,0x0000007f61c00000) (1024K)]
  0x000001d5eea3e6c0 JavaThread "LocalFile Deleter"          daemon [_thread_blocked, id=20200, stack(0x0000007f61c00000,0x0000007f61d00000) (1024K)]
  0x000001d5eea3d310 JavaThread "LocalFile Deleter"          daemon [_thread_blocked, id=18204, stack(0x0000007f61d00000,0x0000007f61e00000) (1024K)]
  0x000001d5eea3b240 JavaThread "LocalFile Deleter"          daemon [_thread_blocked, id=19844, stack(0x0000007f61e00000,0x0000007f61f00000) (1024K)]
  0x000001d5eea3f3e0 JavaThread "LocalFile Deleter"          daemon [_thread_blocked, id=15656, stack(0x0000007f61f00000,0x0000007f62000000) (1024K)]
  0x000001d5eea40e20 JavaThread "LocalFile Deleter"          daemon [_thread_blocked, id=27996, stack(0x0000007f62000000,0x0000007f62100000) (1024K)]
  0x000001d5eea414b0 JavaThread "LocalFile Deleter"          daemon [_thread_blocked, id=24764, stack(0x0000007f62100000,0x0000007f62200000) (1024K)]
  0x000001d5eea41b40 JavaThread "LocalFile Deleter"          daemon [_thread_blocked, id=22356, stack(0x0000007f62200000,0x0000007f62300000) (1024K)]
  0x000001d5eea421d0 JavaThread "LocalFile Deleter"          daemon [_thread_blocked, id=25092, stack(0x0000007f62300000,0x0000007f62400000) (1024K)]
  0x000001d5eea3ed50 JavaThread "LocalFile Deleter"          daemon [_thread_blocked, id=13344, stack(0x0000007f62400000,0x0000007f62500000) (1024K)]
  0x000001d5eea42860 JavaThread "Compiler Source File Reader" daemon [_thread_blocked, id=9456, stack(0x0000007f62500000,0x0000007f62600000) (1024K)]
  0x000001d5eea3fa70 JavaThread "Compiler Source File Reader" daemon [_thread_blocked, id=21184, stack(0x0000007f62600000,0x0000007f62700000) (1024K)]
  0x000001d5eea40100 JavaThread "Compiler Source File Reader" daemon [_thread_blocked, id=13568, stack(0x0000007f62700000,0x0000007f62800000) (1024K)]
  0x000001d5eea40790 JavaThread "Compiler Source File Reader" daemon [_thread_blocked, id=25868, stack(0x0000007f62800000,0x0000007f62900000) (1024K)]
  0x000001d5ec2634c0 JavaThread "Compiler Source File Reader" daemon [_thread_blocked, id=7956, stack(0x0000007f62900000,0x0000007f62a00000) (1024K)]
  0x000001d5ec2613f0 JavaThread "Compiler Source File Reader" daemon [_thread_blocked, id=19684, stack(0x0000007f62a00000,0x0000007f62b00000) (1024K)]
  0x000001d5ec260d60 JavaThread "Compiler Source File Reader" daemon [_thread_blocked, id=15636, stack(0x0000007f62b00000,0x0000007f62c00000) (1024K)]
  0x000001d5ec263b50 JavaThread "Compiler Source File Reader" daemon [_thread_blocked, id=14496, stack(0x0000007f62c00000,0x0000007f62d00000) (1024K)]
  0x000001d5ec2606d0 JavaThread "Compiler Source File Reader" daemon [_thread_blocked, id=11568, stack(0x0000007f62d00000,0x0000007f62e00000) (1024K)]
  0x000001d5ec2627a0 JavaThread "Compiler Source File Reader" daemon [_thread_blocked, id=11748, stack(0x0000007f62e00000,0x0000007f62f00000) (1024K)]
  0x000001d5ec264870 JavaThread "Compiler Processing Task"   daemon [_thread_in_Java, id=21764, stack(0x0000007f62f00000,0x0000007f63000000) (1024K)]
  0x000001d5ec261a80 JavaThread "Compiler Class File Writer" daemon [_thread_blocked, id=9784, stack(0x0000007f63000000,0x0000007f63100000) (1024K)]
  0x000001d5ec262110 JavaThread "Compiler Class File Writer" daemon [_thread_blocked, id=8956, stack(0x0000007f63100000,0x0000007f63200000) (1024K)]
  0x000001d5ec266fd0 JavaThread "Compiler Class File Writer" daemon [_thread_blocked, id=23812, stack(0x0000007f63200000,0x0000007f63300000) (1024K)]
  0x000001d5ec267660 JavaThread "Compiler Class File Writer" daemon [_thread_blocked, id=17256, stack(0x0000007f63300000,0x0000007f63400000) (1024K)]
  0x000001d5ec267cf0 JavaThread "Compiler Class File Writer" daemon [_thread_blocked, id=18104, stack(0x0000007f63400000,0x0000007f63500000) (1024K)]
  0x000001d5ec2662b0 JavaThread "Compiler Class File Writer" daemon [_thread_blocked, id=22572, stack(0x0000007f63500000,0x0000007f63600000) (1024K)]
  0x000001d5ec265590 JavaThread "Compiler Class File Writer" daemon [_thread_blocked, id=16976, stack(0x0000007f63600000,0x0000007f63700000) (1024K)]
  0x000001d5ec265c20 JavaThread "Compiler Class File Writer" daemon [_thread_blocked, id=14584, stack(0x0000007f63700000,0x0000007f63800000) (1024K)]
  0x000001d5ec266940 JavaThread "Compiler Class File Writer" daemon [_thread_blocked, id=26016, stack(0x0000007f63800000,0x0000007f63900000) (1024K)]
  0x000001d5f7e87480 JavaThread "Compiler Class File Writer" daemon [_thread_blocked, id=27348, stack(0x0000007f63900000,0x0000007f63a00000) (1024K)]
Total: 90

Other Threads:
  0x000001d58b061920 VMThread "VM Thread"                           [id=15368, stack(0x0000007f5d500000,0x0000007f5d600000) (1024K)]
  0x000001d5a194ca00 WatcherThread "VM Periodic Task Thread"        [id=19012, stack(0x0000007f5d400000,0x0000007f5d500000) (1024K)]
  0x000001d58afdc620 WorkerThread "GC Thread#0"                     [id=15240, stack(0x0000007f5d300000,0x0000007f5d400000) (1024K)]
  0x000001d5e94bd7a0 WorkerThread "GC Thread#1"                     [id=28156, stack(0x0000007f5e200000,0x0000007f5e300000) (1024K)]
  0x000001d5e9775500 WorkerThread "GC Thread#2"                     [id=12676, stack(0x0000007f5e300000,0x0000007f5e400000) (1024K)]
  0x000001d5e94bdb40 WorkerThread "GC Thread#3"                     [id=26240, stack(0x0000007f5e400000,0x0000007f5e500000) (1024K)]
  0x000001d5e96c8c20 WorkerThread "GC Thread#4"                     [id=12968, stack(0x0000007f5e500000,0x0000007f5e600000) (1024K)]
  0x000001d5e96c8fc0 WorkerThread "GC Thread#5"                     [id=18820, stack(0x0000007f5e600000,0x0000007f5e700000) (1024K)]
  0x000001d5e9603190 WorkerThread "GC Thread#6"                     [id=18380, stack(0x0000007f5e700000,0x0000007f5e800000) (1024K)]
  0x000001d5e9961730 WorkerThread "GC Thread#7"                     [id=13440, stack(0x0000007f5df00000,0x0000007f5e000000) (1024K)]
  0x000001d5e94a50b0 WorkerThread "GC Thread#8"                     [id=12964, stack(0x0000007f5ec00000,0x0000007f5ed00000) (1024K)]
  0x000001d5e94a5b90 WorkerThread "GC Thread#9"                     [id=4748, stack(0x0000007f5ed00000,0x0000007f5ee00000) (1024K)]
Total: 12

Threads with active compile tasks:
C2 CompilerThread0  38402 11806       4       org.eclipse.jdt.internal.compiler.lookup.CompilationUnitScope::recordQualifiedReference (103 bytes)
C1 CompilerThread0  38402 11978   !   3       sun.security.provider.AbstractDrbg::engineNextBytes (283 bytes)
C2 CompilerThread1  38402 11932       4       org.eclipse.jdt.internal.compiler.parser.Scanner::internalScanIdentifierOrKeyword (5041 bytes)
C2 CompilerThread2  38402 11943       4       org.eclipse.jdt.internal.compiler.parser.Parser::consumeRule (7748 bytes)
Total: 4

VM state: not at safepoint (normal execution)

VM Mutex/Monitor currently owned by a thread: None

Heap address: 0x0000000080000000, size: 2048 MB, Compressed Oops mode: 32-bit

CDS archive(s) mapped at: [0x000001d5a2000000-0x000001d5a2ba0000-0x000001d5a2ba0000), size 12189696, SharedBaseAddress: 0x000001d5a2000000, ArchiveRelocationMode: 1.
Compressed class space mapped at: 0x000001d5a3000000-0x000001d5e3000000, reserved size: 1073741824
Narrow klass base: 0x000001d5a2000000, Narrow klass shift: 0, Narrow klass range: 0x100000000

GC Precious Log:
 CardTable entry size: 512
 CPUs: 12 total, 12 available
 Memory: 8059M
 Large Page Support: Disabled
 NUMA Support: Disabled
 Compressed Oops: Enabled (32-bit)
 Alignments: Space 512K, Generation 512K, Heap 2M
 Heap Min Capacity: 100M
 Heap Initial Capacity: 100M
 Heap Max Capacity: 2G
 Pre-touch: Disabled
 Parallel Workers: 10

Heap:
 PSYoungGen      total 5120K, used 2393K [0x00000000d5580000, 0x00000000d5d80000, 0x0000000100000000)
  eden space 4096K, 33% used [0x00000000d5580000,0x00000000d56da720,0x00000000d5980000)
  from space 1024K, 98% used [0x00000000d5b00000,0x00000000d5bfc010,0x00000000d5c00000)
  to   space 1536K, 0% used [0x00000000d5c00000,0x00000000d5c00000,0x00000000d5d80000)
 ParOldGen       total 273408K, used 273045K [0x0000000080000000, 0x0000000090b00000, 0x00000000d5580000)
  object space 273408K, 99% used [0x0000000080000000,0x0000000090aa5598,0x0000000090b00000)
 Metaspace       used 71208K, committed 72640K, reserved 1114112K
  class space    used 8029K, committed 8704K, reserved 1048576K

Card table byte_map: [0x000001d58a960000,0x000001d58ad70000] _byte_map_base: 0x000001d58a560000

Marking Bits: (ParMarkBitMap*) 0x00007ffb0d0a2460
 Begin Bits: [0x000001d59d470000, 0x000001d59f470000)
 End Bits:   [0x000001d59f470000, 0x000001d5a1470000)

Polling page: 0x000001d589180000

Metaspace:

Usage:
  Non-class:     61.70 MB used.
      Class:      7.84 MB used.
       Both:     69.54 MB used.

Virtual space:
  Non-class space:       64.00 MB reserved,      62.44 MB ( 98%) committed,  1 nodes.
      Class space:        1.00 GB reserved,       8.50 MB ( <1%) committed,  1 nodes.
             Both:        1.06 GB reserved,      70.94 MB (  7%) committed. 

Chunk freelists:
   Non-Class:  1.51 MB
       Class:  7.54 MB
        Both:  9.05 MB

MaxMetaspaceSize: unlimited
CompressedClassSpaceSize: 1.00 GB
Initial GC threshold: 21.00 MB
Current GC threshold: 97.31 MB
CDS: on
 - commit_granule_bytes: 65536.
 - commit_granule_words: 8192.
 - virtual_space_node_default_size: 8388608.
 - enlarge_chunks_in_place: 1.
 - use_allocation_guard: 0.


Internal statistics:

num_allocs_failed_limit: 11.
num_arena_births: 1224.
num_arena_deaths: 14.
num_vsnodes_births: 2.
num_vsnodes_deaths: 0.
num_space_committed: 1135.
num_space_uncommitted: 0.
num_chunks_returned_to_freelist: 25.
num_chunks_taken_from_freelist: 4286.
num_chunk_merges: 12.
num_chunk_splits: 2741.
num_chunks_enlarged: 1701.
num_inconsistent_stats: 0.

CodeHeap 'non-profiled nmethods': size=120000Kb used=9746Kb max_used=9746Kb free=110253Kb
 bounds [0x000001d595c90000, 0x000001d596620000, 0x000001d59d1c0000]
CodeHeap 'profiled nmethods': size=120000Kb used=25023Kb max_used=25023Kb free=94976Kb
 bounds [0x000001d58e1c0000, 0x000001d58fa30000, 0x000001d5956f0000]
CodeHeap 'non-nmethods': size=5760Kb used=1446Kb max_used=1552Kb free=4313Kb
 bounds [0x000001d5956f0000, 0x000001d595960000, 0x000001d595c90000]
CodeCache: size=245760Kb, used=36215Kb, max_used=36321Kb, free=209542Kb
 total_blobs=11812, nmethods=11053, adapters=663, full_count=0
Compilation: enabled, stopped_count=0, restarted_count=0

Compilation events (20 events):
Event: 37.327 Thread 0x000001d5e9552dd0 11918       4       org.eclipse.jdt.internal.compiler.lookup.ReferenceBinding::isStatic (28 bytes)
Event: 37.327 Thread 0x000001d5e3e2ac90 nmethod 11925 0x000001d58f9dee10 code [0x000001d58f9defc0, 0x000001d58f9df1b8]
Event: 37.327 Thread 0x000001d5e3e2ac90 11928 %     3       java.util.Arrays::fill @ 5 (21 bytes)
Event: 37.327 Thread 0x000001d5e3e2ac90 nmethod 11928% 0x000001d58f9df290 code [0x000001d58f9df440, 0x000001d58f9df7d0]
Event: 37.327 Thread 0x000001d5e3e2ac90 11917       3       java.util.HashSet::toArray (16 bytes)
Event: 37.327 Thread 0x000001d5e9552dd0 nmethod 11918 0x000001d596612d90 code [0x000001d596612f20, 0x000001d596612fc8]
Event: 37.327 Thread 0x000001d5e3e2ac90 nmethod 11917 0x000001d58f9df910 code [0x000001d58f9dfac0, 0x000001d58f9dfce0]
Event: 37.327 Thread 0x000001d5e9552dd0 11847       4       org.eclipse.jdt.internal.compiler.env.IModuleAwareNameEnvironment$LookupStrategy::get (37 bytes)
Event: 37.327 Thread 0x000001d5e3e2ac90 11930       3       org.eclipse.jdt.internal.core.builder.QualifiedNameSet::add (101 bytes)
Event: 37.328 Thread 0x000001d5e3e2ac90 nmethod 11930 0x000001d58f9dfe10 code [0x000001d58f9e0020, 0x000001d58f9e0610]
Event: 37.328 Thread 0x000001d5e3e2ac90 11905       3       org.eclipse.core.internal.resources.MarkerSet::get (121 bytes)
Event: 37.328 Thread 0x000001d5e9552dd0 nmethod 11847 0x000001d596613090 code [0x000001d596613220, 0x000001d5966132f8]
Event: 37.328 Thread 0x000001d5e9552dd0 11841       4       org.eclipse.core.runtime.ProgressMonitorWrapper::isCanceled (10 bytes)
Event: 37.328 Thread 0x000001d5e3e2ac90 nmethod 11905 0x000001d58f9e0890 code [0x000001d58f9e0ac0, 0x000001d58f9e12a8]
Event: 37.328 Thread 0x000001d5e3e2ac90 11899       3       org.eclipse.jdt.internal.compiler.parser.Scanner$Goal::hasBeenReached (95 bytes)
Event: 37.329 Thread 0x000001d5e3e2ac90 nmethod 11899 0x000001d58f9e1590 code [0x000001d58f9e1760, 0x000001d58f9e1b48]
Event: 37.329 Thread 0x000001d5e3e2ac90 11934       3       org.eclipse.jdt.internal.compiler.lookup.Scope::tagAsAccessingEnclosingInstanceStateOf (342 bytes)
Event: 37.331 Thread 0x000001d5e9552dd0 nmethod 11841 0x000001d596613390 code [0x000001d596613560, 0x000001d5966137f0]
Event: 37.331 Thread 0x000001d5e9552dd0 11936       4       org.eclipse.jdt.internal.compiler.lookup.CompilationUnitScope::typeToRecord (123 bytes)
Event: 38.346 Thread 0x000001d5e3e2ac90 nmethod 11934 0x000001d58f9e1c90 code [0x000001d58f9e2100, 0x000001d58f9e5178]

GC Heap History (20 events):
Event: 37.028 GC heap before
{Heap before GC invocations=790 (full 3):
 PSYoungGen      total 2560K, used 2560K [0x00000000d5580000, 0x00000000d5c80000, 0x0000000100000000)
  eden space 2048K, 100% used [0x00000000d5580000,0x00000000d5780000,0x00000000d5780000)
  from space 512K, 100% used [0x00000000d5b00000,0x00000000d5b80000,0x00000000d5b80000)
  to   space 2560K, 0% used [0x00000000d5780000,0x00000000d5780000,0x00000000d5a00000)
 ParOldGen       total 249344K, used 249291K [0x0000000080000000, 0x000000008f380000, 0x00000000d5580000)
  object space 249344K, 99% used [0x0000000080000000,0x000000008f372f00,0x000000008f380000)
 Metaspace       used 70759K, committed 72192K, reserved 1114112K
  class space    used 8003K, committed 8640K, reserved 1048576K
}
Event: 37.032 GC heap after
{Heap after GC invocations=790 (full 3):
 PSYoungGen      total 4608K, used 1872K [0x00000000d5580000, 0x00000000d5c00000, 0x0000000100000000)
  eden space 2048K, 0% used [0x00000000d5580000,0x00000000d5580000,0x00000000d5780000)
  from space 2560K, 73% used [0x00000000d5780000,0x00000000d5954038,0x00000000d5a00000)
  to   space 2048K, 0% used [0x00000000d5a00000,0x00000000d5a00000,0x00000000d5c00000)
 ParOldGen       total 249856K, used 249851K [0x0000000080000000, 0x000000008f400000, 0x00000000d5580000)
  object space 249856K, 99% used [0x0000000080000000,0x000000008f3fef00,0x000000008f400000)
 Metaspace       used 70759K, committed 72192K, reserved 1114112K
  class space    used 8003K, committed 8640K, reserved 1048576K
}
Event: 37.039 GC heap before
{Heap before GC invocations=791 (full 3):
 PSYoungGen      total 4608K, used 3920K [0x00000000d5580000, 0x00000000d5c00000, 0x0000000100000000)
  eden space 2048K, 100% used [0x00000000d5580000,0x00000000d5780000,0x00000000d5780000)
  from space 2560K, 73% used [0x00000000d5780000,0x00000000d5954038,0x00000000d5a00000)
  to   space 2048K, 0% used [0x00000000d5a00000,0x00000000d5a00000,0x00000000d5c00000)
 ParOldGen       total 249856K, used 249851K [0x0000000080000000, 0x000000008f400000, 0x00000000d5580000)
  object space 249856K, 99% used [0x0000000080000000,0x000000008f3fef00,0x000000008f400000)
 Metaspace       used 70762K, committed 72192K, reserved 1114112K
  class space    used 8003K, committed 8640K, reserved 1048576K
}
Event: 37.043 GC heap after
{Heap after GC invocations=791 (full 3):
 PSYoungGen      total 4608K, used 1984K [0x00000000d5580000, 0x00000000d5c00000, 0x0000000100000000)
  eden space 2560K, 0% used [0x00000000d5580000,0x00000000d5580000,0x00000000d5800000)
  from space 2048K, 96% used [0x00000000d5a00000,0x00000000d5bf0000,0x00000000d5c00000)
  to   space 2048K, 0% used [0x00000000d5800000,0x00000000d5800000,0x00000000d5a00000)
 ParOldGen       total 251904K, used 251643K [0x0000000080000000, 0x000000008f600000, 0x00000000d5580000)
  object space 251904K, 99% used [0x0000000080000000,0x000000008f5bef38,0x000000008f600000)
 Metaspace       used 70762K, committed 72192K, reserved 1114112K
  class space    used 8003K, committed 8640K, reserved 1048576K
}
Event: 37.053 GC heap before
{Heap before GC invocations=792 (full 3):
 PSYoungGen      total 4608K, used 4544K [0x00000000d5580000, 0x00000000d5c00000, 0x0000000100000000)
  eden space 2560K, 100% used [0x00000000d5580000,0x00000000d5800000,0x00000000d5800000)
  from space 2048K, 96% used [0x00000000d5a00000,0x00000000d5bf0000,0x00000000d5c00000)
  to   space 2048K, 0% used [0x00000000d5800000,0x00000000d5800000,0x00000000d5a00000)
 ParOldGen       total 251904K, used 251643K [0x0000000080000000, 0x000000008f600000, 0x00000000d5580000)
  object space 251904K, 99% used [0x0000000080000000,0x000000008f5bef38,0x000000008f600000)
 Metaspace       used 70779K, committed 72192K, reserved 1114112K
  class space    used 8003K, committed 8640K, reserved 1048576K
}
Event: 37.058 GC heap after
{Heap after GC invocations=792 (full 3):
 PSYoungGen      total 4608K, used 2048K [0x00000000d5580000, 0x00000000d6180000, 0x0000000100000000)
  eden space 2560K, 0% used [0x00000000d5580000,0x00000000d5580000,0x00000000d5800000)
  from space 2048K, 100% used [0x00000000d5800000,0x00000000d5a00000,0x00000000d5a00000)
  to   space 4608K, 0% used [0x00000000d5d00000,0x00000000d5d00000,0x00000000d6180000)
 ParOldGen       total 253952K, used 253747K [0x0000000080000000, 0x000000008f800000, 0x00000000d5580000)
  object space 253952K, 99% used [0x0000000080000000,0x000000008f7ccf38,0x000000008f800000)
 Metaspace       used 70779K, committed 72192K, reserved 1114112K
  class space    used 8003K, committed 8640K, reserved 1048576K
}
Event: 37.067 GC heap before
{Heap before GC invocations=793 (full 3):
 PSYoungGen      total 4608K, used 4608K [0x00000000d5580000, 0x00000000d6180000, 0x0000000100000000)
  eden space 2560K, 100% used [0x00000000d5580000,0x00000000d5800000,0x00000000d5800000)
  from space 2048K, 100% used [0x00000000d5800000,0x00000000d5a00000,0x00000000d5a00000)
  to   space 4608K, 0% used [0x00000000d5d00000,0x00000000d5d00000,0x00000000d6180000)
 ParOldGen       total 253952K, used 253747K [0x0000000080000000, 0x000000008f800000, 0x00000000d5580000)
  object space 253952K, 99% used [0x0000000080000000,0x000000008f7ccf38,0x000000008f800000)
 Metaspace       used 70793K, committed 72192K, reserved 1114112K
  class space    used 8004K, committed 8640K, reserved 1048576K
}
Event: 37.071 GC heap after
{Heap after GC invocations=793 (full 3):
 PSYoungGen      total 5632K, used 2560K [0x00000000d5580000, 0x00000000d5f80000, 0x0000000100000000)
  eden space 3072K, 0% used [0x00000000d5580000,0x00000000d5580000,0x00000000d5880000)
  from space 2560K, 100% used [0x00000000d5d00000,0x00000000d5f80000,0x00000000d5f80000)
  to   space 3584K, 0% used [0x00000000d5880000,0x00000000d5880000,0x00000000d5c00000)
 ParOldGen       total 256000K, used 255795K [0x0000000080000000, 0x000000008fa00000, 0x00000000d5580000)
  object space 256000K, 99% used [0x0000000080000000,0x000000008f9ccf38,0x000000008fa00000)
 Metaspace       used 70793K, committed 72192K, reserved 1114112K
  class space    used 8004K, committed 8640K, reserved 1048576K
}
Event: 37.080 GC heap before
{Heap before GC invocations=794 (full 3):
 PSYoungGen      total 5632K, used 5631K [0x00000000d5580000, 0x00000000d5f80000, 0x0000000100000000)
  eden space 3072K, 99% used [0x00000000d5580000,0x00000000d587fff0,0x00000000d5880000)
  from space 2560K, 100% used [0x00000000d5d00000,0x00000000d5f80000,0x00000000d5f80000)
  to   space 3584K, 0% used [0x00000000d5880000,0x00000000d5880000,0x00000000d5c00000)
 ParOldGen       total 256000K, used 255795K [0x0000000080000000, 0x000000008fa00000, 0x00000000d5580000)
  object space 256000K, 99% used [0x0000000080000000,0x000000008f9ccf38,0x000000008fa00000)
 Metaspace       used 70796K, committed 72192K, reserved 1114112K
  class space    used 8004K, committed 8640K, reserved 1048576K
}
Event: 37.084 GC heap after
{Heap after GC invocations=794 (full 3):
 PSYoungGen      total 6656K, used 2741K [0x00000000d5580000, 0x00000000d5f80000, 0x0000000100000000)
  eden space 3072K, 0% used [0x00000000d5580000,0x00000000d5580000,0x00000000d5880000)
  from space 3584K, 76% used [0x00000000d5880000,0x00000000d5b2d418,0x00000000d5c00000)
  to   space 3072K, 0% used [0x00000000d5c80000,0x00000000d5c80000,0x00000000d5f80000)
 ParOldGen       total 258560K, used 258224K [0x0000000080000000, 0x000000008fc80000, 0x00000000d5580000)
  object space 258560K, 99% used [0x0000000080000000,0x000000008fc2c388,0x000000008fc80000)
 Metaspace       used 70796K, committed 72192K, reserved 1114112K
  class space    used 8004K, committed 8640K, reserved 1048576K
}
Event: 37.104 GC heap before
{Heap before GC invocations=795 (full 3):
 PSYoungGen      total 6656K, used 5813K [0x00000000d5580000, 0x00000000d5f80000, 0x0000000100000000)
  eden space 3072K, 100% used [0x00000000d5580000,0x00000000d5880000,0x00000000d5880000)
  from space 3584K, 76% used [0x00000000d5880000,0x00000000d5b2d418,0x00000000d5c00000)
  to   space 3072K, 0% used [0x00000000d5c80000,0x00000000d5c80000,0x00000000d5f80000)
 ParOldGen       total 258560K, used 258224K [0x0000000080000000, 0x000000008fc80000, 0x00000000d5580000)
  object space 258560K, 99% used [0x0000000080000000,0x000000008fc2c388,0x000000008fc80000)
 Metaspace       used 70807K, committed 72192K, reserved 1114112K
  class space    used 8004K, committed 8640K, reserved 1048576K
}
Event: 37.110 GC heap after
{Heap after GC invocations=795 (full 3):
 PSYoungGen      total 7168K, used 2656K [0x00000000d5580000, 0x00000000d5f80000, 0x0000000100000000)
  eden space 4096K, 0% used [0x00000000d5580000,0x00000000d5580000,0x00000000d5980000)
  from space 3072K, 86% used [0x00000000d5c80000,0x00000000d5f18000,0x00000000d5f80000)
  to   space 3072K, 0% used [0x00000000d5980000,0x00000000d5980000,0x00000000d5c80000)
 ParOldGen       total 261120K, used 260907K [0x0000000080000000, 0x000000008ff00000, 0x00000000d5580000)
  object space 261120K, 99% used [0x0000000080000000,0x000000008fecaee8,0x000000008ff00000)
 Metaspace       used 70807K, committed 72192K, reserved 1114112K
  class space    used 8004K, committed 8640K, reserved 1048576K
}
Event: 37.175 GC heap before
{Heap before GC invocations=796 (full 3):
 PSYoungGen      total 7168K, used 6743K [0x00000000d5580000, 0x00000000d5f80000, 0x0000000100000000)
  eden space 4096K, 99% used [0x00000000d5580000,0x00000000d597dfc8,0x00000000d5980000)
  from space 3072K, 86% used [0x00000000d5c80000,0x00000000d5f18000,0x00000000d5f80000)
  to   space 3072K, 0% used [0x00000000d5980000,0x00000000d5980000,0x00000000d5c80000)
 ParOldGen       total 261120K, used 260907K [0x0000000080000000, 0x000000008ff00000, 0x00000000d5580000)
  object space 261120K, 99% used [0x0000000080000000,0x000000008fecaee8,0x000000008ff00000)
 Metaspace       used 70943K, committed 72320K, reserved 1114112K
  class space    used 8014K, committed 8640K, reserved 1048576K
}
Event: 37.179 GC heap after
{Heap after GC invocations=796 (full 3):
 PSYoungGen      total 7168K, used 2093K [0x00000000d5580000, 0x00000000d5f80000, 0x0000000100000000)
  eden space 4096K, 0% used [0x00000000d5580000,0x00000000d5580000,0x00000000d5980000)
  from space 3072K, 68% used [0x00000000d5980000,0x00000000d5b8b680,0x00000000d5c80000)
  to   space 2560K, 0% used [0x00000000d5d00000,0x00000000d5d00000,0x00000000d5f80000)
 ParOldGen       total 263680K, used 263451K [0x0000000080000000, 0x0000000090180000, 0x00000000d5580000)
  object space 263680K, 99% used [0x0000000080000000,0x0000000090146ee8,0x0000000090180000)
 Metaspace       used 70943K, committed 72320K, reserved 1114112K
  class space    used 8014K, committed 8640K, reserved 1048576K
}
Event: 37.220 GC heap before
{Heap before GC invocations=797 (full 3):
 PSYoungGen      total 7168K, used 6189K [0x00000000d5580000, 0x00000000d5f80000, 0x0000000100000000)
  eden space 4096K, 100% used [0x00000000d5580000,0x00000000d5980000,0x00000000d5980000)
  from space 3072K, 68% used [0x00000000d5980000,0x00000000d5b8b680,0x00000000d5c80000)
  to   space 2560K, 0% used [0x00000000d5d00000,0x00000000d5d00000,0x00000000d5f80000)
 ParOldGen       total 263680K, used 263451K [0x0000000080000000, 0x0000000090180000, 0x00000000d5580000)
  object space 263680K, 99% used [0x0000000080000000,0x0000000090146ee8,0x0000000090180000)
 Metaspace       used 71060K, committed 72512K, reserved 1114112K
  class space    used 8021K, committed 8704K, reserved 1048576K
}
Event: 37.224 GC heap after
{Heap after GC invocations=797 (full 3):
 PSYoungGen      total 6656K, used 2482K [0x00000000d5580000, 0x00000000d5f80000, 0x0000000100000000)
  eden space 4096K, 0% used [0x00000000d5580000,0x00000000d5580000,0x00000000d5980000)
  from space 2560K, 96% used [0x00000000d5d00000,0x00000000d5f6cad0,0x00000000d5f80000)
  to   space 2560K, 0% used [0x00000000d5a80000,0x00000000d5a80000,0x00000000d5d00000)
 ParOldGen       total 265216K, used 264752K [0x0000000080000000, 0x0000000090300000, 0x00000000d5580000)
  object space 265216K, 99% used [0x0000000080000000,0x000000009028c1b8,0x0000000090300000)
 Metaspace       used 71060K, committed 72512K, reserved 1114112K
  class space    used 8021K, committed 8704K, reserved 1048576K
}
Event: 37.271 GC heap before
{Heap before GC invocations=798 (full 3):
 PSYoungGen      total 6656K, used 5468K [0x00000000d5580000, 0x00000000d5f80000, 0x0000000100000000)
  eden space 4096K, 72% used [0x00000000d5580000,0x00000000d586a540,0x00000000d5980000)
  from space 2560K, 96% used [0x00000000d5d00000,0x00000000d5f6cad0,0x00000000d5f80000)
  to   space 2560K, 0% used [0x00000000d5a80000,0x00000000d5a80000,0x00000000d5d00000)
 ParOldGen       total 265216K, used 264752K [0x0000000080000000, 0x0000000090300000, 0x00000000d5580000)
  object space 265216K, 99% used [0x0000000080000000,0x000000009028c1b8,0x0000000090300000)
 Metaspace       used 71086K, committed 72576K, reserved 1114112K
  class space    used 8027K, committed 8704K, reserved 1048576K
}
Event: 37.275 GC heap after
{Heap after GC invocations=798 (full 3):
 PSYoungGen      total 5632K, used 1440K [0x00000000d5580000, 0x00000000d5d80000, 0x0000000100000000)
  eden space 4096K, 0% used [0x00000000d5580000,0x00000000d5580000,0x00000000d5980000)
  from space 1536K, 93% used [0x00000000d5a80000,0x00000000d5be8020,0x00000000d5c00000)
  to   space 1536K, 0% used [0x00000000d5c00000,0x00000000d5c00000,0x00000000d5d80000)
 ParOldGen       total 267264K, used 267061K [0x0000000080000000, 0x0000000090500000, 0x00000000d5580000)
  object space 267264K, 99% used [0x0000000080000000,0x00000000904cd6c0,0x0000000090500000)
 Metaspace       used 71086K, committed 72576K, reserved 1114112K
  class space    used 8027K, committed 8704K, reserved 1048576K
}
Event: 37.306 GC heap before
{Heap before GC invocations=799 (full 3):
 PSYoungGen      total 5632K, used 5536K [0x00000000d5580000, 0x00000000d5d80000, 0x0000000100000000)
  eden space 4096K, 100% used [0x00000000d5580000,0x00000000d5980000,0x00000000d5980000)
  from space 1536K, 93% used [0x00000000d5a80000,0x00000000d5be8020,0x00000000d5c00000)
  to   space 1536K, 0% used [0x00000000d5c00000,0x00000000d5c00000,0x00000000d5d80000)
 ParOldGen       total 267264K, used 267061K [0x0000000080000000, 0x0000000090500000, 0x00000000d5580000)
  object space 267264K, 99% used [0x0000000080000000,0x00000000904cd6c0,0x0000000090500000)
 Metaspace       used 71109K, committed 72576K, reserved 1114112K
  class space    used 8028K, committed 8704K, reserved 1048576K
}
Event: 37.311 GC heap after
{Heap after GC invocations=799 (full 3):
 PSYoungGen      total 5120K, used 544K [0x00000000d5580000, 0x00000000d5d00000, 0x0000000100000000)
  eden space 4096K, 0% used [0x00000000d5580000,0x00000000d5580000,0x00000000d5980000)
  from space 1024K, 53% used [0x00000000d5c00000,0x00000000d5c88000,0x00000000d5d00000)
  to   space 1024K, 0% used [0x00000000d5b00000,0x00000000d5b00000,0x00000000d5c00000)
 ParOldGen       total 272896K, used 272261K [0x0000000080000000, 0x0000000090a80000, 0x00000000d5580000)
  object space 272896K, 99% used [0x0000000080000000,0x00000000909e1458,0x0000000090a80000)
 Metaspace       used 71109K, committed 72576K, reserved 1114112K
  class space    used 8028K, committed 8704K, reserved 1048576K
}

Dll operation events (15 events):
Event: 0.016 Loaded shared library c:\Users\sande\.vscode\extensions\redhat.java-1.51.0-win32-x64\jre\21.0.9-win32-x86_64\bin\java.dll
Event: 0.126 Loaded shared library c:\Users\sande\.vscode\extensions\redhat.java-1.51.0-win32-x64\jre\21.0.9-win32-x86_64\bin\zip.dll
Event: 0.154 Loaded shared library C:\Users\sande\.vscode\extensions\redhat.java-1.51.0-win32-x64\jre\21.0.9-win32-x86_64\bin\instrument.dll
Event: 0.160 Loaded shared library C:\Users\sande\.vscode\extensions\redhat.java-1.51.0-win32-x64\jre\21.0.9-win32-x86_64\bin\net.dll
Event: 0.163 Loaded shared library C:\Users\sande\.vscode\extensions\redhat.java-1.51.0-win32-x64\jre\21.0.9-win32-x86_64\bin\nio.dll
Event: 0.167 Loaded shared library C:\Users\sande\.vscode\extensions\redhat.java-1.51.0-win32-x64\jre\21.0.9-win32-x86_64\bin\zip.dll
Event: 0.185 Loaded shared library C:\Users\sande\.vscode\extensions\redhat.java-1.51.0-win32-x64\jre\21.0.9-win32-x86_64\bin\jimage.dll
Event: 0.266 Loaded shared library c:\Users\sande\.vscode\extensions\redhat.java-1.51.0-win32-x64\jre\21.0.9-win32-x86_64\bin\verify.dll
Event: 9.784 Loaded shared library C:\Users\sande\AppData\Roaming\Code\User\globalStorage\redhat.java\1.51.0\config_win\org.eclipse.equinox.launcher\org.eclipse.equinox.launcher.win32.win32.x86_64_1.2.1400.v20250801-0854\eclipse_11916.dll
Event: 14.320 Loaded shared library C:\Users\sande\AppData\Local\Temp\jna-109203553\jna3141549137292452778.dll
Event: 20.894 Loaded shared library C:\Users\sande\.gradle\native\1def1411415f61bf3af743bc5b6707747c0891f09f0c88961ee8f79bc544acac\windows-amd64\native-platform.dll
Event: 22.821 Loaded shared library C:\Users\sande\.vscode\extensions\redhat.java-1.51.0-win32-x64\jre\21.0.9-win32-x86_64\bin\management.dll
Event: 22.827 Loaded shared library C:\Users\sande\.vscode\extensions\redhat.java-1.51.0-win32-x64\jre\21.0.9-win32-x86_64\bin\management_ext.dll
Event: 23.499 Loaded shared library C:\Users\sande\.vscode\extensions\redhat.java-1.51.0-win32-x64\jre\21.0.9-win32-x86_64\bin\sunmscapi.dll
Event: 23.585 Loaded shared library C:\Users\sande\.vscode\extensions\redhat.java-1.51.0-win32-x64\jre\21.0.9-win32-x86_64\bin\extnet.dll

Deoptimization events (20 events):
Event: 37.211 Thread 0x000001d5ec264870 DEOPT PACKING pc=0x000001d596562b78 sp=0x0000007f62ffeeb0
Event: 37.211 Thread 0x000001d5ec264870 DEOPT UNPACKING pc=0x000001d595743aa2 sp=0x0000007f62ffee50 mode 2
Event: 37.211 Thread 0x000001d5ec264870 Uncommon trap: trap_request=0x000010c8 fr.pc=0x000001d596540654 relative=0x00000000000016d4
Event: 37.211 Thread 0x000001d5ec264870 Uncommon trap: reason=unloaded action=reinterpret pc=0x000001d596540654 method=org.eclipse.jdt.internal.compiler.parser.Parser.consumeToken(Lorg/eclipse/jdt/internal/compiler/parser/TerminalToken;)V @ 1405 c2
Event: 37.211 Thread 0x000001d5ec264870 DEOPT PACKING pc=0x000001d596540654 sp=0x0000007f62ffee90
Event: 37.211 Thread 0x000001d5ec264870 DEOPT UNPACKING pc=0x000001d595743aa2 sp=0x0000007f62ffee38 mode 2
Event: 37.231 Thread 0x000001d5ec264870 Uncommon trap: trap_request=0xffffff45 fr.pc=0x000001d5966019f8 relative=0x0000000000000b98
Event: 37.231 Thread 0x000001d5ec264870 Uncommon trap: reason=unstable_if action=reinterpret pc=0x000001d5966019f8 method=org.eclipse.jdt.internal.compiler.problem.ProblemReporter.getIrritant(I)I @ 1 c2
Event: 37.231 Thread 0x000001d5ec264870 DEOPT PACKING pc=0x000001d5966019f8 sp=0x0000007f62ffec60
Event: 37.231 Thread 0x000001d5ec264870 DEOPT UNPACKING pc=0x000001d595743aa2 sp=0x0000007f62ffebe8 mode 2
Event: 37.238 Thread 0x000001d5ec264870 DEOPT PACKING pc=0x000001d58f6464e5 sp=0x0000007f62ffd300
Event: 37.238 Thread 0x000001d5ec264870 DEOPT UNPACKING pc=0x000001d595744242 sp=0x0000007f62ffc7b8 mode 0
Event: 37.261 Thread 0x000001d5ec264870 Uncommon trap: trap_request=0xffffff45 fr.pc=0x000001d5965ec4b8 relative=0x0000000000000098
Event: 37.261 Thread 0x000001d5ec264870 Uncommon trap: reason=unstable_if action=reinterpret pc=0x000001d5965ec4b8 method=org.eclipse.jdt.internal.compiler.impl.JavaFeature.isSupported(Lorg/eclipse/jdt/internal/compiler/impl/CompilerOptions;)Z @ 4 c2
Event: 37.261 Thread 0x000001d5ec264870 DEOPT PACKING pc=0x000001d5965ec4b8 sp=0x0000007f62ffea70
Event: 37.261 Thread 0x000001d5ec264870 DEOPT UNPACKING pc=0x000001d595743aa2 sp=0x0000007f62ffea10 mode 2
Event: 37.350 Thread 0x000001d5ea609610 Uncommon trap: trap_request=0xffffff45 fr.pc=0x000001d5965a34bc relative=0x0000000000000d3c
Event: 37.350 Thread 0x000001d5ea609610 Uncommon trap: reason=unstable_if action=reinterpret pc=0x000001d5965a34bc method=org.eclipse.jdt.internal.core.index.DiskIndex.mergeCategory([CLorg/eclipse/jdt/internal/core/index/DiskIndex;[ILjava/io/OutputStream;)V @ 278 c2
Event: 37.350 Thread 0x000001d5ea609610 DEOPT PACKING pc=0x000001d5965a34bc sp=0x0000007f5f6fecb0
Event: 37.350 Thread 0x000001d5ea609610 DEOPT UNPACKING pc=0x000001d595743aa2 sp=0x0000007f5f6feca8 mode 2

Classes loaded (20 events):
Event: 34.437 Loading class java/util/stream/ReferencePipeline$4
Event: 34.438 Loading class java/util/stream/ReferencePipeline$4 done
Event: 34.439 Loading class java/util/stream/Nodes$IntFixedNodeBuilder
Event: 34.439 Loading class java/util/stream/Node$Builder$OfInt
Event: 34.440 Loading class java/util/stream/Node$Builder$OfInt done
Event: 34.440 Loading class java/util/stream/Nodes$IntArrayNode
Event: 34.440 Loading class java/util/stream/Nodes$IntArrayNode done
Event: 34.440 Loading class java/util/stream/Nodes$IntFixedNodeBuilder done
Event: 34.440 Loading class java/util/stream/ReferencePipeline$4$1
Event: 34.440 Loading class java/util/stream/ReferencePipeline$4$1 done
Event: 36.494 Loading class java/util/stream/ReduceOps$4
Event: 36.494 Loading class java/util/stream/ReduceOps$4 done
Event: 36.494 Loading class java/util/stream/ReduceOps$4ReducingSink
Event: 36.494 Loading class java/util/stream/ReduceOps$4ReducingSink done
Event: 36.495 Loading class java/nio/file/Files$2
Event: 36.496 Loading class java/nio/file/Files$2 done
Event: 36.881 Loading class java/util/Hashtable$ValueCollection
Event: 36.881 Loading class java/util/Hashtable$ValueCollection done
Event: 36.889 Loading class java/util/concurrent/ConcurrentHashMap$KeySpliterator
Event: 36.889 Loading class java/util/concurrent/ConcurrentHashMap$KeySpliterator done

Classes unloaded (7 events):
Event: 15.211 Thread 0x000001d58b061920 Unloading class 0x000001d5a31a7000 'java/lang/invoke/LambdaForm$MH+0x000001d5a31a7000'
Event: 15.211 Thread 0x000001d58b061920 Unloading class 0x000001d5a31a6c00 'java/lang/invoke/LambdaForm$MH+0x000001d5a31a6c00'
Event: 15.211 Thread 0x000001d58b061920 Unloading class 0x000001d5a31a6800 'java/lang/invoke/LambdaForm$MH+0x000001d5a31a6800'
Event: 15.211 Thread 0x000001d58b061920 Unloading class 0x000001d5a31a6400 'java/lang/invoke/LambdaForm$MH+0x000001d5a31a6400'
Event: 15.211 Thread 0x000001d58b061920 Unloading class 0x000001d5a31a6000 'java/lang/invoke/LambdaForm$BMH+0x000001d5a31a6000'
Event: 15.211 Thread 0x000001d58b061920 Unloading class 0x000001d5a31a5c00 'java/lang/invoke/LambdaForm$DMH+0x000001d5a31a5c00'
Event: 15.211 Thread 0x000001d58b061920 Unloading class 0x000001d5a31a4800 'java/lang/invoke/LambdaForm$DMH+0x000001d5a31a4800'

Classes redefined (0 events):
No events

Internal exceptions (20 events):
Event: 33.071 Thread 0x000001d5eea414b0 Exception <a 'sun/nio/fs/WindowsException'{0x00000000d564d0e8}> (0x00000000d564d0e8) 
thrown [s\src\hotspot\share\prims\jni.cpp, line 520]
Event: 33.072 Thread 0x000001d5eea3d310 Exception <a 'sun/nio/fs/WindowsException'{0x00000000d5651308}> (0x00000000d5651308) 
thrown [s\src\hotspot\share\prims\jni.cpp, line 520]
Event: 33.073 Thread 0x000001d5eea41b40 Exception <a 'sun/nio/fs/WindowsException'{0x00000000d56592a0}> (0x00000000d56592a0) 
thrown [s\src\hotspot\share\prims\jni.cpp, line 520]
Event: 33.073 Thread 0x000001d5eea3e6c0 Exception <a 'sun/nio/fs/WindowsException'{0x00000000d5628aa8}> (0x00000000d5628aa8) 
thrown [s\src\hotspot\share\prims\jni.cpp, line 520]
Event: 33.076 Thread 0x000001d5eea3e6c0 Exception <a 'sun/nio/fs/WindowsException'{0x00000000d5673000}> (0x00000000d5673000) 
thrown [s\src\hotspot\share\prims\jni.cpp, line 520]
Event: 33.079 Thread 0x000001d5eea41b40 Exception <a 'sun/nio/fs/WindowsException'{0x00000000d5680b10}> (0x00000000d5680b10) 
thrown [s\src\hotspot\share\prims\jni.cpp, line 520]
Event: 33.080 Thread 0x000001d5eea3b240 Exception <a 'sun/nio/fs/WindowsException'{0x00000000d56630c0}> (0x00000000d56630c0) 
thrown [s\src\hotspot\share\prims\jni.cpp, line 520]
Event: 33.080 Thread 0x000001d5eea3e030 Exception <a 'sun/nio/fs/WindowsException'{0x00000000d568fad0}> (0x00000000d568fad0) 
thrown [s\src\hotspot\share\prims\jni.cpp, line 520]
Event: 33.080 Thread 0x000001d5eea3b240 Exception <a 'sun/nio/fs/WindowsException'{0x00000000d56aaf00}> (0x00000000d56aaf00) 
thrown [s\src\hotspot\share\prims\jni.cpp, line 520]
Event: 33.080 Thread 0x000001d5eea41b40 Exception <a 'sun/nio/fs/WindowsException'{0x00000000d56a6f60}> (0x00000000d56a6f60) 
thrown [s\src\hotspot\share\prims\jni.cpp, line 520]
Event: 33.081 Thread 0x000001d5eea3cc80 Exception <a 'sun/nio/fs/WindowsException'{0x00000000d568c6a8}> (0x00000000d568c6a8) 
thrown [s\src\hotspot\share\prims\jni.cpp, line 520]
Event: 34.244 Thread 0x000001d5e96b77a0 Implicit null exception at 0x000001d5964fba5a to 0x000001d5964fbab3
Event: 36.497 Thread 0x000001d5e96b77a0 Exception <a 'java/lang/NoSuchMethodError'{0x00000000d5828ea8}: 'int java.lang.invoke.DirectMethodHandle$Holder.invokeSpecialIFC(java.lang.Object, java.lang.Object, java.lang.Object)'> (0x00000000d5828ea8) 
thrown [s\src\hotspot\share\interpreter\linkResolver.cpp, line 773]
Event: 36.562 Thread 0x000001d5e96b77a0 Exception <a 'java/lang/NoSuchMethodError'{0x00000000d56fc5e8}: 'java.lang.Object java.lang.invoke.DirectMethodHandle$Holder.newInvokeSpecial(java.lang.Object, java.lang.Object, java.lang.Object, java.lang.Object, int)'> (0x00000000d56fc5e8) 
thrown [s\src\hotspot\share\interpreter\linkResolver.cpp, line 773]
Event: 36.563 Thread 0x000001d5e96b77a0 Exception <a 'java/lang/NoSuchMethodError'{0x00000000d5700740}: 'java.lang.Object java.lang.invoke.DirectMethodHandle$Holder.invokeSpecial(java.lang.Object, java.lang.Object, java.lang.Object, java.lang.Object, java.lang.Object, int)'> (0x00000000d5700740) 
thrown [s\src\hotspot\share\interpreter\linkResolver.cpp, line 773]
Event: 36.563 Thread 0x000001d5e96b77a0 Exception <a 'java/lang/NoSuchMethodError'{0x00000000d57044d0}: 'java.lang.Object java.lang.invoke.Invokers$Holder.linkToTargetMethod(java.lang.Object, java.lang.Object, java.lang.Object, int, java.lang.Object)'> (0x00000000d57044d0) 
thrown [s\src\hotspot\share\interpreter\linkResolver.cpp, line 773]
Event: 36.892 Thread 0x000001d5e96b77a0 Exception <a 'java/lang/NoSuchMethodError'{0x00000000d56804f8}: 'java.lang.Object java.lang.invoke.DirectMethodHandle$Holder.newInvokeSpecial(java.lang.Object, java.lang.Object, int, int, java.lang.Object)'> (0x00000000d56804f8) 
thrown [s\src\hotspot\share\interpreter\linkResolver.cpp, line 773]
Event: 36.917 Thread 0x000001d5ec264870 Exception <a 'java/lang/NoSuchMethodError'{0x00000000d575e4f8}: 'void java.lang.invoke.DirectMethodHandle$Holder.invokeVirtual(java.lang.Object, java.lang.Object, java.lang.Object, java.lang.Object, java.lang.Object)'> (0x00000000d575e4f8) 
thrown [s\src\hotspot\share\interpreter\linkResolver.cpp, line 773]
Event: 37.147 Thread 0x000001d5ec264870 Exception <a 'java/lang/NoSuchMethodError'{0x00000000d5814158}: 'java.lang.Object java.lang.invoke.DirectMethodHandle$Holder.invokeStatic(java.lang.Object, java.lang.Object, int, java.lang.Object, java.lang.Object)'> (0x00000000d5814158) 
thrown [s\src\hotspot\share\interpreter\linkResolver.cpp, line 773]
Event: 37.161 Thread 0x000001d5ec264870 Implicit null exception at 0x000001d5966020e0 to 0x000001d59660211c

ZGC Phase Switch (0 events):
No events

VM Operations (20 events):
Event: 37.043 Executing VM operation: ParallelGCFailedAllocation (Allocation Failure) done
Event: 37.052 Executing VM operation: ParallelGCFailedAllocation (Allocation Failure)
Event: 37.058 Executing VM operation: ParallelGCFailedAllocation (Allocation Failure) done
Event: 37.063 Executing VM operation: HandshakeAllThreads (Deoptimize)
Event: 37.063 Executing VM operation: HandshakeAllThreads (Deoptimize) done
Event: 37.067 Executing VM operation: ParallelGCFailedAllocation (Allocation Failure)
Event: 37.071 Executing VM operation: ParallelGCFailedAllocation (Allocation Failure) done
Event: 37.080 Executing VM operation: ParallelGCFailedAllocation (Allocation Failure)
Event: 37.084 Executing VM operation: ParallelGCFailedAllocation (Allocation Failure) done
Event: 37.104 Executing VM operation: ParallelGCFailedAllocation (Allocation Failure)
Event: 37.110 Executing VM operation: ParallelGCFailedAllocation (Allocation Failure) done
Event: 37.175 Executing VM operation: ParallelGCFailedAllocation (Allocation Failure)
Event: 37.179 Executing VM operation: ParallelGCFailedAllocation (Allocation Failure) done
Event: 37.219 Executing VM operation: ParallelGCFailedAllocation (Allocation Failure)
Event: 37.224 Executing VM operation: ParallelGCFailedAllocation (Allocation Failure) done
Event: 37.271 Executing VM operation: ParallelGCFailedAllocation (Allocation Failure)
Event: 37.275 Executing VM operation: ParallelGCFailedAllocation (Allocation Failure) done
Event: 37.306 Executing VM operation: ParallelGCFailedAllocation (Allocation Failure)
Event: 37.311 Executing VM operation: ParallelGCFailedAllocation (Allocation Failure) done
Event: 38.315 Executing VM operation: Cleanup

Memory protections (0 events):
No events

Nmethod flushes (20 events):
Event: 23.331 Thread 0x000001d58b061920 flushing  nmethod 0x000001d58ebd8e10
Event: 23.331 Thread 0x000001d58b061920 flushing  nmethod 0x000001d58ebe2f10
Event: 23.331 Thread 0x000001d58b061920 flushing  nmethod 0x000001d58ebe4210
Event: 23.331 Thread 0x000001d58b061920 flushing  nmethod 0x000001d58ebeaa90
Event: 23.331 Thread 0x000001d58b061920 flushing  nmethod 0x000001d58ebee890
Event: 23.331 Thread 0x000001d58b061920 flushing  nmethod 0x000001d58ebf8790
Event: 23.331 Thread 0x000001d58b061920 flushing  nmethod 0x000001d58ec18e10
Event: 23.331 Thread 0x000001d58b061920 flushing  nmethod 0x000001d58ec1c810
Event: 23.331 Thread 0x000001d58b061920 flushing  nmethod 0x000001d58ec1ce10
Event: 23.331 Thread 0x000001d58b061920 flushing  nmethod 0x000001d58ec1e310
Event: 23.331 Thread 0x000001d58b061920 flushing  nmethod 0x000001d58ec40b10
Event: 23.331 Thread 0x000001d58b061920 flushing  nmethod 0x000001d58ec41a10
Event: 23.331 Thread 0x000001d58b061920 flushing  nmethod 0x000001d58ec67610
Event: 23.331 Thread 0x000001d58b061920 flushing  nmethod 0x000001d58ec75d90
Event: 23.331 Thread 0x000001d58b061920 flushing  nmethod 0x000001d58ec90390
Event: 23.331 Thread 0x000001d58b061920 flushing  nmethod 0x000001d58ec91110
Event: 23.331 Thread 0x000001d58b061920 flushing  nmethod 0x000001d58ec92290
Event: 23.331 Thread 0x000001d58b061920 flushing  nmethod 0x000001d58ec92f90
Event: 23.331 Thread 0x000001d58b061920 flushing  nmethod 0x000001d58ec94690
Event: 23.331 Thread 0x000001d58b061920 flushing  nmethod 0x000001d58ec94a90

Events (20 events):
Event: 33.151 Thread 0x000001d5e96b77a0 Thread added: 0x000001d5eea3fa70
Event: 33.151 Thread 0x000001d5e96b77a0 Thread added: 0x000001d5eea40100
Event: 33.151 Thread 0x000001d5e96b77a0 Thread added: 0x000001d5eea40790
Event: 33.152 Thread 0x000001d5e96b77a0 Thread added: 0x000001d5ec2634c0
Event: 33.152 Thread 0x000001d5e96b77a0 Thread added: 0x000001d5ec2613f0
Event: 33.152 Thread 0x000001d5eea40790 Thread added: 0x000001d5ec260d60
Event: 33.152 Thread 0x000001d5eea42860 Thread added: 0x000001d5ec263b50
Event: 33.152 Thread 0x000001d5ec260d60 Thread added: 0x000001d5ec2606d0
Event: 33.152 Thread 0x000001d5ec263b50 Thread added: 0x000001d5ec2627a0
Event: 36.738 Thread 0x000001d5e96b77a0 Thread added: 0x000001d5ec264870
Event: 36.893 Thread 0x000001d5e96b77a0 Thread added: 0x000001d5ec261a80
Event: 36.935 Thread 0x000001d5e96b77a0 Thread added: 0x000001d5ec262110
Event: 36.962 Thread 0x000001d5e96b77a0 Thread added: 0x000001d5ec266fd0
Event: 37.202 Thread 0x000001d5e96b77a0 Thread added: 0x000001d5ec267660
Event: 37.203 Thread 0x000001d5e96b77a0 Thread added: 0x000001d5ec267cf0
Event: 37.203 Thread 0x000001d5e96b77a0 Thread added: 0x000001d5ec2662b0
Event: 37.203 Thread 0x000001d5e96b77a0 Thread added: 0x000001d5ec265590
Event: 37.214 Thread 0x000001d5e96b77a0 Thread added: 0x000001d5ec265c20
Event: 37.303 Thread 0x000001d5e96b77a0 Thread added: 0x000001d5ec266940
Event: 37.304 Thread 0x000001d5e96b77a0 Thread added: 0x000001d5f7e87480


Dynamic libraries:
0x00007ff6068e0000 - 0x00007ff6068ee000 	c:\Users\sande\.vscode\extensions\redhat.java-1.51.0-win32-x64\jre\21.0.9-win32-x86_64\bin\java.exe
0x00007ffba4c00000 - 0x00007ffba4e67000 	C:\WINDOWS\SYSTEM32\ntdll.dll
0x00007ffba3580000 - 0x00007ffba3649000 	C:\WINDOWS\System32\KERNEL32.DLL
0x00007ffba1de0000 - 0x00007ffba21cf000 	C:\WINDOWS\System32\KERNELBASE.dll
0x00007ffba26b0000 - 0x00007ffba27fb000 	C:\WINDOWS\System32\ucrtbase.dll
0x00007ffb4a060000 - 0x00007ffb4a078000 	c:\Users\sande\.vscode\extensions\redhat.java-1.51.0-win32-x64\jre\21.0.9-win32-x86_64\bin\jli.dll
0x00007ffb469c0000 - 0x00007ffb469de000 	c:\Users\sande\.vscode\extensions\redhat.java-1.51.0-win32-x64\jre\21.0.9-win32-x86_64\bin\VCRUNTIME140.dll
0x00007ffba33b0000 - 0x00007ffba3575000 	C:\WINDOWS\System32\USER32.dll
0x00007ffba2800000 - 0x00007ffba2827000 	C:\WINDOWS\System32\win32u.dll
0x00007ffb8a300000 - 0x00007ffb8a593000 	C:\WINDOWS\WinSxS\amd64_microsoft.windows.common-controls_6595b64144ccf1df_6.0.26100.7309_none_3e05feeae336a044\COMCTL32.dll
0x00007ffba44e0000 - 0x00007ffba4589000 	C:\WINDOWS\System32\msvcrt.dll
0x00007ffba2bd0000 - 0x00007ffba2bfb000 	C:\WINDOWS\System32\GDI32.dll
0x00007ffba2580000 - 0x00007ffba26ac000 	C:\WINDOWS\System32\gdi32full.dll
0x00007ffba28f0000 - 0x00007ffba2993000 	C:\WINDOWS\System32\msvcp_win.dll
0x00007ffba2b40000 - 0x00007ffba2b71000 	C:\WINDOWS\System32\IMM32.DLL
0x00007ffb82800000 - 0x00007ffb8280c000 	c:\Users\sande\.vscode\extensions\redhat.java-1.51.0-win32-x64\jre\21.0.9-win32-x86_64\bin\vcruntime140_1.dll
0x00007ffb3f050000 - 0x00007ffb3f0dd000 	c:\Users\sande\.vscode\extensions\redhat.java-1.51.0-win32-x64\jre\21.0.9-win32-x86_64\bin\msvcp140.dll
0x00007ffb0c3e0000 - 0x00007ffb0d180000 	c:\Users\sande\.vscode\extensions\redhat.java-1.51.0-win32-x64\jre\21.0.9-win32-x86_64\bin\server\jvm.dll
0x00007ffba2d90000 - 0x00007ffba2e44000 	C:\WINDOWS\System32\ADVAPI32.dll
0x00007ffba3b10000 - 0x00007ffba3bb6000 	C:\WINDOWS\System32\sechost.dll
0x00007ffba39f0000 - 0x00007ffba3b08000 	C:\WINDOWS\System32\RPCRT4.dll
0x00007ffba3bc0000 - 0x00007ffba3c34000 	C:\WINDOWS\System32\WS2_32.dll
0x00007ffba0940000 - 0x00007ffba099e000 	C:\WINDOWS\SYSTEM32\POWRPROF.dll
0x00007ffb93c10000 - 0x00007ffb93c45000 	C:\WINDOWS\SYSTEM32\WINMM.dll
0x00007ffb9eb30000 - 0x00007ffb9eb3b000 	C:\WINDOWS\SYSTEM32\VERSION.dll
0x00007ffba0920000 - 0x00007ffba0934000 	C:\WINDOWS\SYSTEM32\UMPDC.dll
0x00007ffba0c20000 - 0x00007ffba0c3b000 	C:\WINDOWS\SYSTEM32\kernel.appcore.dll
0x00007ffb73d30000 - 0x00007ffb73d3a000 	c:\Users\sande\.vscode\extensions\redhat.java-1.51.0-win32-x64\jre\21.0.9-win32-x86_64\bin\jimage.dll
0x00007ffb9f450000 - 0x00007ffb9f692000 	C:\WINDOWS\SYSTEM32\DBGHELP.DLL
0x00007ffba3660000 - 0x00007ffba39e5000 	C:\WINDOWS\System32\combase.dll
0x00007ffba2e50000 - 0x00007ffba2f26000 	C:\WINDOWS\System32\OLEAUT32.dll
0x00007ffb89190000 - 0x00007ffb891cc000 	C:\WINDOWS\SYSTEM32\dbgcore.DLL
0x00007ffba21e0000 - 0x00007ffba2285000 	C:\WINDOWS\System32\bcryptPrimitives.dll
0x00007ffb9b940000 - 0x00007ffb9b94f000 	c:\Users\sande\.vscode\extensions\redhat.java-1.51.0-win32-x64\jre\21.0.9-win32-x86_64\bin\instrument.dll
0x00007ffb4a040000 - 0x00007ffb4a060000 	c:\Users\sande\.vscode\extensions\redhat.java-1.51.0-win32-x64\jre\21.0.9-win32-x86_64\bin\java.dll
0x00007ffba3d80000 - 0x00007ffba44d3000 	C:\WINDOWS\System32\SHELL32.dll
0x00007ffba2410000 - 0x00007ffba257a000 	C:\WINDOWS\System32\wintypes.dll
0x00007ffb9f960000 - 0x00007ffba01be000 	C:\WINDOWS\SYSTEM32\windows.storage.dll
0x00007ffba2a10000 - 0x00007ffba2b05000 	C:\WINDOWS\System32\SHCORE.dll
0x00007ffba3d00000 - 0x00007ffba3d66000 	C:\WINDOWS\System32\shlwapi.dll
0x00007ffba1c70000 - 0x00007ffba1c99000 	C:\WINDOWS\SYSTEM32\profapi.dll
0x00007ffb47f30000 - 0x00007ffb47f48000 	c:\Users\sande\.vscode\extensions\redhat.java-1.51.0-win32-x64\jre\21.0.9-win32-x86_64\bin\zip.dll
0x00007ffb4a5f0000 - 0x00007ffb4a600000 	C:\Users\sande\.vscode\extensions\redhat.java-1.51.0-win32-x64\jre\21.0.9-win32-x86_64\bin\net.dll
0x00007ffb9a620000 - 0x00007ffb9a748000 	C:\WINDOWS\SYSTEM32\WINHTTP.dll
0x00007ffba1190000 - 0x00007ffba11fb000 	C:\WINDOWS\system32\mswsock.dll
0x00007ffb47f10000 - 0x00007ffb47f26000 	C:\Users\sande\.vscode\extensions\redhat.java-1.51.0-win32-x64\jre\21.0.9-win32-x86_64\bin\nio.dll
0x00007ffb8bd00000 - 0x00007ffb8bd10000 	c:\Users\sande\.vscode\extensions\redhat.java-1.51.0-win32-x64\jre\21.0.9-win32-x86_64\bin\verify.dll
0x00007ffb35640000 - 0x00007ffb35684000 	C:\Users\sande\AppData\Roaming\Code\User\globalStorage\redhat.java\1.51.0\config_win\org.eclipse.equinox.launcher\org.eclipse.equinox.launcher.win32.win32.x86_64_1.2.1400.v20250801-0854\eclipse_11916.dll
0x00007ffba4590000 - 0x00007ffba4727000 	C:\WINDOWS\System32\ole32.dll
0x00007ffba1450000 - 0x00007ffba146b000 	C:\WINDOWS\SYSTEM32\CRYPTSP.dll
0x00007ffba0b80000 - 0x00007ffba0bba000 	C:\WINDOWS\system32\rsaenh.dll
0x00007ffba1240000 - 0x00007ffba126b000 	C:\WINDOWS\SYSTEM32\USERENV.dll
0x00007ffba1c40000 - 0x00007ffba1c6a000 	C:\WINDOWS\SYSTEM32\bcrypt.dll
0x00007ffba1470000 - 0x00007ffba147c000 	C:\WINDOWS\SYSTEM32\CRYPTBASE.dll
0x00007ffba0600000 - 0x00007ffba0634000 	C:\WINDOWS\SYSTEM32\IPHLPAPI.DLL
0x00007ffba29a0000 - 0x00007ffba29aa000 	C:\WINDOWS\System32\NSI.dll
0x00007ffb35570000 - 0x00007ffb355b9000 	C:\Users\sande\AppData\Local\Temp\jna-109203553\jna3141549137292452778.dll
0x00007ffba3650000 - 0x00007ffba3658000 	C:\WINDOWS\System32\PSAPI.DLL
0x00007ffb9a980000 - 0x00007ffb9a99e000 	C:\WINDOWS\SYSTEM32\dhcpcsvc6.DLL
0x00007ffb9a5a0000 - 0x00007ffb9a5c3000 	C:\WINDOWS\SYSTEM32\dhcpcsvc.DLL
0x00007ffb78580000 - 0x00007ffb785a7000 	C:\Users\sande\.gradle\native\1def1411415f61bf3af743bc5b6707747c0891f09f0c88961ee8f79bc544acac\windows-amd64\native-platform.dll
0x00007ffb47f00000 - 0x00007ffb47f0a000 	C:\Users\sande\.vscode\extensions\redhat.java-1.51.0-win32-x64\jre\21.0.9-win32-x86_64\bin\management.dll
0x00007ffb47ef0000 - 0x00007ffb47efc000 	C:\Users\sande\.vscode\extensions\redhat.java-1.51.0-win32-x64\jre\21.0.9-win32-x86_64\bin\management_ext.dll
0x00007ffb47ee0000 - 0x00007ffb47eee000 	C:\Users\sande\.vscode\extensions\redhat.java-1.51.0-win32-x64\jre\21.0.9-win32-x86_64\bin\sunmscapi.dll
0x00007ffba2290000 - 0x00007ffba2407000 	C:\WINDOWS\System32\CRYPT32.dll
0x00007ffba1670000 - 0x00007ffba16a0000 	C:\WINDOWS\SYSTEM32\ncrypt.dll
0x00007ffba1620000 - 0x00007ffba165f000 	C:\WINDOWS\SYSTEM32\NTASN1.dll
0x00007ffba0640000 - 0x00007ffba076c000 	C:\WINDOWS\SYSTEM32\DNSAPI.dll
0x00007ffb932d0000 - 0x00007ffb932db000 	C:\Windows\System32\rasadhlp.dll
0x00007ffb47ed0000 - 0x00007ffb47ed9000 	C:\Users\sande\.vscode\extensions\redhat.java-1.51.0-win32-x64\jre\21.0.9-win32-x86_64\bin\extnet.dll

JVMTI agents:
c:\Users\sande\.vscode\extensions\redhat.java-1.51.0-win32-x64\lombok\lombok-1.18.39-4050.jar path:c:\Users\sande\.vscode\extensions\redhat.java-1.51.0-win32-x64\jre\21.0.9-win32-x86_64\bin\instrument.dll, loaded, initialized, instrumentlib options:none

dbghelp: loaded successfully - version: 4.0.5 - missing functions: none
symbol engine: initialized successfully - sym options: 0x614 - pdb path: .;c:\Users\sande\.vscode\extensions\redhat.java-1.51.0-win32-x64\jre\21.0.9-win32-x86_64\bin;C:\WINDOWS\SYSTEM32;C:\WINDOWS\WinSxS\amd64_microsoft.windows.common-controls_6595b64144ccf1df_6.0.26100.7309_none_3e05feeae336a044;c:\Users\sande\.vscode\extensions\redhat.java-1.51.0-win32-x64\jre\21.0.9-win32-x86_64\bin\server;C:\Users\sande\AppData\Roaming\Code\User\globalStorage\redhat.java\1.51.0\config_win\org.eclipse.equinox.launcher\org.eclipse.equinox.launcher.win32.win32.x86_64_1.2.1400.v20250801-0854;C:\Users\sande\AppData\Local\Temp\jna-109203553;C:\Users\sande\.gradle\native\1def1411415f61bf3af743bc5b6707747c0891f09f0c88961ee8f79bc544acac\windows-amd64

VM Arguments:
jvm_args: --add-modules=ALL-SYSTEM --add-opens=java.base/java.util=ALL-UNNAMED --add-opens=java.base/java.lang=ALL-UNNAMED --add-opens=java.base/sun.nio.fs=ALL-UNNAMED -Declipse.application=org.eclipse.jdt.ls.core.id1 -Dosgi.bundles.defaultStartLevel=4 -Declipse.product=org.eclipse.jdt.ls.core.product -Djava.import.generatesMetadataFilesAtProjectRoot=false -DDetectVMInstallationsJob.disabled=true -Dfile.encoding=utf8 -XX:+UseParallelGC -XX:GCTimeRatio=4 -XX:AdaptiveSizePolicyWeight=90 -Dsun.zip.disableMemoryMapping=true -Xmx2G -Xms100m -Xlog:disable -javaagent:c:\Users\sande\.vscode\extensions\redhat.java-1.51.0-win32-x64\lombok\lombok-1.18.39-4050.jar -XX:+HeapDumpOnOutOfMemoryError -XX:HeapDumpPath=c:\Users\sande\AppData\Roaming\Code\User\workspaceStorage\c1189af7ad4b5b28f6591a4578dcf0ce\redhat.java -Daether.dependencyCollector.impl=bf 
java_command: c:\Users\sande\.vscode\extensions\redhat.java-1.51.0-win32-x64\server\plugins\org.eclipse.equinox.launcher_1.7.100.v20251111-0406.jar -configuration c:\Users\sande\AppData\Roaming\Code\User\globalStorage\redhat.java\1.51.0\config_win -data c:\Users\sande\AppData\Roaming\Code\User\workspaceStorage\c1189af7ad4b5b28f6591a4578dcf0ce\redhat.java\jdt_ws --pipe=\\.\pipe\lsp-0270c18adc37a9f068e448512df17d3e-sock
java_class_path (initial): c:\Users\sande\.vscode\extensions\redhat.java-1.51.0-win32-x64\server\plugins\org.eclipse.equinox.launcher_1.7.100.v20251111-0406.jar
Launcher Type: SUN_STANDARD

[Global flags]
    uintx AdaptiveSizePolicyWeight                 = 90                                        {product} {command line}
     intx CICompilerCount                          = 4                                         {product} {ergonomic}
    uintx GCTimeRatio                              = 4                                         {product} {command line}
     bool HeapDumpOnOutOfMemoryError               = true                                   {manageable} {command line}
    ccstr HeapDumpPath                             = c:\Users\sande\AppData\Roaming\Code\User\workspaceStorage\c1189af7ad4b5b28f6591a4578dcf0ce\redhat.java         {manageable} {command line}
   size_t InitialHeapSize                          = 104857600                                 {product} {command line}
   size_t MaxHeapSize                              = 2147483648                                {product} {command line}
   size_t MaxNewSize                               = 715653120                                 {product} {ergonomic}
   size_t MinHeapDeltaBytes                        = 524288                                    {product} {ergonomic}
   size_t MinHeapSize                              = 104857600                                 {product} {command line}
   size_t NewSize                                  = 34603008                                  {product} {ergonomic}
    uintx NonNMethodCodeHeapSize                   = 5839372                                {pd product} {ergonomic}
    uintx NonProfiledCodeHeapSize                  = 122909434                              {pd product} {ergonomic}
   size_t OldSize                                  = 70254592                                  {product} {ergonomic}
    uintx ProfiledCodeHeapSize                     = 122909434                              {pd product} {ergonomic}
    uintx ReservedCodeCacheSize                    = 251658240                              {pd product} {ergonomic}
     bool SegmentedCodeCache                       = true                                      {product} {ergonomic}
   size_t SoftMaxHeapSize                          = 2147483648                             {manageable} {ergonomic}
     bool UseCompressedOops                        = true                           {product lp64_product} {ergonomic}
     bool UseLargePagesIndividualAllocation        = false                                  {pd product} {ergonomic}
     bool UseParallelGC                            = true                                      {product} {command line}

Logging:
Log output configuration:
 #0: stdout all=off uptime,level,tags foldmultilines=false
 #1: stderr all=off uptime,level,tags foldmultilines=false

Release file:
JAVA_VERSION="21.0.9" 
MODULES="java.base java.compiler java.datatransfer java.xml java.prefs java.desktop java.instrument java.logging java.management java.security.sasl java.naming java.rmi java.management.rmi java.net.http java.scripting java.security.jgss java.transaction.xa java.sql java.sql.rowset java.xml.crypto java.se java.smartcardio jdk.accessibility jdk.internal.jvmstat jdk.attach jdk.charsets jdk.internal.opt jdk.zipfs jdk.compiler jdk.crypto.ec jdk.crypto.cryptoki jdk.crypto.mscapi jdk.dynalink jdk.internal.ed jdk.editpad jdk.hotspot.agent jdk.httpserver jdk.internal.le jdk.internal.vm.ci jdk.internal.vm.compiler jdk.internal.vm.compiler.management jdk.jartool jdk.javadoc jdk.jcmd jdk.management jdk.management.agent jdk.jconsole jdk.jdeps jdk.jdwp.agent jdk.jdi jdk.jfr jdk.jshell jdk.jsobject jdk.jstatd jdk.localedata jdk.management.jfr jdk.naming.dns jdk.naming.rmi jdk.net jdk.nio.mapmode jdk.random jdk.sctp jdk.security.auth jdk.security.jgss jdk.unsupported jdk.unsupported.desktop jdk.xml.dom" 

Environment Variables:
PATH=C:\Program Files\Common Files\Oracle\Java\javapath;C:\Python313\Scripts\;C:\Python313\;C:\Program Files\Python312\Scripts\;C:\Program Files\Python312\;C:\Windows\system32;C:\Windows;C:\Windows\System32\Wbem;C:\Windows\System32\WindowsPowerShell\v1.0\;C:\Windows\System32\OpenSSH\;C:\Program Files (x86)\NVIDIA Corporation\PhysX\Common;C:\WINDOWS\system32;C:\WINDOWS;C:\WINDOWS\System32\Wbem;C:\WINDOWS\System32\WindowsPowerShell\v1.0\;C:\WINDOWS\System32\OpenSSH\;C:\Program Files\Git\bin;C:\Program Files\NVIDIA Corporation\NVIDIA NvDLISR;C:\Program Files\GTK3-Runtime Win64\bin;C:\Users\sande\Downloads\kotlin-compiler-1.9.22\kotlinc\bin;C:\Program Files\Azure Data Studio\bin;C:\Program Files\MySQL\MySQL Server 8.0\bin;C:\Users\sande\AppData\Local\Android\Sdk;C:\Users\sande\AppData\Local\Android\Sdk\platform-tools;C:\WINDOWS\system32;C:\WINDOWS;C:\WINDOWS\System32\Wbem;C:\WINDOWS\System32\WindowsPowerShell\v1.0\;C:\WINDOWS\System32\OpenSSH\;C:\ProgramData\chocolatey\bin;C:\Program Files\nodejs;C:\Users\sande\AppData\Local\nvm;C:\nvm4w\nodejs;C:\MinGW\bin;C:\Program Files\Go\bin;C:\Users\sande\Downloads\apache-maven-3.9.9\bin;C:\Program Files\PuTTY\;C:\Program Files\Docker\Docker\resources\bin;C:\Program Files\Java\jdk-17\bin;C:\Users\sande\AppData\Local\Android\Sdk\tools;C:\Program Files\MySQL\MySQL Shell 8.0\bin\;C:\Users\sande\AppData\Local\Microsoft\WindowsApps;C:\Program Files\JetBrains\IntelliJ IDEA Community Edition 2023.1.2\bin;;C:\Users\sande\AppData\Local\Programs\Microsoft VS Code\bin;C:\Users\sande\dart-sdk\bin;C:\Users\sande\Desktop\flutter_windows_3.16.5-stable\flutter\bin;C:\Program Files\Azure Data Studio\bin;C:\ProgramData\Microsoft\Windows\Start Menu\Programs\Python 3.12\Python 3.12 (64-bit).lnk;C:\Program Files\Python312\Scripts;C:\Mongosh\;C:\Users\sande\AppData\Local\nvm;C:\nvm4w\nodejs;C:\Users\sande\go\bin;C:\Program Files\JetBrains\IntelliJ IDEA 2024.3.5\bin;;C:\Program Files\Java\jdk-17\bin;C:\Program Files\Java\jdk-17\;C:\Users\sande\AppData\Local\Programs\Antigravity\bin
USERNAME=sande
OS=Windows_NT
PROCESSOR_IDENTIFIER=Intel64 Family 6 Model 165 Stepping 2, GenuineIntel
TMP=C:\Users\sande\AppData\Local\Temp
TEMP=C:\Users\sande\AppData\Local\Temp




Periodic native trim disabled

---------------  S Y S T E M  ---------------

OS:
 Windows 11 , 64 bit Build 26100 (10.0.26100.7309)
OS uptime: 0 days 4:49 hours
Hyper-V role detected

CPU: total 12 (initial active 12) (6 cores per cpu, 2 threads per core) family 6 model 165 stepping 2 microcode 0xf6, cx8, cmov, fxsr, ht, mmx, 3dnowpref, sse, sse2, sse3, ssse3, sse4.1, sse4.2, popcnt, lzcnt, tsc, tscinvbit, avx, avx2, aes, erms, clmul, bmi1, bmi2, adx, fma, vzeroupper, clflush, clflushopt, hv, rdtscp, f16c
Processor Information for the first 12 processors :
  Max Mhz: 2496, Current Mhz: 2496, Mhz Limit: 2496

Memory: 4k page, system-wide physical 8059M (651M free)
TotalPageFile size 32635M (AvailPageFile size 2M)
current process WorkingSet (physical memory assigned to process): 528M, peak: 528M
current process commit charge ("private bytes"): 606M, peak: 606M

vm_info: OpenJDK 64-Bit Server VM (21.0.9+10-LTS) for windows-amd64 JRE (21.0.9+10-LTS), built on 2025-10-21T00:00:00Z by "admin" with unknown MS VC++:1942

END.
