#
# There is insufficient memory for the Java Runtime Environment to continue.
# Native memory allocation (malloc) failed to allocate 1048576 bytes. Error detail: AllocateHeap
# Possible reasons:
#   The system is out of physical RAM or swap space
#   This process is running with CompressedOops enabled, and the Java Heap may be blocking the growth of the native heap
# Possible solutions:
#   Reduce memory load on the system
#   Increase physical memory or swap space
#   Check if swap backing store is full
#   Decrease Java heap size (-Xmx/-Xms)
#   Decrease number of Java threads
#   Decrease Java thread stack sizes (-Xss)
#   Set larger code cache with -XX:ReservedCodeCacheSize=
#   JVM is running with Unscaled Compressed Oops mode in which the Java heap is
#     placed in the first 4GB address space. The Java Heap base address is the
#     maximum limit for the native heap growth. Please use -XX:HeapBaseMinAddress
#     to set the Java Heap base and to place the Java Heap above 4GB virtual address.
# This output file may be truncated or incomplete.
#
#  Out of Memory Error (allocation.cpp:44), pid=23384, tid=23156
#
# JRE version: OpenJDK Runtime Environment Temurin-21.0.9+10 (21.0.9+10) (build 21.0.9+10-LTS)
# Java VM: OpenJDK 64-Bit Server VM Temurin-21.0.9+10 (21.0.9+10-LTS, mixed mode, sharing, tiered, compressed oops, compressed class ptrs, parallel gc, windows-amd64)
# No core dump will be written. Minidumps are not enabled by default on client versions of Windows
#

---------------  S U M M A R Y ------------

Command Line: --add-modules=ALL-SYSTEM --add-opens=java.base/java.util=ALL-UNNAMED --add-opens=java.base/java.lang=ALL-UNNAMED --add-opens=java.base/sun.nio.fs=ALL-UNNAMED -Declipse.application=org.eclipse.jdt.ls.core.id1 -Dosgi.bundles.defaultStartLevel=4 -Declipse.product=org.eclipse.jdt.ls.core.product -Djava.import.generatesMetadataFilesAtProjectRoot=false -DDetectVMInstallationsJob.disabled=true -Dfile.encoding=utf8 -XX:+UseParallelGC -XX:GCTimeRatio=4 -XX:AdaptiveSizePolicyWeight=90 -Dsun.zip.disableMemoryMapping=true -Xmx2G -Xms100m -Xlog:disable -javaagent:c:\Users\sande\.vscode\extensions\redhat.java-1.50.0-win32-x64\lombok\lombok-1.18.39-4050.jar -XX:+HeapDumpOnOutOfMemoryError -XX:HeapDumpPath=c:\Users\sande\AppData\Roaming\Code\User\workspaceStorage\c1189af7ad4b5b28f6591a4578dcf0ce\redhat.java -Daether.dependencyCollector.impl=bf c:\Users\sande\.vscode\extensions\redhat.java-1.50.0-win32-x64\server\plugins\org.eclipse.equinox.launcher_1.7.100.v20251111-0406.jar -configuration c:\Users\sande\AppData\Roaming\Code\User\globalStorage\redhat.java\1.50.0\config_win -data c:\Users\sande\AppData\Roaming\Code\User\workspaceStorage\c1189af7ad4b5b28f6591a4578dcf0ce\redhat.java\jdt_ws --pipe=\\.\pipe\lsp-9ec4bd5a3f644ce6137d5ed23498a041-sock

Host: Intel(R) Core(TM) i5-10500H CPU @ 2.50GHz, 12 cores, 7G,  Windows 11 , 64 bit Build 26100 (10.0.26100.7309)
Time: Mon Jan  5 22:05:17 2026 India Standard Time elapsed time: 7067.777635 seconds (0d 1h 57m 47s)

---------------  T H R E A D  ---------------

Current thread (0x000001f6ee6d9780):  JavaThread "Attach Listener" daemon [_thread_in_vm, id=23156, stack(0x0000004df7b00000,0x0000004df7c00000) (1024K)]

Stack: [0x0000004df7b00000,0x0000004df7c00000]
Native frames: (J=compiled Java code, j=interpreted, Vv=VM code, C=native code)
V  [jvm.dll+0x6d6e29]
V  [jvm.dll+0x8b4b76]
V  [jvm.dll+0x8b712e]
V  [jvm.dll+0x8b7813]
V  [jvm.dll+0x283d86]
V  [jvm.dll+0xc1277]
V  [jvm.dll+0x6d76d9]
V  [jvm.dll+0x133466]
V  [jvm.dll+0x3f7ea6]
V  [jvm.dll+0x85e9ad]
V  [jvm.dll+0x6d565d]
C  [ucrtbase.dll+0x37b0]
C  [KERNEL32.DLL+0x2e8d7]
C  [ntdll.dll+0x8c53c]


---------------  P R O C E S S  ---------------

Threads class SMR info:
_java_thread_list=0x000001f6feecb0f0, length=53, elements={
0x000001f6ee630400, 0x000001f6ee6d31c0, 0x000001f6ee6d6190, 0x000001f6ee6d8b30,
0x000001f6ee6d9780, 0x000001f6ee6dc5e0, 0x000001f6ee6de3e0, 0x000001f6ee6e1350,
0x000001f6ee6ee260, 0x000001f6f75d6a00, 0x000001f6f7687190, 0x000001f6f8a2c560,
0x000001f6f883f350, 0x000001f6fd305900, 0x000001f6f76d20e0, 0x000001f6f82d8aa0,
0x000001f6fd118b40, 0x000001f6fd379000, 0x000001f6fd37b760, 0x000001f6fd379d20,
0x000001f6fd53fac0, 0x000001f6fd540e70, 0x000001f6fd542f40, 0x000001f6fd5435d0,
0x000001f6fd541500, 0x000001f6fd540150, 0x000001f6fd542220, 0x000001f6fd544980,
0x000001f6fd543c60, 0x000001f6fd5442f0, 0x000001f6fd545010, 0x000001f6fd541b90,
0x000001f6fd546a50, 0x000001f6fd5456a0, 0x000001f6fd545d30, 0x000001f6fd5463c0,
0x000001f6fdcc9ac0, 0x000001f6fdccae70, 0x000001f6fdcc8da0, 0x000001f6da911cf0,
0x000001f6da90fc20, 0x000001f6da910940, 0x000001f6da9102b0, 0x000001f6da9130a0,
0x000001f6fd54a8c0, 0x000001f6fd547440, 0x000001f6fd54b5e0, 0x000001f6fd549ba0,
0x000001f6fd54d6b0, 0x000001f6fd54dd40, 0x000001f6fd37a3b0, 0x000001f6fd37aa40,
0x000001f6da7a50d0
}

Java Threads: ( => current thread )
  0x000001f6ee630400 JavaThread "main"                              [_thread_blocked, id=23408, stack(0x0000004df7400000,0x0000004df7500000) (1024K)]
  0x000001f6ee6d31c0 JavaThread "Reference Handler"          daemon [_thread_blocked, id=23128, stack(0x0000004df7800000,0x0000004df7900000) (1024K)]
  0x000001f6ee6d6190 JavaThread "Finalizer"                  daemon [_thread_blocked, id=5972, stack(0x0000004df7900000,0x0000004df7a00000) (1024K)]
  0x000001f6ee6d8b30 JavaThread "Signal Dispatcher"          daemon [_thread_blocked, id=23084, stack(0x0000004df7a00000,0x0000004df7b00000) (1024K)]
=>0x000001f6ee6d9780 JavaThread "Attach Listener"            daemon [_thread_in_vm, id=23156, stack(0x0000004df7b00000,0x0000004df7c00000) (1024K)]
  0x000001f6ee6dc5e0 JavaThread "Service Thread"             daemon [_thread_blocked, id=23456, stack(0x0000004df7c00000,0x0000004df7d00000) (1024K)]
  0x000001f6ee6de3e0 JavaThread "Monitor Deflation Thread"   daemon [_thread_blocked, id=23284, stack(0x0000004df7d00000,0x0000004df7e00000) (1024K)]
  0x000001f6ee6e1350 JavaThread "C2 CompilerThread0"         daemon [_thread_blocked, id=22964, stack(0x0000004df7e00000,0x0000004df7f00000) (1024K)]
  0x000001f6ee6ee260 JavaThread "C1 CompilerThread0"         daemon [_thread_blocked, id=23104, stack(0x0000004df7f00000,0x0000004df8000000) (1024K)]
  0x000001f6f75d6a00 JavaThread "Common-Cleaner"             daemon [_thread_blocked, id=3668, stack(0x0000004df8100000,0x0000004df8200000) (1024K)]
  0x000001f6f7687190 JavaThread "Notification Thread"        daemon [_thread_blocked, id=22920, stack(0x0000004df8000000,0x0000004df8100000) (1024K)]
  0x000001f6f8a2c560 JavaThread "Active Thread: Equinox Container: 9003970b-eefc-4514-906a-17d66e145a36"        [_thread_blocked, id=23472, stack(0x0000004df8a00000,0x0000004df8b00000) (1024K)]
  0x000001f6f883f350 JavaThread "Refresh Thread: Equinox Container: 9003970b-eefc-4514-906a-17d66e145a36" daemon [_thread_blocked, id=22880, stack(0x0000004df8200000,0x0000004df8300000) (1024K)]
  0x000001f6fd305900 JavaThread "Framework Event Dispatcher: Equinox Container: 9003970b-eefc-4514-906a-17d66e145a36" daemon [_thread_blocked, id=23204, stack(0x0000004df8b00000,0x0000004df8c00000) (1024K)]
  0x000001f6f76d20e0 JavaThread "Start Level: Equinox Container: 9003970b-eefc-4514-906a-17d66e145a36" daemon [_thread_blocked, id=22064, stack(0x0000004df8c00000,0x0000004df8d00000) (1024K)]
  0x000001f6f82d8aa0 JavaThread "Bundle File Closer"         daemon [_thread_blocked, id=23244, stack(0x0000004df9000000,0x0000004df9100000) (1024K)]
  0x000001f6fd118b40 JavaThread "SCR Component Actor"        daemon [_thread_blocked, id=18028, stack(0x0000004df8d00000,0x0000004df8e00000) (1024K)]
  0x000001f6fd379000 JavaThread "Worker-JM"                         [_thread_blocked, id=22876, stack(0x0000004df9200000,0x0000004df9300000) (1024K)]
  0x000001f6fd37b760 JavaThread "JNA Cleaner"                daemon [_thread_blocked, id=20788, stack(0x0000004df9100000,0x0000004df9200000) (1024K)]
  0x000001f6fd379d20 JavaThread "Java indexing"              daemon [_thread_blocked, id=7144, stack(0x0000004df9900000,0x0000004df9a00000) (1024K)]
  0x000001f6fd53fac0 JavaThread "Thread-1"                   daemon [_thread_in_native, id=13864, stack(0x0000004dfa000000,0x0000004dfa100000) (1024K)]
  0x000001f6fd540e70 JavaThread "Thread-2"                   daemon [_thread_in_native, id=22624, stack(0x0000004dfa100000,0x0000004dfa200000) (1024K)]
  0x000001f6fd542f40 JavaThread "Thread-3"                   daemon [_thread_in_native, id=10520, stack(0x0000004dfa200000,0x0000004dfa300000) (1024K)]
  0x000001f6fd5435d0 JavaThread "Thread-4"                   daemon [_thread_in_native, id=22268, stack(0x0000004dfa300000,0x0000004dfa400000) (1024K)]
  0x000001f6fd541500 JavaThread "Thread-5"                   daemon [_thread_in_native, id=21112, stack(0x0000004dfa400000,0x0000004dfa500000) (1024K)]
  0x000001f6fd540150 JavaThread "Thread-6"                   daemon [_thread_in_native, id=15456, stack(0x0000004dfa500000,0x0000004dfa600000) (1024K)]
  0x000001f6fd542220 JavaThread "Thread-7"                   daemon [_thread_in_native, id=716, stack(0x0000004dfa600000,0x0000004dfa700000) (1024K)]
  0x000001f6fd544980 JavaThread "Thread-8"                   daemon [_thread_in_native, id=11632, stack(0x0000004dfa700000,0x0000004dfa800000) (1024K)]
  0x000001f6fd543c60 JavaThread "Thread-9"                   daemon [_thread_in_native, id=5520, stack(0x0000004dfa800000,0x0000004dfa900000) (1024K)]
  0x000001f6fd5442f0 JavaThread "Thread-10"                  daemon [_thread_in_native, id=2352, stack(0x0000004dfa900000,0x0000004dfaa00000) (1024K)]
  0x000001f6fd545010 JavaThread "Thread-11"                  daemon [_thread_in_native, id=8276, stack(0x0000004dfaa00000,0x0000004dfab00000) (1024K)]
  0x000001f6fd541b90 JavaThread "Thread-12"                  daemon [_thread_in_native, id=11652, stack(0x0000004dfab00000,0x0000004dfac00000) (1024K)]
  0x000001f6fd546a50 JavaThread "Thread-13"                  daemon [_thread_in_native, id=11520, stack(0x0000004dfac00000,0x0000004dfad00000) (1024K)]
  0x000001f6fd5456a0 JavaThread "pool-2-thread-1"                   [_thread_blocked, id=3592, stack(0x0000004dfad00000,0x0000004dfae00000) (1024K)]
  0x000001f6fd545d30 JavaThread "Timer-0"                           [_thread_blocked, id=624, stack(0x0000004dfae00000,0x0000004dfaf00000) (1024K)]
  0x000001f6fd5463c0 JavaThread "WorkspaceEventsHandler"            [_thread_blocked, id=17392, stack(0x0000004dfaf00000,0x0000004dfb000000) (1024K)]
  0x000001f6fdcc9ac0 JavaThread "pool-1-thread-1"                   [_thread_blocked, id=2440, stack(0x0000004dfb000000,0x0000004dfb100000) (1024K)]
  0x000001f6fdccae70 JavaThread "Timer-1"                           [_thread_blocked, id=1648, stack(0x0000004dfb200000,0x0000004dfb300000) (1024K)]
  0x000001f6fdcc8da0 JavaThread "Timer-2"                           [_thread_blocked, id=23316, stack(0x0000004dfb400000,0x0000004dfb500000) (1024K)]
  0x000001f6da911cf0 JavaThread "Timer-3"                           [_thread_blocked, id=21932, stack(0x0000004df7300000,0x0000004df7400000) (1024K)]
  0x000001f6da90fc20 JavaThread "Timer-4"                           [_thread_blocked, id=8748, stack(0x0000004dfb300000,0x0000004dfb400000) (1024K)]
  0x000001f6da910940 JavaThread "Timer-5"                           [_thread_blocked, id=17920, stack(0x0000004dfb500000,0x0000004dfb600000) (1024K)]
  0x000001f6da9102b0 JavaThread "Timer-6"                           [_thread_blocked, id=9876, stack(0x0000004dfb700000,0x0000004dfb800000) (1024K)]
  0x000001f6da9130a0 JavaThread "Timer-7"                           [_thread_blocked, id=17880, stack(0x0000004dfb800000,0x0000004dfb900000) (1024K)]
  0x000001f6fd54a8c0 JavaThread "Timer-8"                           [_thread_blocked, id=10040, stack(0x0000004df7100000,0x0000004df7200000) (1024K)]
  0x000001f6fd547440 JavaThread "Timer-9"                           [_thread_blocked, id=13444, stack(0x0000004df7200000,0x0000004df7300000) (1024K)]
  0x000001f6fd54b5e0 JavaThread "Worker-9"                          [_thread_blocked, id=25176, stack(0x0000004df9600000,0x0000004df9700000) (1024K)]
  0x000001f6fd549ba0 JavaThread "Timer-10"                          [_thread_blocked, id=24832, stack(0x0000004df9c00000,0x0000004df9d00000) (1024K)]
  0x000001f6fd54d6b0 JavaThread "Timer-11"                          [_thread_blocked, id=16780, stack(0x0000004dfb600000,0x0000004dfb700000) (1024K)]
  0x000001f6fd54dd40 JavaThread "Timer-12"                          [_thread_blocked, id=25304, stack(0x0000004dfc400000,0x0000004dfc500000) (1024K)]
  0x000001f6fd37a3b0 JavaThread "Timer-13"                          [_thread_blocked, id=22496, stack(0x0000004dfc500000,0x0000004dfc600000) (1024K)]
  0x000001f6fd37aa40 JavaThread "Timer-14"                          [_thread_blocked, id=25456, stack(0x0000004dfc600000,0x0000004dfc700000) (1024K)]
  0x000001f6da7a50d0 JavaThread "Worker-12"                         [_thread_blocked, id=16092, stack(0x0000004dfda00000,0x0000004dfdb00000) (1024K)]
Total: 53

Other Threads:
  0x000001f6ee5c4970 VMThread "VM Thread"                           [id=23292, stack(0x0000004df7700000,0x0000004df7800000) (1024K)]
  0x000001f6ee4bca00 WatcherThread "VM Periodic Task Thread"        [id=22960, stack(0x0000004df7600000,0x0000004df7700000) (1024K)]
  0x000001f6ee64d7f0 WorkerThread "GC Thread#0"                     [id=23276, stack(0x0000004df7500000,0x0000004df7600000) (1024K)]
  0x000001f6fd080ae0 WorkerThread "GC Thread#1"                     [id=23336, stack(0x0000004df8300000,0x0000004df8400000) (1024K)]
  0x000001f6f88f1a50 WorkerThread "GC Thread#2"                     [id=14640, stack(0x0000004df8400000,0x0000004df8500000) (1024K)]
  0x000001f6f88f16b0 WorkerThread "GC Thread#3"                     [id=23464, stack(0x0000004df8500000,0x0000004df8600000) (1024K)]
  0x000001f6f88f1df0 WorkerThread "GC Thread#4"                     [id=22916, stack(0x0000004df8600000,0x0000004df8700000) (1024K)]
  0x000001f6f88f0f70 WorkerThread "GC Thread#5"                     [id=23428, stack(0x0000004df8700000,0x0000004df8800000) (1024K)]
  0x000001f6f88f1310 WorkerThread "GC Thread#6"                     [id=23132, stack(0x0000004df8800000,0x0000004df8900000) (1024K)]
  0x000001f6f88f2190 WorkerThread "GC Thread#7"                     [id=22688, stack(0x0000004df8900000,0x0000004df8a00000) (1024K)]
  0x000001f6f88f0bd0 WorkerThread "GC Thread#8"                     [id=23184, stack(0x0000004df8e00000,0x0000004df8f00000) (1024K)]
  0x000001f6fd2b0890 WorkerThread "GC Thread#9"                     [id=22812, stack(0x0000004df8f00000,0x0000004df9000000) (1024K)]
Total: 12

Threads with active compile tasks:
Total: 0

VM state: not at safepoint (normal execution)

VM Mutex/Monitor currently owned by a thread: None

Heap address: 0x0000000080000000, size: 2048 MB, Compressed Oops mode: 32-bit

CDS archive(s) mapped at: [0x000001f68f000000-0x000001f68fba0000-0x000001f68fba0000), size 12189696, SharedBaseAddress: 0x000001f68f000000, ArchiveRelocationMode: 1.
Compressed class space mapped at: 0x000001f690000000-0x000001f6d0000000, reserved size: 1073741824
Narrow klass base: 0x000001f68f000000, Narrow klass shift: 0, Narrow klass range: 0x100000000

GC Precious Log:
 CardTable entry size: 512
 CPUs: 12 total, 12 available
 Memory: 8059M
 Large Page Support: Disabled
 NUMA Support: Disabled
 Compressed Oops: Enabled (32-bit)
 Alignments: Space 512K, Generation 512K, Heap 2M
 Heap Min Capacity: 100M
 Heap Initial Capacity: 100M
 Heap Max Capacity: 2G
 Pre-touch: Disabled
 Parallel Workers: 10

Heap:
 PSYoungGen      total 1536K, used 1154K [0x00000000d5580000, 0x00000000d5800000, 0x0000000100000000)
  eden space 1024K, 87% used [0x00000000d5580000,0x00000000d56609c8,0x00000000d5680000)
  from space 512K, 50% used [0x00000000d5780000,0x00000000d57c0000,0x00000000d5800000)
  to   space 512K, 0% used [0x00000000d5700000,0x00000000d5700000,0x00000000d5780000)
 ParOldGen       total 890368K, used 353677K [0x0000000080000000, 0x00000000b6580000, 0x00000000d5580000)
  object space 890368K, 39% used [0x0000000080000000,0x00000000959635c0,0x00000000b6580000)
 Metaspace       used 86722K, committed 88448K, reserved 1179648K
  class space    used 10243K, committed 11008K, reserved 1048576K

Card table byte_map: [0x000001f6edfd0000,0x000001f6ee3e0000] _byte_map_base: 0x000001f6edbd0000

Marking Bits: (ParMarkBitMap*) 0x00007ffab9982460
 Begin Bits: [0x000001f6f1ae0000, 0x000001f6f3ae0000)
 End Bits:   [0x000001f6f3ae0000, 0x000001f6f5ae0000)

Polling page: 0x000001f6ec7d0000

Metaspace:

Usage:
  Non-class:     74.69 MB used.
      Class:     10.00 MB used.
       Both:     84.69 MB used.

Virtual space:
  Non-class space:      128.00 MB reserved,      75.62 MB ( 59%) committed,  2 nodes.
      Class space:        1.00 GB reserved,      10.75 MB (  1%) committed,  1 nodes.
             Both:        1.12 GB reserved,      86.38 MB (  7%) committed. 

Chunk freelists:
   Non-Class:  4.17 MB
       Class:  5.19 MB
        Both:  9.36 MB

MaxMetaspaceSize: unlimited
CompressedClassSpaceSize: 1.00 GB
Initial GC threshold: 21.00 MB
Current GC threshold: 140.56 MB
CDS: on
 - commit_granule_bytes: 65536.
 - commit_granule_words: 8192.
 - virtual_space_node_default_size: 8388608.
 - enlarge_chunks_in_place: 1.
 - use_allocation_guard: 0.


Internal statistics:

num_allocs_failed_limit: 13.
num_arena_births: 1668.
num_arena_deaths: 14.
num_vsnodes_births: 3.
num_vsnodes_deaths: 0.
num_space_committed: 1382.
num_space_uncommitted: 0.
num_chunks_returned_to_freelist: 27.
num_chunks_taken_from_freelist: 5763.
num_chunk_merges: 18.
num_chunk_splits: 3452.
num_chunks_enlarged: 1863.
num_inconsistent_stats: 0.

CodeHeap 'non-profiled nmethods': size=120000Kb used=17215Kb max_used=17215Kb free=102784Kb
 bounds [0x000001f687ad0000, 0x000001f688ba0000, 0x000001f68f000000]
CodeHeap 'profiled nmethods': size=120000Kb used=37607Kb max_used=37607Kb free=82392Kb
 bounds [0x000001f680000000, 0x000001f6824c0000, 0x000001f687530000]
CodeHeap 'non-nmethods': size=5760Kb used=1487Kb max_used=1638Kb free=4272Kb
 bounds [0x000001f687530000, 0x000001f6877a0000, 0x000001f687ad0000]
CodeCache: size=245760Kb, used=56309Kb, max_used=56460Kb, free=189448Kb
 total_blobs=16597, nmethods=15795, adapters=707, full_count=0
Compilation: enabled, stopped_count=0, restarted_count=0

Compilation events (20 events):
Event: 6580.323 Thread 0x000001f6ee6e1350 17474       4       java.util.concurrent.locks.AbstractQueuedSynchronizer$Node::clearStatus (12 bytes)
Event: 6580.344 Thread 0x000001f6ee6e1350 nmethod 17474 0x000001f688b9f990 code [0x000001f688b9fb20, 0x000001f688b9fbb0]
Event: 6630.818 Thread 0x000001f6ee6ee260 17475       3       java.lang.Thread::getPriority (17 bytes)
Event: 6630.828 Thread 0x000001f6ee6ee260 nmethod 17475 0x000001f6824b4d10 code [0x000001f6824b4ec0, 0x000001f6824b5188]
Event: 6656.546 Thread 0x000001f6ee6ee260 17476       3       java.util.logging.LogManager::getLogManager (16 bytes)
Event: 6656.548 Thread 0x000001f6ee6ee260 nmethod 17476 0x000001f6824b5290 code [0x000001f6824b5440, 0x000001f6824b5580]
Event: 6656.548 Thread 0x000001f6ee6ee260 17477   !   3       java.util.logging.LogManager$LoggerContext::findLogger (113 bytes)
Event: 6656.585 Thread 0x000001f6ee6ee260 nmethod 17477 0x000001f6824b5610 code [0x000001f6824b58c0, 0x000001f6824b6740]
Event: 6686.553 Thread 0x000001f6ee6ee260 17478       3       jdk.internal.logger.DefaultLoggerFinder::isSystem (18 bytes)
Event: 6686.568 Thread 0x000001f6ee6ee260 nmethod 17478 0x000001f6824b6c90 code [0x000001f6824b6ee0, 0x000001f6824b77f0]
Event: 6686.568 Thread 0x000001f6ee6ee260 17479       3       jdk.internal.logger.DefaultLoggerFinder$1::<init> (10 bytes)
Event: 6686.568 Thread 0x000001f6ee6ee260 nmethod 17479 0x000001f6824b7b90 code [0x000001f6824b7d40, 0x000001f6824b7ec8]
Event: 6686.568 Thread 0x000001f6ee6ee260 17480       3       jdk.internal.logger.DefaultLoggerFinder$1::run (5 bytes)
Event: 6686.571 Thread 0x000001f6ee6ee260 nmethod 17480 0x000001f6824b7f90 code [0x000001f6824b81a0, 0x000001f6824b8820]
Event: 7016.634 Thread 0x000001f6ee6ee260 17481       3       java.util.logging.LogManager::demandLogger (23 bytes)
Event: 7016.656 Thread 0x000001f6ee6ee260 nmethod 17481 0x000001f6824b8a90 code [0x000001f6824b8c40, 0x000001f6824b8e08]
Event: 7016.656 Thread 0x000001f6ee6ee260 17482       3       java.util.logging.LogManager::demandLogger (53 bytes)
Event: 7016.662 Thread 0x000001f6ee6ee260 nmethod 17482 0x000001f6824b8f10 code [0x000001f6824b9140, 0x000001f6824b9798]
Event: 7016.662 Thread 0x000001f6ee6ee260 17483       3       java.util.logging.LogManager::getLogger (9 bytes)
Event: 7016.663 Thread 0x000001f6ee6ee260 nmethod 17483 0x000001f6824b9a10 code [0x000001f6824b9bc0, 0x000001f6824b9dd0]

GC Heap History (20 events):
Event: 5480.928 GC heap before
{Heap before GC invocations=2199 (full 4):
 PSYoungGen      total 1536K, used 1312K [0x00000000d5580000, 0x00000000d5800000, 0x0000000100000000)
  eden space 1024K, 100% used [0x00000000d5580000,0x00000000d5680000,0x00000000d5680000)
  from space 512K, 56% used [0x00000000d5780000,0x00000000d57c8000,0x00000000d5800000)
  to   space 512K, 0% used [0x00000000d5700000,0x00000000d5700000,0x00000000d5780000)
 ParOldGen       total 890368K, used 353125K [0x0000000080000000, 0x00000000b6580000, 0x00000000d5580000)
  object space 890368K, 39% used [0x0000000080000000,0x00000000958d95c0,0x00000000b6580000)
 Metaspace       used 86696K, committed 88448K, reserved 1179648K
  class space    used 10243K, committed 11008K, reserved 1048576K
}
Event: 5480.939 GC heap after
{Heap after GC invocations=2199 (full 4):
 PSYoungGen      total 1536K, used 256K [0x00000000d5580000, 0x00000000d5800000, 0x0000000100000000)
  eden space 1024K, 0% used [0x00000000d5580000,0x00000000d5580000,0x00000000d5680000)
  from space 512K, 50% used [0x00000000d5700000,0x00000000d5740000,0x00000000d5780000)
  to   space 512K, 0% used [0x00000000d5780000,0x00000000d5780000,0x00000000d5800000)
 ParOldGen       total 890368K, used 353165K [0x0000000080000000, 0x00000000b6580000, 0x00000000d5580000)
  object space 890368K, 39% used [0x0000000080000000,0x00000000958e35c0,0x00000000b6580000)
 Metaspace       used 86696K, committed 88448K, reserved 1179648K
  class space    used 10243K, committed 11008K, reserved 1048576K
}
Event: 5485.960 GC heap before
{Heap before GC invocations=2200 (full 4):
 PSYoungGen      total 1536K, used 1280K [0x00000000d5580000, 0x00000000d5800000, 0x0000000100000000)
  eden space 1024K, 100% used [0x00000000d5580000,0x00000000d5680000,0x00000000d5680000)
  from space 512K, 50% used [0x00000000d5700000,0x00000000d5740000,0x00000000d5780000)
  to   space 512K, 0% used [0x00000000d5780000,0x00000000d5780000,0x00000000d5800000)
 ParOldGen       total 890368K, used 353165K [0x0000000080000000, 0x00000000b6580000, 0x00000000d5580000)
  object space 890368K, 39% used [0x0000000080000000,0x00000000958e35c0,0x00000000b6580000)
 Metaspace       used 86696K, committed 88448K, reserved 1179648K
  class space    used 10243K, committed 11008K, reserved 1048576K
}
Event: 5485.969 GC heap after
{Heap after GC invocations=2200 (full 4):
 PSYoungGen      total 1536K, used 288K [0x00000000d5580000, 0x00000000d5800000, 0x0000000100000000)
  eden space 1024K, 0% used [0x00000000d5580000,0x00000000d5580000,0x00000000d5680000)
  from space 512K, 56% used [0x00000000d5780000,0x00000000d57c8000,0x00000000d5800000)
  to   space 512K, 0% used [0x00000000d5700000,0x00000000d5700000,0x00000000d5780000)
 ParOldGen       total 890368K, used 353237K [0x0000000080000000, 0x00000000b6580000, 0x00000000d5580000)
  object space 890368K, 39% used [0x0000000080000000,0x00000000958f55c0,0x00000000b6580000)
 Metaspace       used 86696K, committed 88448K, reserved 1179648K
  class space    used 10243K, committed 11008K, reserved 1048576K
}
Event: 5485.998 GC heap before
{Heap before GC invocations=2201 (full 4):
 PSYoungGen      total 1536K, used 1312K [0x00000000d5580000, 0x00000000d5800000, 0x0000000100000000)
  eden space 1024K, 100% used [0x00000000d5580000,0x00000000d5680000,0x00000000d5680000)
  from space 512K, 56% used [0x00000000d5780000,0x00000000d57c8000,0x00000000d5800000)
  to   space 512K, 0% used [0x00000000d5700000,0x00000000d5700000,0x00000000d5780000)
 ParOldGen       total 890368K, used 353237K [0x0000000080000000, 0x00000000b6580000, 0x00000000d5580000)
  object space 890368K, 39% used [0x0000000080000000,0x00000000958f55c0,0x00000000b6580000)
 Metaspace       used 86697K, committed 88448K, reserved 1179648K
  class space    used 10243K, committed 11008K, reserved 1048576K
}
Event: 5486.003 GC heap after
{Heap after GC invocations=2201 (full 4):
 PSYoungGen      total 1536K, used 256K [0x00000000d5580000, 0x00000000d5800000, 0x0000000100000000)
  eden space 1024K, 0% used [0x00000000d5580000,0x00000000d5580000,0x00000000d5680000)
  from space 512K, 50% used [0x00000000d5700000,0x00000000d5740000,0x00000000d5780000)
  to   space 512K, 0% used [0x00000000d5780000,0x00000000d5780000,0x00000000d5800000)
 ParOldGen       total 890368K, used 353317K [0x0000000080000000, 0x00000000b6580000, 0x00000000d5580000)
  object space 890368K, 39% used [0x0000000080000000,0x00000000959095c0,0x00000000b6580000)
 Metaspace       used 86697K, committed 88448K, reserved 1179648K
  class space    used 10243K, committed 11008K, reserved 1048576K
}
Event: 5486.189 GC heap before
{Heap before GC invocations=2202 (full 4):
 PSYoungGen      total 1536K, used 1279K [0x00000000d5580000, 0x00000000d5800000, 0x0000000100000000)
  eden space 1024K, 99% used [0x00000000d5580000,0x00000000d567fff0,0x00000000d5680000)
  from space 512K, 50% used [0x00000000d5700000,0x00000000d5740000,0x00000000d5780000)
  to   space 512K, 0% used [0x00000000d5780000,0x00000000d5780000,0x00000000d5800000)
 ParOldGen       total 890368K, used 353317K [0x0000000080000000, 0x00000000b6580000, 0x00000000d5580000)
  object space 890368K, 39% used [0x0000000080000000,0x00000000959095c0,0x00000000b6580000)
 Metaspace       used 86699K, committed 88448K, reserved 1179648K
  class space    used 10243K, committed 11008K, reserved 1048576K
}
Event: 5486.204 GC heap after
{Heap after GC invocations=2202 (full 4):
 PSYoungGen      total 1536K, used 224K [0x00000000d5580000, 0x00000000d5800000, 0x0000000100000000)
  eden space 1024K, 0% used [0x00000000d5580000,0x00000000d5580000,0x00000000d5680000)
  from space 512K, 43% used [0x00000000d5780000,0x00000000d57b8000,0x00000000d5800000)
  to   space 512K, 0% used [0x00000000d5700000,0x00000000d5700000,0x00000000d5780000)
 ParOldGen       total 890368K, used 353357K [0x0000000080000000, 0x00000000b6580000, 0x00000000d5580000)
  object space 890368K, 39% used [0x0000000080000000,0x00000000959135c0,0x00000000b6580000)
 Metaspace       used 86699K, committed 88448K, reserved 1179648K
  class space    used 10243K, committed 11008K, reserved 1048576K
}
Event: 5489.882 GC heap before
{Heap before GC invocations=2203 (full 4):
 PSYoungGen      total 1536K, used 1248K [0x00000000d5580000, 0x00000000d5800000, 0x0000000100000000)
  eden space 1024K, 100% used [0x00000000d5580000,0x00000000d5680000,0x00000000d5680000)
  from space 512K, 43% used [0x00000000d5780000,0x00000000d57b8000,0x00000000d5800000)
  to   space 512K, 0% used [0x00000000d5700000,0x00000000d5700000,0x00000000d5780000)
 ParOldGen       total 890368K, used 353357K [0x0000000080000000, 0x00000000b6580000, 0x00000000d5580000)
  object space 890368K, 39% used [0x0000000080000000,0x00000000959135c0,0x00000000b6580000)
 Metaspace       used 86700K, committed 88448K, reserved 1179648K
  class space    used 10243K, committed 11008K, reserved 1048576K
}
Event: 5489.905 GC heap after
{Heap after GC invocations=2203 (full 4):
 PSYoungGen      total 1536K, used 320K [0x00000000d5580000, 0x00000000d5800000, 0x0000000100000000)
  eden space 1024K, 0% used [0x00000000d5580000,0x00000000d5580000,0x00000000d5680000)
  from space 512K, 62% used [0x00000000d5700000,0x00000000d5750000,0x00000000d5780000)
  to   space 512K, 0% used [0x00000000d5780000,0x00000000d5780000,0x00000000d5800000)
 ParOldGen       total 890368K, used 353429K [0x0000000080000000, 0x00000000b6580000, 0x00000000d5580000)
  object space 890368K, 39% used [0x0000000080000000,0x00000000959255c0,0x00000000b6580000)
 Metaspace       used 86700K, committed 88448K, reserved 1179648K
  class space    used 10243K, committed 11008K, reserved 1048576K
}
Event: 5489.952 GC heap before
{Heap before GC invocations=2204 (full 4):
 PSYoungGen      total 1536K, used 1343K [0x00000000d5580000, 0x00000000d5800000, 0x0000000100000000)
  eden space 1024K, 99% used [0x00000000d5580000,0x00000000d567ffa8,0x00000000d5680000)
  from space 512K, 62% used [0x00000000d5700000,0x00000000d5750000,0x00000000d5780000)
  to   space 512K, 0% used [0x00000000d5780000,0x00000000d5780000,0x00000000d5800000)
 ParOldGen       total 890368K, used 353429K [0x0000000080000000, 0x00000000b6580000, 0x00000000d5580000)
  object space 890368K, 39% used [0x0000000080000000,0x00000000959255c0,0x00000000b6580000)
 Metaspace       used 86700K, committed 88448K, reserved 1179648K
  class space    used 10243K, committed 11008K, reserved 1048576K
}
Event: 5489.956 GC heap after
{Heap after GC invocations=2204 (full 4):
 PSYoungGen      total 1536K, used 160K [0x00000000d5580000, 0x00000000d5800000, 0x0000000100000000)
  eden space 1024K, 0% used [0x00000000d5580000,0x00000000d5580000,0x00000000d5680000)
  from space 512K, 31% used [0x00000000d5780000,0x00000000d57a8000,0x00000000d5800000)
  to   space 512K, 0% used [0x00000000d5700000,0x00000000d5700000,0x00000000d5780000)
 ParOldGen       total 890368K, used 353501K [0x0000000080000000, 0x00000000b6580000, 0x00000000d5580000)
  object space 890368K, 39% used [0x0000000080000000,0x00000000959375c0,0x00000000b6580000)
 Metaspace       used 86700K, committed 88448K, reserved 1179648K
  class space    used 10243K, committed 11008K, reserved 1048576K
}
Event: 5494.422 GC heap before
{Heap before GC invocations=2205 (full 4):
 PSYoungGen      total 1536K, used 1184K [0x00000000d5580000, 0x00000000d5800000, 0x0000000100000000)
  eden space 1024K, 100% used [0x00000000d5580000,0x00000000d5680000,0x00000000d5680000)
  from space 512K, 31% used [0x00000000d5780000,0x00000000d57a8000,0x00000000d5800000)
  to   space 512K, 0% used [0x00000000d5700000,0x00000000d5700000,0x00000000d5780000)
 ParOldGen       total 890368K, used 353501K [0x0000000080000000, 0x00000000b6580000, 0x00000000d5580000)
  object space 890368K, 39% used [0x0000000080000000,0x00000000959375c0,0x00000000b6580000)
 Metaspace       used 86701K, committed 88448K, reserved 1179648K
  class space    used 10243K, committed 11008K, reserved 1048576K
}
Event: 5494.424 GC heap after
{Heap after GC invocations=2205 (full 4):
 PSYoungGen      total 1536K, used 288K [0x00000000d5580000, 0x00000000d5800000, 0x0000000100000000)
  eden space 1024K, 0% used [0x00000000d5580000,0x00000000d5580000,0x00000000d5680000)
  from space 512K, 56% used [0x00000000d5700000,0x00000000d5748000,0x00000000d5780000)
  to   space 512K, 0% used [0x00000000d5780000,0x00000000d5780000,0x00000000d5800000)
 ParOldGen       total 890368K, used 353533K [0x0000000080000000, 0x00000000b6580000, 0x00000000d5580000)
  object space 890368K, 39% used [0x0000000080000000,0x000000009593f5c0,0x00000000b6580000)
 Metaspace       used 86701K, committed 88448K, reserved 1179648K
  class space    used 10243K, committed 11008K, reserved 1048576K
}
Event: 5494.471 GC heap before
{Heap before GC invocations=2206 (full 4):
 PSYoungGen      total 1536K, used 1312K [0x00000000d5580000, 0x00000000d5800000, 0x0000000100000000)
  eden space 1024K, 100% used [0x00000000d5580000,0x00000000d5680000,0x00000000d5680000)
  from space 512K, 56% used [0x00000000d5700000,0x00000000d5748000,0x00000000d5780000)
  to   space 512K, 0% used [0x00000000d5780000,0x00000000d5780000,0x00000000d5800000)
 ParOldGen       total 890368K, used 353533K [0x0000000080000000, 0x00000000b6580000, 0x00000000d5580000)
  object space 890368K, 39% used [0x0000000080000000,0x000000009593f5c0,0x00000000b6580000)
 Metaspace       used 86702K, committed 88448K, reserved 1179648K
  class space    used 10243K, committed 11008K, reserved 1048576K
}
Event: 5494.475 GC heap after
{Heap after GC invocations=2206 (full 4):
 PSYoungGen      total 1536K, used 224K [0x00000000d5580000, 0x00000000d5800000, 0x0000000100000000)
  eden space 1024K, 0% used [0x00000000d5580000,0x00000000d5580000,0x00000000d5680000)
  from space 512K, 43% used [0x00000000d5780000,0x00000000d57b8000,0x00000000d5800000)
  to   space 512K, 0% used [0x00000000d5700000,0x00000000d5700000,0x00000000d5780000)
 ParOldGen       total 890368K, used 353589K [0x0000000080000000, 0x00000000b6580000, 0x00000000d5580000)
  object space 890368K, 39% used [0x0000000080000000,0x000000009594d5c0,0x00000000b6580000)
 Metaspace       used 86702K, committed 88448K, reserved 1179648K
  class space    used 10243K, committed 11008K, reserved 1048576K
}
Event: 5494.600 GC heap before
{Heap before GC invocations=2207 (full 4):
 PSYoungGen      total 1536K, used 1247K [0x00000000d5580000, 0x00000000d5800000, 0x0000000100000000)
  eden space 1024K, 99% used [0x00000000d5580000,0x00000000d567fff8,0x00000000d5680000)
  from space 512K, 43% used [0x00000000d5780000,0x00000000d57b8000,0x00000000d5800000)
  to   space 512K, 0% used [0x00000000d5700000,0x00000000d5700000,0x00000000d5780000)
 ParOldGen       total 890368K, used 353589K [0x0000000080000000, 0x00000000b6580000, 0x00000000d5580000)
  object space 890368K, 39% used [0x0000000080000000,0x000000009594d5c0,0x00000000b6580000)
 Metaspace       used 86703K, committed 88448K, reserved 1179648K
  class space    used 10243K, committed 11008K, reserved 1048576K
}
Event: 5494.616 GC heap after
{Heap after GC invocations=2207 (full 4):
 PSYoungGen      total 1536K, used 288K [0x00000000d5580000, 0x00000000d5800000, 0x0000000100000000)
  eden space 1024K, 0% used [0x00000000d5580000,0x00000000d5580000,0x00000000d5680000)
  from space 512K, 56% used [0x00000000d5700000,0x00000000d5748000,0x00000000d5780000)
  to   space 512K, 0% used [0x00000000d5780000,0x00000000d5780000,0x00000000d5800000)
 ParOldGen       total 890368K, used 353653K [0x0000000080000000, 0x00000000b6580000, 0x00000000d5580000)
  object space 890368K, 39% used [0x0000000080000000,0x000000009595d5c0,0x00000000b6580000)
 Metaspace       used 86703K, committed 88448K, reserved 1179648K
  class space    used 10243K, committed 11008K, reserved 1048576K
}
Event: 5781.455 GC heap before
{Heap before GC invocations=2208 (full 4):
 PSYoungGen      total 1536K, used 1312K [0x00000000d5580000, 0x00000000d5800000, 0x0000000100000000)
  eden space 1024K, 100% used [0x00000000d5580000,0x00000000d5680000,0x00000000d5680000)
  from space 512K, 56% used [0x00000000d5700000,0x00000000d5748000,0x00000000d5780000)
  to   space 512K, 0% used [0x00000000d5780000,0x00000000d5780000,0x00000000d5800000)
 ParOldGen       total 890368K, used 353653K [0x0000000080000000, 0x00000000b6580000, 0x00000000d5580000)
  object space 890368K, 39% used [0x0000000080000000,0x000000009595d5c0,0x00000000b6580000)
 Metaspace       used 86709K, committed 88448K, reserved 1179648K
  class space    used 10243K, committed 11008K, reserved 1048576K
}
Event: 5781.774 GC heap after
{Heap after GC invocations=2208 (full 4):
 PSYoungGen      total 1536K, used 256K [0x00000000d5580000, 0x00000000d5800000, 0x0000000100000000)
  eden space 1024K, 0% used [0x00000000d5580000,0x00000000d5580000,0x00000000d5680000)
  from space 512K, 50% used [0x00000000d5780000,0x00000000d57c0000,0x00000000d5800000)
  to   space 512K, 0% used [0x00000000d5700000,0x00000000d5700000,0x00000000d5780000)
 ParOldGen       total 890368K, used 353677K [0x0000000080000000, 0x00000000b6580000, 0x00000000d5580000)
  object space 890368K, 39% used [0x0000000080000000,0x00000000959635c0,0x00000000b6580000)
 Metaspace       used 86709K, committed 88448K, reserved 1179648K
  class space    used 10243K, committed 11008K, reserved 1048576K
}

Dll operation events (15 events):
Event: 0.015 Loaded shared library c:\Users\sande\.vscode\extensions\redhat.java-1.50.0-win32-x64\jre\21.0.9-win32-x86_64\bin\java.dll
Event: 0.136 Loaded shared library c:\Users\sande\.vscode\extensions\redhat.java-1.50.0-win32-x64\jre\21.0.9-win32-x86_64\bin\zip.dll
Event: 0.166 Loaded shared library C:\Users\sande\.vscode\extensions\redhat.java-1.50.0-win32-x64\jre\21.0.9-win32-x86_64\bin\instrument.dll
Event: 0.174 Loaded shared library C:\Users\sande\.vscode\extensions\redhat.java-1.50.0-win32-x64\jre\21.0.9-win32-x86_64\bin\net.dll
Event: 0.178 Loaded shared library C:\Users\sande\.vscode\extensions\redhat.java-1.50.0-win32-x64\jre\21.0.9-win32-x86_64\bin\nio.dll
Event: 0.184 Loaded shared library C:\Users\sande\.vscode\extensions\redhat.java-1.50.0-win32-x64\jre\21.0.9-win32-x86_64\bin\zip.dll
Event: 0.210 Loaded shared library C:\Users\sande\.vscode\extensions\redhat.java-1.50.0-win32-x64\jre\21.0.9-win32-x86_64\bin\jimage.dll
Event: 0.417 Loaded shared library c:\Users\sande\.vscode\extensions\redhat.java-1.50.0-win32-x64\jre\21.0.9-win32-x86_64\bin\verify.dll
Event: 9.914 Loaded shared library C:\Users\sande\AppData\Roaming\Code\User\globalStorage\redhat.java\1.50.0\config_win\org.eclipse.equinox.launcher\org.eclipse.equinox.launcher.win32.win32.x86_64_1.2.1400.v20250801-0854\eclipse_11916.dll
Event: 22.800 Loaded shared library C:\Users\sande\AppData\Local\Temp\jna-109203553\jna17987428687606366485.dll
Event: 28.382 Loaded shared library C:\Users\sande\.gradle\native\1def1411415f61bf3af743bc5b6707747c0891f09f0c88961ee8f79bc544acac\windows-amd64\native-platform.dll
Event: 30.726 Loaded shared library C:\Users\sande\.vscode\extensions\redhat.java-1.50.0-win32-x64\jre\21.0.9-win32-x86_64\bin\management.dll
Event: 30.731 Loaded shared library C:\Users\sande\.vscode\extensions\redhat.java-1.50.0-win32-x64\jre\21.0.9-win32-x86_64\bin\management_ext.dll
Event: 36.045 Loaded shared library C:\Users\sande\.vscode\extensions\redhat.java-1.50.0-win32-x64\jre\21.0.9-win32-x86_64\bin\extnet.dll
Event: 40.002 Loaded shared library C:\Users\sande\.vscode\extensions\redhat.java-1.50.0-win32-x64\jre\21.0.9-win32-x86_64\bin\sunmscapi.dll

Deoptimization events (20 events):
Event: 3595.437 Thread 0x000001f6da90fc20 DEOPT PACKING pc=0x000001f6824913ab sp=0x0000004dfb3ff490
Event: 3595.438 Thread 0x000001f6da90fc20 DEOPT UNPACKING pc=0x000001f687584242 sp=0x0000004dfb3fe978 mode 0
Event: 3851.987 Thread 0x000001f6da910940 DEOPT PACKING pc=0x000001f6824913ab sp=0x0000004dfb5ff6e0
Event: 3851.988 Thread 0x000001f6da910940 DEOPT UNPACKING pc=0x000001f687584242 sp=0x0000004dfb5febc8 mode 0
Event: 4218.984 Thread 0x000001f6fd545d30 DEOPT PACKING pc=0x000001f6824913ab sp=0x0000004dfaeff650
Event: 4218.985 Thread 0x000001f6fd545d30 DEOPT UNPACKING pc=0x000001f687584242 sp=0x0000004dfaefeb38 mode 0
Event: 4666.947 Thread 0x000001f6da911cf0 DEOPT PACKING pc=0x000001f6824913ab sp=0x0000004df73ff630
Event: 4666.948 Thread 0x000001f6da911cf0 DEOPT UNPACKING pc=0x000001f687584242 sp=0x0000004df73feb18 mode 0
Event: 5328.337 Thread 0x000001f6fd54a8c0 DEOPT PACKING pc=0x000001f6824913ab sp=0x0000004df71ff2f0
Event: 5328.339 Thread 0x000001f6fd54a8c0 DEOPT UNPACKING pc=0x000001f687584242 sp=0x0000004df71fe7d8 mode 0
Event: 5479.343 Thread 0x000001f6fdcc9ac0 DEOPT PACKING pc=0x000001f681a96d44 sp=0x0000004dfb0fed10
Event: 5479.346 Thread 0x000001f6fdcc9ac0 DEOPT UNPACKING pc=0x000001f687584242 sp=0x0000004dfb0fe210 mode 0
Event: 5730.359 Thread 0x000001f6da7a50d0 DEOPT PACKING pc=0x000001f6823a94ab sp=0x0000004dfdafe840
Event: 5730.363 Thread 0x000001f6da7a50d0 DEOPT UNPACKING pc=0x000001f687584242 sp=0x0000004dfdafdcb0 mode 0
Event: 5781.875 Thread 0x000001f6fd54b5e0 Uncommon trap: trap_request=0xffffff45 fr.pc=0x000001f68864f82c relative=0x00000000000006ec
Event: 5781.875 Thread 0x000001f6fd54b5e0 Uncommon trap: reason=unstable_if action=reinterpret pc=0x000001f68864f82c method=org.eclipse.core.internal.resources.SaveManager.lambda$11(Lorg/eclipse/core/internal/resources/MarkerManager;Ljava/io/DataOutputStream;[JLjava/io/DataOutputStream;Lorg/eclip
Event: 5781.875 Thread 0x000001f6fd54b5e0 DEOPT PACKING pc=0x000001f68864f82c sp=0x0000004df96fed40
Event: 5781.876 Thread 0x000001f6fd54b5e0 DEOPT UNPACKING pc=0x000001f687583aa2 sp=0x0000004df96fecd8 mode 2
Event: 6224.122 Thread 0x000001f6da9130a0 DEOPT PACKING pc=0x000001f6824913ab sp=0x0000004dfb8ff6c0
Event: 6224.124 Thread 0x000001f6da9130a0 DEOPT UNPACKING pc=0x000001f687584242 sp=0x0000004dfb8feba8 mode 0

Classes loaded (20 events):
Event: 224.191 Loading class java/util/stream/DistinctOps
Event: 224.193 Loading class java/util/stream/DistinctOps done
Event: 224.193 Loading class java/util/stream/DistinctOps$1
Event: 224.195 Loading class java/util/stream/DistinctOps$1 done
Event: 224.207 Loading class java/util/stream/DistinctOps$1$2
Event: 224.208 Loading class java/util/stream/DistinctOps$1$2 done
Event: 295.998 Loading class java/io/SequenceInputStream
Event: 295.999 Loading class java/io/SequenceInputStream done
Event: 306.057 Loading class java/util/TreeMap$AscendingSubMap
Event: 306.061 Loading class java/util/TreeMap$NavigableSubMap
Event: 306.064 Loading class java/util/TreeMap$NavigableSubMap done
Event: 306.064 Loading class java/util/TreeMap$AscendingSubMap done
Event: 306.065 Loading class java/util/TreeMap$NavigableSubMap$SubMapKeyIterator
Event: 306.067 Loading class java/util/TreeMap$NavigableSubMap$SubMapIterator
Event: 306.068 Loading class java/util/TreeMap$NavigableSubMap$SubMapIterator done
Event: 306.068 Loading class java/util/TreeMap$NavigableSubMap$SubMapKeyIterator done
Event: 312.712 Loading class java/util/Hashtable$ValueCollection
Event: 312.713 Loading class java/util/Hashtable$ValueCollection done
Event: 312.750 Loading class java/util/concurrent/ConcurrentHashMap$KeySpliterator
Event: 312.751 Loading class java/util/concurrent/ConcurrentHashMap$KeySpliterator done

Classes unloaded (7 events):
Event: 24.085 Thread 0x000001f6ee5c4970 Unloading class 0x000001f6901a5000 'java/lang/invoke/LambdaForm$MH+0x000001f6901a5000'
Event: 24.085 Thread 0x000001f6ee5c4970 Unloading class 0x000001f6901a4c00 'java/lang/invoke/LambdaForm$MH+0x000001f6901a4c00'
Event: 24.085 Thread 0x000001f6ee5c4970 Unloading class 0x000001f6901a4800 'java/lang/invoke/LambdaForm$MH+0x000001f6901a4800'
Event: 24.085 Thread 0x000001f6ee5c4970 Unloading class 0x000001f6901a4400 'java/lang/invoke/LambdaForm$MH+0x000001f6901a4400'
Event: 24.085 Thread 0x000001f6ee5c4970 Unloading class 0x000001f6901a4000 'java/lang/invoke/LambdaForm$BMH+0x000001f6901a4000'
Event: 24.085 Thread 0x000001f6ee5c4970 Unloading class 0x000001f6901a3c00 'java/lang/invoke/LambdaForm$DMH+0x000001f6901a3c00'
Event: 24.085 Thread 0x000001f6ee5c4970 Unloading class 0x000001f6901a2800 'java/lang/invoke/LambdaForm$DMH+0x000001f6901a2800'

Classes redefined (0 events):
No events

Internal exceptions (20 events):
Event: 5781.396 Thread 0x000001f6fd54b5e0 Exception <a 'sun/nio/fs/WindowsException'{0x00000000d562f380}> (0x00000000d562f380) 
thrown [s\src\hotspot\share\prims\jni.cpp, line 520]
Event: 5781.396 Thread 0x000001f6fd54b5e0 Exception <a 'sun/nio/fs/WindowsException'{0x00000000d562fea8}> (0x00000000d562fea8) 
thrown [s\src\hotspot\share\prims\jni.cpp, line 520]
Event: 5781.397 Thread 0x000001f6fd54b5e0 Exception <a 'sun/nio/fs/WindowsException'{0x00000000d5631a50}> (0x00000000d5631a50) 
thrown [s\src\hotspot\share\prims\jni.cpp, line 520]
Event: 5781.397 Thread 0x000001f6fd54b5e0 Exception <a 'sun/nio/fs/WindowsException'{0x00000000d5632578}> (0x00000000d5632578) 
thrown [s\src\hotspot\share\prims\jni.cpp, line 520]
Event: 5781.416 Thread 0x000001f6fd54b5e0 Exception <a 'sun/nio/fs/WindowsException'{0x00000000d56639e8}> (0x00000000d56639e8) 
thrown [s\src\hotspot\share\prims\jni.cpp, line 520]
Event: 5781.416 Thread 0x000001f6fd54b5e0 Exception <a 'sun/nio/fs/WindowsException'{0x00000000d5664508}> (0x00000000d5664508) 
thrown [s\src\hotspot\share\prims\jni.cpp, line 520]
Event: 5781.417 Thread 0x000001f6fd54b5e0 Exception <a 'sun/nio/fs/WindowsException'{0x00000000d5665ef8}> (0x00000000d5665ef8) 
thrown [s\src\hotspot\share\prims\jni.cpp, line 520]
Event: 5781.417 Thread 0x000001f6fd54b5e0 Exception <a 'sun/nio/fs/WindowsException'{0x00000000d5666a70}> (0x00000000d5666a70) 
thrown [s\src\hotspot\share\prims\jni.cpp, line 520]
Event: 5781.418 Thread 0x000001f6fd54b5e0 Exception <a 'sun/nio/fs/WindowsException'{0x00000000d56686a0}> (0x00000000d56686a0) 
thrown [s\src\hotspot\share\prims\jni.cpp, line 520]
Event: 5781.418 Thread 0x000001f6fd54b5e0 Exception <a 'sun/nio/fs/WindowsException'{0x00000000d56691d8}> (0x00000000d56691d8) 
thrown [s\src\hotspot\share\prims\jni.cpp, line 520]
Event: 5781.419 Thread 0x000001f6fd54b5e0 Exception <a 'sun/nio/fs/WindowsException'{0x00000000d566abd8}> (0x00000000d566abd8) 
thrown [s\src\hotspot\share\prims\jni.cpp, line 520]
Event: 5781.419 Thread 0x000001f6fd54b5e0 Exception <a 'sun/nio/fs/WindowsException'{0x00000000d566b700}> (0x00000000d566b700) 
thrown [s\src\hotspot\share\prims\jni.cpp, line 520]
Event: 5781.420 Thread 0x000001f6fd54b5e0 Exception <a 'sun/nio/fs/WindowsException'{0x00000000d566d2a8}> (0x00000000d566d2a8) 
thrown [s\src\hotspot\share\prims\jni.cpp, line 520]
Event: 5781.420 Thread 0x000001f6fd54b5e0 Exception <a 'sun/nio/fs/WindowsException'{0x00000000d566ddd0}> (0x00000000d566ddd0) 
thrown [s\src\hotspot\share\prims\jni.cpp, line 520]
Event: 5781.422 Thread 0x000001f6fd54b5e0 Exception <a 'sun/nio/fs/WindowsException'{0x00000000d56714c8}> (0x00000000d56714c8) 
thrown [s\src\hotspot\share\prims\jni.cpp, line 520]
Event: 5781.422 Thread 0x000001f6fd54b5e0 Exception <a 'sun/nio/fs/WindowsException'{0x00000000d5672000}> (0x00000000d5672000) 
thrown [s\src\hotspot\share\prims\jni.cpp, line 520]
Event: 5781.424 Thread 0x000001f6fd54b5e0 Exception <a 'sun/nio/fs/WindowsException'{0x00000000d56739f8}> (0x00000000d56739f8) 
thrown [s\src\hotspot\share\prims\jni.cpp, line 520]
Event: 5781.424 Thread 0x000001f6fd54b5e0 Exception <a 'sun/nio/fs/WindowsException'{0x00000000d5674530}> (0x00000000d5674530) 
thrown [s\src\hotspot\share\prims\jni.cpp, line 520]
Event: 5781.427 Thread 0x000001f6fd54b5e0 Exception <a 'sun/nio/fs/WindowsException'{0x00000000d56767f0}> (0x00000000d56767f0) 
thrown [s\src\hotspot\share\prims\jni.cpp, line 520]
Event: 5781.428 Thread 0x000001f6fd54b5e0 Exception <a 'sun/nio/fs/WindowsException'{0x00000000d5677578}> (0x00000000d5677578) 
thrown [s\src\hotspot\share\prims\jni.cpp, line 520]

ZGC Phase Switch (0 events):
No events

VM Operations (20 events):
Event: 6794.741 Executing VM operation: HandshakeAllThreads (HandshakeForDeflation)
Event: 6794.741 Executing VM operation: HandshakeAllThreads (HandshakeForDeflation) done
Event: 6794.741 Executing VM operation: RendezvousGCThreads
Event: 6794.741 Executing VM operation: RendezvousGCThreads done
Event: 6854.946 Executing VM operation: HandshakeAllThreads (HandshakeForDeflation)
Event: 6854.947 Executing VM operation: HandshakeAllThreads (HandshakeForDeflation) done
Event: 6854.947 Executing VM operation: RendezvousGCThreads
Event: 6854.947 Executing VM operation: RendezvousGCThreads done
Event: 6915.037 Executing VM operation: HandshakeAllThreads (HandshakeForDeflation)
Event: 6915.038 Executing VM operation: HandshakeAllThreads (HandshakeForDeflation) done
Event: 6915.038 Executing VM operation: RendezvousGCThreads
Event: 6915.038 Executing VM operation: RendezvousGCThreads done
Event: 6975.261 Executing VM operation: HandshakeAllThreads (HandshakeForDeflation)
Event: 6975.261 Executing VM operation: HandshakeAllThreads (HandshakeForDeflation) done
Event: 6975.261 Executing VM operation: RendezvousGCThreads
Event: 6975.261 Executing VM operation: RendezvousGCThreads done
Event: 7035.454 Executing VM operation: HandshakeAllThreads (HandshakeForDeflation)
Event: 7035.454 Executing VM operation: HandshakeAllThreads (HandshakeForDeflation) done
Event: 7035.454 Executing VM operation: RendezvousGCThreads
Event: 7035.454 Executing VM operation: RendezvousGCThreads done

Memory protections (0 events):
No events

Nmethod flushes (20 events):
Event: 317.878 Thread 0x000001f6ee5c4970 flushing  nmethod 0x000001f680e56190
Event: 317.878 Thread 0x000001f6ee5c4970 flushing  nmethod 0x000001f680e89210
Event: 317.878 Thread 0x000001f6ee5c4970 flushing  nmethod 0x000001f680e96f90
Event: 317.878 Thread 0x000001f6ee5c4970 flushing  nmethod 0x000001f680e9a910
Event: 317.878 Thread 0x000001f6ee5c4970 flushing  nmethod 0x000001f680e9b710
Event: 317.878 Thread 0x000001f6ee5c4970 flushing  nmethod 0x000001f680e9ba90
Event: 317.878 Thread 0x000001f6ee5c4970 flushing  nmethod 0x000001f680e9cb10
Event: 317.879 Thread 0x000001f6ee5c4970 flushing  nmethod 0x000001f680e9d590
Event: 317.879 Thread 0x000001f6ee5c4970 flushing  nmethod 0x000001f680e9f510
Event: 317.879 Thread 0x000001f6ee5c4970 flushing  nmethod 0x000001f680ea7390
Event: 317.879 Thread 0x000001f6ee5c4970 flushing  nmethod 0x000001f680ea8090
Event: 317.879 Thread 0x000001f6ee5c4970 flushing  nmethod 0x000001f680eabd90
Event: 317.879 Thread 0x000001f6ee5c4970 flushing  nmethod 0x000001f680eaca90
Event: 317.879 Thread 0x000001f6ee5c4970 flushing  nmethod 0x000001f680eae490
Event: 317.879 Thread 0x000001f6ee5c4970 flushing  nmethod 0x000001f680eb1010
Event: 317.879 Thread 0x000001f6ee5c4970 flushing  nmethod 0x000001f680ebf810
Event: 317.879 Thread 0x000001f6ee5c4970 flushing osr nmethod 0x000001f680ec4910
Event: 317.879 Thread 0x000001f6ee5c4970 flushing  nmethod 0x000001f680edc390
Event: 317.879 Thread 0x000001f6ee5c4970 flushing osr nmethod 0x000001f680f04510
Event: 317.879 Thread 0x000001f6ee5c4970 flushing osr nmethod 0x000001f680f66210

Events (20 events):
Event: 986.416 Thread 0x000001f6d020ceb0 Thread exited: 0x000001f6d020ceb0
Event: 1046.415 Thread 0x000001f6d020f610 Thread exited: 0x000001f6d020f610
Event: 5781.230 Thread 0x000001f6fd54b5e0 Thread added: 0x000001f6daab4390
Event: 5781.265 Thread 0x000001f6daab4390 Thread exited: 0x000001f6daab4390
Event: 5781.439 Thread 0x000001f6fd54b5e0 Thread added: 0x000001f6daab6460
Event: 5781.444 Thread 0x000001f6daab6460 Thread added: 0x000001f6daab50b0
Event: 5781.447 Thread 0x000001f6daab50b0 Thread added: 0x000001f6daab2fe0
Event: 5781.447 Thread 0x000001f6daab50b0 Thread added: 0x000001f6daab3670
Event: 5781.448 Thread 0x000001f6daab50b0 Thread added: 0x000001f6daab3d00
Event: 5781.449 Thread 0x000001f6daab6460 Thread added: 0x000001f6daab4390
Event: 5781.450 Thread 0x000001f6daab50b0 Thread added: 0x000001f6daab7810
Event: 5781.453 Thread 0x000001f6daab50b0 Thread added: 0x000001f6daab7ea0
Event: 5781.778 Thread 0x000001f6daab6460 Thread exited: 0x000001f6daab6460
Event: 5781.779 Thread 0x000001f6daab7ea0 Thread exited: 0x000001f6daab7ea0
Event: 5781.779 Thread 0x000001f6daab7810 Thread exited: 0x000001f6daab7810
Event: 5781.779 Thread 0x000001f6daab50b0 Thread exited: 0x000001f6daab50b0
Event: 5781.779 Thread 0x000001f6daab3d00 Thread exited: 0x000001f6daab3d00
Event: 5781.779 Thread 0x000001f6daab2fe0 Thread exited: 0x000001f6daab2fe0
Event: 5781.780 Thread 0x000001f6daab4390 Thread exited: 0x000001f6daab4390
Event: 5781.781 Thread 0x000001f6daab3670 Thread exited: 0x000001f6daab3670


Dynamic libraries:
0x00007ff6b3610000 - 0x00007ff6b361e000 	c:\Users\sande\.vscode\extensions\redhat.java-1.50.0-win32-x64\jre\21.0.9-win32-x86_64\bin\java.exe
0x00007ffb84000000 - 0x00007ffb84267000 	C:\WINDOWS\SYSTEM32\ntdll.dll
0x00007ffb81f10000 - 0x00007ffb81fd9000 	C:\WINDOWS\System32\KERNEL32.DLL
0x00007ffb81180000 - 0x00007ffb8156f000 	C:\WINDOWS\System32\KERNELBASE.dll
0x00007ffb81780000 - 0x00007ffb818cb000 	C:\WINDOWS\System32\ucrtbase.dll
0x00007ffb56ac0000 - 0x00007ffb56ad8000 	c:\Users\sande\.vscode\extensions\redhat.java-1.50.0-win32-x64\jre\21.0.9-win32-x86_64\bin\jli.dll
0x00007ffb58130000 - 0x00007ffb5814e000 	c:\Users\sande\.vscode\extensions\redhat.java-1.50.0-win32-x64\jre\21.0.9-win32-x86_64\bin\VCRUNTIME140.dll
0x00007ffb83660000 - 0x00007ffb83825000 	C:\WINDOWS\System32\USER32.dll
0x00007ffb81150000 - 0x00007ffb81177000 	C:\WINDOWS\System32\win32u.dll
0x00007ffb6bb60000 - 0x00007ffb6bdf3000 	C:\WINDOWS\WinSxS\amd64_microsoft.windows.common-controls_6595b64144ccf1df_6.0.26100.7309_none_3e05feeae336a044\COMCTL32.dll
0x00007ffb81e60000 - 0x00007ffb81e8b000 	C:\WINDOWS\System32\GDI32.dll
0x00007ffb81da0000 - 0x00007ffb81e49000 	C:\WINDOWS\System32\msvcrt.dll
0x00007ffb818d0000 - 0x00007ffb819fc000 	C:\WINDOWS\System32\gdi32full.dll
0x00007ffb81580000 - 0x00007ffb81623000 	C:\WINDOWS\System32\msvcp_win.dll
0x00007ffb83830000 - 0x00007ffb83861000 	C:\WINDOWS\System32\IMM32.DLL
0x00007ffb62420000 - 0x00007ffb6242c000 	c:\Users\sande\.vscode\extensions\redhat.java-1.50.0-win32-x64\jre\21.0.9-win32-x86_64\bin\vcruntime140_1.dll
0x00007ffb13b20000 - 0x00007ffb13bad000 	c:\Users\sande\.vscode\extensions\redhat.java-1.50.0-win32-x64\jre\21.0.9-win32-x86_64\bin\msvcp140.dll
0x00007ffab8cc0000 - 0x00007ffab9a60000 	c:\Users\sande\.vscode\extensions\redhat.java-1.50.0-win32-x64\jre\21.0.9-win32-x86_64\bin\server\jvm.dll
0x00007ffb835a0000 - 0x00007ffb83654000 	C:\WINDOWS\System32\ADVAPI32.dll
0x00007ffb82430000 - 0x00007ffb824d6000 	C:\WINDOWS\System32\sechost.dll
0x00007ffb82b40000 - 0x00007ffb82c58000 	C:\WINDOWS\System32\RPCRT4.dll
0x00007ffb81e90000 - 0x00007ffb81f04000 	C:\WINDOWS\System32\WS2_32.dll
0x00007ffb7fd20000 - 0x00007ffb7fd7e000 	C:\WINDOWS\SYSTEM32\POWRPROF.dll
0x00007ffb6bed0000 - 0x00007ffb6bf05000 	C:\WINDOWS\SYSTEM32\WINMM.dll
0x00007ffb77960000 - 0x00007ffb7796b000 	C:\WINDOWS\SYSTEM32\VERSION.dll
0x00007ffb7fd00000 - 0x00007ffb7fd14000 	C:\WINDOWS\SYSTEM32\UMPDC.dll
0x00007ffb7fff0000 - 0x00007ffb8000b000 	C:\WINDOWS\SYSTEM32\kernel.appcore.dll
0x00007ffb60ab0000 - 0x00007ffb60aba000 	c:\Users\sande\.vscode\extensions\redhat.java-1.50.0-win32-x64\jre\21.0.9-win32-x86_64\bin\jimage.dll
0x00007ffb7e850000 - 0x00007ffb7ea92000 	C:\WINDOWS\SYSTEM32\DBGHELP.DLL
0x00007ffb827b0000 - 0x00007ffb82b35000 	C:\WINDOWS\System32\combase.dll
0x00007ffb825e0000 - 0x00007ffb826b6000 	C:\WINDOWS\System32\OLEAUT32.dll
0x00007ffb6a0d0000 - 0x00007ffb6a10c000 	C:\WINDOWS\SYSTEM32\dbgcore.DLL
0x00007ffb81b80000 - 0x00007ffb81c25000 	C:\WINDOWS\System32\bcryptPrimitives.dll
0x00007ffb5da90000 - 0x00007ffb5da9f000 	c:\Users\sande\.vscode\extensions\redhat.java-1.50.0-win32-x64\jre\21.0.9-win32-x86_64\bin\instrument.dll
0x00007ffb53190000 - 0x00007ffb531b0000 	c:\Users\sande\.vscode\extensions\redhat.java-1.50.0-win32-x64\jre\21.0.9-win32-x86_64\bin\java.dll
0x00007ffb82e10000 - 0x00007ffb83563000 	C:\WINDOWS\System32\SHELL32.dll
0x00007ffb81c30000 - 0x00007ffb81d9a000 	C:\WINDOWS\System32\wintypes.dll
0x00007ffb7ed50000 - 0x00007ffb7f5ae000 	C:\WINDOWS\SYSTEM32\windows.storage.dll
0x00007ffb82040000 - 0x00007ffb82135000 	C:\WINDOWS\System32\SHCORE.dll
0x00007ffb83f50000 - 0x00007ffb83fb6000 	C:\WINDOWS\System32\shlwapi.dll
0x00007ffb81070000 - 0x00007ffb81099000 	C:\WINDOWS\SYSTEM32\profapi.dll
0x00007ffb477e0000 - 0x00007ffb477f8000 	c:\Users\sande\.vscode\extensions\redhat.java-1.50.0-win32-x64\jre\21.0.9-win32-x86_64\bin\zip.dll
0x00007ffb5d5f0000 - 0x00007ffb5d600000 	C:\Users\sande\.vscode\extensions\redhat.java-1.50.0-win32-x64\jre\21.0.9-win32-x86_64\bin\net.dll
0x00007ffb795e0000 - 0x00007ffb79708000 	C:\WINDOWS\SYSTEM32\WINHTTP.dll
0x00007ffb80590000 - 0x00007ffb805fb000 	C:\WINDOWS\system32\mswsock.dll
0x00007ffb3eb80000 - 0x00007ffb3eb96000 	C:\Users\sande\.vscode\extensions\redhat.java-1.50.0-win32-x64\jre\21.0.9-win32-x86_64\bin\nio.dll
0x00007ffb5ca70000 - 0x00007ffb5ca80000 	c:\Users\sande\.vscode\extensions\redhat.java-1.50.0-win32-x64\jre\21.0.9-win32-x86_64\bin\verify.dll
0x00007ffb5cc50000 - 0x00007ffb5cc94000 	C:\Users\sande\AppData\Roaming\Code\User\globalStorage\redhat.java\1.50.0\config_win\org.eclipse.equinox.launcher\org.eclipse.equinox.launcher.win32.win32.x86_64_1.2.1400.v20250801-0854\eclipse_11916.dll
0x00007ffb82c60000 - 0x00007ffb82df7000 	C:\WINDOWS\System32\ole32.dll
0x00007ffb80850000 - 0x00007ffb8086b000 	C:\WINDOWS\SYSTEM32\CRYPTSP.dll
0x00007ffb7ff50000 - 0x00007ffb7ff8a000 	C:\WINDOWS\system32\rsaenh.dll
0x00007ffb80640000 - 0x00007ffb8066b000 	C:\WINDOWS\SYSTEM32\USERENV.dll
0x00007ffb81040000 - 0x00007ffb8106a000 	C:\WINDOWS\SYSTEM32\bcrypt.dll
0x00007ffb80870000 - 0x00007ffb8087c000 	C:\WINDOWS\SYSTEM32\CRYPTBASE.dll
0x00007ffb7f990000 - 0x00007ffb7f9c4000 	C:\WINDOWS\SYSTEM32\IPHLPAPI.DLL
0x00007ffb826c0000 - 0x00007ffb826ca000 	C:\WINDOWS\System32\NSI.dll
0x00007ffb6e3b0000 - 0x00007ffb6e3f9000 	C:\Users\sande\AppData\Local\Temp\jna-109203553\jna17987428687606366485.dll
0x00007ffb81e50000 - 0x00007ffb81e58000 	C:\WINDOWS\System32\PSAPI.DLL
0x00007ffb79730000 - 0x00007ffb7974e000 	C:\WINDOWS\SYSTEM32\dhcpcsvc6.DLL
0x00007ffb79390000 - 0x00007ffb793b3000 	C:\WINDOWS\SYSTEM32\dhcpcsvc.DLL
0x00007ffb6e380000 - 0x00007ffb6e3a7000 	C:\Users\sande\.gradle\native\1def1411415f61bf3af743bc5b6707747c0891f09f0c88961ee8f79bc544acac\windows-amd64\native-platform.dll
0x00007ffb7dc20000 - 0x00007ffb7dc2a000 	C:\Users\sande\.vscode\extensions\redhat.java-1.50.0-win32-x64\jre\21.0.9-win32-x86_64\bin\management.dll
0x00007ffb7d980000 - 0x00007ffb7d98c000 	C:\Users\sande\.vscode\extensions\redhat.java-1.50.0-win32-x64\jre\21.0.9-win32-x86_64\bin\management_ext.dll
0x00007ffb5ccf0000 - 0x00007ffb5ccf9000 	C:\Users\sande\.vscode\extensions\redhat.java-1.50.0-win32-x64\jre\21.0.9-win32-x86_64\bin\extnet.dll
0x00007ffb7d970000 - 0x00007ffb7d97e000 	C:\Users\sande\.vscode\extensions\redhat.java-1.50.0-win32-x64\jre\21.0.9-win32-x86_64\bin\sunmscapi.dll
0x00007ffb81a00000 - 0x00007ffb81b77000 	C:\WINDOWS\System32\CRYPT32.dll
0x00007ffb80a70000 - 0x00007ffb80aa0000 	C:\WINDOWS\SYSTEM32\ncrypt.dll
0x00007ffb80a20000 - 0x00007ffb80a5f000 	C:\WINDOWS\SYSTEM32\NTASN1.dll
0x00007ffb60030000 - 0x00007ffb60038000 	C:\WINDOWS\system32\wshunix.dll
0x00007ffb7fa30000 - 0x00007ffb7fb5c000 	C:\WINDOWS\SYSTEM32\DNSAPI.dll
0x00007ffb79720000 - 0x00007ffb7972b000 	C:\Windows\System32\rasadhlp.dll
0x00007ffb77f10000 - 0x00007ffb77f96000 	C:\WINDOWS\System32\fwpuclnt.dll

JVMTI agents:
c:\Users\sande\.vscode\extensions\redhat.java-1.50.0-win32-x64\lombok\lombok-1.18.39-4050.jar path:c:\Users\sande\.vscode\extensions\redhat.java-1.50.0-win32-x64\jre\21.0.9-win32-x86_64\bin\instrument.dll, loaded, initialized, instrumentlib options:none

dbghelp: loaded successfully - version: 4.0.5 - missing functions: none
symbol engine: initialized successfully - sym options: 0x614 - pdb path: .;c:\Users\sande\.vscode\extensions\redhat.java-1.50.0-win32-x64\jre\21.0.9-win32-x86_64\bin;C:\WINDOWS\SYSTEM32;C:\WINDOWS\WinSxS\amd64_microsoft.windows.common-controls_6595b64144ccf1df_6.0.26100.7309_none_3e05feeae336a044;c:\Users\sande\.vscode\extensions\redhat.java-1.50.0-win32-x64\jre\21.0.9-win32-x86_64\bin\server;C:\Users\sande\AppData\Roaming\Code\User\globalStorage\redhat.java\1.50.0\config_win\org.eclipse.equinox.launcher\org.eclipse.equinox.launcher.win32.win32.x86_64_1.2.1400.v20250801-0854;C:\Users\sande\AppData\Local\Temp\jna-109203553;C:\Users\sande\.gradle\native\1def1411415f61bf3af743bc5b6707747c0891f09f0c88961ee8f79bc544acac\windows-amd64

VM Arguments:
jvm_args: --add-modules=ALL-SYSTEM --add-opens=java.base/java.util=ALL-UNNAMED --add-opens=java.base/java.lang=ALL-UNNAMED --add-opens=java.base/sun.nio.fs=ALL-UNNAMED -Declipse.application=org.eclipse.jdt.ls.core.id1 -Dosgi.bundles.defaultStartLevel=4 -Declipse.product=org.eclipse.jdt.ls.core.product -Djava.import.generatesMetadataFilesAtProjectRoot=false -DDetectVMInstallationsJob.disabled=true -Dfile.encoding=utf8 -XX:+UseParallelGC -XX:GCTimeRatio=4 -XX:AdaptiveSizePolicyWeight=90 -Dsun.zip.disableMemoryMapping=true -Xmx2G -Xms100m -Xlog:disable -javaagent:c:\Users\sande\.vscode\extensions\redhat.java-1.50.0-win32-x64\lombok\lombok-1.18.39-4050.jar -XX:+HeapDumpOnOutOfMemoryError -XX:HeapDumpPath=c:\Users\sande\AppData\Roaming\Code\User\workspaceStorage\c1189af7ad4b5b28f6591a4578dcf0ce\redhat.java -Daether.dependencyCollector.impl=bf 
java_command: c:\Users\sande\.vscode\extensions\redhat.java-1.50.0-win32-x64\server\plugins\org.eclipse.equinox.launcher_1.7.100.v20251111-0406.jar -configuration c:\Users\sande\AppData\Roaming\Code\User\globalStorage\redhat.java\1.50.0\config_win -data c:\Users\sande\AppData\Roaming\Code\User\workspaceStorage\c1189af7ad4b5b28f6591a4578dcf0ce\redhat.java\jdt_ws --pipe=\\.\pipe\lsp-9ec4bd5a3f644ce6137d5ed23498a041-sock
java_class_path (initial): c:\Users\sande\.vscode\extensions\redhat.java-1.50.0-win32-x64\server\plugins\org.eclipse.equinox.launcher_1.7.100.v20251111-0406.jar
Launcher Type: SUN_STANDARD

[Global flags]
    uintx AdaptiveSizePolicyWeight                 = 90                                        {product} {command line}
     intx CICompilerCount                          = 4                                         {product} {ergonomic}
    uintx GCTimeRatio                              = 4                                         {product} {command line}
     bool HeapDumpOnOutOfMemoryError               = true                                   {manageable} {command line}
    ccstr HeapDumpPath                             = c:\Users\sande\AppData\Roaming\Code\User\workspaceStorage\c1189af7ad4b5b28f6591a4578dcf0ce\redhat.java         {manageable} {command line}
   size_t InitialHeapSize                          = 104857600                                 {product} {command line}
   size_t MaxHeapSize                              = 2147483648                                {product} {command line}
   size_t MaxNewSize                               = 715653120                                 {product} {ergonomic}
   size_t MinHeapDeltaBytes                        = 524288                                    {product} {ergonomic}
   size_t MinHeapSize                              = 104857600                                 {product} {command line}
   size_t NewSize                                  = 34603008                                  {product} {ergonomic}
    uintx NonNMethodCodeHeapSize                   = 5839372                                {pd product} {ergonomic}
    uintx NonProfiledCodeHeapSize                  = 122909434                              {pd product} {ergonomic}
   size_t OldSize                                  = 70254592                                  {product} {ergonomic}
    uintx ProfiledCodeHeapSize                     = 122909434                              {pd product} {ergonomic}
    uintx ReservedCodeCacheSize                    = 251658240                              {pd product} {ergonomic}
     bool SegmentedCodeCache                       = true                                      {product} {ergonomic}
   size_t SoftMaxHeapSize                          = 2147483648                             {manageable} {ergonomic}
     bool UseCompressedOops                        = true                           {product lp64_product} {ergonomic}
     bool UseLargePagesIndividualAllocation        = false                                  {pd product} {ergonomic}
     bool UseParallelGC                            = true                                      {product} {command line}

Logging:
Log output configuration:
 #0: stdout all=off uptime,level,tags foldmultilines=false
 #1: stderr all=off uptime,level,tags foldmultilines=false

Release file:
JAVA_VERSION="21.0.9" 
MODULES="java.base java.compiler java.datatransfer java.xml java.prefs java.desktop java.instrument java.logging java.management java.security.sasl java.naming java.rmi java.management.rmi java.net.http java.scripting java.security.jgss java.transaction.xa java.sql java.sql.rowset java.xml.crypto java.se java.smartcardio jdk.accessibility jdk.internal.jvmstat jdk.attach jdk.charsets jdk.internal.opt jdk.zipfs jdk.compiler jdk.crypto.ec jdk.crypto.cryptoki jdk.crypto.mscapi jdk.dynalink jdk.internal.ed jdk.editpad jdk.hotspot.agent jdk.httpserver jdk.internal.le jdk.internal.vm.ci jdk.internal.vm.compiler jdk.internal.vm.compiler.management jdk.jartool jdk.javadoc jdk.jcmd jdk.management jdk.management.agent jdk.jconsole jdk.jdeps jdk.jdwp.agent jdk.jdi jdk.jfr jdk.jshell jdk.jsobject jdk.jstatd jdk.localedata jdk.management.jfr jdk.naming.dns jdk.naming.rmi jdk.net jdk.nio.mapmode jdk.random jdk.sctp jdk.security.auth jdk.security.jgss jdk.unsupported jdk.unsupported.desktop jdk.xml.dom" 

Environment Variables:
PATH=C:\Program Files\Common Files\Oracle\Java\javapath;C:\Python313\Scripts\;C:\Python313\;C:\Program Files\Python312\Scripts\;C:\Program Files\Python312\;C:\Windows\system32;C:\Windows;C:\Windows\System32\Wbem;C:\Windows\System32\WindowsPowerShell\v1.0\;C:\Windows\System32\OpenSSH\;C:\Program Files (x86)\NVIDIA Corporation\PhysX\Common;C:\WINDOWS\system32;C:\WINDOWS;C:\WINDOWS\System32\Wbem;C:\WINDOWS\System32\WindowsPowerShell\v1.0\;C:\WINDOWS\System32\OpenSSH\;C:\Program Files\Git\bin;C:\Program Files\NVIDIA Corporation\NVIDIA NvDLISR;C:\Program Files\GTK3-Runtime Win64\bin;C:\Users\sande\Downloads\kotlin-compiler-1.9.22\kotlinc\bin;C:\Program Files\Azure Data Studio\bin;C:\Program Files\MySQL\MySQL Server 8.0\bin;C:\Users\sande\AppData\Local\Android\Sdk;C:\Users\sande\AppData\Local\Android\Sdk\platform-tools;C:\WINDOWS\system32;C:\WINDOWS;C:\WINDOWS\System32\Wbem;C:\WINDOWS\System32\WindowsPowerShell\v1.0\;C:\WINDOWS\System32\OpenSSH\;C:\ProgramData\chocolatey\bin;C:\Program Files\nodejs;C:\Users\sande\AppData\Local\nvm;C:\nvm4w\nodejs;C:\MinGW\bin;C:\Program Files\Go\bin;C:\Users\sande\Downloads\apache-maven-3.9.9\bin;C:\Program Files\PuTTY\;C:\Program Files\Docker\Docker\resources\bin;C:\Program Files\Java\jdk-17\bin;C:\Users\sande\AppData\Local\Android\Sdk\tools;C:\Program Files\MySQL\MySQL Shell 8.0\bin\;C:\Users\sande\AppData\Local\Microsoft\WindowsApps;C:\Program Files\JetBrains\IntelliJ IDEA Community Edition 2023.1.2\bin;;C:\Users\sande\AppData\Local\Programs\Microsoft VS Code\bin;C:\Users\sande\dart-sdk\bin;C:\Users\sande\Desktop\flutter_windows_3.16.5-stable\flutter\bin;C:\Program Files\Azure Data Studio\bin;C:\ProgramData\Microsoft\Windows\Start Menu\Programs\Python 3.12\Python 3.12 (64-bit).lnk;C:\Program Files\Python312\Scripts;C:\Mongosh\;C:\Users\sande\AppData\Local\nvm;C:\nvm4w\nodejs;C:\Users\sande\go\bin;C:\Program Files\JetBrains\IntelliJ IDEA 2024.3.5\bin;;C:\Program Files\Java\jdk-17\bin;C:\Program Files\Java\jdk-17\;C:\Users\sande\AppData\Local\Programs\Antigravity\bin
USERNAME=sande
OS=Windows_NT
PROCESSOR_IDENTIFIER=Intel64 Family 6 Model 165 Stepping 2, GenuineIntel
TMP=C:\Users\sande\AppData\Local\Temp
TEMP=C:\Users\sande\AppData\Local\Temp




Periodic native trim disabled

---------------  S Y S T E M  ---------------

OS:
 Windows 11 , 64 bit Build 26100 (10.0.26100.7309)
OS uptime: 0 days 2:29 hours
Hyper-V role detected

CPU: total 12 (initial active 12) (6 cores per cpu, 2 threads per core) family 6 model 165 stepping 2 microcode 0xf6, cx8, cmov, fxsr, ht, mmx, 3dnowpref, sse, sse2, sse3, ssse3, sse4.1, sse4.2, popcnt, lzcnt, tsc, tscinvbit, avx, avx2, aes, erms, clmul, bmi1, bmi2, adx, fma, vzeroupper, clflush, clflushopt, hv, rdtscp, f16c
Processor Information for the first 12 processors :
  Max Mhz: 2496, Current Mhz: 2496, Mhz Limit: 2496

Memory: 4k page, system-wide physical 8059M (1186M free)
TotalPageFile size 32635M (AvailPageFile size 39M)
current process WorkingSet (physical memory assigned to process): 12M, peak: 825M
current process commit charge ("private bytes"): 1271M, peak: 1282M

vm_info: OpenJDK 64-Bit Server VM (21.0.9+10-LTS) for windows-amd64 JRE (21.0.9+10-LTS), built on 2025-10-21T00:00:00Z by "admin" with unknown MS VC++:1942

END.
