#
# There is insufficient memory for the Java Runtime Environment to continue.
# Native memory allocation (malloc) failed to allocate 1048576 bytes. Error detail: AllocateHeap
# Possible reasons:
#   The system is out of physical RAM or swap space
#   This process is running with CompressedOops enabled, and the Java Heap may be blocking the growth of the native heap
# Possible solutions:
#   Reduce memory load on the system
#   Increase physical memory or swap space
#   Check if swap backing store is full
#   Decrease Java heap size (-Xmx/-Xms)
#   Decrease number of Java threads
#   Decrease Java thread stack sizes (-Xss)
#   Set larger code cache with -XX:ReservedCodeCacheSize=
#   JVM is running with Unscaled Compressed Oops mode in which the Java heap is
#     placed in the first 4GB address space. The Java Heap base address is the
#     maximum limit for the native heap growth. Please use -XX:HeapBaseMinAddress
#     to set the Java Heap base and to place the Java Heap above 4GB virtual address.
# This output file may be truncated or incomplete.
#
#  Out of Memory Error (allocation.cpp:44), pid=768, tid=6376
#
# JRE version: OpenJDK Runtime Environment Temurin-21.0.9+10 (21.0.9+10) (build 21.0.9+10-LTS)
# Java VM: OpenJDK 64-Bit Server VM Temurin-21.0.9+10 (21.0.9+10-LTS, mixed mode, sharing, tiered, compressed oops, compressed class ptrs, parallel gc, windows-amd64)
# No core dump will be written. Minidumps are not enabled by default on client versions of Windows
#

---------------  S U M M A R Y ------------

Command Line: --add-modules=ALL-SYSTEM --add-opens=java.base/java.util=ALL-UNNAMED --add-opens=java.base/java.lang=ALL-UNNAMED --add-opens=java.base/sun.nio.fs=ALL-UNNAMED -Declipse.application=org.eclipse.jdt.ls.core.id1 -Dosgi.bundles.defaultStartLevel=4 -Declipse.product=org.eclipse.jdt.ls.core.product -Djava.import.generatesMetadataFilesAtProjectRoot=false -DDetectVMInstallationsJob.disabled=true -Dfile.encoding=utf8 -XX:+UseParallelGC -XX:GCTimeRatio=4 -XX:AdaptiveSizePolicyWeight=90 -Dsun.zip.disableMemoryMapping=true -Xmx2G -Xms100m -Xlog:disable -javaagent:c:\Users\sande\.vscode\extensions\redhat.java-1.51.0-win32-x64\lombok\lombok-1.18.39-4050.jar -XX:+HeapDumpOnOutOfMemoryError -XX:HeapDumpPath=c:\Users\sande\AppData\Roaming\Code\User\workspaceStorage\c1189af7ad4b5b28f6591a4578dcf0ce\redhat.java -Daether.dependencyCollector.impl=bf c:\Users\sande\.vscode\extensions\redhat.java-1.51.0-win32-x64\server\plugins\org.eclipse.equinox.launcher_1.7.100.v20251111-0406.jar -configuration c:\Users\sande\AppData\Roaming\Code\User\globalStorage\redhat.java\1.51.0\config_win -data c:\Users\sande\AppData\Roaming\Code\User\workspaceStorage\c1189af7ad4b5b28f6591a4578dcf0ce\redhat.java\jdt_ws --pipe=\\.\pipe\lsp-4e6b1bd609b6b3902a3d7b18120f6fa0-sock

Host: Intel(R) Core(TM) i5-10500H CPU @ 2.50GHz, 12 cores, 7G,  Windows 11 , 64 bit Build 26100 (10.0.26100.7309)
Time: Wed Jan 14 00:58:15 2026 India Standard Time elapsed time: 7772.218360 seconds (0d 2h 9m 32s)

---------------  T H R E A D  ---------------

Current thread (0x000002d262db6f90):  JavaThread "Attach Listener" daemon [_thread_in_vm, id=6376, stack(0x000000e44ac00000,0x000000e44ad00000) (1024K)]

Stack: [0x000000e44ac00000,0x000000e44ad00000]
Native frames: (J=compiled Java code, j=interpreted, Vv=VM code, C=native code)
V  [jvm.dll+0x6d6e29]
V  [jvm.dll+0x8b4b76]
V  [jvm.dll+0x8b712e]
V  [jvm.dll+0x8b7813]
V  [jvm.dll+0x283d86]
V  [jvm.dll+0xc1277]
V  [jvm.dll+0x6d76d9]
V  [jvm.dll+0x133466]
V  [jvm.dll+0x3f7ea6]
V  [jvm.dll+0x85e9ad]
V  [jvm.dll+0x6d565d]
C  [ucrtbase.dll+0x37b0]
C  [KERNEL32.DLL+0x2e8d7]
C  [ntdll.dll+0x8c53c]


---------------  P R O C E S S  ---------------

Threads class SMR info:
_java_thread_list=0x000002d248d56030, length=39, elements={
0x000002d262d14340, 0x000002d262db6790, 0x000002d262cbd130, 0x000002d262cbe110,
0x000002d262db6f90, 0x000002d262db79e0, 0x000002d262dbb9a0, 0x000002d262dbca30,
0x000002d262dc8460, 0x000002d27abee990, 0x000002d2450adee0, 0x000002d245a83620,
0x000002d245a5d7b0, 0x000002d27aab0d40, 0x000002d27aab1770, 0x000002d245d81d40,
0x000002d245c4d650, 0x000002d24591c400, 0x000002d24591ca90, 0x000002d24591e4d0,
0x000002d24591de40, 0x000002d24784f630, 0x000002d24784d560, 0x000002d24784fcc0,
0x000002d24784dbf0, 0x000002d247850350, 0x000002d24784efa0, 0x000002d2478509e0,
0x000002d247851700, 0x000002d24784e280, 0x000002d247851070, 0x000002d247851d90,
0x000002d24784e910, 0x000002d247852ab0, 0x000002d247853140, 0x000002d2478537d0,
0x000002d2478544f0, 0x000002d24890e550, 0x000002d24867adf0
}

Java Threads: ( => current thread )
  0x000002d262d14340 JavaThread "main"                              [_thread_blocked, id=29480, stack(0x000000e44a500000,0x000000e44a600000) (1024K)]
  0x000002d262db6790 JavaThread "Reference Handler"          daemon [_thread_blocked, id=4240, stack(0x000000e44a900000,0x000000e44aa00000) (1024K)]
  0x000002d262cbd130 JavaThread "Finalizer"                  daemon [_thread_blocked, id=5836, stack(0x000000e44aa00000,0x000000e44ab00000) (1024K)]
  0x000002d262cbe110 JavaThread "Signal Dispatcher"          daemon [_thread_blocked, id=18712, stack(0x000000e44ab00000,0x000000e44ac00000) (1024K)]
=>0x000002d262db6f90 JavaThread "Attach Listener"            daemon [_thread_in_vm, id=6376, stack(0x000000e44ac00000,0x000000e44ad00000) (1024K)]
  0x000002d262db79e0 JavaThread "Service Thread"             daemon [_thread_blocked, id=29808, stack(0x000000e44ad00000,0x000000e44ae00000) (1024K)]
  0x000002d262dbb9a0 JavaThread "Monitor Deflation Thread"   daemon [_thread_blocked, id=14868, stack(0x000000e44ae00000,0x000000e44af00000) (1024K)]
  0x000002d262dbca30 JavaThread "C2 CompilerThread0"         daemon [_thread_blocked, id=30144, stack(0x000000e44af00000,0x000000e44b000000) (1024K)]
  0x000002d262dc8460 JavaThread "C1 CompilerThread0"         daemon [_thread_blocked, id=23208, stack(0x000000e44b000000,0x000000e44b100000) (1024K)]
  0x000002d27abee990 JavaThread "Common-Cleaner"             daemon [_thread_blocked, id=30928, stack(0x000000e44b100000,0x000000e44b200000) (1024K)]
  0x000002d2450adee0 JavaThread "Notification Thread"        daemon [_thread_blocked, id=8052, stack(0x000000e44b300000,0x000000e44b400000) (1024K)]
  0x000002d245a83620 JavaThread "Active Thread: Equinox Container: 1a166ebd-55d9-4f81-a843-704be4f49bcc"        [_thread_blocked, id=20404, stack(0x000000e44bb00000,0x000000e44bc00000) (1024K)]
  0x000002d245a5d7b0 JavaThread "Refresh Thread: Equinox Container: 1a166ebd-55d9-4f81-a843-704be4f49bcc" daemon [_thread_blocked, id=29800, stack(0x000000e44b400000,0x000000e44b500000) (1024K)]
  0x000002d27aab0d40 JavaThread "Framework Event Dispatcher: Equinox Container: 1a166ebd-55d9-4f81-a843-704be4f49bcc" daemon [_thread_blocked, id=12296, stack(0x000000e44bc00000,0x000000e44bd00000) (1024K)]
  0x000002d27aab1770 JavaThread "Start Level: Equinox Container: 1a166ebd-55d9-4f81-a843-704be4f49bcc" daemon [_thread_blocked, id=30920, stack(0x000000e44bd00000,0x000000e44be00000) (1024K)]
  0x000002d245d81d40 JavaThread "Bundle File Closer"         daemon [_thread_blocked, id=27112, stack(0x000000e44c100000,0x000000e44c200000) (1024K)]
  0x000002d245c4d650 JavaThread "SCR Component Actor"        daemon [_thread_blocked, id=25836, stack(0x000000e44be00000,0x000000e44bf00000) (1024K)]
  0x000002d24591c400 JavaThread "Worker-JM"                         [_thread_blocked, id=6968, stack(0x000000e44c400000,0x000000e44c500000) (1024K)]
  0x000002d24591ca90 JavaThread "JNA Cleaner"                daemon [_thread_blocked, id=18152, stack(0x000000e44c300000,0x000000e44c400000) (1024K)]
  0x000002d24591e4d0 JavaThread "Java indexing"              daemon [_thread_blocked, id=5092, stack(0x000000e44c800000,0x000000e44c900000) (1024K)]
  0x000002d24591de40 JavaThread "Thread-1"                   daemon [_thread_in_native, id=29516, stack(0x000000e44cd00000,0x000000e44ce00000) (1024K)]
  0x000002d24784f630 JavaThread "Thread-2"                   daemon [_thread_in_native, id=16408, stack(0x000000e44ce00000,0x000000e44cf00000) (1024K)]
  0x000002d24784d560 JavaThread "Thread-3"                   daemon [_thread_in_native, id=15312, stack(0x000000e44cf00000,0x000000e44d000000) (1024K)]
  0x000002d24784fcc0 JavaThread "Thread-4"                   daemon [_thread_in_native, id=31124, stack(0x000000e44d000000,0x000000e44d100000) (1024K)]
  0x000002d24784dbf0 JavaThread "Thread-5"                   daemon [_thread_in_native, id=28888, stack(0x000000e44d100000,0x000000e44d200000) (1024K)]
  0x000002d247850350 JavaThread "Thread-6"                   daemon [_thread_in_native, id=12024, stack(0x000000e44d200000,0x000000e44d300000) (1024K)]
  0x000002d24784efa0 JavaThread "Thread-7"                   daemon [_thread_in_native, id=30092, stack(0x000000e44d300000,0x000000e44d400000) (1024K)]
  0x000002d2478509e0 JavaThread "Thread-8"                   daemon [_thread_in_native, id=2064, stack(0x000000e44d400000,0x000000e44d500000) (1024K)]
  0x000002d247851700 JavaThread "Thread-9"                   daemon [_thread_in_native, id=31220, stack(0x000000e44d500000,0x000000e44d600000) (1024K)]
  0x000002d24784e280 JavaThread "Thread-10"                  daemon [_thread_in_native, id=21188, stack(0x000000e44d600000,0x000000e44d700000) (1024K)]
  0x000002d247851070 JavaThread "Thread-11"                  daemon [_thread_in_native, id=4996, stack(0x000000e44d700000,0x000000e44d800000) (1024K)]
  0x000002d247851d90 JavaThread "Thread-12"                  daemon [_thread_in_native, id=7452, stack(0x000000e44d800000,0x000000e44d900000) (1024K)]
  0x000002d24784e910 JavaThread "Thread-13"                  daemon [_thread_in_native, id=21068, stack(0x000000e44d900000,0x000000e44da00000) (1024K)]
  0x000002d247852ab0 JavaThread "pool-2-thread-1"                   [_thread_blocked, id=19500, stack(0x000000e44da00000,0x000000e44db00000) (1024K)]
  0x000002d247853140 JavaThread "WorkspaceEventsHandler"            [_thread_blocked, id=25440, stack(0x000000e44dc00000,0x000000e44dd00000) (1024K)]
  0x000002d2478537d0 JavaThread "pool-1-thread-1"                   [_thread_blocked, id=28448, stack(0x000000e44dd00000,0x000000e44de00000) (1024K)]
  0x000002d2478544f0 JavaThread "Worker-5"                          [_thread_blocked, id=31556, stack(0x000000e44de00000,0x000000e44df00000) (1024K)]
  0x000002d24890e550 JavaThread "Timer-0"                           [_thread_blocked, id=18412, stack(0x000000e44c700000,0x000000e44c800000) (1024K)]
  0x000002d24867adf0 JavaThread "Worker-8"                          [_thread_blocked, id=23092, stack(0x000000e44a200000,0x000000e44a300000) (1024K)]
Total: 39

Other Threads:
  0x000002d262ca4470 VMThread "VM Thread"                           [id=20948, stack(0x000000e44a800000,0x000000e44a900000) (1024K)]
  0x000002d262b9ca00 WatcherThread "VM Periodic Task Thread"        [id=29476, stack(0x000000e44a700000,0x000000e44a800000) (1024K)]
  0x000002d262d33370 WorkerThread "GC Thread#0"                     [id=30344, stack(0x000000e44a600000,0x000000e44a700000) (1024K)]
  0x000002d245a00060 WorkerThread "GC Thread#1"                     [id=26760, stack(0x000000e44b500000,0x000000e44b600000) (1024K)]
  0x000002d245b23c60 WorkerThread "GC Thread#2"                     [id=12140, stack(0x000000e44b600000,0x000000e44b700000) (1024K)]
  0x000002d245b24000 WorkerThread "GC Thread#3"                     [id=31660, stack(0x000000e44b700000,0x000000e44b800000) (1024K)]
  0x000002d245959170 WorkerThread "GC Thread#4"                     [id=8488, stack(0x000000e44b800000,0x000000e44b900000) (1024K)]
  0x000002d245b243a0 WorkerThread "GC Thread#5"                     [id=10424, stack(0x000000e44b900000,0x000000e44ba00000) (1024K)]
  0x000002d245b24740 WorkerThread "GC Thread#6"                     [id=19900, stack(0x000000e44ba00000,0x000000e44bb00000) (1024K)]
  0x000002d245b14650 WorkerThread "GC Thread#7"                     [id=5412, stack(0x000000e44b200000,0x000000e44b300000) (1024K)]
  0x000002d245b15130 WorkerThread "GC Thread#8"                     [id=13164, stack(0x000000e44bf00000,0x000000e44c000000) (1024K)]
  0x000002d245b154d0 WorkerThread "GC Thread#9"                     [id=31604, stack(0x000000e44c000000,0x000000e44c100000) (1024K)]
Total: 12

Threads with active compile tasks:
Total: 0

VM state: not at safepoint (normal execution)

VM Mutex/Monitor currently owned by a thread: None

Heap address: 0x0000000080000000, size: 2048 MB, Compressed Oops mode: 32-bit

CDS archive(s) mapped at: [0x000002d200000000-0x000002d200ba0000-0x000002d200ba0000), size 12189696, SharedBaseAddress: 0x000002d200000000, ArchiveRelocationMode: 1.
Compressed class space mapped at: 0x000002d201000000-0x000002d241000000, reserved size: 1073741824
Narrow klass base: 0x000002d200000000, Narrow klass shift: 0, Narrow klass range: 0x100000000

GC Precious Log:
 CardTable entry size: 512
 CPUs: 12 total, 12 available
 Memory: 8059M
 Large Page Support: Disabled
 NUMA Support: Disabled
 Compressed Oops: Enabled (32-bit)
 Alignments: Space 512K, Generation 512K, Heap 2M
 Heap Min Capacity: 100M
 Heap Initial Capacity: 100M
 Heap Max Capacity: 2G
 Pre-touch: Disabled
 Parallel Workers: 10

Heap:
 PSYoungGen      total 3072K, used 2087K [0x00000000d5580000, 0x00000000d5c00000, 0x0000000100000000)
  eden space 2560K, 66% used [0x00000000d5580000,0x00000000d5729db8,0x00000000d5800000)
  from space 512K, 75% used [0x00000000d5b00000,0x00000000d5b60020,0x00000000d5b80000)
  to   space 512K, 0% used [0x00000000d5b80000,0x00000000d5b80000,0x00000000d5c00000)
 ParOldGen       total 391680K, used 103364K [0x0000000080000000, 0x0000000097e80000, 0x00000000d5580000)
  object space 391680K, 26% used [0x0000000080000000,0x00000000864f1050,0x0000000097e80000)
 Metaspace       used 77439K, committed 79040K, reserved 1179648K
  class space    used 8501K, committed 9216K, reserved 1048576K

Card table byte_map: [0x000002d2626b0000,0x000002d262ac0000] _byte_map_base: 0x000002d2622b0000

Marking Bits: (ParMarkBitMap*) 0x00007ffd31922460
 Begin Bits: [0x000002d2751c0000, 0x000002d2771c0000)
 End Bits:   [0x000002d2771c0000, 0x000002d2791c0000)

Polling page: 0x000002d260b40000

Metaspace:

Usage:
  Non-class:     67.32 MB used.
      Class:      8.30 MB used.
       Both:     75.62 MB used.

Virtual space:
  Non-class space:      128.00 MB reserved,      68.19 MB ( 53%) committed,  2 nodes.
      Class space:        1.00 GB reserved,       9.00 MB ( <1%) committed,  1 nodes.
             Both:        1.12 GB reserved,      77.19 MB (  7%) committed. 

Chunk freelists:
   Non-Class:  11.86 MB
       Class:  6.99 MB
        Both:  18.85 MB

MaxMetaspaceSize: unlimited
CompressedClassSpaceSize: 1.00 GB
Initial GC threshold: 21.00 MB
Current GC threshold: 128.25 MB
CDS: on
 - commit_granule_bytes: 65536.
 - commit_granule_words: 8192.
 - virtual_space_node_default_size: 8388608.
 - enlarge_chunks_in_place: 1.
 - use_allocation_guard: 0.


Internal statistics:

num_allocs_failed_limit: 9.
num_arena_births: 1376.
num_arena_deaths: 30.
num_vsnodes_births: 3.
num_vsnodes_deaths: 0.
num_space_committed: 1235.
num_space_uncommitted: 0.
num_chunks_returned_to_freelist: 44.
num_chunks_taken_from_freelist: 4730.
num_chunk_merges: 13.
num_chunk_splits: 2971.
num_chunks_enlarged: 1865.
num_inconsistent_stats: 0.

CodeHeap 'non-profiled nmethods': size=120000Kb used=12883Kb max_used=12883Kb free=107116Kb
 bounds [0x000002d26d9e0000, 0x000002d26e680000, 0x000002d274f10000]
CodeHeap 'profiled nmethods': size=120000Kb used=32992Kb max_used=34391Kb free=87008Kb
 bounds [0x000002d265f10000, 0x000002d2680b0000, 0x000002d26d440000]
CodeHeap 'non-nmethods': size=5760Kb used=1477Kb max_used=1592Kb free=4282Kb
 bounds [0x000002d26d440000, 0x000002d26d6b0000, 0x000002d26d9e0000]
CodeCache: size=245760Kb, used=47352Kb, max_used=48866Kb, free=198406Kb
 total_blobs=14794, nmethods=14004, adapters=695, full_count=0
Compilation: enabled, stopped_count=0, restarted_count=0

Compilation events (20 events):
Event: 6775.004 Thread 0x000002d262dc8460 15544       3       jdk.internal.logger.DefaultLoggerFinder::isSystem (18 bytes)
Event: 6775.032 Thread 0x000002d262dc8460 nmethod 15544 0x000002d26676aa90 code [0x000002d26676ace0, 0x000002d26676b5f0]
Event: 6775.032 Thread 0x000002d262dc8460 15545       3       jdk.internal.logger.DefaultLoggerFinder$1::<init> (10 bytes)
Event: 6775.032 Thread 0x000002d262dc8460 nmethod 15545 0x000002d2666b2e10 code [0x000002d2666b2fc0, 0x000002d2666b3148]
Event: 7015.046 Thread 0x000002d262dc8460 15546       3       java.util.logging.LogManager::demandLogger (23 bytes)
Event: 7015.056 Thread 0x000002d262dc8460 nmethod 15546 0x000002d266954110 code [0x000002d2669542c0, 0x000002d266954488]
Event: 7015.056 Thread 0x000002d262dc8460 15547       3       java.util.logging.LogManager::demandLogger (53 bytes)
Event: 7015.058 Thread 0x000002d262dc8460 nmethod 15547 0x000002d266206090 code [0x000002d2662062c0, 0x000002d266206918]
Event: 7015.058 Thread 0x000002d262dc8460 15548       3       java.util.logging.LogManager::getLogger (9 bytes)
Event: 7015.059 Thread 0x000002d262dc8460 nmethod 15548 0x000002d2662edc90 code [0x000002d2662ede40, 0x000002d2662ee050]
Event: 7383.964 Thread 0x000002d262dc8460 15549   !   3       org.eclipse.osgi.container.ModuleDatabase::getTimestamp (25 bytes)
Event: 7384.004 Thread 0x000002d262dc8460 nmethod 15549 0x000002d26615e310 code [0x000002d26615e560, 0x000002d26615eea8]
Event: 7503.994 Thread 0x000002d262dc8460 15550       3       org.eclipse.osgi.storage.Storage::isReadOnly (10 bytes)
Event: 7504.006 Thread 0x000002d262dc8460 nmethod 15550 0x000002d2666ded90 code [0x000002d2666def40, 0x000002d2666df0c0]
Event: 7684.046 Thread 0x000002d262dc8460 15551   !   3       org.eclipse.osgi.internal.framework.StorageSaver$StorageSaverTask::run (31 bytes)
Event: 7684.070 Thread 0x000002d262dc8460 nmethod 15551 0x000002d266250990 code [0x000002d266250b60, 0x000002d266250e00]
Event: 7684.070 Thread 0x000002d262dc8460 15552   !   3       org.eclipse.osgi.storage.Storage::save (62 bytes)
Event: 7684.084 Thread 0x000002d262dc8460 nmethod 15552 0x000002d26607b590 code [0x000002d26607b780, 0x000002d26607baf0]
Event: 7684.084 Thread 0x000002d262dc8460 15553   !   3       org.eclipse.osgi.storage.Storage::save0 (246 bytes)
Event: 7684.123 Thread 0x000002d262dc8460 nmethod 15553 0x000002d26621a510 code [0x000002d26621aa20, 0x000002d26621d608]

GC Heap History (20 events):
Event: 1370.787 GC heap before
{Heap before GC invocations=250 (full 4):
 PSYoungGen      total 3072K, used 2816K [0x00000000d5580000, 0x00000000d5c00000, 0x0000000100000000)
  eden space 2560K, 100% used [0x00000000d5580000,0x00000000d5800000,0x00000000d5800000)
  from space 512K, 50% used [0x00000000d5b00000,0x00000000d5b40000,0x00000000d5b80000)
  to   space 512K, 0% used [0x00000000d5b80000,0x00000000d5b80000,0x00000000d5c00000)
 ParOldGen       total 391680K, used 102852K [0x0000000080000000, 0x0000000097e80000, 0x00000000d5580000)
  object space 391680K, 26% used [0x0000000080000000,0x0000000086471050,0x0000000097e80000)
 Metaspace       used 77350K, committed 78912K, reserved 1179648K
  class space    used 8501K, committed 9216K, reserved 1048576K
}
Event: 1370.788 GC heap after
{Heap after GC invocations=250 (full 4):
 PSYoungGen      total 3072K, used 192K [0x00000000d5580000, 0x00000000d5c00000, 0x0000000100000000)
  eden space 2560K, 0% used [0x00000000d5580000,0x00000000d5580000,0x00000000d5800000)
  from space 512K, 37% used [0x00000000d5b80000,0x00000000d5bb0000,0x00000000d5c00000)
  to   space 512K, 0% used [0x00000000d5b00000,0x00000000d5b00000,0x00000000d5b80000)
 ParOldGen       total 391680K, used 102932K [0x0000000080000000, 0x0000000097e80000, 0x00000000d5580000)
  object space 391680K, 26% used [0x0000000080000000,0x0000000086485050,0x0000000097e80000)
 Metaspace       used 77350K, committed 78912K, reserved 1179648K
  class space    used 8501K, committed 9216K, reserved 1048576K
}
Event: 1371.849 GC heap before
{Heap before GC invocations=251 (full 4):
 PSYoungGen      total 3072K, used 2752K [0x00000000d5580000, 0x00000000d5c00000, 0x0000000100000000)
  eden space 2560K, 100% used [0x00000000d5580000,0x00000000d5800000,0x00000000d5800000)
  from space 512K, 37% used [0x00000000d5b80000,0x00000000d5bb0000,0x00000000d5c00000)
  to   space 512K, 0% used [0x00000000d5b00000,0x00000000d5b00000,0x00000000d5b80000)
 ParOldGen       total 391680K, used 102932K [0x0000000080000000, 0x0000000097e80000, 0x00000000d5580000)
  object space 391680K, 26% used [0x0000000080000000,0x0000000086485050,0x0000000097e80000)
 Metaspace       used 77361K, committed 78912K, reserved 1179648K
  class space    used 8501K, committed 9216K, reserved 1048576K
}
Event: 1371.851 GC heap after
{Heap after GC invocations=251 (full 4):
 PSYoungGen      total 3072K, used 256K [0x00000000d5580000, 0x00000000d5c00000, 0x0000000100000000)
  eden space 2560K, 0% used [0x00000000d5580000,0x00000000d5580000,0x00000000d5800000)
  from space 512K, 50% used [0x00000000d5b00000,0x00000000d5b40000,0x00000000d5b80000)
  to   space 512K, 0% used [0x00000000d5b80000,0x00000000d5b80000,0x00000000d5c00000)
 ParOldGen       total 391680K, used 102980K [0x0000000080000000, 0x0000000097e80000, 0x00000000d5580000)
  object space 391680K, 26% used [0x0000000080000000,0x0000000086491050,0x0000000097e80000)
 Metaspace       used 77361K, committed 78912K, reserved 1179648K
  class space    used 8501K, committed 9216K, reserved 1048576K
}
Event: 1375.422 GC heap before
{Heap before GC invocations=252 (full 4):
 PSYoungGen      total 3072K, used 2816K [0x00000000d5580000, 0x00000000d5c00000, 0x0000000100000000)
  eden space 2560K, 100% used [0x00000000d5580000,0x00000000d5800000,0x00000000d5800000)
  from space 512K, 50% used [0x00000000d5b00000,0x00000000d5b40000,0x00000000d5b80000)
  to   space 512K, 0% used [0x00000000d5b80000,0x00000000d5b80000,0x00000000d5c00000)
 ParOldGen       total 391680K, used 102980K [0x0000000080000000, 0x0000000097e80000, 0x00000000d5580000)
  object space 391680K, 26% used [0x0000000080000000,0x0000000086491050,0x0000000097e80000)
 Metaspace       used 77361K, committed 78912K, reserved 1179648K
  class space    used 8501K, committed 9216K, reserved 1048576K
}
Event: 1375.424 GC heap after
{Heap after GC invocations=252 (full 4):
 PSYoungGen      total 3072K, used 224K [0x00000000d5580000, 0x00000000d5c00000, 0x0000000100000000)
  eden space 2560K, 0% used [0x00000000d5580000,0x00000000d5580000,0x00000000d5800000)
  from space 512K, 43% used [0x00000000d5b80000,0x00000000d5bb8000,0x00000000d5c00000)
  to   space 512K, 0% used [0x00000000d5b00000,0x00000000d5b00000,0x00000000d5b80000)
 ParOldGen       total 391680K, used 103060K [0x0000000080000000, 0x0000000097e80000, 0x00000000d5580000)
  object space 391680K, 26% used [0x0000000080000000,0x00000000864a5050,0x0000000097e80000)
 Metaspace       used 77361K, committed 78912K, reserved 1179648K
  class space    used 8501K, committed 9216K, reserved 1048576K
}
Event: 1378.793 GC heap before
{Heap before GC invocations=253 (full 4):
 PSYoungGen      total 3072K, used 2783K [0x00000000d5580000, 0x00000000d5c00000, 0x0000000100000000)
  eden space 2560K, 99% used [0x00000000d5580000,0x00000000d57ffff8,0x00000000d5800000)
  from space 512K, 43% used [0x00000000d5b80000,0x00000000d5bb8000,0x00000000d5c00000)
  to   space 512K, 0% used [0x00000000d5b00000,0x00000000d5b00000,0x00000000d5b80000)
 ParOldGen       total 391680K, used 103060K [0x0000000080000000, 0x0000000097e80000, 0x00000000d5580000)
  object space 391680K, 26% used [0x0000000080000000,0x00000000864a5050,0x0000000097e80000)
 Metaspace       used 77369K, committed 78912K, reserved 1179648K
  class space    used 8501K, committed 9216K, reserved 1048576K
}
Event: 1378.794 GC heap after
{Heap after GC invocations=253 (full 4):
 PSYoungGen      total 3072K, used 288K [0x00000000d5580000, 0x00000000d5c00000, 0x0000000100000000)
  eden space 2560K, 0% used [0x00000000d5580000,0x00000000d5580000,0x00000000d5800000)
  from space 512K, 56% used [0x00000000d5b00000,0x00000000d5b48000,0x00000000d5b80000)
  to   space 512K, 0% used [0x00000000d5b80000,0x00000000d5b80000,0x00000000d5c00000)
 ParOldGen       total 391680K, used 103116K [0x0000000080000000, 0x0000000097e80000, 0x00000000d5580000)
  object space 391680K, 26% used [0x0000000080000000,0x00000000864b3050,0x0000000097e80000)
 Metaspace       used 77369K, committed 78912K, reserved 1179648K
  class space    used 8501K, committed 9216K, reserved 1048576K
}
Event: 1381.228 GC heap before
{Heap before GC invocations=254 (full 4):
 PSYoungGen      total 3072K, used 2848K [0x00000000d5580000, 0x00000000d5c00000, 0x0000000100000000)
  eden space 2560K, 100% used [0x00000000d5580000,0x00000000d5800000,0x00000000d5800000)
  from space 512K, 56% used [0x00000000d5b00000,0x00000000d5b48000,0x00000000d5b80000)
  to   space 512K, 0% used [0x00000000d5b80000,0x00000000d5b80000,0x00000000d5c00000)
 ParOldGen       total 391680K, used 103116K [0x0000000080000000, 0x0000000097e80000, 0x00000000d5580000)
  object space 391680K, 26% used [0x0000000080000000,0x00000000864b3050,0x0000000097e80000)
 Metaspace       used 77369K, committed 78912K, reserved 1179648K
  class space    used 8501K, committed 9216K, reserved 1048576K
}
Event: 1381.230 GC heap after
{Heap after GC invocations=254 (full 4):
 PSYoungGen      total 3072K, used 256K [0x00000000d5580000, 0x00000000d5c00000, 0x0000000100000000)
  eden space 2560K, 0% used [0x00000000d5580000,0x00000000d5580000,0x00000000d5800000)
  from space 512K, 50% used [0x00000000d5b80000,0x00000000d5bc0000,0x00000000d5c00000)
  to   space 512K, 0% used [0x00000000d5b00000,0x00000000d5b00000,0x00000000d5b80000)
 ParOldGen       total 391680K, used 103196K [0x0000000080000000, 0x0000000097e80000, 0x00000000d5580000)
  object space 391680K, 26% used [0x0000000080000000,0x00000000864c7050,0x0000000097e80000)
 Metaspace       used 77369K, committed 78912K, reserved 1179648K
  class space    used 8501K, committed 9216K, reserved 1048576K
}
Event: 1541.095 GC heap before
{Heap before GC invocations=255 (full 4):
 PSYoungGen      total 3072K, used 2816K [0x00000000d5580000, 0x00000000d5c00000, 0x0000000100000000)
  eden space 2560K, 100% used [0x00000000d5580000,0x00000000d5800000,0x00000000d5800000)
  from space 512K, 50% used [0x00000000d5b80000,0x00000000d5bc0000,0x00000000d5c00000)
  to   space 512K, 0% used [0x00000000d5b00000,0x00000000d5b00000,0x00000000d5b80000)
 ParOldGen       total 391680K, used 103196K [0x0000000080000000, 0x0000000097e80000, 0x00000000d5580000)
  object space 391680K, 26% used [0x0000000080000000,0x00000000864c7050,0x0000000097e80000)
 Metaspace       used 77369K, committed 78912K, reserved 1179648K
  class space    used 8501K, committed 9216K, reserved 1048576K
}
Event: 1541.101 GC heap after
{Heap after GC invocations=255 (full 4):
 PSYoungGen      total 3072K, used 224K [0x00000000d5580000, 0x00000000d5c00000, 0x0000000100000000)
  eden space 2560K, 0% used [0x00000000d5580000,0x00000000d5580000,0x00000000d5800000)
  from space 512K, 43% used [0x00000000d5b00000,0x00000000d5b38000,0x00000000d5b80000)
  to   space 512K, 0% used [0x00000000d5b80000,0x00000000d5b80000,0x00000000d5c00000)
 ParOldGen       total 391680K, used 103236K [0x0000000080000000, 0x0000000097e80000, 0x00000000d5580000)
  object space 391680K, 26% used [0x0000000080000000,0x00000000864d1050,0x0000000097e80000)
 Metaspace       used 77369K, committed 78912K, reserved 1179648K
  class space    used 8501K, committed 9216K, reserved 1048576K
}
Event: 1694.444 GC heap before
{Heap before GC invocations=256 (full 4):
 PSYoungGen      total 3072K, used 2784K [0x00000000d5580000, 0x00000000d5c00000, 0x0000000100000000)
  eden space 2560K, 100% used [0x00000000d5580000,0x00000000d5800000,0x00000000d5800000)
  from space 512K, 43% used [0x00000000d5b00000,0x00000000d5b38000,0x00000000d5b80000)
  to   space 512K, 0% used [0x00000000d5b80000,0x00000000d5b80000,0x00000000d5c00000)
 ParOldGen       total 391680K, used 103236K [0x0000000080000000, 0x0000000097e80000, 0x00000000d5580000)
  object space 391680K, 26% used [0x0000000080000000,0x00000000864d1050,0x0000000097e80000)
 Metaspace       used 77370K, committed 78912K, reserved 1179648K
  class space    used 8501K, committed 9216K, reserved 1048576K
}
Event: 1694.454 GC heap after
{Heap after GC invocations=256 (full 4):
 PSYoungGen      total 3072K, used 256K [0x00000000d5580000, 0x00000000d5c00000, 0x0000000100000000)
  eden space 2560K, 0% used [0x00000000d5580000,0x00000000d5580000,0x00000000d5800000)
  from space 512K, 50% used [0x00000000d5b80000,0x00000000d5bc0000,0x00000000d5c00000)
  to   space 512K, 0% used [0x00000000d5b00000,0x00000000d5b00000,0x00000000d5b80000)
 ParOldGen       total 391680K, used 103300K [0x0000000080000000, 0x0000000097e80000, 0x00000000d5580000)
  object space 391680K, 26% used [0x0000000080000000,0x00000000864e1050,0x0000000097e80000)
 Metaspace       used 77370K, committed 78912K, reserved 1179648K
  class space    used 8501K, committed 9216K, reserved 1048576K
}
Event: 1944.406 GC heap before
{Heap before GC invocations=257 (full 4):
 PSYoungGen      total 3072K, used 2815K [0x00000000d5580000, 0x00000000d5c00000, 0x0000000100000000)
  eden space 2560K, 99% used [0x00000000d5580000,0x00000000d57fff40,0x00000000d5800000)
  from space 512K, 50% used [0x00000000d5b80000,0x00000000d5bc0000,0x00000000d5c00000)
  to   space 512K, 0% used [0x00000000d5b00000,0x00000000d5b00000,0x00000000d5b80000)
 ParOldGen       total 391680K, used 103300K [0x0000000080000000, 0x0000000097e80000, 0x00000000d5580000)
  object space 391680K, 26% used [0x0000000080000000,0x00000000864e1050,0x0000000097e80000)
 Metaspace       used 77372K, committed 78912K, reserved 1179648K
  class space    used 8501K, committed 9216K, reserved 1048576K
}
Event: 1944.410 GC heap after
{Heap after GC invocations=257 (full 4):
 PSYoungGen      total 3072K, used 256K [0x00000000d5580000, 0x00000000d5c00000, 0x0000000100000000)
  eden space 2560K, 0% used [0x00000000d5580000,0x00000000d5580000,0x00000000d5800000)
  from space 512K, 50% used [0x00000000d5b00000,0x00000000d5b40000,0x00000000d5b80000)
  to   space 512K, 0% used [0x00000000d5b80000,0x00000000d5b80000,0x00000000d5c00000)
 ParOldGen       total 391680K, used 103356K [0x0000000080000000, 0x0000000097e80000, 0x00000000d5580000)
  object space 391680K, 26% used [0x0000000080000000,0x00000000864ef050,0x0000000097e80000)
 Metaspace       used 77372K, committed 78912K, reserved 1179648K
  class space    used 8501K, committed 9216K, reserved 1048576K
}
Event: 2060.737 GC heap before
{Heap before GC invocations=258 (full 4):
 PSYoungGen      total 3072K, used 2816K [0x00000000d5580000, 0x00000000d5c00000, 0x0000000100000000)
  eden space 2560K, 100% used [0x00000000d5580000,0x00000000d5800000,0x00000000d5800000)
  from space 512K, 50% used [0x00000000d5b00000,0x00000000d5b40000,0x00000000d5b80000)
  to   space 512K, 0% used [0x00000000d5b80000,0x00000000d5b80000,0x00000000d5c00000)
 ParOldGen       total 391680K, used 103356K [0x0000000080000000, 0x0000000097e80000, 0x00000000d5580000)
  object space 391680K, 26% used [0x0000000080000000,0x00000000864ef050,0x0000000097e80000)
 Metaspace       used 77374K, committed 78912K, reserved 1179648K
  class space    used 8501K, committed 9216K, reserved 1048576K
}
Event: 2060.739 GC heap after
{Heap after GC invocations=258 (full 4):
 PSYoungGen      total 3072K, used 256K [0x00000000d5580000, 0x00000000d5c00000, 0x0000000100000000)
  eden space 2560K, 0% used [0x00000000d5580000,0x00000000d5580000,0x00000000d5800000)
  from space 512K, 50% used [0x00000000d5b80000,0x00000000d5bc0000,0x00000000d5c00000)
  to   space 512K, 0% used [0x00000000d5b00000,0x00000000d5b00000,0x00000000d5b80000)
 ParOldGen       total 391680K, used 103356K [0x0000000080000000, 0x0000000097e80000, 0x00000000d5580000)
  object space 391680K, 26% used [0x0000000080000000,0x00000000864ef050,0x0000000097e80000)
 Metaspace       used 77374K, committed 78912K, reserved 1179648K
  class space    used 8501K, committed 9216K, reserved 1048576K
}
Event: 3922.011 GC heap before
{Heap before GC invocations=259 (full 4):
 PSYoungGen      total 3072K, used 2815K [0x00000000d5580000, 0x00000000d5c00000, 0x0000000100000000)
  eden space 2560K, 99% used [0x00000000d5580000,0x00000000d57fffe8,0x00000000d5800000)
  from space 512K, 50% used [0x00000000d5b80000,0x00000000d5bc0000,0x00000000d5c00000)
  to   space 512K, 0% used [0x00000000d5b00000,0x00000000d5b00000,0x00000000d5b80000)
 ParOldGen       total 391680K, used 103356K [0x0000000080000000, 0x0000000097e80000, 0x00000000d5580000)
  object space 391680K, 26% used [0x0000000080000000,0x00000000864ef050,0x0000000097e80000)
 Metaspace       used 77402K, committed 78912K, reserved 1179648K
  class space    used 8501K, committed 9216K, reserved 1048576K
}
Event: 3922.062 GC heap after
{Heap after GC invocations=259 (full 4):
 PSYoungGen      total 3072K, used 384K [0x00000000d5580000, 0x00000000d5c00000, 0x0000000100000000)
  eden space 2560K, 0% used [0x00000000d5580000,0x00000000d5580000,0x00000000d5800000)
  from space 512K, 75% used [0x00000000d5b00000,0x00000000d5b60020,0x00000000d5b80000)
  to   space 512K, 0% used [0x00000000d5b80000,0x00000000d5b80000,0x00000000d5c00000)
 ParOldGen       total 391680K, used 103364K [0x0000000080000000, 0x0000000097e80000, 0x00000000d5580000)
  object space 391680K, 26% used [0x0000000080000000,0x00000000864f1050,0x0000000097e80000)
 Metaspace       used 77402K, committed 78912K, reserved 1179648K
  class space    used 8501K, committed 9216K, reserved 1048576K
}

Dll operation events (15 events):
Event: 0.033 Loaded shared library c:\Users\sande\.vscode\extensions\redhat.java-1.51.0-win32-x64\jre\21.0.9-win32-x86_64\bin\java.dll
Event: 0.175 Loaded shared library c:\Users\sande\.vscode\extensions\redhat.java-1.51.0-win32-x64\jre\21.0.9-win32-x86_64\bin\zip.dll
Event: 0.217 Loaded shared library C:\Users\sande\.vscode\extensions\redhat.java-1.51.0-win32-x64\jre\21.0.9-win32-x86_64\bin\instrument.dll
Event: 0.227 Loaded shared library C:\Users\sande\.vscode\extensions\redhat.java-1.51.0-win32-x64\jre\21.0.9-win32-x86_64\bin\net.dll
Event: 0.232 Loaded shared library C:\Users\sande\.vscode\extensions\redhat.java-1.51.0-win32-x64\jre\21.0.9-win32-x86_64\bin\nio.dll
Event: 0.239 Loaded shared library C:\Users\sande\.vscode\extensions\redhat.java-1.51.0-win32-x64\jre\21.0.9-win32-x86_64\bin\zip.dll
Event: 0.269 Loaded shared library C:\Users\sande\.vscode\extensions\redhat.java-1.51.0-win32-x64\jre\21.0.9-win32-x86_64\bin\jimage.dll
Event: 0.406 Loaded shared library c:\Users\sande\.vscode\extensions\redhat.java-1.51.0-win32-x64\jre\21.0.9-win32-x86_64\bin\verify.dll
Event: 12.514 Loaded shared library C:\Users\sande\AppData\Roaming\Code\User\globalStorage\redhat.java\1.51.0\config_win\org.eclipse.equinox.launcher\org.eclipse.equinox.launcher.win32.win32.x86_64_1.2.1400.v20250801-0854\eclipse_11916.dll
Event: 21.060 Loaded shared library C:\Users\sande\AppData\Local\Temp\jna-109203553\jna10794622613849680927.dll
Event: 26.752 Loaded shared library C:\Users\sande\.gradle\native\1def1411415f61bf3af743bc5b6707747c0891f09f0c88961ee8f79bc544acac\windows-amd64\native-platform.dll
Event: 28.154 Loaded shared library C:\Users\sande\.vscode\extensions\redhat.java-1.51.0-win32-x64\jre\21.0.9-win32-x86_64\bin\management.dll
Event: 28.158 Loaded shared library C:\Users\sande\.vscode\extensions\redhat.java-1.51.0-win32-x64\jre\21.0.9-win32-x86_64\bin\management_ext.dll
Event: 28.599 Loaded shared library C:\Users\sande\.vscode\extensions\redhat.java-1.51.0-win32-x64\jre\21.0.9-win32-x86_64\bin\sunmscapi.dll
Event: 28.699 Loaded shared library C:\Users\sande\.vscode\extensions\redhat.java-1.51.0-win32-x64\jre\21.0.9-win32-x86_64\bin\extnet.dll

Deoptimization events (20 events):
Event: 1221.724 Thread 0x000002d2478544f0 DEOPT PACKING pc=0x000002d26df8f3e4 sp=0x000000e44defee50
Event: 1221.724 Thread 0x000002d2478544f0 DEOPT UNPACKING pc=0x000002d26d493aa2 sp=0x000000e44defedd8 mode 2
Event: 1221.724 Thread 0x000002d2478544f0 Uncommon trap: trap_request=0xffffff45 fr.pc=0x000002d26df934b4 relative=0x0000000000000134
Event: 1221.724 Thread 0x000002d2478544f0 Uncommon trap: reason=unstable_if action=reinterpret pc=0x000002d26df934b4 method=org.eclipse.core.internal.dtree.DataTreeNode.storeStrings(Lorg/eclipse/core/internal/utils/StringPool;)V @ 14 c2
Event: 1221.724 Thread 0x000002d2478544f0 DEOPT PACKING pc=0x000002d26df934b4 sp=0x000000e44defef00
Event: 1221.724 Thread 0x000002d2478544f0 DEOPT UNPACKING pc=0x000002d26d493aa2 sp=0x000000e44defee98 mode 2
Event: 1221.724 Thread 0x000002d2478544f0 Uncommon trap: trap_request=0xffffff45 fr.pc=0x000002d26df94a6c relative=0x000000000000080c
Event: 1221.724 Thread 0x000002d2478544f0 Uncommon trap: reason=unstable_if action=reinterpret pc=0x000002d26df94a6c method=org.eclipse.core.internal.utils.StringPool.add(Ljava/lang/String;)Ljava/lang/String; @ 1 c2
Event: 1221.724 Thread 0x000002d2478544f0 DEOPT PACKING pc=0x000002d26df94a6c sp=0x000000e44defedd0
Event: 1221.724 Thread 0x000002d2478544f0 DEOPT UNPACKING pc=0x000002d26d493aa2 sp=0x000000e44defeda8 mode 2
Event: 1278.718 Thread 0x000002d2478544f0 Uncommon trap: trap_request=0xffffff45 fr.pc=0x000002d26dc5b5bc relative=0x00000000000046bc
Event: 1278.718 Thread 0x000002d2478544f0 Uncommon trap: reason=unstable_if action=reinterpret pc=0x000002d26dc5b5bc method=org.eclipse.core.internal.resources.SaveManager.lambda$11(Lorg/eclipse/core/internal/resources/MarkerManager;Ljava/io/DataOutputStream;[JLjava/io/DataOutputStream;Lorg/eclip
Event: 1278.718 Thread 0x000002d2478544f0 DEOPT PACKING pc=0x000002d26dc5b5bc sp=0x000000e44defee50
Event: 1278.722 Thread 0x000002d2478544f0 DEOPT UNPACKING pc=0x000002d26d493aa2 sp=0x000000e44defee00 mode 2
Event: 1639.601 Thread 0x000002d2478544f0 Uncommon trap: trap_request=0xffffff45 fr.pc=0x000002d26dd04520 relative=0x00000000000029e0
Event: 1639.603 Thread 0x000002d2478544f0 Uncommon trap: reason=unstable_if action=reinterpret pc=0x000002d26dd04520 method=org.eclipse.core.internal.resources.SaveManager.lambda$11(Lorg/eclipse/core/internal/resources/MarkerManager;Ljava/io/DataOutputStream;[JLjava/io/DataOutputStream;Lorg/eclip
Event: 1639.603 Thread 0x000002d2478544f0 DEOPT PACKING pc=0x000002d26dd04520 sp=0x000000e44defee10
Event: 1639.604 Thread 0x000002d2478544f0 DEOPT UNPACKING pc=0x000002d26d493aa2 sp=0x000000e44defede8 mode 2
Event: 5722.300 Thread 0x000002d24867adf0 DEOPT PACKING pc=0x000002d26627e1ab sp=0x000000e44a2fef30
Event: 5722.302 Thread 0x000002d24867adf0 DEOPT UNPACKING pc=0x000002d26d494242 sp=0x000000e44a2fe3a0 mode 0

Classes loaded (20 events):
Event: 855.723 Loading class java/util/stream/Nodes$CollectorTask$OfRef
Event: 855.740 Loading class java/util/stream/Nodes$CollectorTask
Event: 855.755 Loading class java/util/stream/Nodes$CollectorTask done
Event: 855.755 Loading class java/util/stream/Nodes$CollectorTask$OfRef done
Event: 856.141 Loading class java/util/function/LongFunction
Event: 856.145 Loading class java/util/function/LongFunction done
Event: 856.152 Loading class java/util/stream/Nodes$ConcNode
Event: 856.157 Loading class java/util/stream/Nodes$AbstractConcNode
Event: 856.228 Loading class java/util/stream/Nodes$AbstractConcNode done
Event: 856.228 Loading class java/util/stream/Nodes$ConcNode done
Event: 856.569 Loading class java/util/stream/Nodes$ToArrayTask$OfRef
Event: 856.580 Loading class java/util/stream/Nodes$ToArrayTask
Event: 856.588 Loading class java/util/stream/Nodes$ToArrayTask done
Event: 856.588 Loading class java/util/stream/Nodes$ToArrayTask$OfRef done
Event: 856.631 Loading class java/io/ObjectOutputStream$BlockDataOutputStream
Event: 856.636 Loading class java/io/ObjectOutputStream$BlockDataOutputStream done
Event: 856.637 Loading class java/io/ObjectOutputStream$HandleTable
Event: 856.644 Loading class java/io/ObjectOutputStream$HandleTable done
Event: 856.645 Loading class java/io/ObjectOutputStream$ReplaceTable
Event: 856.648 Loading class java/io/ObjectOutputStream$ReplaceTable done

Classes unloaded (15 events):
Event: 21.813 Thread 0x000002d262ca4470 Unloading class 0x000002d2011a8c00 'java/lang/invoke/LambdaForm$MH+0x000002d2011a8c00'
Event: 21.813 Thread 0x000002d262ca4470 Unloading class 0x000002d2011a8800 'java/lang/invoke/LambdaForm$MH+0x000002d2011a8800'
Event: 21.813 Thread 0x000002d262ca4470 Unloading class 0x000002d2011a8400 'java/lang/invoke/LambdaForm$MH+0x000002d2011a8400'
Event: 21.813 Thread 0x000002d262ca4470 Unloading class 0x000002d2011a8000 'java/lang/invoke/LambdaForm$MH+0x000002d2011a8000'
Event: 21.813 Thread 0x000002d262ca4470 Unloading class 0x000002d2011a7c00 'java/lang/invoke/LambdaForm$BMH+0x000002d2011a7c00'
Event: 21.813 Thread 0x000002d262ca4470 Unloading class 0x000002d2011a7800 'java/lang/invoke/LambdaForm$DMH+0x000002d2011a7800'
Event: 21.813 Thread 0x000002d262ca4470 Unloading class 0x000002d2011a6400 'java/lang/invoke/LambdaForm$DMH+0x000002d2011a6400'
Event: 23.006 Thread 0x000002d262ca4470 Unloading class 0x000002d2013f0400 'java/lang/invoke/LambdaForm$MH+0x000002d2013f0400'
Event: 23.006 Thread 0x000002d262ca4470 Unloading class 0x000002d2013eb400 'java/lang/invoke/LambdaForm$MH+0x000002d2013eb400'
Event: 23.006 Thread 0x000002d262ca4470 Unloading class 0x000002d2013eac00 'java/lang/invoke/LambdaForm$MH+0x000002d2013eac00'
Event: 23.006 Thread 0x000002d262ca4470 Unloading class 0x000002d2013ea800 'java/lang/invoke/LambdaForm$DMH+0x000002d2013ea800'
Event: 23.006 Thread 0x000002d262ca4470 Unloading class 0x000002d2013e9c00 'java/lang/invoke/LambdaForm$MH+0x000002d2013e9c00'
Event: 857.074 Thread 0x000002d262ca4470 Unloading class 0x000002d201845000 'java/lang/invoke/LambdaForm$MH+0x000002d201845000'
Event: 857.075 Thread 0x000002d262ca4470 Unloading class 0x000002d201844800 'java/lang/invoke/LambdaForm$MH+0x000002d201844800'
Event: 857.075 Thread 0x000002d262ca4470 Unloading class 0x000002d201844000 'java/lang/invoke/LambdaForm$MH+0x000002d201844000'

Classes redefined (0 events):
No events

Internal exceptions (20 events):
Event: 1639.549 Thread 0x000002d2478544f0 Exception <a 'sun/nio/fs/WindowsException'{0x00000000d5633f98}> (0x00000000d5633f98) 
thrown [s\src\hotspot\share\prims\jni.cpp, line 520]
Event: 1639.549 Thread 0x000002d2478544f0 Exception <a 'sun/nio/fs/WindowsException'{0x00000000d5634878}> (0x00000000d5634878) 
thrown [s\src\hotspot\share\prims\jni.cpp, line 520]
Event: 1639.550 Thread 0x000002d2478544f0 Exception <a 'sun/nio/fs/WindowsException'{0x00000000d5635dc0}> (0x00000000d5635dc0) 
thrown [s\src\hotspot\share\prims\jni.cpp, line 520]
Event: 1639.550 Thread 0x000002d2478544f0 Exception <a 'sun/nio/fs/WindowsException'{0x00000000d56366a0}> (0x00000000d56366a0) 
thrown [s\src\hotspot\share\prims\jni.cpp, line 520]
Event: 1639.551 Thread 0x000002d2478544f0 Exception <a 'sun/nio/fs/WindowsException'{0x00000000d5637b28}> (0x00000000d5637b28) 
thrown [s\src\hotspot\share\prims\jni.cpp, line 520]
Event: 1639.551 Thread 0x000002d2478544f0 Exception <a 'sun/nio/fs/WindowsException'{0x00000000d5638678}> (0x00000000d5638678) 
thrown [s\src\hotspot\share\prims\jni.cpp, line 520]
Event: 1639.559 Thread 0x000002d2478544f0 Exception <a 'sun/nio/fs/WindowsException'{0x00000000d56610f0}> (0x00000000d56610f0) 
thrown [s\src\hotspot\share\prims\jni.cpp, line 520]
Event: 1639.559 Thread 0x000002d2478544f0 Exception <a 'sun/nio/fs/WindowsException'{0x00000000d56619d0}> (0x00000000d56619d0) 
thrown [s\src\hotspot\share\prims\jni.cpp, line 520]
Event: 1639.559 Thread 0x000002d2478544f0 Exception <a 'sun/nio/fs/WindowsException'{0x00000000d5663158}> (0x00000000d5663158) 
thrown [s\src\hotspot\share\prims\jni.cpp, line 520]
Event: 1639.560 Thread 0x000002d2478544f0 Exception <a 'sun/nio/fs/WindowsException'{0x00000000d5663a38}> (0x00000000d5663a38) 
thrown [s\src\hotspot\share\prims\jni.cpp, line 520]
Event: 1639.560 Thread 0x000002d2478544f0 Exception <a 'sun/nio/fs/WindowsException'{0x00000000d5664f80}> (0x00000000d5664f80) 
thrown [s\src\hotspot\share\prims\jni.cpp, line 520]
Event: 1639.560 Thread 0x000002d2478544f0 Exception <a 'sun/nio/fs/WindowsException'{0x00000000d5665860}> (0x00000000d5665860) 
thrown [s\src\hotspot\share\prims\jni.cpp, line 520]
Event: 1639.560 Thread 0x000002d2478544f0 Exception <a 'sun/nio/fs/WindowsException'{0x00000000d5666da8}> (0x00000000d5666da8) 
thrown [s\src\hotspot\share\prims\jni.cpp, line 520]
Event: 1639.561 Thread 0x000002d2478544f0 Exception <a 'sun/nio/fs/WindowsException'{0x00000000d5667688}> (0x00000000d5667688) 
thrown [s\src\hotspot\share\prims\jni.cpp, line 520]
Event: 1639.561 Thread 0x000002d2478544f0 Exception <a 'sun/nio/fs/WindowsException'{0x00000000d5668d90}> (0x00000000d5668d90) 
thrown [s\src\hotspot\share\prims\jni.cpp, line 520]
Event: 1639.561 Thread 0x000002d2478544f0 Exception <a 'sun/nio/fs/WindowsException'{0x00000000d5669670}> (0x00000000d5669670) 
thrown [s\src\hotspot\share\prims\jni.cpp, line 520]
Event: 1639.562 Thread 0x000002d2478544f0 Exception <a 'sun/nio/fs/WindowsException'{0x00000000d566c188}> (0x00000000d566c188) 
thrown [s\src\hotspot\share\prims\jni.cpp, line 520]
Event: 1639.562 Thread 0x000002d2478544f0 Exception <a 'sun/nio/fs/WindowsException'{0x00000000d566ca68}> (0x00000000d566ca68) 
thrown [s\src\hotspot\share\prims\jni.cpp, line 520]
Event: 1639.563 Thread 0x000002d2478544f0 Exception <a 'sun/nio/fs/WindowsException'{0x00000000d566dfb0}> (0x00000000d566dfb0) 
thrown [s\src\hotspot\share\prims\jni.cpp, line 520]
Event: 1639.563 Thread 0x000002d2478544f0 Exception <a 'sun/nio/fs/WindowsException'{0x00000000d566eaf8}> (0x00000000d566eaf8) 
thrown [s\src\hotspot\share\prims\jni.cpp, line 520]

ZGC Phase Switch (0 events):
No events

VM Operations (20 events):
Event: 6794.955 Executing VM operation: HandshakeAllThreads (HandshakeForDeflation)
Event: 6794.955 Executing VM operation: HandshakeAllThreads (HandshakeForDeflation) done
Event: 6794.955 Executing VM operation: RendezvousGCThreads
Event: 6794.955 Executing VM operation: RendezvousGCThreads done
Event: 7576.830 Executing VM operation: HandshakeAllThreads (HandshakeForDeflation)
Event: 7576.833 Executing VM operation: HandshakeAllThreads (HandshakeForDeflation) done
Event: 7576.833 Executing VM operation: RendezvousGCThreads
Event: 7576.833 Executing VM operation: RendezvousGCThreads done
Event: 7636.996 Executing VM operation: HandshakeAllThreads (HandshakeForDeflation)
Event: 7636.996 Executing VM operation: HandshakeAllThreads (HandshakeForDeflation) done
Event: 7636.996 Executing VM operation: RendezvousGCThreads
Event: 7636.996 Executing VM operation: RendezvousGCThreads done
Event: 7697.117 Executing VM operation: HandshakeAllThreads (HandshakeForDeflation)
Event: 7697.118 Executing VM operation: HandshakeAllThreads (HandshakeForDeflation) done
Event: 7697.118 Executing VM operation: RendezvousGCThreads
Event: 7697.118 Executing VM operation: RendezvousGCThreads done
Event: 7757.296 Executing VM operation: HandshakeAllThreads (HandshakeForDeflation)
Event: 7757.297 Executing VM operation: HandshakeAllThreads (HandshakeForDeflation) done
Event: 7757.297 Executing VM operation: RendezvousGCThreads
Event: 7757.297 Executing VM operation: RendezvousGCThreads done

Memory protections (0 events):
No events

Nmethod flushes (20 events):
Event: 857.822 Thread 0x000002d262ca4470 flushing  nmethod 0x000002d266b8f690
Event: 857.822 Thread 0x000002d262ca4470 flushing  nmethod 0x000002d266bfb690
Event: 857.822 Thread 0x000002d262ca4470 flushing  nmethod 0x000002d266bfc090
Event: 857.823 Thread 0x000002d262ca4470 flushing  nmethod 0x000002d266c06290
Event: 857.823 Thread 0x000002d262ca4470 flushing  nmethod 0x000002d266c06a10
Event: 857.823 Thread 0x000002d262ca4470 flushing  nmethod 0x000002d266c06e10
Event: 857.823 Thread 0x000002d262ca4470 flushing  nmethod 0x000002d266c08a90
Event: 857.823 Thread 0x000002d262ca4470 flushing  nmethod 0x000002d266c08e90
Event: 857.823 Thread 0x000002d262ca4470 flushing  nmethod 0x000002d266c22510
Event: 857.823 Thread 0x000002d262ca4470 flushing  nmethod 0x000002d266c4a010
Event: 857.823 Thread 0x000002d262ca4470 flushing  nmethod 0x000002d266c50710
Event: 857.823 Thread 0x000002d262ca4470 flushing  nmethod 0x000002d266c50d90
Event: 857.823 Thread 0x000002d262ca4470 flushing  nmethod 0x000002d266c53510
Event: 857.823 Thread 0x000002d262ca4470 flushing  nmethod 0x000002d266c92110
Event: 857.823 Thread 0x000002d262ca4470 flushing  nmethod 0x000002d266c92690
Event: 857.823 Thread 0x000002d262ca4470 flushing  nmethod 0x000002d266c94b10
Event: 857.823 Thread 0x000002d262ca4470 flushing osr nmethod 0x000002d266c96a90
Event: 857.823 Thread 0x000002d262ca4470 flushing  nmethod 0x000002d266caad90
Event: 857.823 Thread 0x000002d262ca4470 flushing  nmethod 0x000002d266cb0910
Event: 857.823 Thread 0x000002d262ca4470 flushing  nmethod 0x000002d266cb8490

Events (20 events):
Event: 1374.323 Thread 0x000002d24591b6e0 Thread exited: 0x000002d24591b6e0
Event: 1434.320 Thread 0x000002d247852420 Thread exited: 0x000002d247852420
Event: 1441.344 Thread 0x000002d24890cb10 Thread exited: 0x000002d24890cb10
Event: 1494.321 Thread 0x000002d24890b0d0 Thread exited: 0x000002d24890b0d0
Event: 1639.511 Thread 0x000002d2478544f0 Thread added: 0x000002d248679a40
Event: 1639.516 Thread 0x000002d248679a40 Thread exited: 0x000002d248679a40
Event: 1639.565 Thread 0x000002d2478544f0 Thread added: 0x000002d248679a40
Event: 1639.567 Thread 0x000002d248679a40 Thread added: 0x000002d24867a760
Event: 1639.567 Thread 0x000002d248679a40 Thread added: 0x000002d24867b480
Event: 1639.567 Thread 0x000002d248679a40 Thread added: 0x000002d248678690
Event: 1639.568 Thread 0x000002d24867a760 Thread added: 0x000002d24867c1a0
Event: 1639.569 Thread 0x000002d24867b480 Thread added: 0x000002d24867fcb0
Event: 1639.569 Thread 0x000002d248679a40 Thread added: 0x000002d24867cec0
Event: 1639.570 Thread 0x000002d24867cec0 Thread exited: 0x000002d24867cec0
Event: 1639.570 Thread 0x000002d248679a40 Thread exited: 0x000002d248679a40
Event: 1639.570 Thread 0x000002d248678690 Thread exited: 0x000002d248678690
Event: 1639.570 Thread 0x000002d24867fcb0 Thread exited: 0x000002d24867fcb0
Event: 1639.570 Thread 0x000002d24867b480 Thread exited: 0x000002d24867b480
Event: 1639.570 Thread 0x000002d24867c1a0 Thread exited: 0x000002d24867c1a0
Event: 1639.570 Thread 0x000002d24867a760 Thread exited: 0x000002d24867a760


Dynamic libraries:
0x00007ff6c1e20000 - 0x00007ff6c1e2e000 	c:\Users\sande\.vscode\extensions\redhat.java-1.51.0-win32-x64\jre\21.0.9-win32-x86_64\bin\java.exe
0x00007ffe04460000 - 0x00007ffe046c7000 	C:\WINDOWS\SYSTEM32\ntdll.dll
0x00007ffe02300000 - 0x00007ffe023c9000 	C:\WINDOWS\System32\KERNEL32.DLL
0x00007ffe01850000 - 0x00007ffe01c3f000 	C:\WINDOWS\System32\KERNELBASE.dll
0x00007ffe015b0000 - 0x00007ffe016fb000 	C:\WINDOWS\System32\ucrtbase.dll
0x00007ffdc9d40000 - 0x00007ffdc9d58000 	c:\Users\sande\.vscode\extensions\redhat.java-1.51.0-win32-x64\jre\21.0.9-win32-x86_64\bin\jli.dll
0x00007ffe03d20000 - 0x00007ffe03ee5000 	C:\WINDOWS\System32\USER32.dll
0x00007ffe01d00000 - 0x00007ffe01d27000 	C:\WINDOWS\System32\win32u.dll
0x00007ffe02f60000 - 0x00007ffe02f8b000 	C:\WINDOWS\System32\GDI32.dll
0x00007ffe020d0000 - 0x00007ffe021fc000 	C:\WINDOWS\System32\gdi32full.dll
0x00007ffdc9240000 - 0x00007ffdc925e000 	c:\Users\sande\.vscode\extensions\redhat.java-1.51.0-win32-x64\jre\21.0.9-win32-x86_64\bin\VCRUNTIME140.dll
0x00007ffe01eb0000 - 0x00007ffe01f53000 	C:\WINDOWS\System32\msvcp_win.dll
0x00007ffde92f0000 - 0x00007ffde9583000 	C:\WINDOWS\WinSxS\amd64_microsoft.windows.common-controls_6595b64144ccf1df_6.0.26100.7309_none_3e05feeae336a044\COMCTL32.dll
0x00007ffe031a0000 - 0x00007ffe03249000 	C:\WINDOWS\System32\msvcrt.dll
0x00007ffe043d0000 - 0x00007ffe04401000 	C:\WINDOWS\System32\IMM32.DLL
0x00007ffdf8da0000 - 0x00007ffdf8dac000 	c:\Users\sande\.vscode\extensions\redhat.java-1.51.0-win32-x64\jre\21.0.9-win32-x86_64\bin\vcruntime140_1.dll
0x00007ffd7c8b0000 - 0x00007ffd7c93d000 	c:\Users\sande\.vscode\extensions\redhat.java-1.51.0-win32-x64\jre\21.0.9-win32-x86_64\bin\msvcp140.dll
0x00007ffd30c60000 - 0x00007ffd31a00000 	c:\Users\sande\.vscode\extensions\redhat.java-1.51.0-win32-x64\jre\21.0.9-win32-x86_64\bin\server\jvm.dll
0x00007ffe03f20000 - 0x00007ffe03fd4000 	C:\WINDOWS\System32\ADVAPI32.dll
0x00007ffe03c70000 - 0x00007ffe03d16000 	C:\WINDOWS\System32\sechost.dll
0x00007ffe02f90000 - 0x00007ffe030a8000 	C:\WINDOWS\System32\RPCRT4.dll
0x00007ffe036b0000 - 0x00007ffe03724000 	C:\WINDOWS\System32\WS2_32.dll
0x00007ffe00190000 - 0x00007ffe001ee000 	C:\WINDOWS\SYSTEM32\POWRPROF.dll
0x00007ffdeb0a0000 - 0x00007ffdeb0d5000 	C:\WINDOWS\SYSTEM32\WINMM.dll
0x00007ffdfe3b0000 - 0x00007ffdfe3bb000 	C:\WINDOWS\SYSTEM32\VERSION.dll
0x00007ffe00170000 - 0x00007ffe00184000 	C:\WINDOWS\SYSTEM32\UMPDC.dll
0x00007ffe00480000 - 0x00007ffe0049b000 	C:\WINDOWS\SYSTEM32\kernel.appcore.dll
0x00007ffdf8b20000 - 0x00007ffdf8b2a000 	c:\Users\sande\.vscode\extensions\redhat.java-1.51.0-win32-x64\jre\21.0.9-win32-x86_64\bin\jimage.dll
0x00007ffdfea10000 - 0x00007ffdfec52000 	C:\WINDOWS\SYSTEM32\DBGHELP.DLL
0x00007ffe03320000 - 0x00007ffe036a5000 	C:\WINDOWS\System32\combase.dll
0x00007ffe030c0000 - 0x00007ffe03196000 	C:\WINDOWS\System32\OLEAUT32.dll
0x00007ffde7600000 - 0x00007ffde763c000 	C:\WINDOWS\SYSTEM32\dbgcore.DLL
0x00007ffe01c50000 - 0x00007ffe01cf5000 	C:\WINDOWS\System32\bcryptPrimitives.dll
0x00007ffdf7c80000 - 0x00007ffdf7c8f000 	c:\Users\sande\.vscode\extensions\redhat.java-1.51.0-win32-x64\jre\21.0.9-win32-x86_64\bin\instrument.dll
0x00007ffdc47f0000 - 0x00007ffdc4810000 	c:\Users\sande\.vscode\extensions\redhat.java-1.51.0-win32-x64\jre\21.0.9-win32-x86_64\bin\java.dll
0x00007ffe02470000 - 0x00007ffe02bc3000 	C:\WINDOWS\System32\SHELL32.dll
0x00007ffe01f60000 - 0x00007ffe020ca000 	C:\WINDOWS\System32\wintypes.dll
0x00007ffdff1b0000 - 0x00007ffdffa0e000 	C:\WINDOWS\SYSTEM32\windows.storage.dll
0x00007ffe02200000 - 0x00007ffe022f5000 	C:\WINDOWS\System32\SHCORE.dll
0x00007ffe03fe0000 - 0x00007ffe04046000 	C:\WINDOWS\System32\shlwapi.dll
0x00007ffe014d0000 - 0x00007ffe014f9000 	C:\WINDOWS\SYSTEM32\profapi.dll
0x00007ffdc3550000 - 0x00007ffdc3568000 	c:\Users\sande\.vscode\extensions\redhat.java-1.51.0-win32-x64\jre\21.0.9-win32-x86_64\bin\zip.dll
0x00007ffdf8500000 - 0x00007ffdf8510000 	C:\Users\sande\.vscode\extensions\redhat.java-1.51.0-win32-x64\jre\21.0.9-win32-x86_64\bin\net.dll
0x00007ffdf9580000 - 0x00007ffdf96a8000 	C:\WINDOWS\SYSTEM32\WINHTTP.dll
0x00007ffe009f0000 - 0x00007ffe00a5b000 	C:\WINDOWS\system32\mswsock.dll
0x00007ffdbbb00000 - 0x00007ffdbbb16000 	C:\Users\sande\.vscode\extensions\redhat.java-1.51.0-win32-x64\jre\21.0.9-win32-x86_64\bin\nio.dll
0x00007ffdee950000 - 0x00007ffdee960000 	c:\Users\sande\.vscode\extensions\redhat.java-1.51.0-win32-x64\jre\21.0.9-win32-x86_64\bin\verify.dll
0x00007ffdae4d0000 - 0x00007ffdae514000 	C:\Users\sande\AppData\Roaming\Code\User\globalStorage\redhat.java\1.51.0\config_win\org.eclipse.equinox.launcher\org.eclipse.equinox.launcher.win32.win32.x86_64_1.2.1400.v20250801-0854\eclipse_11916.dll
0x00007ffe04050000 - 0x00007ffe041e7000 	C:\WINDOWS\System32\ole32.dll
0x00007ffe00cb0000 - 0x00007ffe00ccb000 	C:\WINDOWS\SYSTEM32\CRYPTSP.dll
0x00007ffe003c0000 - 0x00007ffe003fa000 	C:\WINDOWS\system32\rsaenh.dll
0x00007ffe00aa0000 - 0x00007ffe00acb000 	C:\WINDOWS\SYSTEM32\USERENV.dll
0x00007ffe014a0000 - 0x00007ffe014ca000 	C:\WINDOWS\SYSTEM32\bcrypt.dll
0x00007ffe00cd0000 - 0x00007ffe00cdc000 	C:\WINDOWS\SYSTEM32\CRYPTBASE.dll
0x00007ffdffe60000 - 0x00007ffdffe94000 	C:\WINDOWS\SYSTEM32\IPHLPAPI.DLL
0x00007ffe02450000 - 0x00007ffe0245a000 	C:\WINDOWS\System32\NSI.dll
0x00007ffdaf800000 - 0x00007ffdaf849000 	C:\Users\sande\AppData\Local\Temp\jna-109203553\jna10794622613849680927.dll
0x00007ffe030b0000 - 0x00007ffe030b8000 	C:\WINDOWS\System32\PSAPI.DLL
0x00007ffdf9a70000 - 0x00007ffdf9a8e000 	C:\WINDOWS\SYSTEM32\dhcpcsvc6.DLL
0x00007ffdf91b0000 - 0x00007ffdf91d3000 	C:\WINDOWS\SYSTEM32\dhcpcsvc.DLL
0x00007ffdc4f20000 - 0x00007ffdc4f47000 	C:\Users\sande\.gradle\native\1def1411415f61bf3af743bc5b6707747c0891f09f0c88961ee8f79bc544acac\windows-amd64\native-platform.dll
0x00007ffde7560000 - 0x00007ffde756a000 	C:\Users\sande\.vscode\extensions\redhat.java-1.51.0-win32-x64\jre\21.0.9-win32-x86_64\bin\management.dll
0x00007ffde3e70000 - 0x00007ffde3e7c000 	C:\Users\sande\.vscode\extensions\redhat.java-1.51.0-win32-x64\jre\21.0.9-win32-x86_64\bin\management_ext.dll
0x00007ffdd5750000 - 0x00007ffdd575e000 	C:\Users\sande\.vscode\extensions\redhat.java-1.51.0-win32-x64\jre\21.0.9-win32-x86_64\bin\sunmscapi.dll
0x00007ffe01d30000 - 0x00007ffe01ea7000 	C:\WINDOWS\System32\CRYPT32.dll
0x00007ffe00ed0000 - 0x00007ffe00f00000 	C:\WINDOWS\SYSTEM32\ncrypt.dll
0x00007ffe00e80000 - 0x00007ffe00ebf000 	C:\WINDOWS\SYSTEM32\NTASN1.dll
0x00007ffdffea0000 - 0x00007ffdfffcc000 	C:\WINDOWS\SYSTEM32\DNSAPI.dll
0x00007ffdf78f0000 - 0x00007ffdf78fb000 	C:\Windows\System32\rasadhlp.dll
0x00007ffdf7e30000 - 0x00007ffdf7eb6000 	C:\WINDOWS\System32\fwpuclnt.dll
0x00007ffdd5830000 - 0x00007ffdd5839000 	C:\Users\sande\.vscode\extensions\redhat.java-1.51.0-win32-x64\jre\21.0.9-win32-x86_64\bin\extnet.dll

JVMTI agents:
c:\Users\sande\.vscode\extensions\redhat.java-1.51.0-win32-x64\lombok\lombok-1.18.39-4050.jar path:c:\Users\sande\.vscode\extensions\redhat.java-1.51.0-win32-x64\jre\21.0.9-win32-x86_64\bin\instrument.dll, loaded, initialized, instrumentlib options:none

dbghelp: loaded successfully - version: 4.0.5 - missing functions: none
symbol engine: initialized successfully - sym options: 0x614 - pdb path: .;c:\Users\sande\.vscode\extensions\redhat.java-1.51.0-win32-x64\jre\21.0.9-win32-x86_64\bin;C:\WINDOWS\SYSTEM32;C:\WINDOWS\WinSxS\amd64_microsoft.windows.common-controls_6595b64144ccf1df_6.0.26100.7309_none_3e05feeae336a044;c:\Users\sande\.vscode\extensions\redhat.java-1.51.0-win32-x64\jre\21.0.9-win32-x86_64\bin\server;C:\Users\sande\AppData\Roaming\Code\User\globalStorage\redhat.java\1.51.0\config_win\org.eclipse.equinox.launcher\org.eclipse.equinox.launcher.win32.win32.x86_64_1.2.1400.v20250801-0854;C:\Users\sande\AppData\Local\Temp\jna-109203553;C:\Users\sande\.gradle\native\1def1411415f61bf3af743bc5b6707747c0891f09f0c88961ee8f79bc544acac\windows-amd64

VM Arguments:
jvm_args: --add-modules=ALL-SYSTEM --add-opens=java.base/java.util=ALL-UNNAMED --add-opens=java.base/java.lang=ALL-UNNAMED --add-opens=java.base/sun.nio.fs=ALL-UNNAMED -Declipse.application=org.eclipse.jdt.ls.core.id1 -Dosgi.bundles.defaultStartLevel=4 -Declipse.product=org.eclipse.jdt.ls.core.product -Djava.import.generatesMetadataFilesAtProjectRoot=false -DDetectVMInstallationsJob.disabled=true -Dfile.encoding=utf8 -XX:+UseParallelGC -XX:GCTimeRatio=4 -XX:AdaptiveSizePolicyWeight=90 -Dsun.zip.disableMemoryMapping=true -Xmx2G -Xms100m -Xlog:disable -javaagent:c:\Users\sande\.vscode\extensions\redhat.java-1.51.0-win32-x64\lombok\lombok-1.18.39-4050.jar -XX:+HeapDumpOnOutOfMemoryError -XX:HeapDumpPath=c:\Users\sande\AppData\Roaming\Code\User\workspaceStorage\c1189af7ad4b5b28f6591a4578dcf0ce\redhat.java -Daether.dependencyCollector.impl=bf 
java_command: c:\Users\sande\.vscode\extensions\redhat.java-1.51.0-win32-x64\server\plugins\org.eclipse.equinox.launcher_1.7.100.v20251111-0406.jar -configuration c:\Users\sande\AppData\Roaming\Code\User\globalStorage\redhat.java\1.51.0\config_win -data c:\Users\sande\AppData\Roaming\Code\User\workspaceStorage\c1189af7ad4b5b28f6591a4578dcf0ce\redhat.java\jdt_ws --pipe=\\.\pipe\lsp-4e6b1bd609b6b3902a3d7b18120f6fa0-sock
java_class_path (initial): c:\Users\sande\.vscode\extensions\redhat.java-1.51.0-win32-x64\server\plugins\org.eclipse.equinox.launcher_1.7.100.v20251111-0406.jar
Launcher Type: SUN_STANDARD

[Global flags]
    uintx AdaptiveSizePolicyWeight                 = 90                                        {product} {command line}
     intx CICompilerCount                          = 4                                         {product} {ergonomic}
    uintx GCTimeRatio                              = 4                                         {product} {command line}
     bool HeapDumpOnOutOfMemoryError               = true                                   {manageable} {command line}
    ccstr HeapDumpPath                             = c:\Users\sande\AppData\Roaming\Code\User\workspaceStorage\c1189af7ad4b5b28f6591a4578dcf0ce\redhat.java         {manageable} {command line}
   size_t InitialHeapSize                          = 104857600                                 {product} {command line}
   size_t MaxHeapSize                              = 2147483648                                {product} {command line}
   size_t MaxNewSize                               = 715653120                                 {product} {ergonomic}
   size_t MinHeapDeltaBytes                        = 524288                                    {product} {ergonomic}
   size_t MinHeapSize                              = 104857600                                 {product} {command line}
   size_t NewSize                                  = 34603008                                  {product} {ergonomic}
    uintx NonNMethodCodeHeapSize                   = 5839372                                {pd product} {ergonomic}
    uintx NonProfiledCodeHeapSize                  = 122909434                              {pd product} {ergonomic}
   size_t OldSize                                  = 70254592                                  {product} {ergonomic}
    uintx ProfiledCodeHeapSize                     = 122909434                              {pd product} {ergonomic}
    uintx ReservedCodeCacheSize                    = 251658240                              {pd product} {ergonomic}
     bool SegmentedCodeCache                       = true                                      {product} {ergonomic}
   size_t SoftMaxHeapSize                          = 2147483648                             {manageable} {ergonomic}
     bool UseCompressedOops                        = true                           {product lp64_product} {ergonomic}
     bool UseLargePagesIndividualAllocation        = false                                  {pd product} {ergonomic}
     bool UseParallelGC                            = true                                      {product} {command line}

Logging:
Log output configuration:
 #0: stdout all=off uptime,level,tags foldmultilines=false
 #1: stderr all=off uptime,level,tags foldmultilines=false

Release file:
JAVA_VERSION="21.0.9" 
MODULES="java.base java.compiler java.datatransfer java.xml java.prefs java.desktop java.instrument java.logging java.management java.security.sasl java.naming java.rmi java.management.rmi java.net.http java.scripting java.security.jgss java.transaction.xa java.sql java.sql.rowset java.xml.crypto java.se java.smartcardio jdk.accessibility jdk.internal.jvmstat jdk.attach jdk.charsets jdk.internal.opt jdk.zipfs jdk.compiler jdk.crypto.ec jdk.crypto.cryptoki jdk.crypto.mscapi jdk.dynalink jdk.internal.ed jdk.editpad jdk.hotspot.agent jdk.httpserver jdk.internal.le jdk.internal.vm.ci jdk.internal.vm.compiler jdk.internal.vm.compiler.management jdk.jartool jdk.javadoc jdk.jcmd jdk.management jdk.management.agent jdk.jconsole jdk.jdeps jdk.jdwp.agent jdk.jdi jdk.jfr jdk.jshell jdk.jsobject jdk.jstatd jdk.localedata jdk.management.jfr jdk.naming.dns jdk.naming.rmi jdk.net jdk.nio.mapmode jdk.random jdk.sctp jdk.security.auth jdk.security.jgss jdk.unsupported jdk.unsupported.desktop jdk.xml.dom" 

Environment Variables:
PATH=C:\Program Files\Common Files\Oracle\Java\javapath;C:\Python313\Scripts\;C:\Python313\;C:\Program Files\Python312\Scripts\;C:\Program Files\Python312\;C:\Windows\system32;C:\Windows;C:\Windows\System32\Wbem;C:\Windows\System32\WindowsPowerShell\v1.0\;C:\Windows\System32\OpenSSH\;C:\Program Files (x86)\NVIDIA Corporation\PhysX\Common;C:\WINDOWS\system32;C:\WINDOWS;C:\WINDOWS\System32\Wbem;C:\WINDOWS\System32\WindowsPowerShell\v1.0\;C:\WINDOWS\System32\OpenSSH\;C:\Program Files\Git\bin;C:\Program Files\NVIDIA Corporation\NVIDIA NvDLISR;C:\Program Files\GTK3-Runtime Win64\bin;C:\Users\sande\Downloads\kotlin-compiler-1.9.22\kotlinc\bin;C:\Program Files\Azure Data Studio\bin;C:\Program Files\MySQL\MySQL Server 8.0\bin;C:\Users\sande\AppData\Local\Android\Sdk;C:\Users\sande\AppData\Local\Android\Sdk\platform-tools;C:\WINDOWS\system32;C:\WINDOWS;C:\WINDOWS\System32\Wbem;C:\WINDOWS\System32\WindowsPowerShell\v1.0\;C:\WINDOWS\System32\OpenSSH\;C:\ProgramData\chocolatey\bin;C:\Program Files\nodejs;C:\Users\sande\AppData\Local\nvm;C:\nvm4w\nodejs;C:\MinGW\bin;C:\Program Files\Go\bin;C:\Users\sande\Downloads\apache-maven-3.9.9\bin;C:\Program Files\PuTTY\;C:\Program Files\Docker\Docker\resources\bin;C:\Program Files\Java\jdk-17\bin;C:\Users\sande\AppData\Local\Android\Sdk\tools;C:\Program Files\MySQL\MySQL Shell 8.0\bin\;C:\Users\sande\AppData\Local\Microsoft\WindowsApps;C:\Program Files\JetBrains\IntelliJ IDEA Community Edition 2023.1.2\bin;;C:\Users\sande\AppData\Local\Programs\Microsoft VS Code\bin;C:\Users\sande\dart-sdk\bin;C:\Users\sande\Desktop\flutter_windows_3.16.5-stable\flutter\bin;C:\Program Files\Azure Data Studio\bin;C:\ProgramData\Microsoft\Windows\Start Menu\Programs\Python 3.12\Python 3.12 (64-bit).lnk;C:\Program Files\Python312\Scripts;C:\Mongosh\;C:\Users\sande\AppData\Local\nvm;C:\nvm4w\nodejs;C:\Users\sande\go\bin;C:\Program Files\JetBrains\IntelliJ IDEA 2024.3.5\bin;;C:\Program Files\Java\jdk-17\bin;C:\Program Files\Java\jdk-17\;C:\Users\sande\AppData\Local\Programs\Antigravity\bin
USERNAME=sande
OS=Windows_NT
PROCESSOR_IDENTIFIER=Intel64 Family 6 Model 165 Stepping 2, GenuineIntel
TMP=C:\Users\sande\AppData\Local\Temp
TEMP=C:\Users\sande\AppData\Local\Temp




Periodic native trim disabled

---------------  S Y S T E M  ---------------

OS:
 Windows 11 , 64 bit Build 26100 (10.0.26100.7309)
OS uptime: 0 days 9:07 hours
Hyper-V role detected

CPU: total 12 (initial active 12) (6 cores per cpu, 2 threads per core) family 6 model 165 stepping 2 microcode 0xf6, cx8, cmov, fxsr, ht, mmx, 3dnowpref, sse, sse2, sse3, ssse3, sse4.1, sse4.2, popcnt, lzcnt, tsc, tscinvbit, avx, avx2, aes, erms, clmul, bmi1, bmi2, adx, fma, vzeroupper, clflush, clflushopt, hv, rdtscp, f16c
Processor Information for the first 12 processors :
  Max Mhz: 2496, Current Mhz: 2496, Mhz Limit: 2496

Memory: 4k page, system-wide physical 8059M (417M free)
TotalPageFile size 32635M (AvailPageFile size 0M)
current process WorkingSet (physical memory assigned to process): 22M, peak: 480M
current process commit charge ("private bytes"): 727M, peak: 756M

vm_info: OpenJDK 64-Bit Server VM (21.0.9+10-LTS) for windows-amd64 JRE (21.0.9+10-LTS), built on 2025-10-21T00:00:00Z by "admin" with unknown MS VC++:1942

END.
